2026-02-23 18:51:26,639 | INFO | Logging initialized. Saving to logs/TRAINING_CODE_20260223_185126.log
2026-02-23 18:51:26,770 | INFO | Epoch 1
-------------------------------
2026-02-23 18:51:26,876 | INFO | loss: 2.299307  [   64/60000]
2026-02-23 18:51:27,225 | INFO | loss: 2.284805  [ 6464/60000]
2026-02-23 18:51:27,623 | INFO | loss: 2.254485  [12864/60000]
2026-02-23 18:51:27,961 | INFO | loss: 2.239293  [19264/60000]
2026-02-23 18:51:28,302 | INFO | loss: 2.208163  [25664/60000]
2026-02-23 18:51:28,653 | INFO | loss: 2.126996  [32064/60000]
2026-02-23 18:51:29,007 | INFO | loss: 2.085594  [38464/60000]
2026-02-23 18:51:29,360 | INFO | loss: 1.955551  [44864/60000]
2026-02-23 18:51:29,705 | INFO | loss: 1.897190  [51264/60000]
2026-02-23 18:51:30,041 | INFO | loss: 1.728762  [57664/60000]
2026-02-23 18:51:30,490 | INFO | Test Error: 
 Accuracy: 62.5%, Avg loss: 1.680020 

2026-02-23 18:51:30,491 | INFO | Epoch 2
-------------------------------
2026-02-23 18:51:30,495 | INFO | loss: 1.725166  [   64/60000]
2026-02-23 18:51:30,839 | INFO | loss: 1.605609  [ 6464/60000]
2026-02-23 18:51:31,178 | INFO | loss: 1.356833  [12864/60000]
2026-02-23 18:51:31,527 | INFO | loss: 1.393064  [19264/60000]
2026-02-23 18:51:31,946 | INFO | loss: 1.174483  [25664/60000]
2026-02-23 18:51:32,284 | INFO | loss: 1.123987  [32064/60000]
2026-02-23 18:51:32,674 | INFO | loss: 1.088032  [38464/60000]
2026-02-23 18:51:33,142 | INFO | loss: 0.973043  [44864/60000]
2026-02-23 18:51:33,489 | INFO | loss: 1.035257  [51264/60000]
2026-02-23 18:51:33,832 | INFO | loss: 0.952398  [57664/60000]
2026-02-23 18:51:34,277 | INFO | Test Error: 
 Accuracy: 71.5%, Avg loss: 0.919813 

2026-02-23 18:51:34,278 | INFO | Epoch 3
-------------------------------
2026-02-23 18:51:34,282 | INFO | loss: 0.930526  [   64/60000]
2026-02-23 18:51:34,618 | INFO | loss: 0.978887  [ 6464/60000]
2026-02-23 18:51:34,951 | INFO | loss: 0.718552  [12864/60000]
2026-02-23 18:51:35,286 | INFO | loss: 0.964445  [19264/60000]
2026-02-23 18:51:35,674 | INFO | loss: 0.833896  [25664/60000]
2026-02-23 18:51:36,006 | INFO | loss: 0.818721  [32064/60000]
2026-02-23 18:51:36,363 | INFO | loss: 0.842984  [38464/60000]
2026-02-23 18:51:36,696 | INFO | loss: 0.750216  [44864/60000]
2026-02-23 18:51:37,029 | INFO | loss: 0.844632  [51264/60000]
2026-02-23 18:51:37,361 | INFO | loss: 0.805822  [57664/60000]
2026-02-23 18:51:37,793 | INFO | Test Error: 
 Accuracy: 73.5%, Avg loss: 0.762689 

2026-02-23 18:51:37,794 | INFO | Epoch 4
-------------------------------
2026-02-23 18:51:37,798 | INFO | loss: 0.723223  [   64/60000]
2026-02-23 18:51:38,132 | INFO | loss: 0.837036  [ 6464/60000]
2026-02-23 18:51:38,466 | INFO | loss: 0.562301  [12864/60000]
2026-02-23 18:51:38,799 | INFO | loss: 0.857872  [19264/60000]
2026-02-23 18:51:39,131 | INFO | loss: 0.758663  [25664/60000]
2026-02-23 18:51:39,552 | INFO | loss: 0.733123  [32064/60000]
2026-02-23 18:51:39,884 | INFO | loss: 0.769936  [38464/60000]
2026-02-23 18:51:40,260 | INFO | loss: 0.692133  [44864/60000]
2026-02-23 18:51:40,599 | INFO | loss: 0.776559  [51264/60000]
2026-02-23 18:51:40,959 | INFO | loss: 0.745146  [57664/60000]
2026-02-23 18:51:41,400 | INFO | Test Error: 
 Accuracy: 74.9%, Avg loss: 0.701304 

2026-02-23 18:51:41,401 | INFO | Epoch 5
-------------------------------
2026-02-23 18:51:41,407 | INFO | loss: 0.637248  [   64/60000]
2026-02-23 18:51:41,830 | INFO | loss: 0.771398  [ 6464/60000]
2026-02-23 18:51:42,176 | INFO | loss: 0.498567  [12864/60000]
2026-02-23 18:51:42,520 | INFO | loss: 0.802914  [19264/60000]
2026-02-23 18:51:42,863 | INFO | loss: 0.715994  [25664/60000]
2026-02-23 18:51:43,225 | INFO | loss: 0.689937  [32064/60000]
2026-02-23 18:51:43,568 | INFO | loss: 0.729285  [38464/60000]
2026-02-23 18:51:43,899 | INFO | loss: 0.669307  [44864/60000]
2026-02-23 18:51:44,232 | INFO | loss: 0.738807  [51264/60000]
2026-02-23 18:51:44,566 | INFO | loss: 0.703968  [57664/60000]
2026-02-23 18:51:44,999 | INFO | Test Error: 
 Accuracy: 76.1%, Avg loss: 0.665039 

2026-02-23 18:51:44,999 | INFO | Epoch 6
-------------------------------
2026-02-23 18:51:45,003 | INFO | loss: 0.587451  [   64/60000]
2026-02-23 18:51:45,337 | INFO | loss: 0.727652  [ 6464/60000]
2026-02-23 18:51:45,670 | INFO | loss: 0.462125  [12864/60000]
2026-02-23 18:51:45,999 | INFO | loss: 0.765076  [19264/60000]
2026-02-23 18:51:46,328 | INFO | loss: 0.683980  [25664/60000]
2026-02-23 18:51:46,660 | INFO | loss: 0.662388  [32064/60000]
2026-02-23 18:51:46,991 | INFO | loss: 0.699097  [38464/60000]
2026-02-23 18:51:47,322 | INFO | loss: 0.657900  [44864/60000]
2026-02-23 18:51:47,653 | INFO | loss: 0.714455  [51264/60000]
2026-02-23 18:51:47,984 | INFO | loss: 0.670390  [57664/60000]
2026-02-23 18:51:48,418 | INFO | Test Error: 
 Accuracy: 77.0%, Avg loss: 0.639625 

2026-02-23 18:51:48,419 | INFO | Epoch 7
-------------------------------
2026-02-23 18:51:48,423 | INFO | loss: 0.553737  [   64/60000]
2026-02-23 18:51:48,800 | INFO | loss: 0.694043  [ 6464/60000]
2026-02-23 18:51:49,136 | INFO | loss: 0.437222  [12864/60000]
2026-02-23 18:51:49,545 | INFO | loss: 0.736631  [19264/60000]
2026-02-23 18:51:49,904 | INFO | loss: 0.658773  [25664/60000]
2026-02-23 18:51:50,249 | INFO | loss: 0.643071  [32064/60000]
2026-02-23 18:51:50,586 | INFO | loss: 0.674216  [38464/60000]
2026-02-23 18:51:50,976 | INFO | loss: 0.651730  [44864/60000]
2026-02-23 18:51:51,318 | INFO | loss: 0.698089  [51264/60000]
2026-02-23 18:51:51,662 | INFO | loss: 0.641449  [57664/60000]
2026-02-23 18:51:52,104 | INFO | Test Error: 
 Accuracy: 77.7%, Avg loss: 0.620383 

2026-02-23 18:51:52,104 | INFO | Epoch 8
-------------------------------
2026-02-23 18:51:52,108 | INFO | loss: 0.529153  [   64/60000]
2026-02-23 18:51:52,444 | INFO | loss: 0.666883  [ 6464/60000]
2026-02-23 18:51:52,776 | INFO | loss: 0.418550  [12864/60000]
2026-02-23 18:51:53,108 | INFO | loss: 0.714533  [19264/60000]
2026-02-23 18:51:53,448 | INFO | loss: 0.638709  [25664/60000]
2026-02-23 18:51:53,782 | INFO | loss: 0.628808  [32064/60000]
2026-02-23 18:51:54,115 | INFO | loss: 0.652981  [38464/60000]
2026-02-23 18:51:54,479 | INFO | loss: 0.648390  [44864/60000]
2026-02-23 18:51:54,821 | INFO | loss: 0.686973  [51264/60000]
2026-02-23 18:51:55,204 | INFO | loss: 0.616235  [57664/60000]
2026-02-23 18:51:55,695 | INFO | Test Error: 
 Accuracy: 78.0%, Avg loss: 0.605164 

2026-02-23 18:51:55,695 | INFO | Epoch 9
-------------------------------
2026-02-23 18:51:55,700 | INFO | loss: 0.510347  [   64/60000]
2026-02-23 18:51:56,100 | INFO | loss: 0.644638  [ 6464/60000]
2026-02-23 18:51:56,517 | INFO | loss: 0.403798  [12864/60000]
2026-02-23 18:51:56,976 | INFO | loss: 0.696908  [19264/60000]
2026-02-23 18:51:57,381 | INFO | loss: 0.622524  [25664/60000]
2026-02-23 18:51:57,788 | INFO | loss: 0.617809  [32064/60000]
2026-02-23 18:51:58,130 | INFO | loss: 0.634693  [38464/60000]
2026-02-23 18:51:58,483 | INFO | loss: 0.646665  [44864/60000]
2026-02-23 18:51:58,820 | INFO | loss: 0.679375  [51264/60000]
2026-02-23 18:51:59,169 | INFO | loss: 0.594351  [57664/60000]
2026-02-23 18:51:59,619 | INFO | Test Error: 
 Accuracy: 78.5%, Avg loss: 0.592753 

2026-02-23 18:51:59,619 | INFO | Epoch 10
-------------------------------
2026-02-23 18:51:59,624 | INFO | loss: 0.495389  [   64/60000]
2026-02-23 18:51:59,968 | INFO | loss: 0.626431  [ 6464/60000]
2026-02-23 18:52:00,320 | INFO | loss: 0.391736  [12864/60000]
2026-02-23 18:52:00,666 | INFO | loss: 0.682449  [19264/60000]
2026-02-23 18:52:01,009 | INFO | loss: 0.609215  [25664/60000]
2026-02-23 18:52:01,353 | INFO | loss: 0.608957  [32064/60000]
2026-02-23 18:52:01,737 | INFO | loss: 0.618902  [38464/60000]
2026-02-23 18:52:02,090 | INFO | loss: 0.645809  [44864/60000]
2026-02-23 18:52:02,439 | INFO | loss: 0.674132  [51264/60000]
2026-02-23 18:52:02,778 | INFO | loss: 0.575466  [57664/60000]
2026-02-23 18:52:03,340 | INFO | Test Error: 
 Accuracy: 79.0%, Avg loss: 0.582381 

2026-02-23 18:52:03,340 | INFO | Epoch 11
-------------------------------
2026-02-23 18:52:03,345 | INFO | loss: 0.483074  [   64/60000]
2026-02-23 18:52:03,692 | INFO | loss: 0.611488  [ 6464/60000]
2026-02-23 18:52:04,060 | INFO | loss: 0.381649  [12864/60000]
2026-02-23 18:52:04,432 | INFO | loss: 0.670202  [19264/60000]
2026-02-23 18:52:04,781 | INFO | loss: 0.598015  [25664/60000]
2026-02-23 18:52:05,161 | INFO | loss: 0.601515  [32064/60000]
2026-02-23 18:52:05,502 | INFO | loss: 0.605235  [38464/60000]
2026-02-23 18:52:05,841 | INFO | loss: 0.645392  [44864/60000]
2026-02-23 18:52:06,212 | INFO | loss: 0.670420  [51264/60000]
2026-02-23 18:52:06,557 | INFO | loss: 0.559221  [57664/60000]
2026-02-23 18:52:06,994 | INFO | Test Error: 
 Accuracy: 79.3%, Avg loss: 0.573538 

2026-02-23 18:52:06,995 | INFO | Epoch 12
-------------------------------
2026-02-23 18:52:06,999 | INFO | loss: 0.472659  [   64/60000]
2026-02-23 18:52:07,335 | INFO | loss: 0.599072  [ 6464/60000]
2026-02-23 18:52:07,668 | INFO | loss: 0.373061  [12864/60000]
2026-02-23 18:52:08,002 | INFO | loss: 0.659553  [19264/60000]
2026-02-23 18:52:08,334 | INFO | loss: 0.588357  [25664/60000]
2026-02-23 18:52:08,705 | INFO | loss: 0.595011  [32064/60000]
2026-02-23 18:52:09,103 | INFO | loss: 0.593377  [38464/60000]
2026-02-23 18:52:09,452 | INFO | loss: 0.645167  [44864/60000]
2026-02-23 18:52:09,868 | INFO | loss: 0.667719  [51264/60000]
2026-02-23 18:52:10,214 | INFO | loss: 0.545197  [57664/60000]
2026-02-23 18:52:10,658 | INFO | Test Error: 
 Accuracy: 79.7%, Avg loss: 0.565871 

2026-02-23 18:52:10,658 | INFO | Epoch 13
-------------------------------
2026-02-23 18:52:10,663 | INFO | loss: 0.463670  [   64/60000]
2026-02-23 18:52:11,068 | INFO | loss: 0.588572  [ 6464/60000]
2026-02-23 18:52:11,415 | INFO | loss: 0.365650  [12864/60000]
2026-02-23 18:52:11,793 | INFO | loss: 0.650083  [19264/60000]
2026-02-23 18:52:12,153 | INFO | loss: 0.579849  [25664/60000]
2026-02-23 18:52:12,487 | INFO | loss: 0.589143  [32064/60000]
2026-02-23 18:52:12,819 | INFO | loss: 0.583026  [38464/60000]
2026-02-23 18:52:13,157 | INFO | loss: 0.644984  [44864/60000]
2026-02-23 18:52:13,501 | INFO | loss: 0.665660  [51264/60000]
2026-02-23 18:52:13,845 | INFO | loss: 0.533020  [57664/60000]
2026-02-23 18:52:14,312 | INFO | Test Error: 
 Accuracy: 80.0%, Avg loss: 0.559127 

2026-02-23 18:52:14,313 | INFO | Epoch 14
-------------------------------
2026-02-23 18:52:14,317 | INFO | loss: 0.455804  [   64/60000]
2026-02-23 18:52:14,659 | INFO | loss: 0.579498  [ 6464/60000]
2026-02-23 18:52:15,021 | INFO | loss: 0.359185  [12864/60000]
2026-02-23 18:52:15,387 | INFO | loss: 0.641512  [19264/60000]
2026-02-23 18:52:15,792 | INFO | loss: 0.572206  [25664/60000]
2026-02-23 18:52:16,148 | INFO | loss: 0.583707  [32064/60000]
2026-02-23 18:52:16,502 | INFO | loss: 0.573911  [38464/60000]
2026-02-23 18:52:16,873 | INFO | loss: 0.644777  [44864/60000]
2026-02-23 18:52:17,239 | INFO | loss: 0.664000  [51264/60000]
2026-02-23 18:52:17,614 | INFO | loss: 0.522364  [57664/60000]
2026-02-23 18:52:18,049 | INFO | Test Error: 
 Accuracy: 80.3%, Avg loss: 0.553126 

2026-02-23 18:52:18,049 | INFO | Epoch 15
-------------------------------
2026-02-23 18:52:18,053 | INFO | loss: 0.448831  [   64/60000]
2026-02-23 18:52:18,386 | INFO | loss: 0.571522  [ 6464/60000]
2026-02-23 18:52:18,721 | INFO | loss: 0.353490  [12864/60000]
2026-02-23 18:52:19,095 | INFO | loss: 0.633669  [19264/60000]
2026-02-23 18:52:19,438 | INFO | loss: 0.565229  [25664/60000]
2026-02-23 18:52:19,776 | INFO | loss: 0.578571  [32064/60000]
2026-02-23 18:52:20,111 | INFO | loss: 0.565812  [38464/60000]
2026-02-23 18:52:20,442 | INFO | loss: 0.644493  [44864/60000]
2026-02-23 18:52:20,849 | INFO | loss: 0.662586  [51264/60000]
2026-02-23 18:52:21,205 | INFO | loss: 0.512964  [57664/60000]
2026-02-23 18:52:21,689 | INFO | Test Error: 
 Accuracy: 80.5%, Avg loss: 0.547734 

2026-02-23 18:52:21,690 | INFO | Epoch 16
-------------------------------
2026-02-23 18:52:21,694 | INFO | loss: 0.442584  [   64/60000]
2026-02-23 18:52:22,073 | INFO | loss: 0.564410  [ 6464/60000]
2026-02-23 18:52:22,447 | INFO | loss: 0.348427  [12864/60000]
2026-02-23 18:52:22,796 | INFO | loss: 0.626449  [19264/60000]
2026-02-23 18:52:23,131 | INFO | loss: 0.558789  [25664/60000]
2026-02-23 18:52:23,463 | INFO | loss: 0.573665  [32064/60000]
2026-02-23 18:52:23,797 | INFO | loss: 0.558548  [38464/60000]
2026-02-23 18:52:24,126 | INFO | loss: 0.644116  [44864/60000]
2026-02-23 18:52:24,520 | INFO | loss: 0.661319  [51264/60000]
2026-02-23 18:52:24,917 | INFO | loss: 0.504603  [57664/60000]
2026-02-23 18:52:25,437 | INFO | Test Error: 
 Accuracy: 80.7%, Avg loss: 0.542850 

2026-02-23 18:52:25,438 | INFO | Epoch 17
-------------------------------
2026-02-23 18:52:25,442 | INFO | loss: 0.436941  [   64/60000]
2026-02-23 18:52:25,784 | INFO | loss: 0.557995  [ 6464/60000]
2026-02-23 18:52:26,121 | INFO | loss: 0.343901  [12864/60000]
2026-02-23 18:52:26,460 | INFO | loss: 0.619767  [19264/60000]
2026-02-23 18:52:26,794 | INFO | loss: 0.552787  [25664/60000]
2026-02-23 18:52:27,158 | INFO | loss: 0.568914  [32064/60000]
2026-02-23 18:52:27,494 | INFO | loss: 0.551970  [38464/60000]
2026-02-23 18:52:27,829 | INFO | loss: 0.643637  [44864/60000]
2026-02-23 18:52:28,163 | INFO | loss: 0.660131  [51264/60000]
2026-02-23 18:52:28,564 | INFO | loss: 0.497102  [57664/60000]
2026-02-23 18:52:29,033 | INFO | Test Error: 
 Accuracy: 80.8%, Avg loss: 0.538396 

2026-02-23 18:52:29,034 | INFO | Epoch 18
-------------------------------
2026-02-23 18:52:29,038 | INFO | loss: 0.431797  [   64/60000]
2026-02-23 18:52:29,391 | INFO | loss: 0.552155  [ 6464/60000]
2026-02-23 18:52:29,743 | INFO | loss: 0.339835  [12864/60000]
2026-02-23 18:52:30,147 | INFO | loss: 0.613557  [19264/60000]
2026-02-23 18:52:30,504 | INFO | loss: 0.547147  [25664/60000]
2026-02-23 18:52:30,915 | INFO | loss: 0.564294  [32064/60000]
2026-02-23 18:52:31,277 | INFO | loss: 0.545975  [38464/60000]
2026-02-23 18:52:31,662 | INFO | loss: 0.643056  [44864/60000]
2026-02-23 18:52:32,042 | INFO | loss: 0.658989  [51264/60000]
2026-02-23 18:52:32,392 | INFO | loss: 0.490324  [57664/60000]
2026-02-23 18:52:32,833 | INFO | Test Error: 
 Accuracy: 80.9%, Avg loss: 0.534311 

2026-02-23 18:52:32,834 | INFO | Epoch 19
-------------------------------
2026-02-23 18:52:32,838 | INFO | loss: 0.427080  [   64/60000]
2026-02-23 18:52:33,215 | INFO | loss: 0.546797  [ 6464/60000]
2026-02-23 18:52:33,563 | INFO | loss: 0.336176  [12864/60000]
2026-02-23 18:52:33,966 | INFO | loss: 0.607768  [19264/60000]
2026-02-23 18:52:34,299 | INFO | loss: 0.541829  [25664/60000]
2026-02-23 18:52:34,640 | INFO | loss: 0.559780  [32064/60000]
2026-02-23 18:52:34,984 | INFO | loss: 0.540475  [38464/60000]
2026-02-23 18:52:35,322 | INFO | loss: 0.642385  [44864/60000]
2026-02-23 18:52:35,661 | INFO | loss: 0.657849  [51264/60000]
2026-02-23 18:52:36,078 | INFO | loss: 0.484162  [57664/60000]
2026-02-23 18:52:36,562 | INFO | Test Error: 
 Accuracy: 81.0%, Avg loss: 0.530546 

2026-02-23 18:52:36,563 | INFO | Epoch 20
-------------------------------
2026-02-23 18:52:36,567 | INFO | loss: 0.422726  [   64/60000]
2026-02-23 18:52:36,943 | INFO | loss: 0.541847  [ 6464/60000]
2026-02-23 18:52:37,286 | INFO | loss: 0.332870  [12864/60000]
2026-02-23 18:52:37,619 | INFO | loss: 0.602345  [19264/60000]
2026-02-23 18:52:37,985 | INFO | loss: 0.536787  [25664/60000]
2026-02-23 18:52:38,316 | INFO | loss: 0.555347  [32064/60000]
2026-02-23 18:52:38,648 | INFO | loss: 0.535388  [38464/60000]
2026-02-23 18:52:38,979 | INFO | loss: 0.641632  [44864/60000]
2026-02-23 18:52:39,309 | INFO | loss: 0.656697  [51264/60000]
2026-02-23 18:52:39,656 | INFO | loss: 0.478525  [57664/60000]
2026-02-23 18:52:40,111 | INFO | Test Error: 
 Accuracy: 81.2%, Avg loss: 0.527060 

2026-02-23 18:52:40,112 | INFO | Epoch 21
-------------------------------
2026-02-23 18:52:40,116 | INFO | loss: 0.418678  [   64/60000]
2026-02-23 18:52:40,459 | INFO | loss: 0.537246  [ 6464/60000]
2026-02-23 18:52:40,802 | INFO | loss: 0.329870  [12864/60000]
2026-02-23 18:52:41,146 | INFO | loss: 0.597253  [19264/60000]
2026-02-23 18:52:41,500 | INFO | loss: 0.531989  [25664/60000]
2026-02-23 18:52:41,861 | INFO | loss: 0.550992  [32064/60000]
2026-02-23 18:52:42,279 | INFO | loss: 0.530679  [38464/60000]
2026-02-23 18:52:42,640 | INFO | loss: 0.640807  [44864/60000]
2026-02-23 18:52:43,005 | INFO | loss: 0.655519  [51264/60000]
2026-02-23 18:52:43,430 | INFO | loss: 0.473342  [57664/60000]
2026-02-23 18:52:43,901 | INFO | Test Error: 
 Accuracy: 81.3%, Avg loss: 0.523821 

2026-02-23 18:52:43,901 | INFO | Epoch 22
-------------------------------
2026-02-23 18:52:43,905 | INFO | loss: 0.414894  [   64/60000]
2026-02-23 18:52:44,254 | INFO | loss: 0.532951  [ 6464/60000]
2026-02-23 18:52:44,655 | INFO | loss: 0.327140  [12864/60000]
2026-02-23 18:52:45,032 | INFO | loss: 0.592457  [19264/60000]
2026-02-23 18:52:45,392 | INFO | loss: 0.527409  [25664/60000]
2026-02-23 18:52:45,815 | INFO | loss: 0.546713  [32064/60000]
2026-02-23 18:52:46,211 | INFO | loss: 0.526293  [38464/60000]
2026-02-23 18:52:46,620 | INFO | loss: 0.639921  [44864/60000]
2026-02-23 18:52:47,045 | INFO | loss: 0.654320  [51264/60000]
2026-02-23 18:52:47,405 | INFO | loss: 0.468553  [57664/60000]
2026-02-23 18:52:47,861 | INFO | Test Error: 
 Accuracy: 81.4%, Avg loss: 0.520800 

2026-02-23 18:52:47,862 | INFO | Epoch 23
-------------------------------
2026-02-23 18:52:47,866 | INFO | loss: 0.411340  [   64/60000]
2026-02-23 18:52:48,216 | INFO | loss: 0.528920  [ 6464/60000]
2026-02-23 18:52:48,632 | INFO | loss: 0.324650  [12864/60000]
2026-02-23 18:52:49,015 | INFO | loss: 0.587930  [19264/60000]
2026-02-23 18:52:49,373 | INFO | loss: 0.523025  [25664/60000]
2026-02-23 18:52:49,717 | INFO | loss: 0.542485  [32064/60000]
2026-02-23 18:52:50,062 | INFO | loss: 0.522190  [38464/60000]
2026-02-23 18:52:50,406 | INFO | loss: 0.638977  [44864/60000]
2026-02-23 18:52:50,747 | INFO | loss: 0.653083  [51264/60000]
2026-02-23 18:52:51,089 | INFO | loss: 0.464108  [57664/60000]
2026-02-23 18:52:51,539 | INFO | Test Error: 
 Accuracy: 81.4%, Avg loss: 0.517974 

2026-02-23 18:52:51,540 | INFO | Epoch 24
-------------------------------
2026-02-23 18:52:51,544 | INFO | loss: 0.407982  [   64/60000]
2026-02-23 18:52:51,890 | INFO | loss: 0.525118  [ 6464/60000]
2026-02-23 18:52:52,236 | INFO | loss: 0.322374  [12864/60000]
2026-02-23 18:52:52,580 | INFO | loss: 0.583642  [19264/60000]
2026-02-23 18:52:52,928 | INFO | loss: 0.518821  [25664/60000]
2026-02-23 18:52:53,278 | INFO | loss: 0.538331  [32064/60000]
2026-02-23 18:52:53,635 | INFO | loss: 0.518359  [38464/60000]
2026-02-23 18:52:53,979 | INFO | loss: 0.637985  [44864/60000]
2026-02-23 18:52:54,322 | INFO | loss: 0.651823  [51264/60000]
2026-02-23 18:52:54,663 | INFO | loss: 0.459971  [57664/60000]
2026-02-23 18:52:55,116 | INFO | Test Error: 
 Accuracy: 81.5%, Avg loss: 0.515324 

2026-02-23 18:52:55,116 | INFO | Epoch 25
-------------------------------
2026-02-23 18:52:55,121 | INFO | loss: 0.404797  [   64/60000]
2026-02-23 18:52:55,476 | INFO | loss: 0.521520  [ 6464/60000]
2026-02-23 18:52:55,819 | INFO | loss: 0.320280  [12864/60000]
2026-02-23 18:52:56,165 | INFO | loss: 0.579574  [19264/60000]
2026-02-23 18:52:56,508 | INFO | loss: 0.514791  [25664/60000]
2026-02-23 18:52:56,850 | INFO | loss: 0.534257  [32064/60000]
2026-02-23 18:52:57,194 | INFO | loss: 0.514746  [38464/60000]
2026-02-23 18:52:57,568 | INFO | loss: 0.636951  [44864/60000]
2026-02-23 18:52:57,922 | INFO | loss: 0.650539  [51264/60000]
2026-02-23 18:52:58,275 | INFO | loss: 0.456106  [57664/60000]
2026-02-23 18:52:58,736 | INFO | Test Error: 
 Accuracy: 81.6%, Avg loss: 0.512833 

2026-02-23 18:52:58,737 | INFO | Epoch 26
-------------------------------
2026-02-23 18:52:58,741 | INFO | loss: 0.401766  [   64/60000]
2026-02-23 18:52:59,140 | INFO | loss: 0.518113  [ 6464/60000]
2026-02-23 18:52:59,494 | INFO | loss: 0.318349  [12864/60000]
2026-02-23 18:52:59,860 | INFO | loss: 0.575714  [19264/60000]
2026-02-23 18:53:00,217 | INFO | loss: 0.510922  [25664/60000]
2026-02-23 18:53:00,580 | INFO | loss: 0.530265  [32064/60000]
2026-02-23 18:53:00,929 | INFO | loss: 0.511356  [38464/60000]
2026-02-23 18:53:01,290 | INFO | loss: 0.635896  [44864/60000]
2026-02-23 18:53:01,648 | INFO | loss: 0.649229  [51264/60000]
2026-02-23 18:53:02,002 | INFO | loss: 0.452475  [57664/60000]
2026-02-23 18:53:02,457 | INFO | Test Error: 
 Accuracy: 81.7%, Avg loss: 0.510486 

2026-02-23 18:53:02,458 | INFO | Epoch 27
-------------------------------
2026-02-23 18:53:02,462 | INFO | loss: 0.398875  [   64/60000]
2026-02-23 18:53:02,814 | INFO | loss: 0.514890  [ 6464/60000]
2026-02-23 18:53:03,171 | INFO | loss: 0.316567  [12864/60000]
2026-02-23 18:53:03,515 | INFO | loss: 0.572041  [19264/60000]
2026-02-23 18:53:03,867 | INFO | loss: 0.507207  [25664/60000]
2026-02-23 18:53:04,211 | INFO | loss: 0.526348  [32064/60000]
2026-02-23 18:53:04,609 | INFO | loss: 0.508160  [38464/60000]
2026-02-23 18:53:04,959 | INFO | loss: 0.634818  [44864/60000]
2026-02-23 18:53:05,305 | INFO | loss: 0.647898  [51264/60000]
2026-02-23 18:53:05,649 | INFO | loss: 0.449051  [57664/60000]
2026-02-23 18:53:06,102 | INFO | Test Error: 
 Accuracy: 81.8%, Avg loss: 0.508267 

2026-02-23 18:53:06,103 | INFO | Epoch 28
-------------------------------
2026-02-23 18:53:06,107 | INFO | loss: 0.396108  [   64/60000]
2026-02-23 18:53:06,453 | INFO | loss: 0.511819  [ 6464/60000]
2026-02-23 18:53:06,796 | INFO | loss: 0.314918  [12864/60000]
2026-02-23 18:53:07,144 | INFO | loss: 0.568544  [19264/60000]
2026-02-23 18:53:07,488 | INFO | loss: 0.503629  [25664/60000]
2026-02-23 18:53:07,834 | INFO | loss: 0.522499  [32064/60000]
2026-02-23 18:53:08,183 | INFO | loss: 0.505151  [38464/60000]
2026-02-23 18:53:08,561 | INFO | loss: 0.633720  [44864/60000]
2026-02-23 18:53:08,921 | INFO | loss: 0.646552  [51264/60000]
2026-02-23 18:53:09,273 | INFO | loss: 0.445815  [57664/60000]
2026-02-23 18:53:09,728 | INFO | Test Error: 
 Accuracy: 81.8%, Avg loss: 0.506165 

2026-02-23 18:53:09,729 | INFO | Epoch 29
-------------------------------
2026-02-23 18:53:09,733 | INFO | loss: 0.393449  [   64/60000]
2026-02-23 18:53:10,080 | INFO | loss: 0.508882  [ 6464/60000]
2026-02-23 18:53:10,424 | INFO | loss: 0.313397  [12864/60000]
2026-02-23 18:53:10,770 | INFO | loss: 0.565198  [19264/60000]
2026-02-23 18:53:11,143 | INFO | loss: 0.500185  [25664/60000]
2026-02-23 18:53:11,499 | INFO | loss: 0.518722  [32064/60000]
2026-02-23 18:53:11,860 | INFO | loss: 0.502301  [38464/60000]
2026-02-23 18:53:12,209 | INFO | loss: 0.632622  [44864/60000]
2026-02-23 18:53:12,558 | INFO | loss: 0.645198  [51264/60000]
2026-02-23 18:53:12,908 | INFO | loss: 0.442746  [57664/60000]
2026-02-23 18:53:13,367 | INFO | Test Error: 
 Accuracy: 81.9%, Avg loss: 0.504170 

2026-02-23 18:53:13,368 | INFO | Epoch 30
-------------------------------
2026-02-23 18:53:13,372 | INFO | loss: 0.390890  [   64/60000]
2026-02-23 18:53:13,724 | INFO | loss: 0.506073  [ 6464/60000]
2026-02-23 18:53:14,078 | INFO | loss: 0.311986  [12864/60000]
2026-02-23 18:53:14,436 | INFO | loss: 0.561990  [19264/60000]
2026-02-23 18:53:14,826 | INFO | loss: 0.496873  [25664/60000]
2026-02-23 18:53:15,171 | INFO | loss: 0.515023  [32064/60000]
2026-02-23 18:53:15,517 | INFO | loss: 0.499585  [38464/60000]
2026-02-23 18:53:15,865 | INFO | loss: 0.631521  [44864/60000]
2026-02-23 18:53:16,345 | INFO | loss: 0.643833  [51264/60000]
2026-02-23 18:53:16,766 | INFO | loss: 0.439834  [57664/60000]
2026-02-23 18:53:17,255 | INFO | Test Error: 
 Accuracy: 81.9%, Avg loss: 0.502271 

2026-02-23 18:53:17,256 | INFO | Epoch 31
-------------------------------
2026-02-23 18:53:17,261 | INFO | loss: 0.388424  [   64/60000]
2026-02-23 18:53:17,609 | INFO | loss: 0.503384  [ 6464/60000]
2026-02-23 18:53:17,958 | INFO | loss: 0.310661  [12864/60000]
2026-02-23 18:53:18,334 | INFO | loss: 0.558919  [19264/60000]
2026-02-23 18:53:18,783 | INFO | loss: 0.493672  [25664/60000]
2026-02-23 18:53:19,184 | INFO | loss: 0.511405  [32064/60000]
2026-02-23 18:53:19,558 | INFO | loss: 0.497005  [38464/60000]
2026-02-23 18:53:19,915 | INFO | loss: 0.630409  [44864/60000]
2026-02-23 18:53:20,297 | INFO | loss: 0.642465  [51264/60000]
2026-02-23 18:53:20,658 | INFO | loss: 0.437063  [57664/60000]
2026-02-23 18:53:21,107 | INFO | Test Error: 
 Accuracy: 82.0%, Avg loss: 0.500463 

2026-02-23 18:53:21,107 | INFO | Epoch 32
-------------------------------
2026-02-23 18:53:21,112 | INFO | loss: 0.386044  [   64/60000]
2026-02-23 18:53:21,496 | INFO | loss: 0.500798  [ 6464/60000]
2026-02-23 18:53:21,918 | INFO | loss: 0.309414  [12864/60000]
2026-02-23 18:53:22,271 | INFO | loss: 0.555974  [19264/60000]
2026-02-23 18:53:22,623 | INFO | loss: 0.490583  [25664/60000]
2026-02-23 18:53:23,026 | INFO | loss: 0.507870  [32064/60000]
2026-02-23 18:53:23,431 | INFO | loss: 0.494544  [38464/60000]
2026-02-23 18:53:23,826 | INFO | loss: 0.629275  [44864/60000]
2026-02-23 18:53:24,254 | INFO | loss: 0.641094  [51264/60000]
2026-02-23 18:53:24,603 | INFO | loss: 0.434422  [57664/60000]
2026-02-23 18:53:25,089 | INFO | Test Error: 
 Accuracy: 82.1%, Avg loss: 0.498736 

2026-02-23 18:53:25,090 | INFO | Epoch 33
-------------------------------
2026-02-23 18:53:25,095 | INFO | loss: 0.383744  [   64/60000]
2026-02-23 18:53:25,455 | INFO | loss: 0.498312  [ 6464/60000]
2026-02-23 18:53:25,868 | INFO | loss: 0.308242  [12864/60000]
2026-02-23 18:53:26,296 | INFO | loss: 0.553137  [19264/60000]
2026-02-23 18:53:26,717 | INFO | loss: 0.487590  [25664/60000]
2026-02-23 18:53:27,074 | INFO | loss: 0.504421  [32064/60000]
2026-02-23 18:53:27,471 | INFO | loss: 0.492191  [38464/60000]
2026-02-23 18:53:27,875 | INFO | loss: 0.628139  [44864/60000]
2026-02-23 18:53:28,328 | INFO | loss: 0.639732  [51264/60000]
2026-02-23 18:53:28,742 | INFO | loss: 0.431893  [57664/60000]
2026-02-23 18:53:29,206 | INFO | Test Error: 
 Accuracy: 82.1%, Avg loss: 0.497085 

2026-02-23 18:53:29,206 | INFO | Epoch 34
-------------------------------
2026-02-23 18:53:29,211 | INFO | loss: 0.381507  [   64/60000]
2026-02-23 18:53:29,612 | INFO | loss: 0.495933  [ 6464/60000]
2026-02-23 18:53:30,022 | INFO | loss: 0.307137  [12864/60000]
2026-02-23 18:53:30,389 | INFO | loss: 0.550408  [19264/60000]
2026-02-23 18:53:30,798 | INFO | loss: 0.484691  [25664/60000]
2026-02-23 18:53:31,206 | INFO | loss: 0.501071  [32064/60000]
2026-02-23 18:53:31,570 | INFO | loss: 0.489945  [38464/60000]
2026-02-23 18:53:31,958 | INFO | loss: 0.627010  [44864/60000]
2026-02-23 18:53:32,334 | INFO | loss: 0.638367  [51264/60000]
2026-02-23 18:53:32,748 | INFO | loss: 0.429457  [57664/60000]
2026-02-23 18:53:33,225 | INFO | Test Error: 
 Accuracy: 82.2%, Avg loss: 0.495503 

2026-02-23 18:53:33,226 | INFO | Epoch 35
-------------------------------
2026-02-23 18:53:33,230 | INFO | loss: 0.379332  [   64/60000]
2026-02-23 18:53:33,634 | INFO | loss: 0.493651  [ 6464/60000]
2026-02-23 18:53:34,096 | INFO | loss: 0.306098  [12864/60000]
2026-02-23 18:53:34,465 | INFO | loss: 0.547785  [19264/60000]
2026-02-23 18:53:34,868 | INFO | loss: 0.481896  [25664/60000]
2026-02-23 18:53:35,280 | INFO | loss: 0.497809  [32064/60000]
2026-02-23 18:53:35,651 | INFO | loss: 0.487790  [38464/60000]
2026-02-23 18:53:36,014 | INFO | loss: 0.625882  [44864/60000]
2026-02-23 18:53:36,461 | INFO | loss: 0.636993  [51264/60000]
2026-02-23 18:53:36,871 | INFO | loss: 0.427111  [57664/60000]
2026-02-23 18:53:37,345 | INFO | Test Error: 
 Accuracy: 82.2%, Avg loss: 0.493985 

2026-02-23 18:53:37,346 | INFO | Epoch 36
-------------------------------
2026-02-23 18:53:37,350 | INFO | loss: 0.377221  [   64/60000]
2026-02-23 18:53:37,776 | INFO | loss: 0.491451  [ 6464/60000]
2026-02-23 18:53:38,132 | INFO | loss: 0.305100  [12864/60000]
2026-02-23 18:53:38,531 | INFO | loss: 0.545254  [19264/60000]
2026-02-23 18:53:39,092 | INFO | loss: 0.479190  [25664/60000]
2026-02-23 18:53:39,445 | INFO | loss: 0.494644  [32064/60000]
2026-02-23 18:53:39,788 | INFO | loss: 0.485722  [38464/60000]
2026-02-23 18:53:40,132 | INFO | loss: 0.624758  [44864/60000]
2026-02-23 18:53:40,476 | INFO | loss: 0.635628  [51264/60000]
2026-02-23 18:53:40,818 | INFO | loss: 0.424856  [57664/60000]
2026-02-23 18:53:41,269 | INFO | Test Error: 
 Accuracy: 82.3%, Avg loss: 0.492526 

2026-02-23 18:53:41,270 | INFO | Epoch 37
-------------------------------
2026-02-23 18:53:41,274 | INFO | loss: 0.375170  [   64/60000]
2026-02-23 18:53:41,627 | INFO | loss: 0.489329  [ 6464/60000]
2026-02-23 18:53:41,999 | INFO | loss: 0.304151  [12864/60000]
2026-02-23 18:53:42,408 | INFO | loss: 0.542808  [19264/60000]
2026-02-23 18:53:42,764 | INFO | loss: 0.476566  [25664/60000]
2026-02-23 18:53:43,112 | INFO | loss: 0.491567  [32064/60000]
2026-02-23 18:53:43,462 | INFO | loss: 0.483733  [38464/60000]
2026-02-23 18:53:43,810 | INFO | loss: 0.623637  [44864/60000]
2026-02-23 18:53:44,161 | INFO | loss: 0.634276  [51264/60000]
2026-02-23 18:53:44,506 | INFO | loss: 0.422686  [57664/60000]
2026-02-23 18:53:44,956 | INFO | Test Error: 
 Accuracy: 82.4%, Avg loss: 0.491122 

2026-02-23 18:53:44,956 | INFO | Epoch 38
-------------------------------
2026-02-23 18:53:44,961 | INFO | loss: 0.373182  [   64/60000]
2026-02-23 18:53:45,309 | INFO | loss: 0.487281  [ 6464/60000]
2026-02-23 18:53:45,653 | INFO | loss: 0.303248  [12864/60000]
2026-02-23 18:53:45,997 | INFO | loss: 0.540441  [19264/60000]
2026-02-23 18:53:46,341 | INFO | loss: 0.474021  [25664/60000]
2026-02-23 18:53:46,699 | INFO | loss: 0.488580  [32064/60000]
2026-02-23 18:53:47,064 | INFO | loss: 0.481818  [38464/60000]
2026-02-23 18:53:47,478 | INFO | loss: 0.622518  [44864/60000]
2026-02-23 18:53:47,903 | INFO | loss: 0.632930  [51264/60000]
2026-02-23 18:53:48,263 | INFO | loss: 0.420584  [57664/60000]
2026-02-23 18:53:48,792 | INFO | Test Error: 
 Accuracy: 82.4%, Avg loss: 0.489769 

2026-02-23 18:53:48,792 | INFO | Epoch 39
-------------------------------
2026-02-23 18:53:48,797 | INFO | loss: 0.371255  [   64/60000]
2026-02-23 18:53:49,159 | INFO | loss: 0.485297  [ 6464/60000]
2026-02-23 18:53:49,556 | INFO | loss: 0.302383  [12864/60000]
2026-02-23 18:53:49,960 | INFO | loss: 0.538150  [19264/60000]
2026-02-23 18:53:50,366 | INFO | loss: 0.471555  [25664/60000]
2026-02-23 18:53:50,721 | INFO | loss: 0.485686  [32064/60000]
2026-02-23 18:53:51,104 | INFO | loss: 0.479975  [38464/60000]
2026-02-23 18:53:51,502 | INFO | loss: 0.621407  [44864/60000]
2026-02-23 18:53:51,865 | INFO | loss: 0.631603  [51264/60000]
2026-02-23 18:53:52,291 | INFO | loss: 0.418542  [57664/60000]
2026-02-23 18:53:52,772 | INFO | Test Error: 
 Accuracy: 82.4%, Avg loss: 0.488463 

2026-02-23 18:53:52,772 | INFO | Epoch 40
-------------------------------
2026-02-23 18:53:52,777 | INFO | loss: 0.369373  [   64/60000]
2026-02-23 18:53:53,164 | INFO | loss: 0.483382  [ 6464/60000]
2026-02-23 18:53:53,514 | INFO | loss: 0.301559  [12864/60000]
2026-02-23 18:53:53,867 | INFO | loss: 0.535934  [19264/60000]
2026-02-23 18:53:54,214 | INFO | loss: 0.469175  [25664/60000]
2026-02-23 18:53:54,558 | INFO | loss: 0.482887  [32064/60000]
2026-02-23 18:53:54,902 | INFO | loss: 0.478196  [38464/60000]
2026-02-23 18:53:55,248 | INFO | loss: 0.620295  [44864/60000]
2026-02-23 18:53:55,613 | INFO | loss: 0.630287  [51264/60000]
2026-02-23 18:53:55,997 | INFO | loss: 0.416566  [57664/60000]
2026-02-23 18:53:56,501 | INFO | Test Error: 
 Accuracy: 82.5%, Avg loss: 0.487201 

2026-02-23 18:53:56,504 | INFO | Done!
