2026-02-21 23:49:38,536 | INFO | Logging initialized. Saving to logs/TRAINING_CODE_20260221_234938.log
2026-02-21 23:49:38,645 | INFO | Epoch 1
-------------------------------
2026-02-21 23:49:38,663 | INFO | loss: 2.352425  [   64/60000]
2026-02-21 23:49:38,828 | INFO | loss: 2.345578  [ 6464/60000]
2026-02-21 23:49:38,990 | INFO | loss: 2.317691  [12864/60000]
2026-02-21 23:49:39,156 | INFO | loss: 2.293319  [19264/60000]
2026-02-21 23:49:39,320 | INFO | loss: 2.318221  [25664/60000]
2026-02-21 23:49:39,480 | INFO | loss: 2.319737  [32064/60000]
2026-02-21 23:49:39,640 | INFO | loss: 2.310489  [38464/60000]
2026-02-21 23:49:39,803 | INFO | loss: 2.324557  [44864/60000]
2026-02-21 23:49:39,963 | INFO | loss: 2.316265  [51264/60000]
2026-02-21 23:49:40,124 | INFO | loss: 2.271671  [57664/60000]
2026-02-21 23:49:40,461 | INFO | Test Error: 
 Accuracy: 10.0%, Avg loss: 2.307856 

2026-02-21 23:49:40,462 | INFO | Epoch 2
-------------------------------
2026-02-21 23:49:40,464 | INFO | loss: 2.337249  [   64/60000]
2026-02-21 23:49:40,621 | INFO | loss: 2.329585  [ 6464/60000]
2026-02-21 23:49:40,778 | INFO | loss: 2.303006  [12864/60000]
2026-02-21 23:49:40,935 | INFO | loss: 2.285036  [19264/60000]
2026-02-21 23:49:41,092 | INFO | loss: 2.305675  [25664/60000]
2026-02-21 23:49:41,254 | INFO | loss: 2.305066  [32064/60000]
2026-02-21 23:49:41,419 | INFO | loss: 2.302899  [38464/60000]
2026-02-21 23:49:41,580 | INFO | loss: 2.312346  [44864/60000]
2026-02-21 23:49:41,741 | INFO | loss: 2.307154  [51264/60000]
2026-02-21 23:49:41,901 | INFO | loss: 2.262379  [57664/60000]
2026-02-21 23:49:42,174 | INFO | Test Error: 
 Accuracy: 12.8%, Avg loss: 2.298870 

2026-02-21 23:49:42,174 | INFO | Epoch 3
-------------------------------
2026-02-21 23:49:42,177 | INFO | loss: 2.326992  [   64/60000]
2026-02-21 23:49:42,336 | INFO | loss: 2.319602  [ 6464/60000]
2026-02-21 23:49:42,495 | INFO | loss: 2.292989  [12864/60000]
2026-02-21 23:49:42,652 | INFO | loss: 2.277563  [19264/60000]
2026-02-21 23:49:42,808 | INFO | loss: 2.299512  [25664/60000]
2026-02-21 23:49:42,964 | INFO | loss: 2.292436  [32064/60000]
2026-02-21 23:49:43,119 | INFO | loss: 2.297561  [38464/60000]
2026-02-21 23:49:43,276 | INFO | loss: 2.302762  [44864/60000]
2026-02-21 23:49:43,432 | INFO | loss: 2.297393  [51264/60000]
2026-02-21 23:49:43,587 | INFO | loss: 2.253783  [57664/60000]
2026-02-21 23:49:43,858 | INFO | Test Error: 
 Accuracy: 13.5%, Avg loss: 2.290458 

2026-02-21 23:49:43,858 | INFO | Epoch 4
-------------------------------
2026-02-21 23:49:43,860 | INFO | loss: 2.317569  [   64/60000]
2026-02-21 23:49:44,017 | INFO | loss: 2.310476  [ 6464/60000]
2026-02-21 23:49:44,172 | INFO | loss: 2.283595  [12864/60000]
2026-02-21 23:49:44,329 | INFO | loss: 2.269677  [19264/60000]
2026-02-21 23:49:44,534 | INFO | loss: 2.292379  [25664/60000]
2026-02-21 23:49:44,690 | INFO | loss: 2.280826  [32064/60000]
2026-02-21 23:49:44,846 | INFO | loss: 2.290861  [38464/60000]
2026-02-21 23:49:45,002 | INFO | loss: 2.292720  [44864/60000]
2026-02-21 23:49:45,163 | INFO | loss: 2.287359  [51264/60000]
2026-02-21 23:49:45,318 | INFO | loss: 2.245366  [57664/60000]
2026-02-21 23:49:45,589 | INFO | Test Error: 
 Accuracy: 10.7%, Avg loss: 2.281658 

2026-02-21 23:49:45,590 | INFO | Epoch 5
-------------------------------
2026-02-21 23:49:45,592 | INFO | loss: 2.307627  [   64/60000]
2026-02-21 23:49:45,748 | INFO | loss: 2.300959  [ 6464/60000]
2026-02-21 23:49:45,904 | INFO | loss: 2.273766  [12864/60000]
2026-02-21 23:49:46,059 | INFO | loss: 2.260695  [19264/60000]
2026-02-21 23:49:46,215 | INFO | loss: 2.284873  [25664/60000]
2026-02-21 23:49:46,371 | INFO | loss: 2.269092  [32064/60000]
2026-02-21 23:49:46,526 | INFO | loss: 2.282634  [38464/60000]
2026-02-21 23:49:46,682 | INFO | loss: 2.282223  [44864/60000]
2026-02-21 23:49:46,837 | INFO | loss: 2.276403  [51264/60000]
2026-02-21 23:49:46,992 | INFO | loss: 2.236322  [57664/60000]
2026-02-21 23:49:47,263 | INFO | Test Error: 
 Accuracy: 15.1%, Avg loss: 2.271810 

2026-02-21 23:49:47,263 | INFO | Epoch 6
-------------------------------
2026-02-21 23:49:47,265 | INFO | loss: 2.296794  [   64/60000]
2026-02-21 23:49:47,427 | INFO | loss: 2.290409  [ 6464/60000]
2026-02-21 23:49:47,587 | INFO | loss: 2.263521  [12864/60000]
2026-02-21 23:49:47,748 | INFO | loss: 2.250356  [19264/60000]
2026-02-21 23:49:47,912 | INFO | loss: 2.275820  [25664/60000]
2026-02-21 23:49:48,076 | INFO | loss: 2.256129  [32064/60000]
2026-02-21 23:49:48,234 | INFO | loss: 2.272379  [38464/60000]
2026-02-21 23:49:48,392 | INFO | loss: 2.270200  [44864/60000]
2026-02-21 23:49:48,549 | INFO | loss: 2.264050  [51264/60000]
2026-02-21 23:49:48,706 | INFO | loss: 2.225027  [57664/60000]
2026-02-21 23:49:48,979 | INFO | Test Error: 
 Accuracy: 18.7%, Avg loss: 2.260178 

2026-02-21 23:49:48,979 | INFO | Epoch 7
-------------------------------
2026-02-21 23:49:48,982 | INFO | loss: 2.284900  [   64/60000]
2026-02-21 23:49:49,139 | INFO | loss: 2.278189  [ 6464/60000]
2026-02-21 23:49:49,298 | INFO | loss: 2.251819  [12864/60000]
2026-02-21 23:49:49,455 | INFO | loss: 2.238015  [19264/60000]
2026-02-21 23:49:49,611 | INFO | loss: 2.263747  [25664/60000]
2026-02-21 23:49:49,766 | INFO | loss: 2.241199  [32064/60000]
2026-02-21 23:49:49,922 | INFO | loss: 2.259551  [38464/60000]
2026-02-21 23:49:50,078 | INFO | loss: 2.255210  [44864/60000]
2026-02-21 23:49:50,235 | INFO | loss: 2.249385  [51264/60000]
2026-02-21 23:49:50,392 | INFO | loss: 2.209875  [57664/60000]
2026-02-21 23:49:50,664 | INFO | Test Error: 
 Accuracy: 19.5%, Avg loss: 2.245610 

2026-02-21 23:49:50,664 | INFO | Epoch 8
-------------------------------
2026-02-21 23:49:50,667 | INFO | loss: 2.270906  [   64/60000]
2026-02-21 23:49:50,822 | INFO | loss: 2.263055  [ 6464/60000]
2026-02-21 23:49:50,977 | INFO | loss: 2.237022  [12864/60000]
2026-02-21 23:49:51,134 | INFO | loss: 2.221707  [19264/60000]
2026-02-21 23:49:51,291 | INFO | loss: 2.247082  [25664/60000]
2026-02-21 23:49:51,447 | INFO | loss: 2.222808  [32064/60000]
2026-02-21 23:49:51,604 | INFO | loss: 2.241846  [38464/60000]
2026-02-21 23:49:51,760 | INFO | loss: 2.235395  [44864/60000]
2026-02-21 23:49:51,916 | INFO | loss: 2.230485  [51264/60000]
2026-02-21 23:49:52,071 | INFO | loss: 2.187865  [57664/60000]
2026-02-21 23:49:52,341 | INFO | Test Error: 
 Accuracy: 19.7%, Avg loss: 2.225906 

2026-02-21 23:49:52,341 | INFO | Epoch 9
-------------------------------
2026-02-21 23:49:52,344 | INFO | loss: 2.252761  [   64/60000]
2026-02-21 23:49:52,499 | INFO | loss: 2.242859  [ 6464/60000]
2026-02-21 23:49:52,655 | INFO | loss: 2.216547  [12864/60000]
2026-02-21 23:49:52,811 | INFO | loss: 2.199140  [19264/60000]
2026-02-21 23:49:52,966 | INFO | loss: 2.221841  [25664/60000]
2026-02-21 23:49:53,122 | INFO | loss: 2.197428  [32064/60000]
2026-02-21 23:49:53,278 | INFO | loss: 2.215062  [38464/60000]
2026-02-21 23:49:53,435 | INFO | loss: 2.206799  [44864/60000]
2026-02-21 23:49:53,590 | INFO | loss: 2.203652  [51264/60000]
2026-02-21 23:49:53,745 | INFO | loss: 2.152915  [57664/60000]
2026-02-21 23:49:54,016 | INFO | Test Error: 
 Accuracy: 21.4%, Avg loss: 2.196518 

2026-02-21 23:49:54,016 | INFO | Epoch 10
-------------------------------
2026-02-21 23:49:54,019 | INFO | loss: 2.226649  [   64/60000]
2026-02-21 23:49:54,179 | INFO | loss: 2.212495  [ 6464/60000]
2026-02-21 23:49:54,334 | INFO | loss: 2.185147  [12864/60000]
2026-02-21 23:49:54,490 | INFO | loss: 2.164797  [19264/60000]
2026-02-21 23:49:54,645 | INFO | loss: 2.179302  [25664/60000]
2026-02-21 23:49:54,801 | INFO | loss: 2.157317  [32064/60000]
2026-02-21 23:49:54,956 | INFO | loss: 2.170297  [38464/60000]
2026-02-21 23:49:55,111 | INFO | loss: 2.160076  [44864/60000]
2026-02-21 23:49:55,267 | INFO | loss: 2.160684  [51264/60000]
2026-02-21 23:49:55,424 | INFO | loss: 2.091985  [57664/60000]
2026-02-21 23:49:55,704 | INFO | Test Error: 
 Accuracy: 19.8%, Avg loss: 2.146750 

2026-02-21 23:49:55,705 | INFO | Epoch 11
-------------------------------
2026-02-21 23:49:55,707 | INFO | loss: 2.184359  [   64/60000]
2026-02-21 23:49:55,866 | INFO | loss: 2.159166  [ 6464/60000]
2026-02-21 23:49:56,023 | INFO | loss: 2.129243  [12864/60000]
2026-02-21 23:49:56,183 | INFO | loss: 2.105138  [19264/60000]
2026-02-21 23:49:56,416 | INFO | loss: 2.096875  [25664/60000]
2026-02-21 23:49:56,576 | INFO | loss: 2.084434  [32064/60000]
2026-02-21 23:49:56,735 | INFO | loss: 2.085207  [38464/60000]
2026-02-21 23:49:56,898 | INFO | loss: 2.073202  [44864/60000]
2026-02-21 23:49:57,058 | INFO | loss: 2.084013  [51264/60000]
2026-02-21 23:49:57,225 | INFO | loss: 1.978121  [57664/60000]
2026-02-21 23:49:57,506 | INFO | Test Error: 
 Accuracy: 19.7%, Avg loss: 2.055112 

2026-02-21 23:49:57,506 | INFO | Epoch 12
-------------------------------
2026-02-21 23:49:57,509 | INFO | loss: 2.106284  [   64/60000]
2026-02-21 23:49:57,666 | INFO | loss: 2.061100  [ 6464/60000]
2026-02-21 23:49:57,826 | INFO | loss: 2.031692  [12864/60000]
2026-02-21 23:49:57,985 | INFO | loss: 2.004063  [19264/60000]
2026-02-21 23:49:58,144 | INFO | loss: 1.963225  [25664/60000]
2026-02-21 23:49:58,302 | INFO | loss: 1.973755  [32064/60000]
2026-02-21 23:49:58,461 | INFO | loss: 1.963234  [38464/60000]
2026-02-21 23:49:58,626 | INFO | loss: 1.959351  [44864/60000]
2026-02-21 23:49:58,787 | INFO | loss: 1.987248  [51264/60000]
2026-02-21 23:49:58,948 | INFO | loss: 1.851668  [57664/60000]
2026-02-21 23:49:59,228 | INFO | Test Error: 
 Accuracy: 19.8%, Avg loss: 1.948345 

2026-02-21 23:49:59,229 | INFO | Epoch 13
-------------------------------
2026-02-21 23:49:59,231 | INFO | loss: 2.013210  [   64/60000]
2026-02-21 23:49:59,391 | INFO | loss: 1.955082  [ 6464/60000]
2026-02-21 23:49:59,549 | INFO | loss: 1.935172  [12864/60000]
2026-02-21 23:49:59,706 | INFO | loss: 1.901067  [19264/60000]
2026-02-21 23:49:59,863 | INFO | loss: 1.851479  [25664/60000]
2026-02-21 23:50:00,022 | INFO | loss: 1.882890  [32064/60000]
2026-02-21 23:50:00,181 | INFO | loss: 1.867907  [38464/60000]
2026-02-21 23:50:00,338 | INFO | loss: 1.878705  [44864/60000]
2026-02-21 23:50:00,554 | INFO | loss: 1.904011  [51264/60000]
2026-02-21 23:50:00,711 | INFO | loss: 1.767920  [57664/60000]
2026-02-21 23:50:01,051 | INFO | Test Error: 
 Accuracy: 29.0%, Avg loss: 1.865529 

2026-02-21 23:50:01,052 | INFO | Epoch 14
-------------------------------
2026-02-21 23:50:01,055 | INFO | loss: 1.936066  [   64/60000]
2026-02-21 23:50:01,216 | INFO | loss: 1.875261  [ 6464/60000]
2026-02-21 23:50:01,382 | INFO | loss: 1.862072  [12864/60000]
2026-02-21 23:50:01,541 | INFO | loss: 1.817909  [19264/60000]
2026-02-21 23:50:01,700 | INFO | loss: 1.775874  [25664/60000]
2026-02-21 23:50:01,859 | INFO | loss: 1.818025  [32064/60000]
2026-02-21 23:50:02,020 | INFO | loss: 1.796809  [38464/60000]
2026-02-21 23:50:02,247 | INFO | loss: 1.819876  [44864/60000]
2026-02-21 23:50:02,414 | INFO | loss: 1.832019  [51264/60000]
2026-02-21 23:50:02,579 | INFO | loss: 1.706492  [57664/60000]
2026-02-21 23:50:02,856 | INFO | Test Error: 
 Accuracy: 28.4%, Avg loss: 1.799076 

2026-02-21 23:50:02,857 | INFO | Epoch 15
-------------------------------
2026-02-21 23:50:02,859 | INFO | loss: 1.868913  [   64/60000]
2026-02-21 23:50:03,017 | INFO | loss: 1.810773  [ 6464/60000]
2026-02-21 23:50:03,176 | INFO | loss: 1.800709  [12864/60000]
2026-02-21 23:50:03,339 | INFO | loss: 1.754999  [19264/60000]
2026-02-21 23:50:03,503 | INFO | loss: 1.719831  [25664/60000]
2026-02-21 23:50:03,661 | INFO | loss: 1.757503  [32064/60000]
2026-02-21 23:50:03,825 | INFO | loss: 1.741558  [38464/60000]
2026-02-21 23:50:03,981 | INFO | loss: 1.767891  [44864/60000]
2026-02-21 23:50:04,137 | INFO | loss: 1.770924  [51264/60000]
2026-02-21 23:50:04,293 | INFO | loss: 1.653819  [57664/60000]
2026-02-21 23:50:04,566 | INFO | Test Error: 
 Accuracy: 28.1%, Avg loss: 1.743458 

2026-02-21 23:50:04,567 | INFO | Epoch 16
-------------------------------
2026-02-21 23:50:04,569 | INFO | loss: 1.810244  [   64/60000]
2026-02-21 23:50:04,738 | INFO | loss: 1.755639  [ 6464/60000]
2026-02-21 23:50:04,899 | INFO | loss: 1.748165  [12864/60000]
2026-02-21 23:50:05,059 | INFO | loss: 1.705208  [19264/60000]
2026-02-21 23:50:05,222 | INFO | loss: 1.678698  [25664/60000]
2026-02-21 23:50:05,384 | INFO | loss: 1.702172  [32064/60000]
2026-02-21 23:50:05,545 | INFO | loss: 1.699227  [38464/60000]
2026-02-21 23:50:05,704 | INFO | loss: 1.721838  [44864/60000]
2026-02-21 23:50:05,862 | INFO | loss: 1.720951  [51264/60000]
2026-02-21 23:50:06,020 | INFO | loss: 1.611501  [57664/60000]
2026-02-21 23:50:06,387 | INFO | Test Error: 
 Accuracy: 28.8%, Avg loss: 1.698627 

2026-02-21 23:50:06,388 | INFO | Epoch 17
-------------------------------
2026-02-21 23:50:06,390 | INFO | loss: 1.758735  [   64/60000]
2026-02-21 23:50:06,560 | INFO | loss: 1.707995  [ 6464/60000]
2026-02-21 23:50:06,772 | INFO | loss: 1.705335  [12864/60000]
2026-02-21 23:50:06,978 | INFO | loss: 1.668534  [19264/60000]
2026-02-21 23:50:07,186 | INFO | loss: 1.647279  [25664/60000]
2026-02-21 23:50:07,386 | INFO | loss: 1.657396  [32064/60000]
2026-02-21 23:50:07,613 | INFO | loss: 1.669141  [38464/60000]
2026-02-21 23:50:07,773 | INFO | loss: 1.686944  [44864/60000]
2026-02-21 23:50:07,929 | INFO | loss: 1.683903  [51264/60000]
2026-02-21 23:50:08,087 | INFO | loss: 1.582251  [57664/60000]
2026-02-21 23:50:08,358 | INFO | Test Error: 
 Accuracy: 29.2%, Avg loss: 1.665894 

2026-02-21 23:50:08,359 | INFO | Epoch 18
-------------------------------
2026-02-21 23:50:08,361 | INFO | loss: 1.716921  [   64/60000]
2026-02-21 23:50:08,517 | INFO | loss: 1.670406  [ 6464/60000]
2026-02-21 23:50:08,674 | INFO | loss: 1.673576  [12864/60000]
2026-02-21 23:50:08,830 | INFO | loss: 1.644370  [19264/60000]
2026-02-21 23:50:08,991 | INFO | loss: 1.623060  [25664/60000]
2026-02-21 23:50:09,243 | INFO | loss: 1.624627  [32064/60000]
2026-02-21 23:50:09,405 | INFO | loss: 1.649155  [38464/60000]
2026-02-21 23:50:09,562 | INFO | loss: 1.662866  [44864/60000]
2026-02-21 23:50:09,728 | INFO | loss: 1.658412  [51264/60000]
2026-02-21 23:50:09,904 | INFO | loss: 1.562077  [57664/60000]
2026-02-21 23:50:10,191 | INFO | Test Error: 
 Accuracy: 29.6%, Avg loss: 1.642290 

2026-02-21 23:50:10,192 | INFO | Epoch 19
-------------------------------
2026-02-21 23:50:10,194 | INFO | loss: 1.685597  [   64/60000]
2026-02-21 23:50:10,359 | INFO | loss: 1.643376  [ 6464/60000]
2026-02-21 23:50:10,525 | INFO | loss: 1.649390  [12864/60000]
2026-02-21 23:50:10,687 | INFO | loss: 1.626243  [19264/60000]
2026-02-21 23:50:10,849 | INFO | loss: 1.600916  [25664/60000]
2026-02-21 23:50:11,009 | INFO | loss: 1.598581  [32064/60000]
2026-02-21 23:50:11,167 | INFO | loss: 1.633037  [38464/60000]
2026-02-21 23:50:11,322 | INFO | loss: 1.642898  [44864/60000]
2026-02-21 23:50:11,480 | INFO | loss: 1.638304  [51264/60000]
2026-02-21 23:50:11,641 | INFO | loss: 1.543133  [57664/60000]
2026-02-21 23:50:11,912 | INFO | Test Error: 
 Accuracy: 30.6%, Avg loss: 1.621267 

2026-02-21 23:50:11,913 | INFO | Epoch 20
-------------------------------
2026-02-21 23:50:11,915 | INFO | loss: 1.661270  [   64/60000]
2026-02-21 23:50:12,084 | INFO | loss: 1.622513  [ 6464/60000]
2026-02-21 23:50:12,252 | INFO | loss: 1.627053  [12864/60000]
2026-02-21 23:50:12,414 | INFO | loss: 1.607459  [19264/60000]
2026-02-21 23:50:12,574 | INFO | loss: 1.577575  [25664/60000]
2026-02-21 23:50:12,734 | INFO | loss: 1.573031  [32064/60000]
2026-02-21 23:50:12,891 | INFO | loss: 1.616197  [38464/60000]
2026-02-21 23:50:13,086 | INFO | loss: 1.623306  [44864/60000]
2026-02-21 23:50:13,253 | INFO | loss: 1.618141  [51264/60000]
2026-02-21 23:50:13,430 | INFO | loss: 1.521523  [57664/60000]
2026-02-21 23:50:13,712 | INFO | Test Error: 
 Accuracy: 31.9%, Avg loss: 1.598327 

2026-02-21 23:50:13,713 | INFO | Epoch 21
-------------------------------
2026-02-21 23:50:13,715 | INFO | loss: 1.639146  [   64/60000]
2026-02-21 23:50:13,874 | INFO | loss: 1.604695  [ 6464/60000]
2026-02-21 23:50:14,040 | INFO | loss: 1.602714  [12864/60000]
2026-02-21 23:50:14,205 | INFO | loss: 1.584683  [19264/60000]
2026-02-21 23:50:14,367 | INFO | loss: 1.549623  [25664/60000]
2026-02-21 23:50:14,525 | INFO | loss: 1.544191  [32064/60000]
2026-02-21 23:50:14,682 | INFO | loss: 1.593977  [38464/60000]
2026-02-21 23:50:14,843 | INFO | loss: 1.598372  [44864/60000]
2026-02-21 23:50:15,013 | INFO | loss: 1.592553  [51264/60000]
2026-02-21 23:50:15,177 | INFO | loss: 1.492628  [57664/60000]
2026-02-21 23:50:15,457 | INFO | Test Error: 
 Accuracy: 32.6%, Avg loss: 1.568584 

2026-02-21 23:50:15,457 | INFO | Epoch 22
-------------------------------
2026-02-21 23:50:15,459 | INFO | loss: 1.613308  [   64/60000]
2026-02-21 23:50:15,619 | INFO | loss: 1.585419  [ 6464/60000]
2026-02-21 23:50:15,776 | INFO | loss: 1.570620  [12864/60000]
2026-02-21 23:50:15,937 | INFO | loss: 1.553123  [19264/60000]
2026-02-21 23:50:16,096 | INFO | loss: 1.513718  [25664/60000]
2026-02-21 23:50:16,253 | INFO | loss: 1.504187  [32064/60000]
2026-02-21 23:50:16,414 | INFO | loss: 1.562127  [38464/60000]
2026-02-21 23:50:16,574 | INFO | loss: 1.561641  [44864/60000]
2026-02-21 23:50:16,732 | INFO | loss: 1.553463  [51264/60000]
2026-02-21 23:50:16,892 | INFO | loss: 1.452962  [57664/60000]
2026-02-21 23:50:17,167 | INFO | Test Error: 
 Accuracy: 33.0%, Avg loss: 1.527427 

2026-02-21 23:50:17,167 | INFO | Epoch 23
-------------------------------
2026-02-21 23:50:17,170 | INFO | loss: 1.578705  [   64/60000]
2026-02-21 23:50:17,327 | INFO | loss: 1.559391  [ 6464/60000]
2026-02-21 23:50:17,488 | INFO | loss: 1.524515  [12864/60000]
2026-02-21 23:50:17,650 | INFO | loss: 1.511720  [19264/60000]
2026-02-21 23:50:17,809 | INFO | loss: 1.470894  [25664/60000]
2026-02-21 23:50:17,967 | INFO | loss: 1.450384  [32064/60000]
2026-02-21 23:50:18,123 | INFO | loss: 1.523876  [38464/60000]
2026-02-21 23:50:18,280 | INFO | loss: 1.513462  [44864/60000]
2026-02-21 23:50:18,436 | INFO | loss: 1.501793  [51264/60000]
2026-02-21 23:50:18,592 | INFO | loss: 1.404903  [57664/60000]
2026-02-21 23:50:18,865 | INFO | Test Error: 
 Accuracy: 33.2%, Avg loss: 1.475437 

2026-02-21 23:50:18,865 | INFO | Epoch 24
-------------------------------
2026-02-21 23:50:18,867 | INFO | loss: 1.529751  [   64/60000]
2026-02-21 23:50:19,026 | INFO | loss: 1.523263  [ 6464/60000]
2026-02-21 23:50:19,183 | INFO | loss: 1.465570  [12864/60000]
2026-02-21 23:50:19,345 | INFO | loss: 1.460430  [19264/60000]
2026-02-21 23:50:19,506 | INFO | loss: 1.416435  [25664/60000]
2026-02-21 23:50:19,664 | INFO | loss: 1.388579  [32064/60000]
2026-02-21 23:50:19,821 | INFO | loss: 1.474113  [38464/60000]
2026-02-21 23:50:19,979 | INFO | loss: 1.451826  [44864/60000]
2026-02-21 23:50:20,137 | INFO | loss: 1.439188  [51264/60000]
2026-02-21 23:50:20,302 | INFO | loss: 1.352565  [57664/60000]
2026-02-21 23:50:20,578 | INFO | Test Error: 
 Accuracy: 35.6%, Avg loss: 1.414112 

2026-02-21 23:50:20,578 | INFO | Epoch 25
-------------------------------
2026-02-21 23:50:20,581 | INFO | loss: 1.468162  [   64/60000]
2026-02-21 23:50:20,740 | INFO | loss: 1.476952  [ 6464/60000]
2026-02-21 23:50:20,997 | INFO | loss: 1.394740  [12864/60000]
2026-02-21 23:50:21,173 | INFO | loss: 1.403107  [19264/60000]
2026-02-21 23:50:21,333 | INFO | loss: 1.357157  [25664/60000]
2026-02-21 23:50:21,497 | INFO | loss: 1.320485  [32064/60000]
2026-02-21 23:50:21,663 | INFO | loss: 1.420980  [38464/60000]
2026-02-21 23:50:21,826 | INFO | loss: 1.385446  [44864/60000]
2026-02-21 23:50:21,989 | INFO | loss: 1.373413  [51264/60000]
2026-02-21 23:50:22,152 | INFO | loss: 1.302054  [57664/60000]
2026-02-21 23:50:22,429 | INFO | Test Error: 
 Accuracy: 39.3%, Avg loss: 1.350992 

2026-02-21 23:50:22,429 | INFO | Epoch 26
-------------------------------
2026-02-21 23:50:22,432 | INFO | loss: 1.401027  [   64/60000]
2026-02-21 23:50:22,587 | INFO | loss: 1.423701  [ 6464/60000]
2026-02-21 23:50:22,744 | INFO | loss: 1.317216  [12864/60000]
2026-02-21 23:50:22,900 | INFO | loss: 1.345062  [19264/60000]
2026-02-21 23:50:23,056 | INFO | loss: 1.293661  [25664/60000]
2026-02-21 23:50:23,213 | INFO | loss: 1.250628  [32064/60000]
2026-02-21 23:50:23,369 | INFO | loss: 1.366435  [38464/60000]
2026-02-21 23:50:23,529 | INFO | loss: 1.318083  [44864/60000]
2026-02-21 23:50:23,685 | INFO | loss: 1.309265  [51264/60000]
2026-02-21 23:50:23,842 | INFO | loss: 1.252560  [57664/60000]
2026-02-21 23:50:24,114 | INFO | Test Error: 
 Accuracy: 41.6%, Avg loss: 1.283171 

2026-02-21 23:50:24,114 | INFO | Epoch 27
-------------------------------
2026-02-21 23:50:24,117 | INFO | loss: 1.334443  [   64/60000]
2026-02-21 23:50:24,272 | INFO | loss: 1.358010  [ 6464/60000]
2026-02-21 23:50:24,433 | INFO | loss: 1.229169  [12864/60000]
2026-02-21 23:50:24,595 | INFO | loss: 1.277913  [19264/60000]
2026-02-21 23:50:24,756 | INFO | loss: 1.216263  [25664/60000]
2026-02-21 23:50:24,914 | INFO | loss: 1.184624  [32064/60000]
2026-02-21 23:50:25,072 | INFO | loss: 1.303363  [38464/60000]
2026-02-21 23:50:25,228 | INFO | loss: 1.255449  [44864/60000]
2026-02-21 23:50:25,384 | INFO | loss: 1.243729  [51264/60000]
2026-02-21 23:50:25,545 | INFO | loss: 1.201011  [57664/60000]
2026-02-21 23:50:25,819 | INFO | Test Error: 
 Accuracy: 50.1%, Avg loss: 1.206646 

2026-02-21 23:50:25,819 | INFO | Epoch 28
-------------------------------
2026-02-21 23:50:25,822 | INFO | loss: 1.271131  [   64/60000]
2026-02-21 23:50:25,989 | INFO | loss: 1.287439  [ 6464/60000]
2026-02-21 23:50:26,148 | INFO | loss: 1.131839  [12864/60000]
2026-02-21 23:50:26,308 | INFO | loss: 1.199340  [19264/60000]
2026-02-21 23:50:26,469 | INFO | loss: 1.130611  [25664/60000]
2026-02-21 23:50:26,628 | INFO | loss: 1.116630  [32064/60000]
2026-02-21 23:50:26,787 | INFO | loss: 1.227061  [38464/60000]
2026-02-21 23:50:26,946 | INFO | loss: 1.186296  [44864/60000]
2026-02-21 23:50:27,104 | INFO | loss: 1.174391  [51264/60000]
2026-02-21 23:50:27,263 | INFO | loss: 1.137078  [57664/60000]
2026-02-21 23:50:27,549 | INFO | Test Error: 
 Accuracy: 54.4%, Avg loss: 1.126847 

2026-02-21 23:50:27,549 | INFO | Epoch 29
-------------------------------
2026-02-21 23:50:27,552 | INFO | loss: 1.208075  [   64/60000]
2026-02-21 23:50:27,709 | INFO | loss: 1.218096  [ 6464/60000]
2026-02-21 23:50:27,871 | INFO | loss: 1.035641  [12864/60000]
2026-02-21 23:50:28,030 | INFO | loss: 1.121539  [19264/60000]
2026-02-21 23:50:28,190 | INFO | loss: 1.061819  [25664/60000]
2026-02-21 23:50:28,349 | INFO | loss: 1.053905  [32064/60000]
2026-02-21 23:50:28,508 | INFO | loss: 1.157609  [38464/60000]
2026-02-21 23:50:28,666 | INFO | loss: 1.131788  [44864/60000]
2026-02-21 23:50:28,824 | INFO | loss: 1.112191  [51264/60000]
2026-02-21 23:50:28,982 | INFO | loss: 1.076463  [57664/60000]
2026-02-21 23:50:29,315 | INFO | Test Error: 
 Accuracy: 57.0%, Avg loss: 1.069000 

2026-02-21 23:50:29,315 | INFO | Epoch 30
-------------------------------
2026-02-21 23:50:29,317 | INFO | loss: 1.151921  [   64/60000]
2026-02-21 23:50:29,476 | INFO | loss: 1.166129  [ 6464/60000]
2026-02-21 23:50:29,636 | INFO | loss: 0.963915  [12864/60000]
2026-02-21 23:50:29,839 | INFO | loss: 1.070364  [19264/60000]
2026-02-21 23:50:29,998 | INFO | loss: 1.012237  [25664/60000]
2026-02-21 23:50:30,158 | INFO | loss: 1.003900  [32064/60000]
2026-02-21 23:50:30,319 | INFO | loss: 1.105947  [38464/60000]
2026-02-21 23:50:30,480 | INFO | loss: 1.096894  [44864/60000]
2026-02-21 23:50:30,638 | INFO | loss: 1.070681  [51264/60000]
2026-02-21 23:50:30,797 | INFO | loss: 1.030354  [57664/60000]
2026-02-21 23:50:31,082 | INFO | Test Error: 
 Accuracy: 58.5%, Avg loss: 1.030486 

2026-02-21 23:50:31,083 | INFO | Epoch 31
-------------------------------
2026-02-21 23:50:31,085 | INFO | loss: 1.109767  [   64/60000]
2026-02-21 23:50:31,246 | INFO | loss: 1.129147  [ 6464/60000]
2026-02-21 23:50:31,408 | INFO | loss: 0.914329  [12864/60000]
2026-02-21 23:50:31,566 | INFO | loss: 1.033645  [19264/60000]
2026-02-21 23:50:31,725 | INFO | loss: 0.976942  [25664/60000]
2026-02-21 23:50:31,891 | INFO | loss: 0.969223  [32064/60000]
2026-02-21 23:50:32,049 | INFO | loss: 1.070409  [38464/60000]
2026-02-21 23:50:32,209 | INFO | loss: 1.070283  [44864/60000]
2026-02-21 23:50:32,368 | INFO | loss: 1.039160  [51264/60000]
2026-02-21 23:50:32,527 | INFO | loss: 0.996821  [57664/60000]
2026-02-21 23:50:32,812 | INFO | Test Error: 
 Accuracy: 59.6%, Avg loss: 1.003509 

2026-02-21 23:50:32,812 | INFO | Epoch 32
-------------------------------
2026-02-21 23:50:32,814 | INFO | loss: 1.074057  [   64/60000]
2026-02-21 23:50:32,978 | INFO | loss: 1.101852  [ 6464/60000]
2026-02-21 23:50:33,146 | INFO | loss: 0.878466  [12864/60000]
2026-02-21 23:50:33,314 | INFO | loss: 1.004952  [19264/60000]
2026-02-21 23:50:33,481 | INFO | loss: 0.957205  [25664/60000]
2026-02-21 23:50:33,650 | INFO | loss: 0.942261  [32064/60000]
2026-02-21 23:50:33,812 | INFO | loss: 1.042980  [38464/60000]
2026-02-21 23:50:33,971 | INFO | loss: 1.050980  [44864/60000]
2026-02-21 23:50:34,130 | INFO | loss: 1.017022  [51264/60000]
2026-02-21 23:50:34,290 | INFO | loss: 0.968497  [57664/60000]
2026-02-21 23:50:34,576 | INFO | Test Error: 
 Accuracy: 60.6%, Avg loss: 0.983142 

2026-02-21 23:50:34,576 | INFO | Epoch 33
-------------------------------
2026-02-21 23:50:34,579 | INFO | loss: 1.043835  [   64/60000]
2026-02-21 23:50:34,738 | INFO | loss: 1.079362  [ 6464/60000]
2026-02-21 23:50:34,896 | INFO | loss: 0.851332  [12864/60000]
2026-02-21 23:50:35,056 | INFO | loss: 0.981326  [19264/60000]
2026-02-21 23:50:35,214 | INFO | loss: 0.946303  [25664/60000]
2026-02-21 23:50:35,372 | INFO | loss: 0.919407  [32064/60000]
2026-02-21 23:50:35,530 | INFO | loss: 1.021329  [38464/60000]
2026-02-21 23:50:35,689 | INFO | loss: 1.035376  [44864/60000]
2026-02-21 23:50:35,848 | INFO | loss: 1.001115  [51264/60000]
2026-02-21 23:50:36,005 | INFO | loss: 0.945382  [57664/60000]
2026-02-21 23:50:36,289 | INFO | Test Error: 
 Accuracy: 61.5%, Avg loss: 0.966965 

2026-02-21 23:50:36,290 | INFO | Epoch 34
-------------------------------
2026-02-21 23:50:36,292 | INFO | loss: 1.018263  [   64/60000]
2026-02-21 23:50:36,449 | INFO | loss: 1.059373  [ 6464/60000]
2026-02-21 23:50:36,609 | INFO | loss: 0.830803  [12864/60000]
2026-02-21 23:50:36,769 | INFO | loss: 0.961216  [19264/60000]
2026-02-21 23:50:36,931 | INFO | loss: 0.937772  [25664/60000]
2026-02-21 23:50:37,091 | INFO | loss: 0.901065  [32064/60000]
2026-02-21 23:50:37,251 | INFO | loss: 1.003102  [38464/60000]
2026-02-21 23:50:37,412 | INFO | loss: 1.021938  [44864/60000]
2026-02-21 23:50:37,572 | INFO | loss: 0.989807  [51264/60000]
2026-02-21 23:50:37,733 | INFO | loss: 0.924894  [57664/60000]
2026-02-21 23:50:38,018 | INFO | Test Error: 
 Accuracy: 62.4%, Avg loss: 0.953343 

2026-02-21 23:50:38,018 | INFO | Epoch 35
-------------------------------
2026-02-21 23:50:38,021 | INFO | loss: 0.995260  [   64/60000]
2026-02-21 23:50:38,180 | INFO | loss: 1.042028  [ 6464/60000]
2026-02-21 23:50:38,339 | INFO | loss: 0.813827  [12864/60000]
2026-02-21 23:50:38,503 | INFO | loss: 0.943395  [19264/60000]
2026-02-21 23:50:38,663 | INFO | loss: 0.932512  [25664/60000]
2026-02-21 23:50:38,822 | INFO | loss: 0.885565  [32064/60000]
2026-02-21 23:50:38,981 | INFO | loss: 0.987055  [38464/60000]
2026-02-21 23:50:39,140 | INFO | loss: 1.010027  [44864/60000]
2026-02-21 23:50:39,300 | INFO | loss: 0.981617  [51264/60000]
2026-02-21 23:50:39,459 | INFO | loss: 0.906817  [57664/60000]
2026-02-21 23:50:39,744 | INFO | Test Error: 
 Accuracy: 62.7%, Avg loss: 0.941413 

2026-02-21 23:50:39,744 | INFO | Epoch 36
-------------------------------
2026-02-21 23:50:39,747 | INFO | loss: 0.974255  [   64/60000]
2026-02-21 23:50:39,905 | INFO | loss: 1.026189  [ 6464/60000]
2026-02-21 23:50:40,065 | INFO | loss: 0.799198  [12864/60000]
2026-02-21 23:50:40,223 | INFO | loss: 0.927186  [19264/60000]
2026-02-21 23:50:40,382 | INFO | loss: 0.927119  [25664/60000]
2026-02-21 23:50:40,546 | INFO | loss: 0.872172  [32064/60000]
2026-02-21 23:50:40,706 | INFO | loss: 0.971186  [38464/60000]
2026-02-21 23:50:40,865 | INFO | loss: 1.000538  [44864/60000]
2026-02-21 23:50:41,023 | INFO | loss: 0.975083  [51264/60000]
2026-02-21 23:50:41,184 | INFO | loss: 0.889939  [57664/60000]
2026-02-21 23:50:41,469 | INFO | Test Error: 
 Accuracy: 63.1%, Avg loss: 0.930643 

2026-02-21 23:50:41,470 | INFO | Epoch 37
-------------------------------
2026-02-21 23:50:41,472 | INFO | loss: 0.955187  [   64/60000]
2026-02-21 23:50:41,633 | INFO | loss: 1.010653  [ 6464/60000]
2026-02-21 23:50:41,793 | INFO | loss: 0.785928  [12864/60000]
2026-02-21 23:50:41,952 | INFO | loss: 0.912237  [19264/60000]
2026-02-21 23:50:42,110 | INFO | loss: 0.921676  [25664/60000]
2026-02-21 23:50:42,269 | INFO | loss: 0.860605  [32064/60000]
2026-02-21 23:50:42,429 | INFO | loss: 0.954983  [38464/60000]
2026-02-21 23:50:42,588 | INFO | loss: 0.991409  [44864/60000]
2026-02-21 23:50:42,748 | INFO | loss: 0.969939  [51264/60000]
2026-02-21 23:50:42,906 | INFO | loss: 0.874311  [57664/60000]
2026-02-21 23:50:43,191 | INFO | Test Error: 
 Accuracy: 63.7%, Avg loss: 0.920625 

2026-02-21 23:50:43,191 | INFO | Epoch 38
-------------------------------
2026-02-21 23:50:43,194 | INFO | loss: 0.937359  [   64/60000]
2026-02-21 23:50:43,353 | INFO | loss: 0.995459  [ 6464/60000]
2026-02-21 23:50:43,512 | INFO | loss: 0.773082  [12864/60000]
2026-02-21 23:50:43,672 | INFO | loss: 0.897794  [19264/60000]
2026-02-21 23:50:43,830 | INFO | loss: 0.914309  [25664/60000]
2026-02-21 23:50:43,989 | INFO | loss: 0.848882  [32064/60000]
2026-02-21 23:50:44,148 | INFO | loss: 0.939786  [38464/60000]
2026-02-21 23:50:44,310 | INFO | loss: 0.982515  [44864/60000]
2026-02-21 23:50:44,474 | INFO | loss: 0.965417  [51264/60000]
2026-02-21 23:50:44,642 | INFO | loss: 0.859254  [57664/60000]
2026-02-21 23:50:44,938 | INFO | Test Error: 
 Accuracy: 64.2%, Avg loss: 0.911041 

2026-02-21 23:50:44,939 | INFO | Epoch 39
-------------------------------
2026-02-21 23:50:44,941 | INFO | loss: 0.919319  [   64/60000]
2026-02-21 23:50:45,108 | INFO | loss: 0.980824  [ 6464/60000]
2026-02-21 23:50:45,272 | INFO | loss: 0.761151  [12864/60000]
2026-02-21 23:50:45,431 | INFO | loss: 0.884343  [19264/60000]
2026-02-21 23:50:45,590 | INFO | loss: 0.905882  [25664/60000]
2026-02-21 23:50:45,748 | INFO | loss: 0.836575  [32064/60000]
2026-02-21 23:50:45,906 | INFO | loss: 0.925654  [38464/60000]
2026-02-21 23:50:46,065 | INFO | loss: 0.974688  [44864/60000]
2026-02-21 23:50:46,224 | INFO | loss: 0.961860  [51264/60000]
2026-02-21 23:50:46,382 | INFO | loss: 0.844795  [57664/60000]
2026-02-21 23:50:46,667 | INFO | Test Error: 
 Accuracy: 64.8%, Avg loss: 0.901649 

2026-02-21 23:50:46,668 | INFO | Epoch 40
-------------------------------
2026-02-21 23:50:46,670 | INFO | loss: 0.901910  [   64/60000]
2026-02-21 23:50:46,830 | INFO | loss: 0.966579  [ 6464/60000]
2026-02-21 23:50:46,990 | INFO | loss: 0.749661  [12864/60000]
2026-02-21 23:50:47,149 | INFO | loss: 0.871167  [19264/60000]
2026-02-21 23:50:47,307 | INFO | loss: 0.895465  [25664/60000]
2026-02-21 23:50:47,466 | INFO | loss: 0.824485  [32064/60000]
2026-02-21 23:50:47,625 | INFO | loss: 0.912055  [38464/60000]
2026-02-21 23:50:47,784 | INFO | loss: 0.966876  [44864/60000]
2026-02-21 23:50:47,943 | INFO | loss: 0.958806  [51264/60000]
2026-02-21 23:50:48,101 | INFO | loss: 0.831417  [57664/60000]
2026-02-21 23:50:48,386 | INFO | Test Error: 
 Accuracy: 65.2%, Avg loss: 0.892116 

2026-02-21 23:50:48,389 | INFO | Done!
