2026-02-21 23:48:21,919 | INFO | Logging initialized. Saving to logs/TRAINING_CODE_20260221_234821.log
2026-02-21 23:48:23,166 | INFO | Epoch 1
-------------------------------
2026-02-21 23:48:23,194 | INFO | loss: 2.359859  [   64/60000]
2026-02-21 23:48:23,362 | INFO | loss: 2.344744  [ 6464/60000]
2026-02-21 23:48:23,522 | INFO | loss: 2.328007  [12864/60000]
2026-02-21 23:48:23,689 | INFO | loss: 2.286969  [19264/60000]
2026-02-21 23:48:23,848 | INFO | loss: 2.349488  [25664/60000]
2026-02-21 23:48:24,009 | INFO | loss: 2.353571  [32064/60000]
2026-02-21 23:48:24,168 | INFO | loss: 2.288988  [38464/60000]
2026-02-21 23:48:24,328 | INFO | loss: 2.333105  [44864/60000]
2026-02-21 23:48:24,486 | INFO | loss: 2.326745  [51264/60000]
2026-02-21 23:48:24,655 | INFO | loss: 2.321944  [57664/60000]
2026-02-21 23:48:24,937 | INFO | Test Error: 
 Accuracy: 10.0%, Avg loss: 2.318345 

2026-02-21 23:48:24,938 | INFO | Epoch 2
-------------------------------
2026-02-21 23:48:24,940 | INFO | loss: 2.345414  [   64/60000]
2026-02-21 23:48:25,099 | INFO | loss: 2.332984  [ 6464/60000]
2026-02-21 23:48:25,257 | INFO | loss: 2.319248  [12864/60000]
2026-02-21 23:48:25,416 | INFO | loss: 2.284494  [19264/60000]
2026-02-21 23:48:25,575 | INFO | loss: 2.339379  [25664/60000]
2026-02-21 23:48:25,733 | INFO | loss: 2.344818  [32064/60000]
2026-02-21 23:48:25,890 | INFO | loss: 2.286260  [38464/60000]
2026-02-21 23:48:26,048 | INFO | loss: 2.326429  [44864/60000]
2026-02-21 23:48:26,205 | INFO | loss: 2.318814  [51264/60000]
2026-02-21 23:48:26,363 | INFO | loss: 2.317571  [57664/60000]
2026-02-21 23:48:26,639 | INFO | Test Error: 
 Accuracy: 10.0%, Avg loss: 2.312770 

2026-02-21 23:48:26,639 | INFO | Epoch 3
-------------------------------
2026-02-21 23:48:26,642 | INFO | loss: 2.335754  [   64/60000]
2026-02-21 23:48:26,804 | INFO | loss: 2.325203  [ 6464/60000]
2026-02-21 23:48:26,967 | INFO | loss: 2.313110  [12864/60000]
2026-02-21 23:48:27,127 | INFO | loss: 2.282908  [19264/60000]
2026-02-21 23:48:27,287 | INFO | loss: 2.330490  [25664/60000]
2026-02-21 23:48:27,447 | INFO | loss: 2.337353  [32064/60000]
2026-02-21 23:48:27,613 | INFO | loss: 2.284096  [38464/60000]
2026-02-21 23:48:27,777 | INFO | loss: 2.320801  [44864/60000]
2026-02-21 23:48:27,941 | INFO | loss: 2.312115  [51264/60000]
2026-02-21 23:48:28,107 | INFO | loss: 2.313812  [57664/60000]
2026-02-21 23:48:28,385 | INFO | Test Error: 
 Accuracy: 10.0%, Avg loss: 2.307946 

2026-02-21 23:48:28,385 | INFO | Epoch 4
-------------------------------
2026-02-21 23:48:28,388 | INFO | loss: 2.327259  [   64/60000]
2026-02-21 23:48:28,546 | INFO | loss: 2.318662  [ 6464/60000]
2026-02-21 23:48:28,705 | INFO | loss: 2.307844  [12864/60000]
2026-02-21 23:48:28,869 | INFO | loss: 2.281556  [19264/60000]
2026-02-21 23:48:29,026 | INFO | loss: 2.322791  [25664/60000]
2026-02-21 23:48:29,183 | INFO | loss: 2.330796  [32064/60000]
2026-02-21 23:48:29,340 | INFO | loss: 2.282256  [38464/60000]
2026-02-21 23:48:29,497 | INFO | loss: 2.315784  [44864/60000]
2026-02-21 23:48:29,653 | INFO | loss: 2.306247  [51264/60000]
2026-02-21 23:48:29,813 | INFO | loss: 2.310220  [57664/60000]
2026-02-21 23:48:30,087 | INFO | Test Error: 
 Accuracy: 10.0%, Avg loss: 2.303583 

2026-02-21 23:48:30,087 | INFO | Epoch 5
-------------------------------
2026-02-21 23:48:30,090 | INFO | loss: 2.319505  [   64/60000]
2026-02-21 23:48:30,248 | INFO | loss: 2.312809  [ 6464/60000]
2026-02-21 23:48:30,405 | INFO | loss: 2.303116  [12864/60000]
2026-02-21 23:48:30,562 | INFO | loss: 2.280280  [19264/60000]
2026-02-21 23:48:30,719 | INFO | loss: 2.315686  [25664/60000]
2026-02-21 23:48:30,878 | INFO | loss: 2.324879  [32064/60000]
2026-02-21 23:48:31,036 | INFO | loss: 2.280377  [38464/60000]
2026-02-21 23:48:31,194 | INFO | loss: 2.311188  [44864/60000]
2026-02-21 23:48:31,351 | INFO | loss: 2.300726  [51264/60000]
2026-02-21 23:48:31,511 | INFO | loss: 2.306602  [57664/60000]
2026-02-21 23:48:31,785 | INFO | Test Error: 
 Accuracy: 10.0%, Avg loss: 2.299465 

2026-02-21 23:48:31,785 | INFO | Epoch 6
-------------------------------
2026-02-21 23:48:31,788 | INFO | loss: 2.312343  [   64/60000]
2026-02-21 23:48:31,945 | INFO | loss: 2.307307  [ 6464/60000]
2026-02-21 23:48:32,101 | INFO | loss: 2.298632  [12864/60000]
2026-02-21 23:48:32,258 | INFO | loss: 2.278939  [19264/60000]
2026-02-21 23:48:32,415 | INFO | loss: 2.308906  [25664/60000]
2026-02-21 23:48:32,571 | INFO | loss: 2.319285  [32064/60000]
2026-02-21 23:48:32,728 | INFO | loss: 2.278218  [38464/60000]
2026-02-21 23:48:32,884 | INFO | loss: 2.306664  [44864/60000]
2026-02-21 23:48:33,040 | INFO | loss: 2.295208  [51264/60000]
2026-02-21 23:48:33,197 | INFO | loss: 2.302828  [57664/60000]
2026-02-21 23:48:33,469 | INFO | Test Error: 
 Accuracy: 10.0%, Avg loss: 2.295392 

2026-02-21 23:48:33,470 | INFO | Epoch 7
-------------------------------
2026-02-21 23:48:33,472 | INFO | loss: 2.305587  [   64/60000]
2026-02-21 23:48:33,628 | INFO | loss: 2.302012  [ 6464/60000]
2026-02-21 23:48:33,785 | INFO | loss: 2.294229  [12864/60000]
2026-02-21 23:48:33,942 | INFO | loss: 2.277350  [19264/60000]
2026-02-21 23:48:34,098 | INFO | loss: 2.302219  [25664/60000]
2026-02-21 23:48:34,254 | INFO | loss: 2.313878  [32064/60000]
2026-02-21 23:48:34,411 | INFO | loss: 2.275749  [38464/60000]
2026-02-21 23:48:34,567 | INFO | loss: 2.302098  [44864/60000]
2026-02-21 23:48:34,724 | INFO | loss: 2.289464  [51264/60000]
2026-02-21 23:48:34,880 | INFO | loss: 2.298912  [57664/60000]
2026-02-21 23:48:35,152 | INFO | Test Error: 
 Accuracy: 10.0%, Avg loss: 2.291159 

2026-02-21 23:48:35,153 | INFO | Epoch 8
-------------------------------
2026-02-21 23:48:35,155 | INFO | loss: 2.298850  [   64/60000]
2026-02-21 23:48:35,311 | INFO | loss: 2.296603  [ 6464/60000]
2026-02-21 23:48:35,468 | INFO | loss: 2.289683  [12864/60000]
2026-02-21 23:48:35,624 | INFO | loss: 2.275306  [19264/60000]
2026-02-21 23:48:35,780 | INFO | loss: 2.295327  [25664/60000]
2026-02-21 23:48:35,937 | INFO | loss: 2.308473  [32064/60000]
2026-02-21 23:48:36,093 | INFO | loss: 2.272702  [38464/60000]
2026-02-21 23:48:36,249 | INFO | loss: 2.297259  [44864/60000]
2026-02-21 23:48:36,405 | INFO | loss: 2.283351  [51264/60000]
2026-02-21 23:48:36,561 | INFO | loss: 2.294580  [57664/60000]
2026-02-21 23:48:36,831 | INFO | Test Error: 
 Accuracy: 10.0%, Avg loss: 2.286554 

2026-02-21 23:48:36,832 | INFO | Epoch 9
-------------------------------
2026-02-21 23:48:36,834 | INFO | loss: 2.291873  [   64/60000]
2026-02-21 23:48:36,990 | INFO | loss: 2.290766  [ 6464/60000]
2026-02-21 23:48:37,151 | INFO | loss: 2.284820  [12864/60000]
2026-02-21 23:48:37,307 | INFO | loss: 2.272662  [19264/60000]
2026-02-21 23:48:37,463 | INFO | loss: 2.287890  [25664/60000]
2026-02-21 23:48:37,618 | INFO | loss: 2.302852  [32064/60000]
2026-02-21 23:48:37,775 | INFO | loss: 2.268925  [38464/60000]
2026-02-21 23:48:37,931 | INFO | loss: 2.292015  [44864/60000]
2026-02-21 23:48:38,087 | INFO | loss: 2.276584  [51264/60000]
2026-02-21 23:48:38,243 | INFO | loss: 2.289403  [57664/60000]
2026-02-21 23:48:38,515 | INFO | Test Error: 
 Accuracy: 10.0%, Avg loss: 2.281316 

2026-02-21 23:48:38,516 | INFO | Epoch 10
-------------------------------
2026-02-21 23:48:38,518 | INFO | loss: 2.284476  [   64/60000]
2026-02-21 23:48:38,676 | INFO | loss: 2.284236  [ 6464/60000]
2026-02-21 23:48:38,833 | INFO | loss: 2.279711  [12864/60000]
2026-02-21 23:48:38,990 | INFO | loss: 2.269471  [19264/60000]
2026-02-21 23:48:39,153 | INFO | loss: 2.279436  [25664/60000]
2026-02-21 23:48:39,317 | INFO | loss: 2.296713  [32064/60000]
2026-02-21 23:48:39,479 | INFO | loss: 2.263989  [38464/60000]
2026-02-21 23:48:39,641 | INFO | loss: 2.286137  [44864/60000]
2026-02-21 23:48:39,800 | INFO | loss: 2.268952  [51264/60000]
2026-02-21 23:48:39,957 | INFO | loss: 2.283190  [57664/60000]
2026-02-21 23:48:40,228 | INFO | Test Error: 
 Accuracy: 17.6%, Avg loss: 2.275142 

2026-02-21 23:48:40,229 | INFO | Epoch 11
-------------------------------
2026-02-21 23:48:40,231 | INFO | loss: 2.276297  [   64/60000]
2026-02-21 23:48:40,387 | INFO | loss: 2.276739  [ 6464/60000]
2026-02-21 23:48:40,544 | INFO | loss: 2.273830  [12864/60000]
2026-02-21 23:48:40,700 | INFO | loss: 2.265214  [19264/60000]
2026-02-21 23:48:40,856 | INFO | loss: 2.269846  [25664/60000]
2026-02-21 23:48:41,012 | INFO | loss: 2.288778  [32064/60000]
2026-02-21 23:48:41,169 | INFO | loss: 2.257772  [38464/60000]
2026-02-21 23:48:41,325 | INFO | loss: 2.279036  [44864/60000]
2026-02-21 23:48:41,481 | INFO | loss: 2.259673  [51264/60000]
2026-02-21 23:48:41,637 | INFO | loss: 2.275216  [57664/60000]
2026-02-21 23:48:41,909 | INFO | Test Error: 
 Accuracy: 23.6%, Avg loss: 2.267522 

2026-02-21 23:48:41,909 | INFO | Epoch 12
-------------------------------
2026-02-21 23:48:41,911 | INFO | loss: 2.267056  [   64/60000]
2026-02-21 23:48:42,067 | INFO | loss: 2.267580  [ 6464/60000]
2026-02-21 23:48:42,223 | INFO | loss: 2.266663  [12864/60000]
2026-02-21 23:48:42,380 | INFO | loss: 2.259271  [19264/60000]
2026-02-21 23:48:42,536 | INFO | loss: 2.258106  [25664/60000]
2026-02-21 23:48:42,692 | INFO | loss: 2.279830  [32064/60000]
2026-02-21 23:48:42,849 | INFO | loss: 2.249487  [38464/60000]
2026-02-21 23:48:43,006 | INFO | loss: 2.269920  [44864/60000]
2026-02-21 23:48:43,165 | INFO | loss: 2.248294  [51264/60000]
2026-02-21 23:48:43,322 | INFO | loss: 2.264609  [57664/60000]
2026-02-21 23:48:43,595 | INFO | Test Error: 
 Accuracy: 21.5%, Avg loss: 2.257506 

2026-02-21 23:48:43,595 | INFO | Epoch 13
-------------------------------
2026-02-21 23:48:43,598 | INFO | loss: 2.254561  [   64/60000]
2026-02-21 23:48:43,755 | INFO | loss: 2.256245  [ 6464/60000]
2026-02-21 23:48:43,913 | INFO | loss: 2.257066  [12864/60000]
2026-02-21 23:48:44,069 | INFO | loss: 2.249626  [19264/60000]
2026-02-21 23:48:44,225 | INFO | loss: 2.242505  [25664/60000]
2026-02-21 23:48:44,381 | INFO | loss: 2.268821  [32064/60000]
2026-02-21 23:48:44,537 | INFO | loss: 2.238498  [38464/60000]
2026-02-21 23:48:44,694 | INFO | loss: 2.259802  [44864/60000]
2026-02-21 23:48:44,849 | INFO | loss: 2.234912  [51264/60000]
2026-02-21 23:48:45,007 | INFO | loss: 2.249141  [57664/60000]
2026-02-21 23:48:45,285 | INFO | Test Error: 
 Accuracy: 21.0%, Avg loss: 2.243875 

2026-02-21 23:48:45,285 | INFO | Epoch 14
-------------------------------
2026-02-21 23:48:45,288 | INFO | loss: 2.239417  [   64/60000]
2026-02-21 23:48:45,445 | INFO | loss: 2.239763  [ 6464/60000]
2026-02-21 23:48:45,601 | INFO | loss: 2.243779  [12864/60000]
2026-02-21 23:48:45,759 | INFO | loss: 2.235757  [19264/60000]
2026-02-21 23:48:45,918 | INFO | loss: 2.222019  [25664/60000]
2026-02-21 23:48:46,075 | INFO | loss: 2.254197  [32064/60000]
2026-02-21 23:48:46,232 | INFO | loss: 2.223033  [38464/60000]
2026-02-21 23:48:46,391 | INFO | loss: 2.246865  [44864/60000]
2026-02-21 23:48:46,547 | INFO | loss: 2.216922  [51264/60000]
2026-02-21 23:48:46,706 | INFO | loss: 2.226453  [57664/60000]
2026-02-21 23:48:46,979 | INFO | Test Error: 
 Accuracy: 20.1%, Avg loss: 2.225102 

2026-02-21 23:48:46,980 | INFO | Epoch 15
-------------------------------
2026-02-21 23:48:46,982 | INFO | loss: 2.218813  [   64/60000]
2026-02-21 23:48:47,140 | INFO | loss: 2.217800  [ 6464/60000]
2026-02-21 23:48:47,299 | INFO | loss: 2.225030  [12864/60000]
2026-02-21 23:48:47,458 | INFO | loss: 2.217422  [19264/60000]
2026-02-21 23:48:47,616 | INFO | loss: 2.195785  [25664/60000]
2026-02-21 23:48:47,773 | INFO | loss: 2.234885  [32064/60000]
