2026-02-21 23:51:23,248 | INFO | Logging initialized. Saving to logs/TRAINING_CODE_20260221_235123.log
2026-02-21 23:51:23,387 | INFO | Epoch 1
-------------------------------
2026-02-21 23:51:23,511 | INFO | loss: 2.326936  [   64/60000]
2026-02-21 23:51:23,705 | INFO | loss: 2.318091  [ 6464/60000]
2026-02-21 23:51:23,863 | INFO | loss: 2.305796  [12864/60000]
2026-02-21 23:51:24,024 | INFO | loss: 2.296563  [19264/60000]
2026-02-21 23:51:24,181 | INFO | loss: 2.296477  [25664/60000]
2026-02-21 23:51:24,337 | INFO | loss: 2.323482  [32064/60000]
2026-02-21 23:51:24,503 | INFO | loss: 2.330537  [38464/60000]
2026-02-21 23:51:24,665 | INFO | loss: 2.337096  [44864/60000]
2026-02-21 23:51:24,834 | INFO | loss: 2.309534  [51264/60000]
2026-02-21 23:51:24,993 | INFO | loss: 2.332998  [57664/60000]
2026-02-21 23:51:25,270 | INFO | Test Error: 
 Accuracy: 10.0%, Avg loss: 2.307867 

2026-02-21 23:51:25,270 | INFO | Epoch 2
-------------------------------
2026-02-21 23:51:25,273 | INFO | loss: 2.309601  [   64/60000]
2026-02-21 23:51:25,440 | INFO | loss: 2.314036  [ 6464/60000]
2026-02-21 23:51:25,600 | INFO | loss: 2.288922  [12864/60000]
2026-02-21 23:51:25,755 | INFO | loss: 2.290152  [19264/60000]
2026-02-21 23:51:25,909 | INFO | loss: 2.289475  [25664/60000]
2026-02-21 23:51:26,064 | INFO | loss: 2.271714  [32064/60000]
2026-02-21 23:51:26,218 | INFO | loss: 2.299037  [38464/60000]
2026-02-21 23:51:26,445 | INFO | loss: 2.272020  [44864/60000]
2026-02-21 23:51:26,599 | INFO | loss: 2.256521  [51264/60000]
2026-02-21 23:51:26,753 | INFO | loss: 2.284385  [57664/60000]
2026-02-21 23:51:27,021 | INFO | Test Error: 
 Accuracy: 16.2%, Avg loss: 2.263011 

2026-02-21 23:51:27,022 | INFO | Epoch 3
-------------------------------
2026-02-21 23:51:27,025 | INFO | loss: 2.242905  [   64/60000]
2026-02-21 23:51:27,182 | INFO | loss: 2.295492  [ 6464/60000]
2026-02-21 23:51:27,335 | INFO | loss: 2.236165  [12864/60000]
2026-02-21 23:51:27,489 | INFO | loss: 2.264810  [19264/60000]
2026-02-21 23:51:27,648 | INFO | loss: 2.278330  [25664/60000]
2026-02-21 23:51:27,800 | INFO | loss: 2.202771  [32064/60000]
2026-02-21 23:51:27,953 | INFO | loss: 2.263520  [38464/60000]
2026-02-21 23:51:28,106 | INFO | loss: 2.207749  [44864/60000]
2026-02-21 23:51:28,259 | INFO | loss: 2.202391  [51264/60000]
2026-02-21 23:51:28,412 | INFO | loss: 2.224524  [57664/60000]
2026-02-21 23:51:28,679 | INFO | Test Error: 
 Accuracy: 11.0%, Avg loss: 2.211677 

2026-02-21 23:51:28,679 | INFO | Epoch 4
-------------------------------
2026-02-21 23:51:28,681 | INFO | loss: 2.187976  [   64/60000]
2026-02-21 23:51:28,834 | INFO | loss: 2.262126  [ 6464/60000]
2026-02-21 23:51:28,987 | INFO | loss: 2.179837  [12864/60000]
2026-02-21 23:51:29,139 | INFO | loss: 2.222039  [19264/60000]
2026-02-21 23:51:29,291 | INFO | loss: 2.243757  [25664/60000]
2026-02-21 23:51:29,444 | INFO | loss: 2.123499  [32064/60000]
2026-02-21 23:51:29,596 | INFO | loss: 2.219701  [38464/60000]
2026-02-21 23:51:29,749 | INFO | loss: 2.135726  [44864/60000]
2026-02-21 23:51:29,906 | INFO | loss: 2.140463  [51264/60000]
2026-02-21 23:51:30,065 | INFO | loss: 2.148342  [57664/60000]
2026-02-21 23:51:30,338 | INFO | Test Error: 
 Accuracy: 12.4%, Avg loss: 2.147118 

2026-02-21 23:51:30,338 | INFO | Epoch 5
-------------------------------
2026-02-21 23:51:30,341 | INFO | loss: 2.129116  [   64/60000]
2026-02-21 23:51:30,498 | INFO | loss: 2.214978  [ 6464/60000]
2026-02-21 23:51:30,653 | INFO | loss: 2.115514  [12864/60000]
2026-02-21 23:51:30,806 | INFO | loss: 2.166757  [19264/60000]
2026-02-21 23:51:30,959 | INFO | loss: 2.188239  [25664/60000]
2026-02-21 23:51:31,111 | INFO | loss: 2.043110  [32064/60000]
2026-02-21 23:51:31,264 | INFO | loss: 2.175135  [38464/60000]
2026-02-21 23:51:31,416 | INFO | loss: 2.068209  [44864/60000]
2026-02-21 23:51:31,569 | INFO | loss: 2.078537  [51264/60000]
2026-02-21 23:51:31,721 | INFO | loss: 2.074098  [57664/60000]
2026-02-21 23:51:31,987 | INFO | Test Error: 
 Accuracy: 13.2%, Avg loss: 2.082416 

2026-02-21 23:51:31,987 | INFO | Epoch 6
-------------------------------
2026-02-21 23:51:31,990 | INFO | loss: 2.073301  [   64/60000]
2026-02-21 23:51:32,142 | INFO | loss: 2.162700  [ 6464/60000]
2026-02-21 23:51:32,294 | INFO | loss: 2.055689  [12864/60000]
2026-02-21 23:51:32,447 | INFO | loss: 2.115476  [19264/60000]
2026-02-21 23:51:32,599 | INFO | loss: 2.126739  [25664/60000]
2026-02-21 23:51:32,751 | INFO | loss: 1.979103  [32064/60000]
2026-02-21 23:51:32,904 | INFO | loss: 2.138393  [38464/60000]
2026-02-21 23:51:33,056 | INFO | loss: 2.014360  [44864/60000]
2026-02-21 23:51:33,216 | INFO | loss: 2.027712  [51264/60000]
2026-02-21 23:51:33,378 | INFO | loss: 2.020583  [57664/60000]
2026-02-21 23:51:33,647 | INFO | Test Error: 
 Accuracy: 14.2%, Avg loss: 2.030241 

2026-02-21 23:51:33,647 | INFO | Epoch 7
-------------------------------
2026-02-21 23:51:33,650 | INFO | loss: 2.026674  [   64/60000]
2026-02-21 23:51:33,810 | INFO | loss: 2.115709  [ 6464/60000]
2026-02-21 23:51:33,983 | INFO | loss: 2.008260  [12864/60000]
2026-02-21 23:51:34,153 | INFO | loss: 2.075358  [19264/60000]
2026-02-21 23:51:34,310 | INFO | loss: 2.072852  [25664/60000]
2026-02-21 23:51:34,471 | INFO | loss: 1.934040  [32064/60000]
2026-02-21 23:51:34,626 | INFO | loss: 2.109515  [38464/60000]
2026-02-21 23:51:34,780 | INFO | loss: 1.971775  [44864/60000]
2026-02-21 23:51:34,934 | INFO | loss: 1.988998  [51264/60000]
2026-02-21 23:51:35,087 | INFO | loss: 1.985393  [57664/60000]
2026-02-21 23:51:35,353 | INFO | Test Error: 
 Accuracy: 15.3%, Avg loss: 1.991649 

2026-02-21 23:51:35,354 | INFO | Epoch 8
-------------------------------
2026-02-21 23:51:35,356 | INFO | loss: 1.988178  [   64/60000]
2026-02-21 23:51:35,509 | INFO | loss: 2.078094  [ 6464/60000]
2026-02-21 23:51:35,662 | INFO | loss: 1.971740  [12864/60000]
2026-02-21 23:51:35,815 | INFO | loss: 2.046480  [19264/60000]
2026-02-21 23:51:35,968 | INFO | loss: 2.032135  [25664/60000]
2026-02-21 23:51:36,121 | INFO | loss: 1.903125  [32064/60000]
2026-02-21 23:51:36,273 | INFO | loss: 2.086539  [38464/60000]
2026-02-21 23:51:36,427 | INFO | loss: 1.938614  [44864/60000]
2026-02-21 23:51:36,580 | INFO | loss: 1.959404  [51264/60000]
2026-02-21 23:51:36,732 | INFO | loss: 1.960890  [57664/60000]
2026-02-21 23:51:37,003 | INFO | Test Error: 
 Accuracy: 16.3%, Avg loss: 1.962696 

2026-02-21 23:51:37,003 | INFO | Epoch 9
-------------------------------
2026-02-21 23:51:37,005 | INFO | loss: 1.958863  [   64/60000]
2026-02-21 23:51:37,158 | INFO | loss: 2.049391  [ 6464/60000]
2026-02-21 23:51:37,311 | INFO | loss: 1.942221  [12864/60000]
2026-02-21 23:51:37,464 | INFO | loss: 2.021904  [19264/60000]
2026-02-21 23:51:37,617 | INFO | loss: 2.001107  [25664/60000]
2026-02-21 23:51:37,769 | INFO | loss: 1.878890  [32064/60000]
2026-02-21 23:51:37,922 | INFO | loss: 2.067391  [38464/60000]
2026-02-21 23:51:38,075 | INFO | loss: 1.912701  [44864/60000]
2026-02-21 23:51:38,228 | INFO | loss: 1.935263  [51264/60000]
2026-02-21 23:51:38,380 | INFO | loss: 1.939971  [57664/60000]
2026-02-21 23:51:38,646 | INFO | Test Error: 
 Accuracy: 17.0%, Avg loss: 1.938087 

2026-02-21 23:51:38,646 | INFO | Epoch 10
-------------------------------
2026-02-21 23:51:38,648 | INFO | loss: 1.934540  [   64/60000]
2026-02-21 23:51:38,800 | INFO | loss: 2.024429  [ 6464/60000]
2026-02-21 23:51:38,953 | INFO | loss: 1.915460  [12864/60000]
2026-02-21 23:51:39,105 | INFO | loss: 1.996461  [19264/60000]
2026-02-21 23:51:39,257 | INFO | loss: 1.974213  [25664/60000]
2026-02-21 23:51:39,410 | INFO | loss: 1.856073  [32064/60000]
2026-02-21 23:51:39,562 | INFO | loss: 2.049100  [38464/60000]
2026-02-21 23:51:39,715 | INFO | loss: 1.889395  [44864/60000]
2026-02-21 23:51:39,867 | INFO | loss: 1.913648  [51264/60000]
2026-02-21 23:51:40,019 | INFO | loss: 1.919165  [57664/60000]
2026-02-21 23:51:40,284 | INFO | Test Error: 
 Accuracy: 25.2%, Avg loss: 1.914066 

2026-02-21 23:51:40,285 | INFO | Epoch 11
-------------------------------
2026-02-21 23:51:40,287 | INFO | loss: 1.911904  [   64/60000]
2026-02-21 23:51:40,439 | INFO | loss: 1.999881  [ 6464/60000]
2026-02-21 23:51:40,592 | INFO | loss: 1.888317  [12864/60000]
2026-02-21 23:51:40,744 | INFO | loss: 1.967961  [19264/60000]
2026-02-21 23:51:40,896 | INFO | loss: 1.946342  [25664/60000]
2026-02-21 23:51:41,049 | INFO | loss: 1.832721  [32064/60000]
2026-02-21 23:51:41,201 | INFO | loss: 2.027283  [38464/60000]
2026-02-21 23:51:41,356 | INFO | loss: 1.867014  [44864/60000]
2026-02-21 23:51:41,515 | INFO | loss: 1.892599  [51264/60000]
2026-02-21 23:51:41,671 | INFO | loss: 1.896920  [57664/60000]
2026-02-21 23:51:41,946 | INFO | Test Error: 
 Accuracy: 26.3%, Avg loss: 1.888766 

2026-02-21 23:51:41,946 | INFO | Epoch 12
-------------------------------
2026-02-21 23:51:41,949 | INFO | loss: 1.889597  [   64/60000]
2026-02-21 23:51:42,156 | INFO | loss: 1.971915  [ 6464/60000]
2026-02-21 23:51:42,309 | INFO | loss: 1.857452  [12864/60000]
2026-02-21 23:51:42,462 | INFO | loss: 1.935810  [19264/60000]
2026-02-21 23:51:42,614 | INFO | loss: 1.917169  [25664/60000]
2026-02-21 23:51:42,767 | INFO | loss: 1.808711  [32064/60000]
2026-02-21 23:51:42,920 | INFO | loss: 2.000359  [38464/60000]
2026-02-21 23:51:43,072 | INFO | loss: 1.844867  [44864/60000]
2026-02-21 23:51:43,224 | INFO | loss: 1.871666  [51264/60000]
2026-02-21 23:51:43,378 | INFO | loss: 1.871696  [57664/60000]
2026-02-21 23:51:43,644 | INFO | Test Error: 
 Accuracy: 31.4%, Avg loss: 1.860598 

2026-02-21 23:51:43,644 | INFO | Epoch 13
-------------------------------
2026-02-21 23:51:43,646 | INFO | loss: 1.868352  [   64/60000]
2026-02-21 23:51:43,802 | INFO | loss: 1.939774  [ 6464/60000]
2026-02-21 23:51:43,954 | INFO | loss: 1.822530  [12864/60000]
2026-02-21 23:51:44,106 | INFO | loss: 1.897448  [19264/60000]
2026-02-21 23:51:44,258 | INFO | loss: 1.884415  [25664/60000]
2026-02-21 23:51:44,411 | INFO | loss: 1.783249  [32064/60000]
2026-02-21 23:51:44,563 | INFO | loss: 1.969868  [38464/60000]
2026-02-21 23:51:44,715 | INFO | loss: 1.821326  [44864/60000]
2026-02-21 23:51:44,868 | INFO | loss: 1.849646  [51264/60000]
2026-02-21 23:51:45,020 | INFO | loss: 1.843499  [57664/60000]
2026-02-21 23:51:45,285 | INFO | Test Error: 
 Accuracy: 34.4%, Avg loss: 1.827804 

2026-02-21 23:51:45,285 | INFO | Epoch 14
-------------------------------
2026-02-21 23:51:45,287 | INFO | loss: 1.846673  [   64/60000]
2026-02-21 23:51:45,440 | INFO | loss: 1.903137  [ 6464/60000]
2026-02-21 23:51:45,593 | INFO | loss: 1.781006  [12864/60000]
2026-02-21 23:51:45,745 | INFO | loss: 1.851519  [19264/60000]
2026-02-21 23:51:45,898 | INFO | loss: 1.846630  [25664/60000]
2026-02-21 23:51:46,050 | INFO | loss: 1.755205  [32064/60000]
2026-02-21 23:51:46,203 | INFO | loss: 1.934461  [38464/60000]
2026-02-21 23:51:46,355 | INFO | loss: 1.794420  [44864/60000]
2026-02-21 23:51:46,508 | INFO | loss: 1.823152  [51264/60000]
2026-02-21 23:51:46,661 | INFO | loss: 1.810103  [57664/60000]
2026-02-21 23:51:46,928 | INFO | Test Error: 
 Accuracy: 36.3%, Avg loss: 1.788687 

2026-02-21 23:51:46,929 | INFO | Epoch 15
-------------------------------
2026-02-21 23:51:46,931 | INFO | loss: 1.821394  [   64/60000]
2026-02-21 23:51:47,084 | INFO | loss: 1.860874  [ 6464/60000]
2026-02-21 23:51:47,238 | INFO | loss: 1.731601  [12864/60000]
2026-02-21 23:51:47,390 | INFO | loss: 1.796282  [19264/60000]
2026-02-21 23:51:47,543 | INFO | loss: 1.802231  [25664/60000]
2026-02-21 23:51:47,695 | INFO | loss: 1.722545  [32064/60000]
2026-02-21 23:51:47,847 | INFO | loss: 1.892926  [38464/60000]
2026-02-21 23:51:48,001 | INFO | loss: 1.761623  [44864/60000]
2026-02-21 23:51:48,153 | INFO | loss: 1.788237  [51264/60000]
2026-02-21 23:51:48,306 | INFO | loss: 1.769164  [57664/60000]
2026-02-21 23:51:48,573 | INFO | Test Error: 
 Accuracy: 38.4%, Avg loss: 1.739900 

2026-02-21 23:51:48,573 | INFO | Epoch 16
-------------------------------
2026-02-21 23:51:48,576 | INFO | loss: 1.786959  [   64/60000]
2026-02-21 23:51:48,728 | INFO | loss: 1.809133  [ 6464/60000]
2026-02-21 23:51:48,881 | INFO | loss: 1.670500  [12864/60000]
2026-02-21 23:51:49,033 | INFO | loss: 1.726753  [19264/60000]
2026-02-21 23:51:49,187 | INFO | loss: 1.749430  [25664/60000]
2026-02-21 23:51:49,340 | INFO | loss: 1.679968  [32064/60000]
2026-02-21 23:51:49,493 | INFO | loss: 1.845282  [38464/60000]
2026-02-21 23:51:49,645 | INFO | loss: 1.721549  [44864/60000]
2026-02-21 23:51:49,797 | INFO | loss: 1.742205  [51264/60000]
2026-02-21 23:51:49,950 | INFO | loss: 1.722188  [57664/60000]
2026-02-21 23:51:50,215 | INFO | Test Error: 
 Accuracy: 40.9%, Avg loss: 1.684186 

2026-02-21 23:51:50,216 | INFO | Epoch 17
-------------------------------
2026-02-21 23:51:50,218 | INFO | loss: 1.742689  [   64/60000]
2026-02-21 23:51:50,371 | INFO | loss: 1.753942  [ 6464/60000]
2026-02-21 23:51:50,523 | INFO | loss: 1.603732  [12864/60000]
2026-02-21 23:51:50,676 | INFO | loss: 1.653254  [19264/60000]
2026-02-21 23:51:50,828 | INFO | loss: 1.696705  [25664/60000]
2026-02-21 23:51:50,980 | INFO | loss: 1.632491  [32064/60000]
2026-02-21 23:51:51,132 | INFO | loss: 1.792338  [38464/60000]
2026-02-21 23:51:51,284 | INFO | loss: 1.674125  [44864/60000]
2026-02-21 23:51:51,439 | INFO | loss: 1.685409  [51264/60000]
2026-02-21 23:51:51,592 | INFO | loss: 1.671280  [57664/60000]
2026-02-21 23:51:51,857 | INFO | Test Error: 
 Accuracy: 42.7%, Avg loss: 1.626754 

2026-02-21 23:51:51,858 | INFO | Epoch 18
-------------------------------
2026-02-21 23:51:51,860 | INFO | loss: 1.693389  [   64/60000]
2026-02-21 23:51:52,013 | INFO | loss: 1.698037  [ 6464/60000]
2026-02-21 23:51:52,165 | INFO | loss: 1.536990  [12864/60000]
2026-02-21 23:51:52,317 | INFO | loss: 1.581556  [19264/60000]
2026-02-21 23:51:52,471 | INFO | loss: 1.644372  [25664/60000]
2026-02-21 23:51:52,630 | INFO | loss: 1.580938  [32064/60000]
2026-02-21 23:51:52,786 | INFO | loss: 1.732775  [38464/60000]
2026-02-21 23:51:52,945 | INFO | loss: 1.622238  [44864/60000]
2026-02-21 23:51:53,107 | INFO | loss: 1.623960  [51264/60000]
2026-02-21 23:51:53,264 | INFO | loss: 1.616724  [57664/60000]
2026-02-21 23:51:53,529 | INFO | Test Error: 
 Accuracy: 44.2%, Avg loss: 1.567879 

2026-02-21 23:51:53,529 | INFO | Epoch 19
-------------------------------
2026-02-21 23:51:53,532 | INFO | loss: 1.642078  [   64/60000]
2026-02-21 23:51:53,685 | INFO | loss: 1.643646  [ 6464/60000]
2026-02-21 23:51:53,838 | INFO | loss: 1.469405  [12864/60000]
2026-02-21 23:51:53,990 | INFO | loss: 1.512174  [19264/60000]
2026-02-21 23:51:54,142 | INFO | loss: 1.591568  [25664/60000]
2026-02-21 23:51:54,295 | INFO | loss: 1.526574  [32064/60000]
2026-02-21 23:51:54,449 | INFO | loss: 1.669469  [38464/60000]
2026-02-21 23:51:54,601 | INFO | loss: 1.566737  [44864/60000]
2026-02-21 23:51:54,753 | INFO | loss: 1.558442  [51264/60000]
2026-02-21 23:51:54,905 | INFO | loss: 1.561479  [57664/60000]
2026-02-21 23:51:55,170 | INFO | Test Error: 
 Accuracy: 44.9%, Avg loss: 1.508520 

2026-02-21 23:51:55,170 | INFO | Epoch 20
-------------------------------
2026-02-21 23:51:55,173 | INFO | loss: 1.588806  [   64/60000]
2026-02-21 23:51:55,325 | INFO | loss: 1.590832  [ 6464/60000]
2026-02-21 23:51:55,477 | INFO | loss: 1.400759  [12864/60000]
2026-02-21 23:51:55,629 | INFO | loss: 1.447637  [19264/60000]
2026-02-21 23:51:55,781 | INFO | loss: 1.538527  [25664/60000]
2026-02-21 23:51:55,932 | INFO | loss: 1.468806  [32064/60000]
2026-02-21 23:51:56,084 | INFO | loss: 1.609737  [38464/60000]
2026-02-21 23:51:56,236 | INFO | loss: 1.509409  [44864/60000]
2026-02-21 23:51:56,388 | INFO | loss: 1.493350  [51264/60000]
2026-02-21 23:51:56,540 | INFO | loss: 1.509984  [57664/60000]
2026-02-21 23:51:56,805 | INFO | Test Error: 
 Accuracy: 45.6%, Avg loss: 1.451319 

2026-02-21 23:51:56,805 | INFO | Epoch 21
-------------------------------
2026-02-21 23:51:56,807 | INFO | loss: 1.532227  [   64/60000]
2026-02-21 23:51:56,959 | INFO | loss: 1.539643  [ 6464/60000]
2026-02-21 23:51:57,112 | INFO | loss: 1.332367  [12864/60000]
2026-02-21 23:51:57,265 | INFO | loss: 1.391717  [19264/60000]
2026-02-21 23:51:57,417 | INFO | loss: 1.486265  [25664/60000]
2026-02-21 23:51:57,569 | INFO | loss: 1.409268  [32064/60000]
2026-02-21 23:51:57,721 | INFO | loss: 1.556775  [38464/60000]
2026-02-21 23:51:57,873 | INFO | loss: 1.453101  [44864/60000]
2026-02-21 23:51:58,026 | INFO | loss: 1.433266  [51264/60000]
2026-02-21 23:51:58,178 | INFO | loss: 1.461505  [57664/60000]
2026-02-21 23:51:58,442 | INFO | Test Error: 
 Accuracy: 46.7%, Avg loss: 1.398214 

2026-02-21 23:51:58,443 | INFO | Epoch 22
-------------------------------
2026-02-21 23:51:58,445 | INFO | loss: 1.473279  [   64/60000]
2026-02-21 23:51:58,597 | INFO | loss: 1.489950  [ 6464/60000]
2026-02-21 23:51:58,749 | INFO | loss: 1.267992  [12864/60000]
2026-02-21 23:51:58,902 | INFO | loss: 1.345532  [19264/60000]
2026-02-21 23:51:59,053 | INFO | loss: 1.435453  [25664/60000]
2026-02-21 23:51:59,207 | INFO | loss: 1.352859  [32064/60000]
2026-02-21 23:51:59,359 | INFO | loss: 1.510185  [38464/60000]
2026-02-21 23:51:59,511 | INFO | loss: 1.402102  [44864/60000]
2026-02-21 23:51:59,663 | INFO | loss: 1.381460  [51264/60000]
2026-02-21 23:51:59,815 | INFO | loss: 1.416889  [57664/60000]
2026-02-21 23:52:00,083 | INFO | Test Error: 
 Accuracy: 51.7%, Avg loss: 1.350501 

2026-02-21 23:52:00,083 | INFO | Epoch 23
-------------------------------
2026-02-21 23:52:00,085 | INFO | loss: 1.416252  [   64/60000]
2026-02-21 23:52:00,238 | INFO | loss: 1.444166  [ 6464/60000]
2026-02-21 23:52:00,391 | INFO | loss: 1.212352  [12864/60000]
2026-02-21 23:52:00,543 | INFO | loss: 1.307205  [19264/60000]
2026-02-21 23:52:00,695 | INFO | loss: 1.386369  [25664/60000]
2026-02-21 23:52:00,848 | INFO | loss: 1.301687  [32064/60000]
2026-02-21 23:52:01,000 | INFO | loss: 1.468154  [38464/60000]
2026-02-21 23:52:01,152 | INFO | loss: 1.357573  [44864/60000]
2026-02-21 23:52:01,304 | INFO | loss: 1.337346  [51264/60000]
2026-02-21 23:52:01,457 | INFO | loss: 1.374413  [57664/60000]
2026-02-21 23:52:01,722 | INFO | Test Error: 
 Accuracy: 57.1%, Avg loss: 1.307236 

2026-02-21 23:52:01,722 | INFO | Epoch 24
-------------------------------
2026-02-21 23:52:01,724 | INFO | loss: 1.362845  [   64/60000]
2026-02-21 23:52:01,878 | INFO | loss: 1.402317  [ 6464/60000]
2026-02-21 23:52:02,031 | INFO | loss: 1.163252  [12864/60000]
2026-02-21 23:52:02,183 | INFO | loss: 1.273553  [19264/60000]
2026-02-21 23:52:02,340 | INFO | loss: 1.337424  [25664/60000]
2026-02-21 23:52:02,492 | INFO | loss: 1.255153  [32064/60000]
2026-02-21 23:52:02,647 | INFO | loss: 1.428028  [38464/60000]
2026-02-21 23:52:02,801 | INFO | loss: 1.317848  [44864/60000]
2026-02-21 23:52:02,954 | INFO | loss: 1.298451  [51264/60000]
2026-02-21 23:52:03,107 | INFO | loss: 1.332036  [57664/60000]
2026-02-21 23:52:03,372 | INFO | Test Error: 
 Accuracy: 57.3%, Avg loss: 1.266168 

2026-02-21 23:52:03,373 | INFO | Epoch 25
-------------------------------
2026-02-21 23:52:03,375 | INFO | loss: 1.313634  [   64/60000]
2026-02-21 23:52:03,527 | INFO | loss: 1.360323  [ 6464/60000]
2026-02-21 23:52:03,680 | INFO | loss: 1.115876  [12864/60000]
2026-02-21 23:52:03,832 | INFO | loss: 1.239384  [19264/60000]
2026-02-21 23:52:03,987 | INFO | loss: 1.286443  [25664/60000]
2026-02-21 23:52:04,146 | INFO | loss: 1.208102  [32064/60000]
2026-02-21 23:52:04,303 | INFO | loss: 1.388577  [38464/60000]
2026-02-21 23:52:04,460 | INFO | loss: 1.277875  [44864/60000]
2026-02-21 23:52:04,618 | INFO | loss: 1.262438  [51264/60000]
2026-02-21 23:52:04,773 | INFO | loss: 1.287290  [57664/60000]
2026-02-21 23:52:05,037 | INFO | Test Error: 
 Accuracy: 55.7%, Avg loss: 1.224791 

2026-02-21 23:52:05,038 | INFO | Epoch 26
-------------------------------
2026-02-21 23:52:05,040 | INFO | loss: 1.265762  [   64/60000]
2026-02-21 23:52:05,198 | INFO | loss: 1.316303  [ 6464/60000]
2026-02-21 23:52:05,360 | INFO | loss: 1.067865  [12864/60000]
2026-02-21 23:52:05,521 | INFO | loss: 1.202240  [19264/60000]
2026-02-21 23:52:05,675 | INFO | loss: 1.231036  [25664/60000]
2026-02-21 23:52:05,829 | INFO | loss: 1.157455  [32064/60000]
2026-02-21 23:52:05,984 | INFO | loss: 1.346452  [38464/60000]
2026-02-21 23:52:06,138 | INFO | loss: 1.234720  [44864/60000]
2026-02-21 23:52:06,293 | INFO | loss: 1.227459  [51264/60000]
2026-02-21 23:52:06,445 | INFO | loss: 1.238433  [57664/60000]
2026-02-21 23:52:06,710 | INFO | Test Error: 
 Accuracy: 54.5%, Avg loss: 1.181227 

2026-02-21 23:52:06,711 | INFO | Epoch 27
-------------------------------
2026-02-21 23:52:06,713 | INFO | loss: 1.216495  [   64/60000]
2026-02-21 23:52:06,866 | INFO | loss: 1.268317  [ 6464/60000]
2026-02-21 23:52:07,021 | INFO | loss: 1.015964  [12864/60000]
2026-02-21 23:52:07,173 | INFO | loss: 1.160706  [19264/60000]
2026-02-21 23:52:07,326 | INFO | loss: 1.170027  [25664/60000]
2026-02-21 23:52:07,478 | INFO | loss: 1.100208  [32064/60000]
2026-02-21 23:52:07,631 | INFO | loss: 1.300484  [38464/60000]
2026-02-21 23:52:07,783 | INFO | loss: 1.186773  [44864/60000]
2026-02-21 23:52:07,936 | INFO | loss: 1.192217  [51264/60000]
2026-02-21 23:52:08,088 | INFO | loss: 1.183311  [57664/60000]
2026-02-21 23:52:08,353 | INFO | Test Error: 
 Accuracy: 54.1%, Avg loss: 1.134257 

2026-02-21 23:52:08,353 | INFO | Epoch 28
-------------------------------
2026-02-21 23:52:08,356 | INFO | loss: 1.165360  [   64/60000]
2026-02-21 23:52:08,508 | INFO | loss: 1.215713  [ 6464/60000]
2026-02-21 23:52:08,661 | INFO | loss: 0.960337  [12864/60000]
2026-02-21 23:52:08,853 | INFO | loss: 1.114212  [19264/60000]
2026-02-21 23:52:09,005 | INFO | loss: 1.105683  [25664/60000]
2026-02-21 23:52:09,156 | INFO | loss: 1.038913  [32064/60000]
2026-02-21 23:52:09,308 | INFO | loss: 1.251975  [38464/60000]
2026-02-21 23:52:09,461 | INFO | loss: 1.136521  [44864/60000]
2026-02-21 23:52:09,613 | INFO | loss: 1.157791  [51264/60000]
2026-02-21 23:52:09,765 | INFO | loss: 1.125763  [57664/60000]
2026-02-21 23:52:10,031 | INFO | Test Error: 
 Accuracy: 54.1%, Avg loss: 1.087716 

2026-02-21 23:52:10,032 | INFO | Epoch 29
-------------------------------
2026-02-21 23:52:10,034 | INFO | loss: 1.115077  [   64/60000]
2026-02-21 23:52:10,186 | INFO | loss: 1.163259  [ 6464/60000]
2026-02-21 23:52:10,339 | INFO | loss: 0.908581  [12864/60000]
2026-02-21 23:52:10,491 | INFO | loss: 1.067248  [19264/60000]
2026-02-21 23:52:10,643 | INFO | loss: 1.047329  [25664/60000]
2026-02-21 23:52:10,796 | INFO | loss: 0.984456  [32064/60000]
2026-02-21 23:52:10,949 | INFO | loss: 1.205338  [38464/60000]
2026-02-21 23:52:11,101 | INFO | loss: 1.092115  [44864/60000]
2026-02-21 23:52:11,253 | INFO | loss: 1.121874  [51264/60000]
2026-02-21 23:52:11,405 | INFO | loss: 1.071129  [57664/60000]
2026-02-21 23:52:11,669 | INFO | Test Error: 
 Accuracy: 54.9%, Avg loss: 1.045887 

2026-02-21 23:52:11,670 | INFO | Epoch 30
-------------------------------
2026-02-21 23:52:11,672 | INFO | loss: 1.067743  [   64/60000]
2026-02-21 23:52:11,828 | INFO | loss: 1.116691  [ 6464/60000]
2026-02-21 23:52:11,981 | INFO | loss: 0.865726  [12864/60000]
2026-02-21 23:52:12,133 | INFO | loss: 1.023091  [19264/60000]
2026-02-21 23:52:12,285 | INFO | loss: 0.998596  [25664/60000]
2026-02-21 23:52:12,438 | INFO | loss: 0.941000  [32064/60000]
2026-02-21 23:52:12,590 | INFO | loss: 1.162458  [38464/60000]
2026-02-21 23:52:12,742 | INFO | loss: 1.055526  [44864/60000]
2026-02-21 23:52:12,895 | INFO | loss: 1.084315  [51264/60000]
2026-02-21 23:52:13,047 | INFO | loss: 1.019883  [57664/60000]
2026-02-21 23:52:13,311 | INFO | Test Error: 
 Accuracy: 55.8%, Avg loss: 1.008671 

2026-02-21 23:52:13,311 | INFO | Epoch 31
-------------------------------
2026-02-21 23:52:13,314 | INFO | loss: 1.023508  [   64/60000]
2026-02-21 23:52:13,466 | INFO | loss: 1.075157  [ 6464/60000]
2026-02-21 23:52:13,619 | INFO | loss: 0.828221  [12864/60000]
2026-02-21 23:52:13,771 | INFO | loss: 0.983668  [19264/60000]
2026-02-21 23:52:13,924 | INFO | loss: 0.956794  [25664/60000]
2026-02-21 23:52:14,076 | INFO | loss: 0.905506  [32064/60000]
2026-02-21 23:52:14,228 | INFO | loss: 1.123622  [38464/60000]
2026-02-21 23:52:14,380 | INFO | loss: 1.025615  [44864/60000]
2026-02-21 23:52:14,532 | INFO | loss: 1.047327  [51264/60000]
2026-02-21 23:52:14,684 | INFO | loss: 0.973969  [57664/60000]
2026-02-21 23:52:14,949 | INFO | Test Error: 
 Accuracy: 56.8%, Avg loss: 0.975495 

2026-02-21 23:52:14,949 | INFO | Epoch 32
-------------------------------
2026-02-21 23:52:14,952 | INFO | loss: 0.982811  [   64/60000]
2026-02-21 23:52:15,103 | INFO | loss: 1.036422  [ 6464/60000]
2026-02-21 23:52:15,255 | INFO | loss: 0.794282  [12864/60000]
2026-02-21 23:52:15,408 | INFO | loss: 0.949720  [19264/60000]
2026-02-21 23:52:15,566 | INFO | loss: 0.919805  [25664/60000]
2026-02-21 23:52:15,723 | INFO | loss: 0.875502  [32064/60000]
2026-02-21 23:52:15,881 | INFO | loss: 1.088636  [38464/60000]
2026-02-21 23:52:16,039 | INFO | loss: 0.999104  [44864/60000]
2026-02-21 23:52:16,197 | INFO | loss: 1.011161  [51264/60000]
2026-02-21 23:52:16,350 | INFO | loss: 0.934430  [57664/60000]
2026-02-21 23:52:16,614 | INFO | Test Error: 
 Accuracy: 58.4%, Avg loss: 0.945200 

2026-02-21 23:52:16,615 | INFO | Epoch 33
-------------------------------
2026-02-21 23:52:16,617 | INFO | loss: 0.942220  [   64/60000]
2026-02-21 23:52:16,769 | INFO | loss: 0.999988  [ 6464/60000]
2026-02-21 23:52:16,922 | INFO | loss: 0.760975  [12864/60000]
2026-02-21 23:52:17,073 | INFO | loss: 0.920317  [19264/60000]
2026-02-21 23:52:17,226 | INFO | loss: 0.884433  [25664/60000]
2026-02-21 23:52:17,378 | INFO | loss: 0.850369  [32064/60000]
2026-02-21 23:52:17,531 | INFO | loss: 1.054372  [38464/60000]
2026-02-21 23:52:17,682 | INFO | loss: 0.975238  [44864/60000]
2026-02-21 23:52:17,835 | INFO | loss: 0.978151  [51264/60000]
2026-02-21 23:52:17,988 | INFO | loss: 0.900284  [57664/60000]
2026-02-21 23:52:18,252 | INFO | Test Error: 
 Accuracy: 61.5%, Avg loss: 0.916778 

2026-02-21 23:52:18,252 | INFO | Epoch 34
-------------------------------
2026-02-21 23:52:18,255 | INFO | loss: 0.902095  [   64/60000]
2026-02-21 23:52:18,407 | INFO | loss: 0.965594  [ 6464/60000]
2026-02-21 23:52:18,559 | INFO | loss: 0.727857  [12864/60000]
2026-02-21 23:52:18,711 | INFO | loss: 0.895288  [19264/60000]
2026-02-21 23:52:18,863 | INFO | loss: 0.852922  [25664/60000]
2026-02-21 23:52:19,015 | INFO | loss: 0.827591  [32064/60000]
2026-02-21 23:52:19,168 | INFO | loss: 1.020182  [38464/60000]
2026-02-21 23:52:19,320 | INFO | loss: 0.951836  [44864/60000]
2026-02-21 23:52:19,472 | INFO | loss: 0.947781  [51264/60000]
2026-02-21 23:52:19,624 | INFO | loss: 0.863836  [57664/60000]
2026-02-21 23:52:19,889 | INFO | Test Error: 
 Accuracy: 65.0%, Avg loss: 0.890184 

2026-02-21 23:52:19,889 | INFO | Epoch 35
-------------------------------
2026-02-21 23:52:19,892 | INFO | loss: 0.866611  [   64/60000]
2026-02-21 23:52:20,044 | INFO | loss: 0.933797  [ 6464/60000]
2026-02-21 23:52:20,196 | INFO | loss: 0.697319  [12864/60000]
2026-02-21 23:52:20,349 | INFO | loss: 0.870826  [19264/60000]
2026-02-21 23:52:20,500 | INFO | loss: 0.827583  [25664/60000]
2026-02-21 23:52:20,653 | INFO | loss: 0.806394  [32064/60000]
2026-02-21 23:52:20,804 | INFO | loss: 0.986756  [38464/60000]
2026-02-21 23:52:20,960 | INFO | loss: 0.928663  [44864/60000]
2026-02-21 23:52:21,115 | INFO | loss: 0.921792  [51264/60000]
2026-02-21 23:52:21,268 | INFO | loss: 0.828860  [57664/60000]
2026-02-21 23:52:21,532 | INFO | Test Error: 
 Accuracy: 67.0%, Avg loss: 0.865504 

2026-02-21 23:52:21,533 | INFO | Epoch 36
-------------------------------
2026-02-21 23:52:21,535 | INFO | loss: 0.833731  [   64/60000]
2026-02-21 23:52:21,687 | INFO | loss: 0.903111  [ 6464/60000]
2026-02-21 23:52:21,839 | INFO | loss: 0.669868  [12864/60000]
2026-02-21 23:52:21,991 | INFO | loss: 0.844513  [19264/60000]
2026-02-21 23:52:22,143 | INFO | loss: 0.807160  [25664/60000]
2026-02-21 23:52:22,295 | INFO | loss: 0.787759  [32064/60000]
2026-02-21 23:52:22,447 | INFO | loss: 0.954785  [38464/60000]
2026-02-21 23:52:22,599 | INFO | loss: 0.903092  [44864/60000]
2026-02-21 23:52:22,750 | INFO | loss: 0.898337  [51264/60000]
2026-02-21 23:52:22,903 | INFO | loss: 0.797421  [57664/60000]
2026-02-21 23:52:23,168 | INFO | Test Error: 
 Accuracy: 68.2%, Avg loss: 0.842557 

2026-02-21 23:52:23,168 | INFO | Epoch 37
-------------------------------
2026-02-21 23:52:23,170 | INFO | loss: 0.803308  [   64/60000]
2026-02-21 23:52:23,322 | INFO | loss: 0.874501  [ 6464/60000]
2026-02-21 23:52:23,475 | INFO | loss: 0.643857  [12864/60000]
2026-02-21 23:52:23,627 | INFO | loss: 0.819253  [19264/60000]
2026-02-21 23:52:23,779 | INFO | loss: 0.788806  [25664/60000]
2026-02-21 23:52:23,931 | INFO | loss: 0.768827  [32064/60000]
2026-02-21 23:52:24,083 | INFO | loss: 0.921946  [38464/60000]
2026-02-21 23:52:24,235 | INFO | loss: 0.876663  [44864/60000]
2026-02-21 23:52:24,387 | INFO | loss: 0.874069  [51264/60000]
2026-02-21 23:52:24,539 | INFO | loss: 0.765884  [57664/60000]
2026-02-21 23:52:24,803 | INFO | Test Error: 
 Accuracy: 69.1%, Avg loss: 0.820197 

2026-02-21 23:52:24,803 | INFO | Epoch 38
-------------------------------
2026-02-21 23:52:24,806 | INFO | loss: 0.774410  [   64/60000]
2026-02-21 23:52:24,960 | INFO | loss: 0.850356  [ 6464/60000]
2026-02-21 23:52:25,113 | INFO | loss: 0.619877  [12864/60000]
2026-02-21 23:52:25,267 | INFO | loss: 0.796628  [19264/60000]
2026-02-21 23:52:25,420 | INFO | loss: 0.772289  [25664/60000]
2026-02-21 23:52:25,573 | INFO | loss: 0.750171  [32064/60000]
2026-02-21 23:52:25,725 | INFO | loss: 0.889173  [38464/60000]
2026-02-21 23:52:25,878 | INFO | loss: 0.852688  [44864/60000]
2026-02-21 23:52:26,030 | INFO | loss: 0.846436  [51264/60000]
2026-02-21 23:52:26,183 | INFO | loss: 0.736195  [57664/60000]
2026-02-21 23:52:26,447 | INFO | Test Error: 
 Accuracy: 69.9%, Avg loss: 0.798804 

2026-02-21 23:52:26,448 | INFO | Epoch 39
-------------------------------
2026-02-21 23:52:26,450 | INFO | loss: 0.743534  [   64/60000]
2026-02-21 23:52:26,602 | INFO | loss: 0.828426  [ 6464/60000]
2026-02-21 23:52:26,754 | INFO | loss: 0.597501  [12864/60000]
2026-02-21 23:52:26,908 | INFO | loss: 0.776447  [19264/60000]
2026-02-21 23:52:27,066 | INFO | loss: 0.758859  [25664/60000]
2026-02-21 23:52:27,225 | INFO | loss: 0.730287  [32064/60000]
2026-02-21 23:52:27,383 | INFO | loss: 0.858074  [38464/60000]
2026-02-21 23:52:27,541 | INFO | loss: 0.827339  [44864/60000]
2026-02-21 23:52:27,698 | INFO | loss: 0.823952  [51264/60000]
2026-02-21 23:52:27,850 | INFO | loss: 0.710419  [57664/60000]
2026-02-21 23:52:28,114 | INFO | Test Error: 
 Accuracy: 70.8%, Avg loss: 0.778844 

2026-02-21 23:52:28,115 | INFO | Epoch 40
-------------------------------
2026-02-21 23:52:28,117 | INFO | loss: 0.712740  [   64/60000]
2026-02-21 23:52:28,270 | INFO | loss: 0.808215  [ 6464/60000]
2026-02-21 23:52:28,428 | INFO | loss: 0.576099  [12864/60000]
2026-02-21 23:52:28,582 | INFO | loss: 0.759252  [19264/60000]
2026-02-21 23:52:28,737 | INFO | loss: 0.750230  [25664/60000]
2026-02-21 23:52:28,891 | INFO | loss: 0.712502  [32064/60000]
2026-02-21 23:52:29,048 | INFO | loss: 0.830508  [38464/60000]
2026-02-21 23:52:29,208 | INFO | loss: 0.807377  [44864/60000]
2026-02-21 23:52:29,362 | INFO | loss: 0.804066  [51264/60000]
2026-02-21 23:52:29,515 | INFO | loss: 0.691770  [57664/60000]
2026-02-21 23:52:29,779 | INFO | Test Error: 
 Accuracy: 71.6%, Avg loss: 0.761256 

2026-02-21 23:52:29,780 | INFO | Epoch 41
-------------------------------
2026-02-21 23:52:29,782 | INFO | loss: 0.685158  [   64/60000]
2026-02-21 23:52:29,935 | INFO | loss: 0.789231  [ 6464/60000]
2026-02-21 23:52:30,088 | INFO | loss: 0.556487  [12864/60000]
2026-02-21 23:52:30,245 | INFO | loss: 0.744847  [19264/60000]
2026-02-21 23:52:30,397 | INFO | loss: 0.742543  [25664/60000]
2026-02-21 23:52:30,549 | INFO | loss: 0.697953  [32064/60000]
2026-02-21 23:52:30,702 | INFO | loss: 0.807163  [38464/60000]
2026-02-21 23:52:30,853 | INFO | loss: 0.792105  [44864/60000]
2026-02-21 23:52:31,006 | INFO | loss: 0.786913  [51264/60000]
2026-02-21 23:52:31,158 | INFO | loss: 0.677095  [57664/60000]
2026-02-21 23:52:31,423 | INFO | Test Error: 
 Accuracy: 72.3%, Avg loss: 0.745742 

2026-02-21 23:52:31,423 | INFO | Epoch 42
-------------------------------
2026-02-21 23:52:31,425 | INFO | loss: 0.661062  [   64/60000]
2026-02-21 23:52:31,578 | INFO | loss: 0.773464  [ 6464/60000]
2026-02-21 23:52:31,731 | INFO | loss: 0.538976  [12864/60000]
2026-02-21 23:52:31,883 | INFO | loss: 0.731734  [19264/60000]
2026-02-21 23:52:32,035 | INFO | loss: 0.737675  [25664/60000]
2026-02-21 23:52:32,188 | INFO | loss: 0.685590  [32064/60000]
2026-02-21 23:52:32,341 | INFO | loss: 0.784931  [38464/60000]
2026-02-21 23:52:32,493 | INFO | loss: 0.779226  [44864/60000]
2026-02-21 23:52:32,645 | INFO | loss: 0.771903  [51264/60000]
2026-02-21 23:52:32,797 | INFO | loss: 0.664923  [57664/60000]
2026-02-21 23:52:33,062 | INFO | Test Error: 
 Accuracy: 72.9%, Avg loss: 0.731804 

2026-02-21 23:52:33,062 | INFO | Epoch 43
-------------------------------
2026-02-21 23:52:33,065 | INFO | loss: 0.640292  [   64/60000]
2026-02-21 23:52:33,217 | INFO | loss: 0.760553  [ 6464/60000]
2026-02-21 23:52:33,369 | INFO | loss: 0.523366  [12864/60000]
2026-02-21 23:52:33,522 | INFO | loss: 0.721271  [19264/60000]
2026-02-21 23:52:33,675 | INFO | loss: 0.735941  [25664/60000]
2026-02-21 23:52:33,827 | INFO | loss: 0.674713  [32064/60000]
2026-02-21 23:52:33,980 | INFO | loss: 0.765214  [38464/60000]
2026-02-21 23:52:34,132 | INFO | loss: 0.767791  [44864/60000]
2026-02-21 23:52:34,284 | INFO | loss: 0.758609  [51264/60000]
2026-02-21 23:52:34,436 | INFO | loss: 0.654942  [57664/60000]
2026-02-21 23:52:34,700 | INFO | Test Error: 
 Accuracy: 73.4%, Avg loss: 0.719136 

2026-02-21 23:52:34,700 | INFO | Epoch 44
-------------------------------
2026-02-21 23:52:34,702 | INFO | loss: 0.621885  [   64/60000]
2026-02-21 23:52:34,891 | INFO | loss: 0.748935  [ 6464/60000]
2026-02-21 23:52:35,044 | INFO | loss: 0.508645  [12864/60000]
2026-02-21 23:52:35,196 | INFO | loss: 0.712493  [19264/60000]
2026-02-21 23:52:35,348 | INFO | loss: 0.736734  [25664/60000]
2026-02-21 23:52:35,502 | INFO | loss: 0.664915  [32064/60000]
2026-02-21 23:52:35,656 | INFO | loss: 0.747361  [38464/60000]
2026-02-21 23:52:35,808 | INFO | loss: 0.757770  [44864/60000]
2026-02-21 23:52:35,960 | INFO | loss: 0.747486  [51264/60000]
2026-02-21 23:52:36,113 | INFO | loss: 0.646201  [57664/60000]
2026-02-21 23:52:36,378 | INFO | Test Error: 
 Accuracy: 73.9%, Avg loss: 0.707651 

2026-02-21 23:52:36,378 | INFO | Epoch 45
-------------------------------
2026-02-21 23:52:36,380 | INFO | loss: 0.605451  [   64/60000]
2026-02-21 23:52:36,537 | INFO | loss: 0.738287  [ 6464/60000]
2026-02-21 23:52:36,690 | INFO | loss: 0.496368  [12864/60000]
2026-02-21 23:52:36,842 | INFO | loss: 0.703238  [19264/60000]
2026-02-21 23:52:36,994 | INFO | loss: 0.739673  [25664/60000]
2026-02-21 23:52:37,146 | INFO | loss: 0.656681  [32064/60000]
2026-02-21 23:52:37,299 | INFO | loss: 0.731462  [38464/60000]
2026-02-21 23:52:37,452 | INFO | loss: 0.748392  [44864/60000]
2026-02-21 23:52:37,604 | INFO | loss: 0.738096  [51264/60000]
2026-02-21 23:52:37,756 | INFO | loss: 0.637771  [57664/60000]
2026-02-21 23:52:38,022 | INFO | Test Error: 
 Accuracy: 74.2%, Avg loss: 0.697350 

2026-02-21 23:52:38,022 | INFO | Epoch 46
-------------------------------
2026-02-21 23:52:38,024 | INFO | loss: 0.590998  [   64/60000]
2026-02-21 23:52:38,177 | INFO | loss: 0.729067  [ 6464/60000]
2026-02-21 23:52:38,333 | INFO | loss: 0.485531  [12864/60000]
2026-02-21 23:52:38,490 | INFO | loss: 0.694090  [19264/60000]
2026-02-21 23:52:38,648 | INFO | loss: 0.744070  [25664/60000]
2026-02-21 23:52:38,804 | INFO | loss: 0.649424  [32064/60000]
2026-02-21 23:52:38,962 | INFO | loss: 0.717653  [38464/60000]
2026-02-21 23:52:39,119 | INFO | loss: 0.740003  [44864/60000]
2026-02-21 23:52:39,274 | INFO | loss: 0.730376  [51264/60000]
2026-02-21 23:52:39,426 | INFO | loss: 0.629875  [57664/60000]
2026-02-21 23:52:39,690 | INFO | Test Error: 
 Accuracy: 74.6%, Avg loss: 0.688081 

2026-02-21 23:52:39,691 | INFO | Epoch 47
-------------------------------
2026-02-21 23:52:39,693 | INFO | loss: 0.578289  [   64/60000]
2026-02-21 23:52:39,845 | INFO | loss: 0.721165  [ 6464/60000]
2026-02-21 23:52:39,998 | INFO | loss: 0.475691  [12864/60000]
2026-02-21 23:52:40,150 | INFO | loss: 0.685021  [19264/60000]
2026-02-21 23:52:40,302 | INFO | loss: 0.748785  [25664/60000]
2026-02-21 23:52:40,454 | INFO | loss: 0.643021  [32064/60000]
2026-02-21 23:52:40,606 | INFO | loss: 0.704957  [38464/60000]
2026-02-21 23:52:40,758 | INFO | loss: 0.732588  [44864/60000]
2026-02-21 23:52:40,911 | INFO | loss: 0.724333  [51264/60000]
2026-02-21 23:52:41,063 | INFO | loss: 0.622698  [57664/60000]
2026-02-21 23:52:41,327 | INFO | Test Error: 
 Accuracy: 75.0%, Avg loss: 0.679703 

2026-02-21 23:52:41,327 | INFO | Epoch 48
-------------------------------
2026-02-21 23:52:41,330 | INFO | loss: 0.567238  [   64/60000]
2026-02-21 23:52:41,482 | INFO | loss: 0.713266  [ 6464/60000]
2026-02-21 23:52:41,634 | INFO | loss: 0.466936  [12864/60000]
2026-02-21 23:52:41,786 | INFO | loss: 0.676074  [19264/60000]
2026-02-21 23:52:41,939 | INFO | loss: 0.753513  [25664/60000]
2026-02-21 23:52:42,091 | INFO | loss: 0.637523  [32064/60000]
2026-02-21 23:52:42,243 | INFO | loss: 0.693587  [38464/60000]
2026-02-21 23:52:42,396 | INFO | loss: 0.726042  [44864/60000]
2026-02-21 23:52:42,547 | INFO | loss: 0.719797  [51264/60000]
2026-02-21 23:52:42,700 | INFO | loss: 0.615919  [57664/60000]
2026-02-21 23:52:42,964 | INFO | Test Error: 
 Accuracy: 75.3%, Avg loss: 0.672094 

2026-02-21 23:52:42,964 | INFO | Epoch 49
-------------------------------
2026-02-21 23:52:42,967 | INFO | loss: 0.557603  [   64/60000]
2026-02-21 23:52:43,119 | INFO | loss: 0.705536  [ 6464/60000]
2026-02-21 23:52:43,271 | INFO | loss: 0.458931  [12864/60000]
2026-02-21 23:52:43,424 | INFO | loss: 0.667296  [19264/60000]
2026-02-21 23:52:43,576 | INFO | loss: 0.758008  [25664/60000]
2026-02-21 23:52:43,728 | INFO | loss: 0.632463  [32064/60000]
2026-02-21 23:52:43,880 | INFO | loss: 0.683302  [38464/60000]
2026-02-21 23:52:44,032 | INFO | loss: 0.720230  [44864/60000]
2026-02-21 23:52:44,184 | INFO | loss: 0.715925  [51264/60000]
2026-02-21 23:52:44,337 | INFO | loss: 0.609569  [57664/60000]
2026-02-21 23:52:44,601 | INFO | Test Error: 
 Accuracy: 75.6%, Avg loss: 0.665178 

2026-02-21 23:52:44,601 | INFO | Epoch 50
-------------------------------
2026-02-21 23:52:44,604 | INFO | loss: 0.549110  [   64/60000]
2026-02-21 23:52:44,756 | INFO | loss: 0.698086  [ 6464/60000]
2026-02-21 23:52:44,908 | INFO | loss: 0.451590  [12864/60000]
2026-02-21 23:52:45,060 | INFO | loss: 0.658554  [19264/60000]
2026-02-21 23:52:45,212 | INFO | loss: 0.762161  [25664/60000]
2026-02-21 23:52:45,364 | INFO | loss: 0.628093  [32064/60000]
2026-02-21 23:52:45,520 | INFO | loss: 0.673890  [38464/60000]
2026-02-21 23:52:45,672 | INFO | loss: 0.714856  [44864/60000]
2026-02-21 23:52:45,824 | INFO | loss: 0.712778  [51264/60000]
2026-02-21 23:52:45,976 | INFO | loss: 0.603706  [57664/60000]
2026-02-21 23:52:46,241 | INFO | Test Error: 
 Accuracy: 75.8%, Avg loss: 0.658842 

2026-02-21 23:52:46,241 | INFO | Epoch 51
-------------------------------
2026-02-21 23:52:46,244 | INFO | loss: 0.541611  [   64/60000]
2026-02-21 23:52:46,396 | INFO | loss: 0.690937  [ 6464/60000]
2026-02-21 23:52:46,548 | INFO | loss: 0.444919  [12864/60000]
2026-02-21 23:52:46,700 | INFO | loss: 0.650074  [19264/60000]
2026-02-21 23:52:46,852 | INFO | loss: 0.765563  [25664/60000]
2026-02-21 23:52:47,004 | INFO | loss: 0.623876  [32064/60000]
2026-02-21 23:52:47,156 | INFO | loss: 0.665347  [38464/60000]
2026-02-21 23:52:47,307 | INFO | loss: 0.710028  [44864/60000]
2026-02-21 23:52:47,460 | INFO | loss: 0.710536  [51264/60000]
2026-02-21 23:52:47,612 | INFO | loss: 0.598040  [57664/60000]
2026-02-21 23:52:47,876 | INFO | Test Error: 
 Accuracy: 76.1%, Avg loss: 0.653030 

2026-02-21 23:52:47,876 | INFO | Epoch 52
-------------------------------
2026-02-21 23:52:47,879 | INFO | loss: 0.534672  [   64/60000]
2026-02-21 23:52:48,030 | INFO | loss: 0.684181  [ 6464/60000]
2026-02-21 23:52:48,183 | INFO | loss: 0.438721  [12864/60000]
2026-02-21 23:52:48,335 | INFO | loss: 0.641828  [19264/60000]
2026-02-21 23:52:48,487 | INFO | loss: 0.768942  [25664/60000]
2026-02-21 23:52:48,639 | INFO | loss: 0.619925  [32064/60000]
2026-02-21 23:52:48,791 | INFO | loss: 0.657587  [38464/60000]
2026-02-21 23:52:48,944 | INFO | loss: 0.705586  [44864/60000]
2026-02-21 23:52:49,096 | INFO | loss: 0.708735  [51264/60000]
2026-02-21 23:52:49,248 | INFO | loss: 0.592543  [57664/60000]
2026-02-21 23:52:49,515 | INFO | Test Error: 
 Accuracy: 76.3%, Avg loss: 0.647660 

2026-02-21 23:52:49,515 | INFO | Epoch 53
-------------------------------
2026-02-21 23:52:49,518 | INFO | loss: 0.528455  [   64/60000]
2026-02-21 23:52:49,676 | INFO | loss: 0.677664  [ 6464/60000]
2026-02-21 23:52:49,833 | INFO | loss: 0.432944  [12864/60000]
2026-02-21 23:52:49,991 | INFO | loss: 0.633937  [19264/60000]
2026-02-21 23:52:50,149 | INFO | loss: 0.771630  [25664/60000]
2026-02-21 23:52:50,303 | INFO | loss: 0.616354  [32064/60000]
2026-02-21 23:52:50,456 | INFO | loss: 0.650969  [38464/60000]
2026-02-21 23:52:50,608 | INFO | loss: 0.701580  [44864/60000]
2026-02-21 23:52:50,760 | INFO | loss: 0.707419  [51264/60000]
2026-02-21 23:52:50,912 | INFO | loss: 0.587210  [57664/60000]
2026-02-21 23:52:51,176 | INFO | Test Error: 
 Accuracy: 76.4%, Avg loss: 0.642697 

2026-02-21 23:52:51,176 | INFO | Epoch 54
-------------------------------
2026-02-21 23:52:51,179 | INFO | loss: 0.522701  [   64/60000]
2026-02-21 23:52:51,331 | INFO | loss: 0.671376  [ 6464/60000]
2026-02-21 23:52:51,483 | INFO | loss: 0.427568  [12864/60000]
2026-02-21 23:52:51,635 | INFO | loss: 0.626243  [19264/60000]
2026-02-21 23:52:51,787 | INFO | loss: 0.773609  [25664/60000]
2026-02-21 23:52:51,939 | INFO | loss: 0.612877  [32064/60000]
2026-02-21 23:52:52,091 | INFO | loss: 0.644493  [38464/60000]
2026-02-21 23:52:52,247 | INFO | loss: 0.698063  [44864/60000]
2026-02-21 23:52:52,399 | INFO | loss: 0.706626  [51264/60000]
2026-02-21 23:52:52,551 | INFO | loss: 0.582047  [57664/60000]
2026-02-21 23:52:52,816 | INFO | Test Error: 
 Accuracy: 76.7%, Avg loss: 0.638064 

2026-02-21 23:52:52,816 | INFO | Epoch 55
-------------------------------
2026-02-21 23:52:52,819 | INFO | loss: 0.517374  [   64/60000]
2026-02-21 23:52:52,971 | INFO | loss: 0.664990  [ 6464/60000]
2026-02-21 23:52:53,123 | INFO | loss: 0.422430  [12864/60000]
2026-02-21 23:52:53,275 | INFO | loss: 0.618982  [19264/60000]
2026-02-21 23:52:53,428 | INFO | loss: 0.775595  [25664/60000]
2026-02-21 23:52:53,579 | INFO | loss: 0.609657  [32064/60000]
2026-02-21 23:52:53,731 | INFO | loss: 0.638612  [38464/60000]
2026-02-21 23:52:53,883 | INFO | loss: 0.694790  [44864/60000]
2026-02-21 23:52:54,035 | INFO | loss: 0.706045  [51264/60000]
2026-02-21 23:52:54,187 | INFO | loss: 0.577069  [57664/60000]
2026-02-21 23:52:54,451 | INFO | Test Error: 
 Accuracy: 76.9%, Avg loss: 0.633749 

2026-02-21 23:52:54,452 | INFO | Epoch 56
-------------------------------
2026-02-21 23:52:54,454 | INFO | loss: 0.512634  [   64/60000]
2026-02-21 23:52:54,606 | INFO | loss: 0.658811  [ 6464/60000]
2026-02-21 23:52:54,758 | INFO | loss: 0.417780  [12864/60000]
2026-02-21 23:52:54,910 | INFO | loss: 0.612075  [19264/60000]
2026-02-21 23:52:55,062 | INFO | loss: 0.777285  [25664/60000]
2026-02-21 23:52:55,214 | INFO | loss: 0.606383  [32064/60000]
2026-02-21 23:52:55,366 | INFO | loss: 0.633026  [38464/60000]
2026-02-21 23:52:55,518 | INFO | loss: 0.691840  [44864/60000]
2026-02-21 23:52:55,670 | INFO | loss: 0.705430  [51264/60000]
2026-02-21 23:52:55,822 | INFO | loss: 0.572238  [57664/60000]
2026-02-21 23:52:56,086 | INFO | Test Error: 
 Accuracy: 77.1%, Avg loss: 0.629702 

2026-02-21 23:52:56,086 | INFO | Epoch 57
-------------------------------
2026-02-21 23:52:56,089 | INFO | loss: 0.508336  [   64/60000]
2026-02-21 23:52:56,240 | INFO | loss: 0.652735  [ 6464/60000]
2026-02-21 23:52:56,394 | INFO | loss: 0.413448  [12864/60000]
2026-02-21 23:52:56,545 | INFO | loss: 0.605382  [19264/60000]
2026-02-21 23:52:56,697 | INFO | loss: 0.778104  [25664/60000]
2026-02-21 23:52:56,849 | INFO | loss: 0.603349  [32064/60000]
2026-02-21 23:52:57,001 | INFO | loss: 0.627879  [38464/60000]
2026-02-21 23:52:57,153 | INFO | loss: 0.689089  [44864/60000]
2026-02-21 23:52:57,304 | INFO | loss: 0.705071  [51264/60000]
2026-02-21 23:52:57,457 | INFO | loss: 0.567653  [57664/60000]
2026-02-21 23:52:57,721 | INFO | Test Error: 
 Accuracy: 77.2%, Avg loss: 0.625920 

2026-02-21 23:52:57,721 | INFO | Epoch 58
-------------------------------
2026-02-21 23:52:57,724 | INFO | loss: 0.504591  [   64/60000]
2026-02-21 23:52:57,875 | INFO | loss: 0.646968  [ 6464/60000]
2026-02-21 23:52:58,027 | INFO | loss: 0.409564  [12864/60000]
2026-02-21 23:52:58,179 | INFO | loss: 0.599310  [19264/60000]
2026-02-21 23:52:58,331 | INFO | loss: 0.778314  [25664/60000]
2026-02-21 23:52:58,524 | INFO | loss: 0.600521  [32064/60000]
2026-02-21 23:52:58,676 | INFO | loss: 0.623256  [38464/60000]
2026-02-21 23:52:58,827 | INFO | loss: 0.686840  [44864/60000]
2026-02-21 23:52:58,979 | INFO | loss: 0.704466  [51264/60000]
2026-02-21 23:52:59,132 | INFO | loss: 0.562990  [57664/60000]
2026-02-21 23:52:59,400 | INFO | Test Error: 
 Accuracy: 77.3%, Avg loss: 0.622358 

2026-02-21 23:52:59,401 | INFO | Epoch 59
-------------------------------
2026-02-21 23:52:59,403 | INFO | loss: 0.500984  [   64/60000]
2026-02-21 23:52:59,555 | INFO | loss: 0.641499  [ 6464/60000]
2026-02-21 23:52:59,707 | INFO | loss: 0.405880  [12864/60000]
2026-02-21 23:52:59,860 | INFO | loss: 0.593565  [19264/60000]
2026-02-21 23:53:00,012 | INFO | loss: 0.778129  [25664/60000]
2026-02-21 23:53:00,164 | INFO | loss: 0.597656  [32064/60000]
2026-02-21 23:53:00,316 | INFO | loss: 0.618663  [38464/60000]
2026-02-21 23:53:00,469 | INFO | loss: 0.684724  [44864/60000]
2026-02-21 23:53:00,620 | INFO | loss: 0.703748  [51264/60000]
2026-02-21 23:53:00,773 | INFO | loss: 0.558520  [57664/60000]
2026-02-21 23:53:01,041 | INFO | Test Error: 
 Accuracy: 77.5%, Avg loss: 0.619003 

2026-02-21 23:53:01,042 | INFO | Epoch 60
-------------------------------
2026-02-21 23:53:01,044 | INFO | loss: 0.497620  [   64/60000]
2026-02-21 23:53:01,203 | INFO | loss: 0.636043  [ 6464/60000]
2026-02-21 23:53:01,360 | INFO | loss: 0.402366  [12864/60000]
2026-02-21 23:53:01,519 | INFO | loss: 0.588310  [19264/60000]
2026-02-21 23:53:01,676 | INFO | loss: 0.777528  [25664/60000]
2026-02-21 23:53:01,829 | INFO | loss: 0.594867  [32064/60000]
2026-02-21 23:53:01,981 | INFO | loss: 0.614195  [38464/60000]
2026-02-21 23:53:02,133 | INFO | loss: 0.682699  [44864/60000]
2026-02-21 23:53:02,284 | INFO | loss: 0.702807  [51264/60000]
2026-02-21 23:53:02,436 | INFO | loss: 0.554181  [57664/60000]
2026-02-21 23:53:02,701 | INFO | Test Error: 
 Accuracy: 77.6%, Avg loss: 0.615827 

2026-02-21 23:53:02,701 | INFO | Epoch 61
-------------------------------
2026-02-21 23:53:02,704 | INFO | loss: 0.494552  [   64/60000]
2026-02-21 23:53:02,856 | INFO | loss: 0.630701  [ 6464/60000]
2026-02-21 23:53:03,008 | INFO | loss: 0.399195  [12864/60000]
2026-02-21 23:53:03,160 | INFO | loss: 0.583341  [19264/60000]
2026-02-21 23:53:03,381 | INFO | loss: 0.776479  [25664/60000]
2026-02-21 23:53:03,563 | INFO | loss: 0.592183  [32064/60000]
2026-02-21 23:53:03,729 | INFO | loss: 0.610147  [38464/60000]
2026-02-21 23:53:03,907 | INFO | loss: 0.680917  [44864/60000]
2026-02-21 23:53:04,082 | INFO | loss: 0.702033  [51264/60000]
2026-02-21 23:53:04,238 | INFO | loss: 0.550117  [57664/60000]
2026-02-21 23:53:04,503 | INFO | Test Error: 
 Accuracy: 77.7%, Avg loss: 0.612831 

2026-02-21 23:53:04,503 | INFO | Epoch 62
-------------------------------
2026-02-21 23:53:04,506 | INFO | loss: 0.491472  [   64/60000]
2026-02-21 23:53:04,662 | INFO | loss: 0.625762  [ 6464/60000]
2026-02-21 23:53:04,815 | INFO | loss: 0.396222  [12864/60000]
2026-02-21 23:53:04,969 | INFO | loss: 0.578679  [19264/60000]
2026-02-21 23:53:05,148 | INFO | loss: 0.774809  [25664/60000]
2026-02-21 23:53:05,321 | INFO | loss: 0.589544  [32064/60000]
2026-02-21 23:53:05,475 | INFO | loss: 0.606071  [38464/60000]
2026-02-21 23:53:05,642 | INFO | loss: 0.679350  [44864/60000]
2026-02-21 23:53:05,809 | INFO | loss: 0.701101  [51264/60000]
2026-02-21 23:53:05,967 | INFO | loss: 0.546138  [57664/60000]
2026-02-21 23:53:06,235 | INFO | Test Error: 
 Accuracy: 78.0%, Avg loss: 0.610013 

2026-02-21 23:53:06,236 | INFO | Epoch 63
-------------------------------
2026-02-21 23:53:06,238 | INFO | loss: 0.488520  [   64/60000]
2026-02-21 23:53:06,392 | INFO | loss: 0.620979  [ 6464/60000]
2026-02-21 23:53:06,545 | INFO | loss: 0.393355  [12864/60000]
2026-02-21 23:53:06,697 | INFO | loss: 0.574339  [19264/60000]
2026-02-21 23:53:06,849 | INFO | loss: 0.772800  [25664/60000]
2026-02-21 23:53:07,001 | INFO | loss: 0.586910  [32064/60000]
2026-02-21 23:53:07,153 | INFO | loss: 0.602149  [38464/60000]
2026-02-21 23:53:07,305 | INFO | loss: 0.677673  [44864/60000]
2026-02-21 23:53:07,458 | INFO | loss: 0.700155  [51264/60000]
2026-02-21 23:53:07,610 | INFO | loss: 0.542538  [57664/60000]
2026-02-21 23:53:07,876 | INFO | Test Error: 
 Accuracy: 78.1%, Avg loss: 0.607344 

2026-02-21 23:53:07,876 | INFO | Epoch 64
-------------------------------
2026-02-21 23:53:07,879 | INFO | loss: 0.485386  [   64/60000]
2026-02-21 23:53:08,031 | INFO | loss: 0.616354  [ 6464/60000]
2026-02-21 23:53:08,183 | INFO | loss: 0.390740  [12864/60000]
2026-02-21 23:53:08,339 | INFO | loss: 0.570266  [19264/60000]
2026-02-21 23:53:08,524 | INFO | loss: 0.770556  [25664/60000]
2026-02-21 23:53:08,685 | INFO | loss: 0.584545  [32064/60000]
2026-02-21 23:53:08,839 | INFO | loss: 0.598249  [38464/60000]
2026-02-21 23:53:08,992 | INFO | loss: 0.676137  [44864/60000]
2026-02-21 23:53:09,145 | INFO | loss: 0.698886  [51264/60000]
2026-02-21 23:53:09,298 | INFO | loss: 0.539172  [57664/60000]
2026-02-21 23:53:09,565 | INFO | Test Error: 
 Accuracy: 78.3%, Avg loss: 0.604803 

2026-02-21 23:53:09,565 | INFO | Epoch 65
-------------------------------
2026-02-21 23:53:09,567 | INFO | loss: 0.482382  [   64/60000]
2026-02-21 23:53:09,723 | INFO | loss: 0.611865  [ 6464/60000]
2026-02-21 23:53:09,918 | INFO | loss: 0.388350  [12864/60000]
2026-02-21 23:53:10,077 | INFO | loss: 0.566668  [19264/60000]
2026-02-21 23:53:10,237 | INFO | loss: 0.768191  [25664/60000]
2026-02-21 23:53:10,396 | INFO | loss: 0.582178  [32064/60000]
2026-02-21 23:53:10,550 | INFO | loss: 0.594684  [38464/60000]
2026-02-21 23:53:10,703 | INFO | loss: 0.674736  [44864/60000]
2026-02-21 23:53:10,855 | INFO | loss: 0.697531  [51264/60000]
2026-02-21 23:53:11,008 | INFO | loss: 0.536161  [57664/60000]
2026-02-21 23:53:11,273 | INFO | Test Error: 
 Accuracy: 78.3%, Avg loss: 0.602375 

2026-02-21 23:53:11,274 | INFO | Epoch 66
-------------------------------
2026-02-21 23:53:11,276 | INFO | loss: 0.479572  [   64/60000]
2026-02-21 23:53:11,429 | INFO | loss: 0.607346  [ 6464/60000]
2026-02-21 23:53:11,582 | INFO | loss: 0.385965  [12864/60000]
2026-02-21 23:53:11,735 | INFO | loss: 0.563332  [19264/60000]
2026-02-21 23:53:11,888 | INFO | loss: 0.765501  [25664/60000]
2026-02-21 23:53:12,039 | INFO | loss: 0.579830  [32064/60000]
2026-02-21 23:53:12,192 | INFO | loss: 0.591342  [38464/60000]
2026-02-21 23:53:12,344 | INFO | loss: 0.673403  [44864/60000]
2026-02-21 23:53:12,499 | INFO | loss: 0.696387  [51264/60000]
2026-02-21 23:53:12,658 | INFO | loss: 0.533090  [57664/60000]
2026-02-21 23:53:12,931 | INFO | Test Error: 
 Accuracy: 78.4%, Avg loss: 0.600058 

2026-02-21 23:53:12,932 | INFO | Epoch 67
-------------------------------
2026-02-21 23:53:12,934 | INFO | loss: 0.476883  [   64/60000]
2026-02-21 23:53:13,092 | INFO | loss: 0.603032  [ 6464/60000]
2026-02-21 23:53:13,248 | INFO | loss: 0.383600  [12864/60000]
2026-02-21 23:53:13,400 | INFO | loss: 0.560179  [19264/60000]
2026-02-21 23:53:13,552 | INFO | loss: 0.762897  [25664/60000]
2026-02-21 23:53:13,704 | INFO | loss: 0.577622  [32064/60000]
2026-02-21 23:53:13,856 | INFO | loss: 0.588066  [38464/60000]
2026-02-21 23:53:14,008 | INFO | loss: 0.672123  [44864/60000]
2026-02-21 23:53:14,161 | INFO | loss: 0.695393  [51264/60000]
2026-02-21 23:53:14,314 | INFO | loss: 0.530110  [57664/60000]
2026-02-21 23:53:14,579 | INFO | Test Error: 
 Accuracy: 78.4%, Avg loss: 0.597840 

2026-02-21 23:53:14,580 | INFO | Epoch 68
-------------------------------
2026-02-21 23:53:14,582 | INFO | loss: 0.474229  [   64/60000]
2026-02-21 23:53:14,735 | INFO | loss: 0.598988  [ 6464/60000]
2026-02-21 23:53:14,887 | INFO | loss: 0.381310  [12864/60000]
2026-02-21 23:53:15,039 | INFO | loss: 0.557141  [19264/60000]
2026-02-21 23:53:15,192 | INFO | loss: 0.759877  [25664/60000]
2026-02-21 23:53:15,344 | INFO | loss: 0.575469  [32064/60000]
2026-02-21 23:53:15,496 | INFO | loss: 0.584781  [38464/60000]
2026-02-21 23:53:15,652 | INFO | loss: 0.671010  [44864/60000]
2026-02-21 23:53:15,804 | INFO | loss: 0.694392  [51264/60000]
2026-02-21 23:53:15,956 | INFO | loss: 0.527142  [57664/60000]
2026-02-21 23:53:16,220 | INFO | Test Error: 
 Accuracy: 78.5%, Avg loss: 0.595686 

2026-02-21 23:53:16,221 | INFO | Epoch 69
-------------------------------
2026-02-21 23:53:16,223 | INFO | loss: 0.471653  [   64/60000]
2026-02-21 23:53:16,375 | INFO | loss: 0.595002  [ 6464/60000]
2026-02-21 23:53:16,527 | INFO | loss: 0.379077  [12864/60000]
2026-02-21 23:53:16,679 | INFO | loss: 0.554206  [19264/60000]
2026-02-21 23:53:16,831 | INFO | loss: 0.757066  [25664/60000]
2026-02-21 23:53:16,984 | INFO | loss: 0.573289  [32064/60000]
2026-02-21 23:53:17,135 | INFO | loss: 0.581470  [38464/60000]
2026-02-21 23:53:17,287 | INFO | loss: 0.670004  [44864/60000]
2026-02-21 23:53:17,440 | INFO | loss: 0.693339  [51264/60000]
2026-02-21 23:53:17,591 | INFO | loss: 0.524333  [57664/60000]
2026-02-21 23:53:17,856 | INFO | Test Error: 
 Accuracy: 78.6%, Avg loss: 0.593614 

2026-02-21 23:53:17,856 | INFO | Epoch 70
-------------------------------
2026-02-21 23:53:17,858 | INFO | loss: 0.468973  [   64/60000]
2026-02-21 23:53:18,029 | INFO | loss: 0.591117  [ 6464/60000]
2026-02-21 23:53:18,181 | INFO | loss: 0.376946  [12864/60000]
2026-02-21 23:53:18,333 | INFO | loss: 0.551268  [19264/60000]
2026-02-21 23:53:18,486 | INFO | loss: 0.754014  [25664/60000]
2026-02-21 23:53:18,656 | INFO | loss: 0.571217  [32064/60000]
2026-02-21 23:53:18,808 | INFO | loss: 0.578247  [38464/60000]
2026-02-21 23:53:18,960 | INFO | loss: 0.669051  [44864/60000]
2026-02-21 23:53:19,112 | INFO | loss: 0.692102  [51264/60000]
2026-02-21 23:53:19,264 | INFO | loss: 0.521648  [57664/60000]
2026-02-21 23:53:19,528 | INFO | Test Error: 
 Accuracy: 78.7%, Avg loss: 0.591610 

2026-02-21 23:53:19,529 | INFO | Epoch 71
-------------------------------
2026-02-21 23:53:19,531 | INFO | loss: 0.466360  [   64/60000]
2026-02-21 23:53:19,683 | INFO | loss: 0.587264  [ 6464/60000]
2026-02-21 23:53:19,836 | INFO | loss: 0.374825  [12864/60000]
2026-02-21 23:53:19,988 | INFO | loss: 0.548519  [19264/60000]
2026-02-21 23:53:20,143 | INFO | loss: 0.750684  [25664/60000]
2026-02-21 23:53:20,296 | INFO | loss: 0.569101  [32064/60000]
2026-02-21 23:53:20,447 | INFO | loss: 0.575007  [38464/60000]
2026-02-21 23:53:20,599 | INFO | loss: 0.668090  [44864/60000]
2026-02-21 23:53:20,752 | INFO | loss: 0.690757  [51264/60000]
2026-02-21 23:53:20,908 | INFO | loss: 0.519146  [57664/60000]
2026-02-21 23:53:21,172 | INFO | Test Error: 
 Accuracy: 78.9%, Avg loss: 0.589653 

2026-02-21 23:53:21,173 | INFO | Epoch 72
-------------------------------
2026-02-21 23:53:21,175 | INFO | loss: 0.463752  [   64/60000]
2026-02-21 23:53:21,327 | INFO | loss: 0.583509  [ 6464/60000]
2026-02-21 23:53:21,479 | INFO | loss: 0.372771  [12864/60000]
2026-02-21 23:53:21,631 | INFO | loss: 0.545788  [19264/60000]
2026-02-21 23:53:21,782 | INFO | loss: 0.747417  [25664/60000]
2026-02-21 23:53:21,935 | INFO | loss: 0.567058  [32064/60000]
2026-02-21 23:53:22,087 | INFO | loss: 0.571848  [38464/60000]
2026-02-21 23:53:22,239 | INFO | loss: 0.667350  [44864/60000]
2026-02-21 23:53:22,391 | INFO | loss: 0.689288  [51264/60000]
2026-02-21 23:53:22,544 | INFO | loss: 0.516584  [57664/60000]
2026-02-21 23:53:22,808 | INFO | Test Error: 
 Accuracy: 79.0%, Avg loss: 0.587724 

2026-02-21 23:53:22,808 | INFO | Epoch 73
-------------------------------
2026-02-21 23:53:22,811 | INFO | loss: 0.461272  [   64/60000]
2026-02-21 23:53:22,963 | INFO | loss: 0.579888  [ 6464/60000]
2026-02-21 23:53:23,115 | INFO | loss: 0.370634  [12864/60000]
2026-02-21 23:53:23,267 | INFO | loss: 0.543249  [19264/60000]
2026-02-21 23:53:23,419 | INFO | loss: 0.743967  [25664/60000]
2026-02-21 23:53:23,571 | INFO | loss: 0.564844  [32064/60000]
2026-02-21 23:53:23,723 | INFO | loss: 0.568912  [38464/60000]
2026-02-21 23:53:23,875 | INFO | loss: 0.666056  [44864/60000]
2026-02-21 23:53:24,033 | INFO | loss: 0.687767  [51264/60000]
2026-02-21 23:53:24,191 | INFO | loss: 0.514062  [57664/60000]
2026-02-21 23:53:24,464 | INFO | Test Error: 
 Accuracy: 79.0%, Avg loss: 0.585822 

2026-02-21 23:53:24,465 | INFO | Epoch 74
-------------------------------
2026-02-21 23:53:24,467 | INFO | loss: 0.458721  [   64/60000]
2026-02-21 23:53:24,625 | INFO | loss: 0.576352  [ 6464/60000]
2026-02-21 23:53:24,779 | INFO | loss: 0.368599  [12864/60000]
2026-02-21 23:53:24,931 | INFO | loss: 0.540838  [19264/60000]
2026-02-21 23:53:25,084 | INFO | loss: 0.740594  [25664/60000]
2026-02-21 23:53:25,236 | INFO | loss: 0.562629  [32064/60000]
2026-02-21 23:53:25,442 | INFO | loss: 0.565695  [38464/60000]
2026-02-21 23:53:25,595 | INFO | loss: 0.664277  [44864/60000]
2026-02-21 23:53:25,747 | INFO | loss: 0.686037  [51264/60000]
2026-02-21 23:53:25,899 | INFO | loss: 0.511666  [57664/60000]
2026-02-21 23:53:26,168 | INFO | Test Error: 
 Accuracy: 79.1%, Avg loss: 0.583948 

2026-02-21 23:53:26,168 | INFO | Epoch 75
-------------------------------
2026-02-21 23:53:26,171 | INFO | loss: 0.456237  [   64/60000]
2026-02-21 23:53:26,323 | INFO | loss: 0.573150  [ 6464/60000]
2026-02-21 23:53:26,476 | INFO | loss: 0.366585  [12864/60000]
2026-02-21 23:53:26,628 | INFO | loss: 0.538540  [19264/60000]
2026-02-21 23:53:26,780 | INFO | loss: 0.737118  [25664/60000]
2026-02-21 23:53:26,932 | INFO | loss: 0.560465  [32064/60000]
2026-02-21 23:53:27,084 | INFO | loss: 0.562525  [38464/60000]
2026-02-21 23:53:27,236 | INFO | loss: 0.662662  [44864/60000]
2026-02-21 23:53:27,388 | INFO | loss: 0.684293  [51264/60000]
2026-02-21 23:53:27,541 | INFO | loss: 0.509277  [57664/60000]
2026-02-21 23:53:27,806 | INFO | Test Error: 
 Accuracy: 79.2%, Avg loss: 0.582082 

2026-02-21 23:53:27,806 | INFO | Epoch 76
-------------------------------
2026-02-21 23:53:27,809 | INFO | loss: 0.453745  [   64/60000]
2026-02-21 23:53:27,961 | INFO | loss: 0.569782  [ 6464/60000]
2026-02-21 23:53:28,114 | INFO | loss: 0.364588  [12864/60000]
2026-02-21 23:53:28,266 | INFO | loss: 0.536402  [19264/60000]
2026-02-21 23:53:28,419 | INFO | loss: 0.733387  [25664/60000]
2026-02-21 23:53:28,571 | INFO | loss: 0.558190  [32064/60000]
2026-02-21 23:53:28,724 | INFO | loss: 0.559105  [38464/60000]
2026-02-21 23:53:28,876 | INFO | loss: 0.661046  [44864/60000]
2026-02-21 23:53:29,028 | INFO | loss: 0.682406  [51264/60000]
2026-02-21 23:53:29,180 | INFO | loss: 0.506774  [57664/60000]
2026-02-21 23:53:29,445 | INFO | Test Error: 
 Accuracy: 79.4%, Avg loss: 0.580227 

2026-02-21 23:53:29,445 | INFO | Epoch 77
-------------------------------
2026-02-21 23:53:29,448 | INFO | loss: 0.451202  [   64/60000]
2026-02-21 23:53:29,600 | INFO | loss: 0.566394  [ 6464/60000]
2026-02-21 23:53:29,752 | INFO | loss: 0.362720  [12864/60000]
2026-02-21 23:53:29,905 | INFO | loss: 0.534150  [19264/60000]
2026-02-21 23:53:30,057 | INFO | loss: 0.729971  [25664/60000]
2026-02-21 23:53:30,209 | INFO | loss: 0.556002  [32064/60000]
2026-02-21 23:53:30,361 | INFO | loss: 0.555504  [38464/60000]
2026-02-21 23:53:30,513 | INFO | loss: 0.659499  [44864/60000]
2026-02-21 23:53:30,669 | INFO | loss: 0.680343  [51264/60000]
2026-02-21 23:53:30,821 | INFO | loss: 0.504305  [57664/60000]
2026-02-21 23:53:31,086 | INFO | Test Error: 
 Accuracy: 79.4%, Avg loss: 0.578372 

2026-02-21 23:53:31,086 | INFO | Epoch 78
-------------------------------
2026-02-21 23:53:31,088 | INFO | loss: 0.448730  [   64/60000]
2026-02-21 23:53:31,240 | INFO | loss: 0.563057  [ 6464/60000]
2026-02-21 23:53:31,393 | INFO | loss: 0.360758  [12864/60000]
2026-02-21 23:53:31,545 | INFO | loss: 0.532246  [19264/60000]
2026-02-21 23:53:31,697 | INFO | loss: 0.726455  [25664/60000]
2026-02-21 23:53:31,849 | INFO | loss: 0.553836  [32064/60000]
2026-02-21 23:53:32,000 | INFO | loss: 0.552470  [38464/60000]
2026-02-21 23:53:32,152 | INFO | loss: 0.657856  [44864/60000]
2026-02-21 23:53:32,304 | INFO | loss: 0.678244  [51264/60000]
2026-02-21 23:53:32,457 | INFO | loss: 0.501936  [57664/60000]
2026-02-21 23:53:32,722 | INFO | Test Error: 
 Accuracy: 79.5%, Avg loss: 0.576519 

2026-02-21 23:53:32,722 | INFO | Epoch 79
-------------------------------
2026-02-21 23:53:32,724 | INFO | loss: 0.446282  [   64/60000]
2026-02-21 23:53:32,876 | INFO | loss: 0.559757  [ 6464/60000]
2026-02-21 23:53:33,030 | INFO | loss: 0.358754  [12864/60000]
2026-02-21 23:53:33,183 | INFO | loss: 0.530320  [19264/60000]
2026-02-21 23:53:33,335 | INFO | loss: 0.722811  [25664/60000]
2026-02-21 23:53:33,487 | INFO | loss: 0.551588  [32064/60000]
2026-02-21 23:53:33,639 | INFO | loss: 0.549108  [38464/60000]
2026-02-21 23:53:33,791 | INFO | loss: 0.656287  [44864/60000]
2026-02-21 23:53:33,943 | INFO | loss: 0.676055  [51264/60000]
2026-02-21 23:53:34,095 | INFO | loss: 0.499531  [57664/60000]
2026-02-21 23:53:34,359 | INFO | Test Error: 
 Accuracy: 79.6%, Avg loss: 0.574672 

2026-02-21 23:53:34,359 | INFO | Epoch 80
-------------------------------
2026-02-21 23:53:34,362 | INFO | loss: 0.443723  [   64/60000]
2026-02-21 23:53:34,514 | INFO | loss: 0.556555  [ 6464/60000]
2026-02-21 23:53:34,667 | INFO | loss: 0.356737  [12864/60000]
2026-02-21 23:53:34,819 | INFO | loss: 0.528270  [19264/60000]
2026-02-21 23:53:34,971 | INFO | loss: 0.719069  [25664/60000]
2026-02-21 23:53:35,123 | INFO | loss: 0.549343  [32064/60000]
2026-02-21 23:53:35,280 | INFO | loss: 0.545826  [38464/60000]
2026-02-21 23:53:35,435 | INFO | loss: 0.655014  [44864/60000]
2026-02-21 23:53:35,594 | INFO | loss: 0.673734  [51264/60000]
2026-02-21 23:53:35,751 | INFO | loss: 0.497201  [57664/60000]
2026-02-21 23:53:36,027 | INFO | Test Error: 
 Accuracy: 79.7%, Avg loss: 0.572824 

2026-02-21 23:53:36,027 | INFO | Done!
