2026-02-22 15:36:48,911 | INFO | Logging initialized. Saving to logs/TRAINING_CODE_20260222_153648.log
2026-02-22 15:36:49,057 | INFO | Epoch 1
-------------------------------
2026-02-22 15:36:49,122 | INFO | loss: 2.313578  [   64/60000]
2026-02-22 15:36:49,295 | INFO | loss: 2.322169  [ 6464/60000]
2026-02-22 15:36:49,464 | INFO | loss: 2.307213  [12864/60000]
2026-02-22 15:36:49,634 | INFO | loss: 2.319332  [19264/60000]
2026-02-22 15:36:49,802 | INFO | loss: 2.332246  [25664/60000]
2026-02-22 15:36:49,969 | INFO | loss: 2.304207  [32064/60000]
2026-02-22 15:36:50,146 | INFO | loss: 2.332123  [38464/60000]
2026-02-22 15:36:50,318 | INFO | loss: 2.301425  [44864/60000]
2026-02-22 15:36:50,496 | INFO | loss: 2.312178  [51264/60000]
2026-02-22 15:36:50,699 | INFO | loss: 2.309884  [57664/60000]
2026-02-22 15:36:51,009 | INFO | Test Error: 
 Accuracy: 10.0%, Avg loss: 2.306063 

2026-02-22 15:36:51,009 | INFO | Epoch 2
-------------------------------
2026-02-22 15:36:51,012 | INFO | loss: 2.302926  [   64/60000]
2026-02-22 15:36:51,193 | INFO | loss: 2.312043  [ 6464/60000]
2026-02-22 15:36:51,365 | INFO | loss: 2.292392  [12864/60000]
2026-02-22 15:36:51,537 | INFO | loss: 2.304774  [19264/60000]
2026-02-22 15:36:51,709 | INFO | loss: 2.320202  [25664/60000]
2026-02-22 15:36:51,879 | INFO | loss: 2.293171  [32064/60000]
2026-02-22 15:36:52,087 | INFO | loss: 2.320968  [38464/60000]
2026-02-22 15:36:52,292 | INFO | loss: 2.292232  [44864/60000]
2026-02-22 15:36:52,487 | INFO | loss: 2.304258  [51264/60000]
2026-02-22 15:36:52,684 | INFO | loss: 2.302319  [57664/60000]
2026-02-22 15:36:53,012 | INFO | Test Error: 
 Accuracy: 10.0%, Avg loss: 2.297773 

2026-02-22 15:36:53,013 | INFO | Epoch 3
-------------------------------
2026-02-22 15:36:53,018 | INFO | loss: 2.295597  [   64/60000]
2026-02-22 15:36:53,222 | INFO | loss: 2.303228  [ 6464/60000]
2026-02-22 15:36:53,398 | INFO | loss: 2.283540  [12864/60000]
2026-02-22 15:36:53,580 | INFO | loss: 2.296366  [19264/60000]
2026-02-22 15:36:53,752 | INFO | loss: 2.309883  [25664/60000]
2026-02-22 15:36:53,926 | INFO | loss: 2.285070  [32064/60000]
2026-02-22 15:36:54,111 | INFO | loss: 2.311811  [38464/60000]
2026-02-22 15:36:54,297 | INFO | loss: 2.283837  [44864/60000]
2026-02-22 15:36:54,479 | INFO | loss: 2.296444  [51264/60000]
2026-02-22 15:36:54,669 | INFO | loss: 2.293828  [57664/60000]
2026-02-22 15:36:54,977 | INFO | Test Error: 
 Accuracy: 10.1%, Avg loss: 2.289508 

2026-02-22 15:36:54,977 | INFO | Epoch 4
-------------------------------
2026-02-22 15:36:54,980 | INFO | loss: 2.288681  [   64/60000]
2026-02-22 15:36:55,157 | INFO | loss: 2.294876  [ 6464/60000]
2026-02-22 15:36:55,333 | INFO | loss: 2.273970  [12864/60000]
2026-02-22 15:36:55,504 | INFO | loss: 2.286791  [19264/60000]
2026-02-22 15:36:55,675 | INFO | loss: 2.299335  [25664/60000]
2026-02-22 15:36:55,883 | INFO | loss: 2.276281  [32064/60000]
2026-02-22 15:36:56,054 | INFO | loss: 2.302218  [38464/60000]
2026-02-22 15:36:56,228 | INFO | loss: 2.275501  [44864/60000]
2026-02-22 15:36:56,399 | INFO | loss: 2.287352  [51264/60000]
2026-02-22 15:36:56,568 | INFO | loss: 2.282679  [57664/60000]
2026-02-22 15:36:56,911 | INFO | Test Error: 
 Accuracy: 18.3%, Avg loss: 2.279763 

2026-02-22 15:36:56,912 | INFO | Epoch 5
-------------------------------
2026-02-22 15:36:56,914 | INFO | loss: 2.281030  [   64/60000]
2026-02-22 15:36:57,091 | INFO | loss: 2.285746  [ 6464/60000]
2026-02-22 15:36:57,264 | INFO | loss: 2.262859  [12864/60000]
2026-02-22 15:36:57,436 | INFO | loss: 2.275389  [19264/60000]
2026-02-22 15:36:57,608 | INFO | loss: 2.288057  [25664/60000]
2026-02-22 15:36:57,783 | INFO | loss: 2.265424  [32064/60000]
2026-02-22 15:36:57,960 | INFO | loss: 2.291046  [38464/60000]
2026-02-22 15:36:58,133 | INFO | loss: 2.265130  [44864/60000]
2026-02-22 15:36:58,328 | INFO | loss: 2.276048  [51264/60000]
2026-02-22 15:36:58,505 | INFO | loss: 2.269298  [57664/60000]
2026-02-22 15:36:58,823 | INFO | Test Error: 
 Accuracy: 18.1%, Avg loss: 2.268802 

2026-02-22 15:36:58,823 | INFO | Epoch 6
-------------------------------
2026-02-22 15:36:58,827 | INFO | loss: 2.272820  [   64/60000]
2026-02-22 15:36:59,001 | INFO | loss: 2.275828  [ 6464/60000]
2026-02-22 15:36:59,173 | INFO | loss: 2.250524  [12864/60000]
2026-02-22 15:36:59,348 | INFO | loss: 2.262205  [19264/60000]
2026-02-22 15:36:59,523 | INFO | loss: 2.276018  [25664/60000]
2026-02-22 15:36:59,694 | INFO | loss: 2.253083  [32064/60000]
2026-02-22 15:36:59,866 | INFO | loss: 2.278342  [38464/60000]
2026-02-22 15:37:00,038 | INFO | loss: 2.252993  [44864/60000]
2026-02-22 15:37:00,211 | INFO | loss: 2.263074  [51264/60000]
2026-02-22 15:37:00,418 | INFO | loss: 2.255149  [57664/60000]
2026-02-22 15:37:00,755 | INFO | Test Error: 
 Accuracy: 13.1%, Avg loss: 2.256263 

2026-02-22 15:37:00,756 | INFO | Epoch 7
-------------------------------
2026-02-22 15:37:00,758 | INFO | loss: 2.262488  [   64/60000]
2026-02-22 15:37:00,972 | INFO | loss: 2.264228  [ 6464/60000]
2026-02-22 15:37:01,149 | INFO | loss: 2.235577  [12864/60000]
2026-02-22 15:37:01,323 | INFO | loss: 2.246667  [19264/60000]
2026-02-22 15:37:01,496 | INFO | loss: 2.261672  [25664/60000]
2026-02-22 15:37:01,681 | INFO | loss: 2.238569  [32064/60000]
2026-02-22 15:37:01,859 | INFO | loss: 2.263079  [38464/60000]
2026-02-22 15:37:02,034 | INFO | loss: 2.237762  [44864/60000]
2026-02-22 15:37:02,268 | INFO | loss: 2.246441  [51264/60000]
2026-02-22 15:37:02,445 | INFO | loss: 2.238857  [57664/60000]
2026-02-22 15:37:02,746 | INFO | Test Error: 
 Accuracy: 11.7%, Avg loss: 2.240296 

2026-02-22 15:37:02,747 | INFO | Epoch 8
-------------------------------
2026-02-22 15:37:02,749 | INFO | loss: 2.248957  [   64/60000]
2026-02-22 15:37:02,916 | INFO | loss: 2.248142  [ 6464/60000]
2026-02-22 15:37:03,082 | INFO | loss: 2.214907  [12864/60000]
2026-02-22 15:37:03,248 | INFO | loss: 2.225658  [19264/60000]
2026-02-22 15:37:03,414 | INFO | loss: 2.242903  [25664/60000]
2026-02-22 15:37:03,579 | INFO | loss: 2.217637  [32064/60000]
2026-02-22 15:37:03,745 | INFO | loss: 2.242912  [38464/60000]
2026-02-22 15:37:03,913 | INFO | loss: 2.213758  [44864/60000]
2026-02-22 15:37:04,080 | INFO | loss: 2.217683  [51264/60000]
2026-02-22 15:37:04,247 | INFO | loss: 2.216436  [57664/60000]
2026-02-22 15:37:04,547 | INFO | Test Error: 
 Accuracy: 11.5%, Avg loss: 2.214313 

2026-02-22 15:37:04,548 | INFO | Epoch 9
-------------------------------
2026-02-22 15:37:04,550 | INFO | loss: 2.224129  [   64/60000]
2026-02-22 15:37:04,717 | INFO | loss: 2.221646  [ 6464/60000]
2026-02-22 15:37:04,883 | INFO | loss: 2.173757  [12864/60000]
2026-02-22 15:37:05,048 | INFO | loss: 2.190263  [19264/60000]
2026-02-22 15:37:05,214 | INFO | loss: 2.213674  [25664/60000]
2026-02-22 15:37:05,379 | INFO | loss: 2.179891  [32064/60000]
2026-02-22 15:37:05,544 | INFO | loss: 2.210245  [38464/60000]
2026-02-22 15:37:05,710 | INFO | loss: 2.172285  [44864/60000]
2026-02-22 15:37:05,875 | INFO | loss: 2.171127  [51264/60000]
2026-02-22 15:37:06,039 | INFO | loss: 2.184018  [57664/60000]
2026-02-22 15:37:06,333 | INFO | Test Error: 
 Accuracy: 15.2%, Avg loss: 2.173055 

2026-02-22 15:37:06,334 | INFO | Epoch 10
-------------------------------
2026-02-22 15:37:06,336 | INFO | loss: 2.183402  [   64/60000]
2026-02-22 15:37:06,501 | INFO | loss: 2.179808  [ 6464/60000]
2026-02-22 15:37:06,667 | INFO | loss: 2.111954  [12864/60000]
2026-02-22 15:37:06,834 | INFO | loss: 2.137303  [19264/60000]
2026-02-22 15:37:06,999 | INFO | loss: 2.165392  [25664/60000]
2026-02-22 15:37:07,164 | INFO | loss: 2.126961  [32064/60000]
2026-02-22 15:37:07,330 | INFO | loss: 2.160188  [38464/60000]
2026-02-22 15:37:07,495 | INFO | loss: 2.110369  [44864/60000]
2026-02-22 15:37:07,660 | INFO | loss: 2.105875  [51264/60000]
2026-02-22 15:37:07,825 | INFO | loss: 2.134561  [57664/60000]
2026-02-22 15:37:08,117 | INFO | Test Error: 
 Accuracy: 24.9%, Avg loss: 2.109369 

2026-02-22 15:37:08,118 | INFO | Epoch 11
-------------------------------
2026-02-22 15:37:08,120 | INFO | loss: 2.124587  [   64/60000]
2026-02-22 15:37:08,287 | INFO | loss: 2.113854  [ 6464/60000]
2026-02-22 15:37:08,452 | INFO | loss: 2.017538  [12864/60000]
2026-02-22 15:37:08,617 | INFO | loss: 2.052915  [19264/60000]
2026-02-22 15:37:08,783 | INFO | loss: 2.085711  [25664/60000]
2026-02-22 15:37:08,947 | INFO | loss: 2.046146  [32064/60000]
2026-02-22 15:37:09,111 | INFO | loss: 2.082063  [38464/60000]
2026-02-22 15:37:09,277 | INFO | loss: 2.016910  [44864/60000]
2026-02-22 15:37:09,443 | INFO | loss: 2.011098  [51264/60000]
2026-02-22 15:37:09,612 | INFO | loss: 2.054910  [57664/60000]
2026-02-22 15:37:09,906 | INFO | Test Error: 
 Accuracy: 24.3%, Avg loss: 2.010260 

2026-02-22 15:37:09,907 | INFO | Epoch 12
-------------------------------
2026-02-22 15:37:09,909 | INFO | loss: 2.038617  [   64/60000]
2026-02-22 15:37:10,074 | INFO | loss: 2.012237  [ 6464/60000]
2026-02-22 15:37:10,240 | INFO | loss: 1.880215  [12864/60000]
2026-02-22 15:37:10,405 | INFO | loss: 1.927222  [19264/60000]
2026-02-22 15:37:10,569 | INFO | loss: 1.965655  [25664/60000]
2026-02-22 15:37:10,735 | INFO | loss: 1.928866  [32064/60000]
2026-02-22 15:37:10,899 | INFO | loss: 1.970953  [38464/60000]
2026-02-22 15:37:11,064 | INFO | loss: 1.891512  [44864/60000]
2026-02-22 15:37:11,230 | INFO | loss: 1.892356  [51264/60000]
2026-02-22 15:37:11,395 | INFO | loss: 1.939770  [57664/60000]
2026-02-22 15:37:11,689 | INFO | Test Error: 
 Accuracy: 24.3%, Avg loss: 1.882482 

2026-02-22 15:37:11,689 | INFO | Epoch 13
-------------------------------
2026-02-22 15:37:11,692 | INFO | loss: 1.931968  [   64/60000]
2026-02-22 15:37:11,858 | INFO | loss: 1.887033  [ 6464/60000]
2026-02-22 15:37:12,023 | INFO | loss: 1.730017  [12864/60000]
2026-02-22 15:37:12,188 | INFO | loss: 1.789306  [19264/60000]
2026-02-22 15:37:12,353 | INFO | loss: 1.822033  [25664/60000]
2026-02-22 15:37:12,518 | INFO | loss: 1.787679  [32064/60000]
2026-02-22 15:37:12,684 | INFO | loss: 1.838778  [38464/60000]
2026-02-22 15:37:12,855 | INFO | loss: 1.748692  [44864/60000]
2026-02-22 15:37:13,026 | INFO | loss: 1.761872  [51264/60000]
2026-02-22 15:37:13,228 | INFO | loss: 1.795808  [57664/60000]
2026-02-22 15:37:13,567 | INFO | Test Error: 
 Accuracy: 36.5%, Avg loss: 1.741524 

2026-02-22 15:37:13,568 | INFO | Epoch 14
-------------------------------
2026-02-22 15:37:13,570 | INFO | loss: 1.807387  [   64/60000]
2026-02-22 15:37:13,743 | INFO | loss: 1.757932  [ 6464/60000]
2026-02-22 15:37:13,920 | INFO | loss: 1.586429  [12864/60000]
2026-02-22 15:37:14,112 | INFO | loss: 1.668701  [19264/60000]
2026-02-22 15:37:14,278 | INFO | loss: 1.663569  [25664/60000]
2026-02-22 15:37:14,449 | INFO | loss: 1.629207  [32064/60000]
2026-02-22 15:37:14,642 | INFO | loss: 1.687962  [38464/60000]
2026-02-22 15:37:14,811 | INFO | loss: 1.589707  [44864/60000]
2026-02-22 15:37:15,032 | INFO | loss: 1.611513  [51264/60000]
2026-02-22 15:37:15,238 | INFO | loss: 1.630935  [57664/60000]
2026-02-22 15:37:15,572 | INFO | Test Error: 
 Accuracy: 35.3%, Avg loss: 1.589202 

2026-02-22 15:37:15,573 | INFO | Epoch 15
-------------------------------
2026-02-22 15:37:15,575 | INFO | loss: 1.660007  [   64/60000]
2026-02-22 15:37:15,750 | INFO | loss: 1.621093  [ 6464/60000]
2026-02-22 15:37:15,922 | INFO | loss: 1.442611  [12864/60000]
2026-02-22 15:37:16,120 | INFO | loss: 1.553732  [19264/60000]
2026-02-22 15:37:16,287 | INFO | loss: 1.504290  [25664/60000]
2026-02-22 15:37:16,455 | INFO | loss: 1.487858  [32064/60000]
2026-02-22 15:37:16,630 | INFO | loss: 1.540698  [38464/60000]
2026-02-22 15:37:16,799 | INFO | loss: 1.451949  [44864/60000]
2026-02-22 15:37:16,999 | INFO | loss: 1.464284  [51264/60000]
2026-02-22 15:37:17,198 | INFO | loss: 1.485845  [57664/60000]
2026-02-22 15:37:17,516 | INFO | Test Error: 
 Accuracy: 43.8%, Avg loss: 1.456185 

2026-02-22 15:37:17,516 | INFO | Epoch 16
-------------------------------
2026-02-22 15:37:17,519 | INFO | loss: 1.531663  [   64/60000]
2026-02-22 15:37:17,713 | INFO | loss: 1.497355  [ 6464/60000]
2026-02-22 15:37:17,880 | INFO | loss: 1.314750  [12864/60000]
2026-02-22 15:37:18,045 | INFO | loss: 1.446251  [19264/60000]
2026-02-22 15:37:18,214 | INFO | loss: 1.375367  [25664/60000]
2026-02-22 15:37:18,418 | INFO | loss: 1.373127  [32064/60000]
2026-02-22 15:37:18,612 | INFO | loss: 1.418626  [38464/60000]
2026-02-22 15:37:18,785 | INFO | loss: 1.344383  [44864/60000]
2026-02-22 15:37:18,953 | INFO | loss: 1.349872  [51264/60000]
2026-02-22 15:37:19,140 | INFO | loss: 1.374672  [57664/60000]
2026-02-22 15:37:19,438 | INFO | Test Error: 
 Accuracy: 47.8%, Avg loss: 1.349589 

2026-02-22 15:37:19,438 | INFO | Epoch 17
-------------------------------
2026-02-22 15:37:19,440 | INFO | loss: 1.435394  [   64/60000]
2026-02-22 15:37:19,605 | INFO | loss: 1.395983  [ 6464/60000]
2026-02-22 15:37:19,772 | INFO | loss: 1.209495  [12864/60000]
2026-02-22 15:37:19,938 | INFO | loss: 1.350935  [19264/60000]
2026-02-22 15:37:20,103 | INFO | loss: 1.266702  [25664/60000]
2026-02-22 15:37:20,268 | INFO | loss: 1.278877  [32064/60000]
2026-02-22 15:37:20,468 | INFO | loss: 1.316525  [38464/60000]
2026-02-22 15:37:20,645 | INFO | loss: 1.258947  [44864/60000]
2026-02-22 15:37:20,845 | INFO | loss: 1.259515  [51264/60000]
2026-02-22 15:37:21,025 | INFO | loss: 1.285021  [57664/60000]
2026-02-22 15:37:21,362 | INFO | Test Error: 
 Accuracy: 49.6%, Avg loss: 1.262588 

2026-02-22 15:37:21,363 | INFO | Epoch 18
-------------------------------
2026-02-22 15:37:21,365 | INFO | loss: 1.356470  [   64/60000]
2026-02-22 15:37:21,545 | INFO | loss: 1.314881  [ 6464/60000]
2026-02-22 15:37:21,748 | INFO | loss: 1.122273  [12864/60000]
2026-02-22 15:37:21,918 | INFO | loss: 1.267912  [19264/60000]
2026-02-22 15:37:22,093 | INFO | loss: 1.176695  [25664/60000]
2026-02-22 15:37:22,265 | INFO | loss: 1.205546  [32064/60000]
2026-02-22 15:37:22,468 | INFO | loss: 1.230603  [38464/60000]
2026-02-22 15:37:22,667 | INFO | loss: 1.190763  [44864/60000]
2026-02-22 15:37:22,837 | INFO | loss: 1.184521  [51264/60000]
2026-02-22 15:37:23,002 | INFO | loss: 1.204652  [57664/60000]
2026-02-22 15:37:23,301 | INFO | Test Error: 
 Accuracy: 55.8%, Avg loss: 1.191121 

2026-02-22 15:37:23,301 | INFO | Epoch 19
-------------------------------
2026-02-22 15:37:23,304 | INFO | loss: 1.285643  [   64/60000]
2026-02-22 15:37:23,480 | INFO | loss: 1.251040  [ 6464/60000]
2026-02-22 15:37:23,647 | INFO | loss: 1.051079  [12864/60000]
2026-02-22 15:37:23,813 | INFO | loss: 1.195055  [19264/60000]
2026-02-22 15:37:23,979 | INFO | loss: 1.107032  [25664/60000]
2026-02-22 15:37:24,145 | INFO | loss: 1.149716  [32064/60000]
2026-02-22 15:37:24,310 | INFO | loss: 1.159524  [38464/60000]
2026-02-22 15:37:24,477 | INFO | loss: 1.135995  [44864/60000]
2026-02-22 15:37:24,643 | INFO | loss: 1.121822  [51264/60000]
2026-02-22 15:37:24,831 | INFO | loss: 1.129499  [57664/60000]
2026-02-22 15:37:25,131 | INFO | Test Error: 
 Accuracy: 58.9%, Avg loss: 1.130448 

2026-02-22 15:37:25,131 | INFO | Epoch 20
-------------------------------
2026-02-22 15:37:25,134 | INFO | loss: 1.219819  [   64/60000]
2026-02-22 15:37:25,300 | INFO | loss: 1.198931  [ 6464/60000]
2026-02-22 15:37:25,466 | INFO | loss: 0.992444  [12864/60000]
2026-02-22 15:37:25,638 | INFO | loss: 1.129282  [19264/60000]
2026-02-22 15:37:25,809 | INFO | loss: 1.052270  [25664/60000]
2026-02-22 15:37:25,980 | INFO | loss: 1.103590  [32064/60000]
2026-02-22 15:37:26,182 | INFO | loss: 1.099257  [38464/60000]
2026-02-22 15:37:26,353 | INFO | loss: 1.089957  [44864/60000]
2026-02-22 15:37:26,548 | INFO | loss: 1.069471  [51264/60000]
2026-02-22 15:37:26,719 | INFO | loss: 1.061479  [57664/60000]
2026-02-22 15:37:27,024 | INFO | Test Error: 
 Accuracy: 60.0%, Avg loss: 1.078501 

2026-02-22 15:37:27,024 | INFO | Epoch 21
-------------------------------
2026-02-22 15:37:27,026 | INFO | loss: 1.157623  [   64/60000]
2026-02-22 15:37:27,197 | INFO | loss: 1.155921  [ 6464/60000]
2026-02-22 15:37:27,367 | INFO | loss: 0.942507  [12864/60000]
2026-02-22 15:37:27,558 | INFO | loss: 1.073182  [19264/60000]
2026-02-22 15:37:27,725 | INFO | loss: 1.009299  [25664/60000]
2026-02-22 15:37:27,896 | INFO | loss: 1.063528  [32064/60000]
2026-02-22 15:37:28,063 | INFO | loss: 1.048728  [38464/60000]
2026-02-22 15:37:28,234 | INFO | loss: 1.051785  [44864/60000]
2026-02-22 15:37:28,402 | INFO | loss: 1.027133  [51264/60000]
2026-02-22 15:37:28,568 | INFO | loss: 1.004735  [57664/60000]
2026-02-22 15:37:28,866 | INFO | Test Error: 
 Accuracy: 61.1%, Avg loss: 1.036183 

2026-02-22 15:37:28,867 | INFO | Epoch 22
-------------------------------
2026-02-22 15:37:28,869 | INFO | loss: 1.101724  [   64/60000]
2026-02-22 15:37:29,034 | INFO | loss: 1.120964  [ 6464/60000]
2026-02-22 15:37:29,201 | INFO | loss: 0.900824  [12864/60000]
2026-02-22 15:37:29,367 | INFO | loss: 1.027892  [19264/60000]
2026-02-22 15:37:29,532 | INFO | loss: 0.977767  [25664/60000]
2026-02-22 15:37:29,699 | INFO | loss: 1.028565  [32064/60000]
2026-02-22 15:37:29,865 | INFO | loss: 1.007889  [38464/60000]
2026-02-22 15:37:30,032 | INFO | loss: 1.020651  [44864/60000]
2026-02-22 15:37:30,198 | INFO | loss: 0.992171  [51264/60000]
2026-02-22 15:37:30,365 | INFO | loss: 0.960539  [57664/60000]
2026-02-22 15:37:30,665 | INFO | Test Error: 
 Accuracy: 61.8%, Avg loss: 1.002561 

2026-02-22 15:37:30,665 | INFO | Epoch 23
-------------------------------
2026-02-22 15:37:30,668 | INFO | loss: 1.054095  [   64/60000]
2026-02-22 15:37:30,834 | INFO | loss: 1.091824  [ 6464/60000]
2026-02-22 15:37:31,000 | INFO | loss: 0.866572  [12864/60000]
2026-02-22 15:37:31,166 | INFO | loss: 0.991402  [19264/60000]
2026-02-22 15:37:31,331 | INFO | loss: 0.954742  [25664/60000]
2026-02-22 15:37:31,497 | INFO | loss: 0.997104  [32064/60000]
2026-02-22 15:37:31,663 | INFO | loss: 0.974772  [38464/60000]
2026-02-22 15:37:31,827 | INFO | loss: 0.995284  [44864/60000]
2026-02-22 15:37:31,993 | INFO | loss: 0.961599  [51264/60000]
2026-02-22 15:37:32,159 | INFO | loss: 0.926056  [57664/60000]
2026-02-22 15:37:32,452 | INFO | Test Error: 
 Accuracy: 62.8%, Avg loss: 0.974627 

2026-02-22 15:37:32,453 | INFO | Epoch 24
-------------------------------
2026-02-22 15:37:32,455 | INFO | loss: 1.014041  [   64/60000]
2026-02-22 15:37:32,620 | INFO | loss: 1.065615  [ 6464/60000]
2026-02-22 15:37:32,785 | INFO | loss: 0.837991  [12864/60000]
2026-02-22 15:37:32,950 | INFO | loss: 0.960013  [19264/60000]
2026-02-22 15:37:33,116 | INFO | loss: 0.936593  [25664/60000]
2026-02-22 15:37:33,281 | INFO | loss: 0.967706  [32064/60000]
2026-02-22 15:37:33,446 | INFO | loss: 0.946064  [38464/60000]
2026-02-22 15:37:33,612 | INFO | loss: 0.973586  [44864/60000]
2026-02-22 15:37:33,777 | INFO | loss: 0.931718  [51264/60000]
2026-02-22 15:37:33,942 | INFO | loss: 0.897316  [57664/60000]
2026-02-22 15:37:34,237 | INFO | Test Error: 
 Accuracy: 64.0%, Avg loss: 0.949575 

2026-02-22 15:37:34,237 | INFO | Epoch 25
-------------------------------
2026-02-22 15:37:34,240 | INFO | loss: 0.978760  [   64/60000]
2026-02-22 15:37:34,404 | INFO | loss: 1.039188  [ 6464/60000]
2026-02-22 15:37:34,569 | INFO | loss: 0.812412  [12864/60000]
2026-02-22 15:37:34,735 | INFO | loss: 0.931050  [19264/60000]
2026-02-22 15:37:34,899 | INFO | loss: 0.921414  [25664/60000]
2026-02-22 15:37:35,064 | INFO | loss: 0.939305  [32064/60000]
2026-02-22 15:37:35,230 | INFO | loss: 0.920071  [38464/60000]
2026-02-22 15:37:35,394 | INFO | loss: 0.954262  [44864/60000]
2026-02-22 15:37:35,560 | INFO | loss: 0.901783  [51264/60000]
2026-02-22 15:37:35,725 | INFO | loss: 0.872606  [57664/60000]
2026-02-22 15:37:36,019 | INFO | Test Error: 
 Accuracy: 64.8%, Avg loss: 0.926017 

2026-02-22 15:37:36,020 | INFO | Epoch 26
-------------------------------
2026-02-22 15:37:36,022 | INFO | loss: 0.945770  [   64/60000]
2026-02-22 15:37:36,187 | INFO | loss: 1.012040  [ 6464/60000]
2026-02-22 15:37:36,353 | INFO | loss: 0.788938  [12864/60000]
2026-02-22 15:37:36,518 | INFO | loss: 0.903780  [19264/60000]
2026-02-22 15:37:36,684 | INFO | loss: 0.907104  [25664/60000]
2026-02-22 15:37:36,849 | INFO | loss: 0.912165  [32064/60000]
2026-02-22 15:37:37,014 | INFO | loss: 0.895774  [38464/60000]
2026-02-22 15:37:37,185 | INFO | loss: 0.938420  [44864/60000]
2026-02-22 15:37:37,384 | INFO | loss: 0.871919  [51264/60000]
2026-02-22 15:37:37,551 | INFO | loss: 0.851303  [57664/60000]
2026-02-22 15:37:37,870 | INFO | Test Error: 
 Accuracy: 65.7%, Avg loss: 0.903870 

2026-02-22 15:37:37,870 | INFO | Epoch 27
-------------------------------
2026-02-22 15:37:37,874 | INFO | loss: 0.915061  [   64/60000]
2026-02-22 15:37:38,050 | INFO | loss: 0.984852  [ 6464/60000]
2026-02-22 15:37:38,222 | INFO | loss: 0.767452  [12864/60000]
2026-02-22 15:37:38,394 | INFO | loss: 0.879350  [19264/60000]
2026-02-22 15:37:38,565 | INFO | loss: 0.894217  [25664/60000]
2026-02-22 15:37:38,737 | INFO | loss: 0.887283  [32064/60000]
2026-02-22 15:37:38,904 | INFO | loss: 0.873621  [38464/60000]
2026-02-22 15:37:39,070 | INFO | loss: 0.926687  [44864/60000]
2026-02-22 15:37:39,256 | INFO | loss: 0.844308  [51264/60000]
2026-02-22 15:37:39,422 | INFO | loss: 0.832610  [57664/60000]
2026-02-22 15:37:39,716 | INFO | Test Error: 
 Accuracy: 66.6%, Avg loss: 0.883738 

2026-02-22 15:37:39,716 | INFO | Epoch 28
-------------------------------
2026-02-22 15:37:39,719 | INFO | loss: 0.886714  [   64/60000]
2026-02-22 15:37:39,885 | INFO | loss: 0.959432  [ 6464/60000]
2026-02-22 15:37:40,050 | INFO | loss: 0.748499  [12864/60000]
2026-02-22 15:37:40,216 | INFO | loss: 0.858756  [19264/60000]
2026-02-22 15:37:40,382 | INFO | loss: 0.882846  [25664/60000]
2026-02-22 15:37:40,547 | INFO | loss: 0.866034  [32064/60000]
2026-02-22 15:37:40,717 | INFO | loss: 0.854509  [38464/60000]
2026-02-22 15:37:40,887 | INFO | loss: 0.918875  [44864/60000]
2026-02-22 15:37:41,076 | INFO | loss: 0.820173  [51264/60000]
2026-02-22 15:37:41,247 | INFO | loss: 0.816920  [57664/60000]
2026-02-22 15:37:41,571 | INFO | Test Error: 
 Accuracy: 67.4%, Avg loss: 0.866205 

2026-02-22 15:37:41,571 | INFO | Epoch 29
-------------------------------
2026-02-22 15:37:41,574 | INFO | loss: 0.861134  [   64/60000]
2026-02-22 15:37:41,766 | INFO | loss: 0.937712  [ 6464/60000]
2026-02-22 15:37:41,938 | INFO | loss: 0.732266  [12864/60000]
2026-02-22 15:37:42,145 | INFO | loss: 0.842150  [19264/60000]
2026-02-22 15:37:42,347 | INFO | loss: 0.872659  [25664/60000]
2026-02-22 15:37:42,527 | INFO | loss: 0.847567  [32064/60000]
2026-02-22 15:37:42,702 | INFO | loss: 0.838774  [38464/60000]
2026-02-22 15:37:42,905 | INFO | loss: 0.914210  [44864/60000]
2026-02-22 15:37:43,078 | INFO | loss: 0.799222  [51264/60000]
2026-02-22 15:37:43,251 | INFO | loss: 0.803624  [57664/60000]
2026-02-22 15:37:43,584 | INFO | Test Error: 
 Accuracy: 68.1%, Avg loss: 0.851159 

2026-02-22 15:37:43,585 | INFO | Epoch 30
-------------------------------
2026-02-22 15:37:43,587 | INFO | loss: 0.838683  [   64/60000]
2026-02-22 15:37:43,781 | INFO | loss: 0.919772  [ 6464/60000]
2026-02-22 15:37:43,953 | INFO | loss: 0.718404  [12864/60000]
2026-02-22 15:37:44,122 | INFO | loss: 0.828716  [19264/60000]
2026-02-22 15:37:44,311 | INFO | loss: 0.863480  [25664/60000]
2026-02-22 15:37:44,482 | INFO | loss: 0.831185  [32064/60000]
2026-02-22 15:37:44,652 | INFO | loss: 0.825607  [38464/60000]
2026-02-22 15:37:44,820 | INFO | loss: 0.911993  [44864/60000]
2026-02-22 15:37:44,987 | INFO | loss: 0.782065  [51264/60000]
2026-02-22 15:37:45,156 | INFO | loss: 0.792640  [57664/60000]
2026-02-22 15:37:45,459 | INFO | Test Error: 
 Accuracy: 68.8%, Avg loss: 0.838069 

2026-02-22 15:37:45,459 | INFO | Epoch 31
-------------------------------
2026-02-22 15:37:45,461 | INFO | loss: 0.818571  [   64/60000]
2026-02-22 15:37:45,656 | INFO | loss: 0.904777  [ 6464/60000]
2026-02-22 15:37:45,829 | INFO | loss: 0.705776  [12864/60000]
2026-02-22 15:37:46,015 | INFO | loss: 0.817725  [19264/60000]
2026-02-22 15:37:46,181 | INFO | loss: 0.854586  [25664/60000]
2026-02-22 15:37:46,347 | INFO | loss: 0.816373  [32064/60000]
2026-02-22 15:37:46,512 | INFO | loss: 0.814487  [38464/60000]
2026-02-22 15:37:46,677 | INFO | loss: 0.910919  [44864/60000]
2026-02-22 15:37:46,844 | INFO | loss: 0.768062  [51264/60000]
2026-02-22 15:37:47,010 | INFO | loss: 0.782248  [57664/60000]
2026-02-22 15:37:47,339 | INFO | Test Error: 
 Accuracy: 69.5%, Avg loss: 0.826359 

2026-02-22 15:37:47,340 | INFO | Epoch 32
-------------------------------
2026-02-22 15:37:47,342 | INFO | loss: 0.799661  [   64/60000]
2026-02-22 15:37:47,546 | INFO | loss: 0.892483  [ 6464/60000]
2026-02-22 15:37:47,720 | INFO | loss: 0.694429  [12864/60000]
2026-02-22 15:37:47,886 | INFO | loss: 0.807607  [19264/60000]
2026-02-22 15:37:48,053 | INFO | loss: 0.846184  [25664/60000]
2026-02-22 15:37:48,219 | INFO | loss: 0.802082  [32064/60000]
2026-02-22 15:37:48,384 | INFO | loss: 0.804847  [38464/60000]
2026-02-22 15:37:48,550 | INFO | loss: 0.910779  [44864/60000]
2026-02-22 15:37:48,716 | INFO | loss: 0.756348  [51264/60000]
2026-02-22 15:37:48,881 | INFO | loss: 0.772406  [57664/60000]
2026-02-22 15:37:49,176 | INFO | Test Error: 
 Accuracy: 70.0%, Avg loss: 0.815721 

2026-02-22 15:37:49,177 | INFO | Epoch 33
-------------------------------
2026-02-22 15:37:49,179 | INFO | loss: 0.781905  [   64/60000]
2026-02-22 15:37:49,351 | INFO | loss: 0.881848  [ 6464/60000]
2026-02-22 15:37:49,518 | INFO | loss: 0.683873  [12864/60000]
2026-02-22 15:37:49,684 | INFO | loss: 0.798834  [19264/60000]
2026-02-22 15:37:49,849 | INFO | loss: 0.838033  [25664/60000]
2026-02-22 15:37:50,015 | INFO | loss: 0.787674  [32064/60000]
2026-02-22 15:37:50,181 | INFO | loss: 0.796344  [38464/60000]
2026-02-22 15:37:50,346 | INFO | loss: 0.911354  [44864/60000]
2026-02-22 15:37:50,511 | INFO | loss: 0.746559  [51264/60000]
2026-02-22 15:37:50,707 | INFO | loss: 0.762430  [57664/60000]
2026-02-22 15:37:51,071 | INFO | Test Error: 
 Accuracy: 70.4%, Avg loss: 0.805795 

2026-02-22 15:37:51,072 | INFO | Epoch 34
-------------------------------
2026-02-22 15:37:51,074 | INFO | loss: 0.765038  [   64/60000]
2026-02-22 15:37:51,248 | INFO | loss: 0.873227  [ 6464/60000]
2026-02-22 15:37:51,424 | INFO | loss: 0.673207  [12864/60000]
2026-02-22 15:37:51,595 | INFO | loss: 0.790614  [19264/60000]
2026-02-22 15:37:51,786 | INFO | loss: 0.830559  [25664/60000]
2026-02-22 15:37:51,953 | INFO | loss: 0.773672  [32064/60000]
2026-02-22 15:37:52,148 | INFO | loss: 0.787998  [38464/60000]
2026-02-22 15:37:52,348 | INFO | loss: 0.911867  [44864/60000]
2026-02-22 15:37:52,556 | INFO | loss: 0.737927  [51264/60000]
2026-02-22 15:37:52,751 | INFO | loss: 0.752633  [57664/60000]
2026-02-22 15:37:53,047 | INFO | Test Error: 
 Accuracy: 71.0%, Avg loss: 0.796296 

2026-02-22 15:37:53,047 | INFO | Epoch 35
-------------------------------
2026-02-22 15:37:53,053 | INFO | loss: 0.748951  [   64/60000]
2026-02-22 15:37:53,230 | INFO | loss: 0.865666  [ 6464/60000]
2026-02-22 15:37:53,406 | INFO | loss: 0.662600  [12864/60000]
2026-02-22 15:37:53,577 | INFO | loss: 0.782818  [19264/60000]
2026-02-22 15:37:53,820 | INFO | loss: 0.823121  [25664/60000]
2026-02-22 15:37:54,010 | INFO | loss: 0.760067  [32064/60000]
2026-02-22 15:37:54,204 | INFO | loss: 0.779698  [38464/60000]
2026-02-22 15:37:54,417 | INFO | loss: 0.912197  [44864/60000]
2026-02-22 15:37:54,584 | INFO | loss: 0.729860  [51264/60000]
2026-02-22 15:37:54,750 | INFO | loss: 0.743194  [57664/60000]
2026-02-22 15:37:55,045 | INFO | Test Error: 
 Accuracy: 71.5%, Avg loss: 0.787373 

2026-02-22 15:37:55,045 | INFO | Epoch 36
-------------------------------
2026-02-22 15:37:55,048 | INFO | loss: 0.733334  [   64/60000]
2026-02-22 15:37:55,219 | INFO | loss: 0.859146  [ 6464/60000]
2026-02-22 15:37:55,388 | INFO | loss: 0.652397  [12864/60000]
2026-02-22 15:37:55,558 | INFO | loss: 0.775185  [19264/60000]
2026-02-22 15:37:55,725 | INFO | loss: 0.816455  [25664/60000]
2026-02-22 15:37:55,892 | INFO | loss: 0.746940  [32064/60000]
2026-02-22 15:37:56,058 | INFO | loss: 0.771340  [38464/60000]
2026-02-22 15:37:56,225 | INFO | loss: 0.912278  [44864/60000]
2026-02-22 15:37:56,391 | INFO | loss: 0.721973  [51264/60000]
2026-02-22 15:37:56,556 | INFO | loss: 0.733847  [57664/60000]
2026-02-22 15:37:56,850 | INFO | Test Error: 
 Accuracy: 72.0%, Avg loss: 0.778780 

2026-02-22 15:37:56,851 | INFO | Epoch 37
-------------------------------
2026-02-22 15:37:56,853 | INFO | loss: 0.718309  [   64/60000]
2026-02-22 15:37:57,019 | INFO | loss: 0.853311  [ 6464/60000]
2026-02-22 15:37:57,214 | INFO | loss: 0.642427  [12864/60000]
2026-02-22 15:37:57,385 | INFO | loss: 0.767503  [19264/60000]
2026-02-22 15:37:57,590 | INFO | loss: 0.809248  [25664/60000]
2026-02-22 15:37:57,757 | INFO | loss: 0.734326  [32064/60000]
2026-02-22 15:37:57,924 | INFO | loss: 0.763264  [38464/60000]
2026-02-22 15:37:58,120 | INFO | loss: 0.912630  [44864/60000]
2026-02-22 15:37:58,293 | INFO | loss: 0.715238  [51264/60000]
2026-02-22 15:37:58,462 | INFO | loss: 0.724727  [57664/60000]
2026-02-22 15:37:58,761 | INFO | Test Error: 
 Accuracy: 72.6%, Avg loss: 0.770557 

2026-02-22 15:37:58,761 | INFO | Epoch 38
-------------------------------
2026-02-22 15:37:58,764 | INFO | loss: 0.703817  [   64/60000]
2026-02-22 15:37:58,931 | INFO | loss: 0.847971  [ 6464/60000]
2026-02-22 15:37:59,103 | INFO | loss: 0.632421  [12864/60000]
2026-02-22 15:37:59,300 | INFO | loss: 0.760054  [19264/60000]
2026-02-22 15:37:59,467 | INFO | loss: 0.802844  [25664/60000]
2026-02-22 15:37:59,655 | INFO | loss: 0.721990  [32064/60000]
2026-02-22 15:37:59,860 | INFO | loss: 0.755061  [38464/60000]
2026-02-22 15:38:00,056 | INFO | loss: 0.912152  [44864/60000]
2026-02-22 15:38:00,230 | INFO | loss: 0.708464  [51264/60000]
2026-02-22 15:38:00,406 | INFO | loss: 0.715461  [57664/60000]
2026-02-22 15:38:00,710 | INFO | Test Error: 
 Accuracy: 72.9%, Avg loss: 0.762539 

2026-02-22 15:38:00,711 | INFO | Epoch 39
-------------------------------
2026-02-22 15:38:00,713 | INFO | loss: 0.689649  [   64/60000]
2026-02-22 15:38:00,880 | INFO | loss: 0.843347  [ 6464/60000]
2026-02-22 15:38:01,052 | INFO | loss: 0.622970  [12864/60000]
2026-02-22 15:38:01,251 | INFO | loss: 0.752049  [19264/60000]
2026-02-22 15:38:01,427 | INFO | loss: 0.796529  [25664/60000]
2026-02-22 15:38:01,593 | INFO | loss: 0.710023  [32064/60000]
2026-02-22 15:38:01,768 | INFO | loss: 0.746853  [38464/60000]
2026-02-22 15:38:01,964 | INFO | loss: 0.910981  [44864/60000]
2026-02-22 15:38:02,140 | INFO | loss: 0.701983  [51264/60000]
2026-02-22 15:38:02,345 | INFO | loss: 0.706274  [57664/60000]
2026-02-22 15:38:02,641 | INFO | Test Error: 
 Accuracy: 73.3%, Avg loss: 0.754703 

2026-02-22 15:38:02,642 | INFO | Epoch 40
-------------------------------
2026-02-22 15:38:02,644 | INFO | loss: 0.675697  [   64/60000]
2026-02-22 15:38:02,817 | INFO | loss: 0.839281  [ 6464/60000]
2026-02-22 15:38:03,018 | INFO | loss: 0.613657  [12864/60000]
2026-02-22 15:38:03,189 | INFO | loss: 0.744309  [19264/60000]
2026-02-22 15:38:03,355 | INFO | loss: 0.790149  [25664/60000]
2026-02-22 15:38:03,521 | INFO | loss: 0.698290  [32064/60000]
2026-02-22 15:38:03,687 | INFO | loss: 0.739023  [38464/60000]
2026-02-22 15:38:03,852 | INFO | loss: 0.909568  [44864/60000]
2026-02-22 15:38:04,017 | INFO | loss: 0.695954  [51264/60000]
2026-02-22 15:38:04,188 | INFO | loss: 0.697317  [57664/60000]
2026-02-22 15:38:04,493 | INFO | Test Error: 
 Accuracy: 73.6%, Avg loss: 0.747118 

2026-02-22 15:38:04,494 | INFO | Epoch 41
-------------------------------
2026-02-22 15:38:04,496 | INFO | loss: 0.662223  [   64/60000]
2026-02-22 15:38:04,696 | INFO | loss: 0.835529  [ 6464/60000]
2026-02-22 15:38:04,897 | INFO | loss: 0.604325  [12864/60000]
2026-02-22 15:38:05,097 | INFO | loss: 0.736958  [19264/60000]
2026-02-22 15:38:05,300 | INFO | loss: 0.783782  [25664/60000]
2026-02-22 15:38:05,475 | INFO | loss: 0.687010  [32064/60000]
2026-02-22 15:38:05,642 | INFO | loss: 0.730728  [38464/60000]
2026-02-22 15:38:05,808 | INFO | loss: 0.907018  [44864/60000]
2026-02-22 15:38:05,974 | INFO | loss: 0.690145  [51264/60000]
2026-02-22 15:38:06,139 | INFO | loss: 0.688652  [57664/60000]
2026-02-22 15:38:06,436 | INFO | Test Error: 
 Accuracy: 73.8%, Avg loss: 0.739796 

2026-02-22 15:38:06,436 | INFO | Epoch 42
-------------------------------
2026-02-22 15:38:06,439 | INFO | loss: 0.648955  [   64/60000]
2026-02-22 15:38:06,604 | INFO | loss: 0.831969  [ 6464/60000]
2026-02-22 15:38:06,769 | INFO | loss: 0.594967  [12864/60000]
2026-02-22 15:38:06,934 | INFO | loss: 0.729687  [19264/60000]
2026-02-22 15:38:07,101 | INFO | loss: 0.777707  [25664/60000]
2026-02-22 15:38:07,272 | INFO | loss: 0.676017  [32064/60000]
2026-02-22 15:38:07,450 | INFO | loss: 0.722289  [38464/60000]
2026-02-22 15:38:07,617 | INFO | loss: 0.904003  [44864/60000]
2026-02-22 15:38:07,785 | INFO | loss: 0.684457  [51264/60000]
2026-02-22 15:38:07,997 | INFO | loss: 0.680591  [57664/60000]
2026-02-22 15:38:08,342 | INFO | Test Error: 
 Accuracy: 73.9%, Avg loss: 0.732597 

2026-02-22 15:38:08,342 | INFO | Epoch 43
-------------------------------
2026-02-22 15:38:08,346 | INFO | loss: 0.636027  [   64/60000]
2026-02-22 15:38:08,688 | INFO | loss: 0.828044  [ 6464/60000]
2026-02-22 15:38:09,104 | INFO | loss: 0.585792  [12864/60000]
2026-02-22 15:38:09,360 | INFO | loss: 0.722450  [19264/60000]
2026-02-22 15:38:09,556 | INFO | loss: 0.770911  [25664/60000]
2026-02-22 15:38:09,837 | INFO | loss: 0.665628  [32064/60000]
2026-02-22 15:38:10,040 | INFO | loss: 0.714884  [38464/60000]
2026-02-22 15:38:10,227 | INFO | loss: 0.900750  [44864/60000]
2026-02-22 15:38:10,397 | INFO | loss: 0.678617  [51264/60000]
2026-02-22 15:38:10,566 | INFO | loss: 0.673001  [57664/60000]
2026-02-22 15:38:10,977 | INFO | Test Error: 
 Accuracy: 74.3%, Avg loss: 0.725553 

2026-02-22 15:38:10,978 | INFO | Epoch 44
-------------------------------
2026-02-22 15:38:11,031 | INFO | loss: 0.623310  [   64/60000]
2026-02-22 15:38:11,402 | INFO | loss: 0.824317  [ 6464/60000]
2026-02-22 15:38:11,618 | INFO | loss: 0.576883  [12864/60000]
2026-02-22 15:38:11,824 | INFO | loss: 0.715329  [19264/60000]
2026-02-22 15:38:11,995 | INFO | loss: 0.764156  [25664/60000]
2026-02-22 15:38:12,163 | INFO | loss: 0.655575  [32064/60000]
2026-02-22 15:38:12,334 | INFO | loss: 0.707716  [38464/60000]
2026-02-22 15:38:12,519 | INFO | loss: 0.897047  [44864/60000]
2026-02-22 15:38:12,711 | INFO | loss: 0.672586  [51264/60000]
2026-02-22 15:38:12,884 | INFO | loss: 0.665679  [57664/60000]
2026-02-22 15:38:13,192 | INFO | Test Error: 
 Accuracy: 74.6%, Avg loss: 0.718603 

2026-02-22 15:38:13,193 | INFO | Epoch 45
-------------------------------
2026-02-22 15:38:13,195 | INFO | loss: 0.611212  [   64/60000]
2026-02-22 15:38:13,366 | INFO | loss: 0.820823  [ 6464/60000]
2026-02-22 15:38:13,541 | INFO | loss: 0.568008  [12864/60000]
2026-02-22 15:38:13,712 | INFO | loss: 0.708026  [19264/60000]
2026-02-22 15:38:13,968 | INFO | loss: 0.757133  [25664/60000]
2026-02-22 15:38:14,145 | INFO | loss: 0.646036  [32064/60000]
2026-02-22 15:38:14,316 | INFO | loss: 0.700878  [38464/60000]
2026-02-22 15:38:14,488 | INFO | loss: 0.892614  [44864/60000]
2026-02-22 15:38:14,654 | INFO | loss: 0.666483  [51264/60000]
2026-02-22 15:38:14,821 | INFO | loss: 0.658502  [57664/60000]
2026-02-22 15:38:15,119 | INFO | Test Error: 
 Accuracy: 74.8%, Avg loss: 0.711759 

2026-02-22 15:38:15,119 | INFO | Epoch 46
-------------------------------
2026-02-22 15:38:15,122 | INFO | loss: 0.599469  [   64/60000]
2026-02-22 15:38:15,289 | INFO | loss: 0.817421  [ 6464/60000]
2026-02-22 15:38:15,456 | INFO | loss: 0.559592  [12864/60000]
2026-02-22 15:38:15,622 | INFO | loss: 0.700853  [19264/60000]
2026-02-22 15:38:15,794 | INFO | loss: 0.749820  [25664/60000]
2026-02-22 15:38:15,961 | INFO | loss: 0.636461  [32064/60000]
2026-02-22 15:38:16,126 | INFO | loss: 0.694292  [38464/60000]
2026-02-22 15:38:16,292 | INFO | loss: 0.888325  [44864/60000]
2026-02-22 15:38:16,458 | INFO | loss: 0.660550  [51264/60000]
2026-02-22 15:38:16,624 | INFO | loss: 0.651954  [57664/60000]
2026-02-22 15:38:16,959 | INFO | Test Error: 
 Accuracy: 75.1%, Avg loss: 0.704947 

2026-02-22 15:38:16,960 | INFO | Epoch 47
-------------------------------
2026-02-22 15:38:16,962 | INFO | loss: 0.588161  [   64/60000]
2026-02-22 15:38:17,133 | INFO | loss: 0.814518  [ 6464/60000]
2026-02-22 15:38:17,299 | INFO | loss: 0.551368  [12864/60000]
2026-02-22 15:38:17,465 | INFO | loss: 0.693421  [19264/60000]
2026-02-22 15:38:17,651 | INFO | loss: 0.742104  [25664/60000]
2026-02-22 15:38:17,821 | INFO | loss: 0.626948  [32064/60000]
2026-02-22 15:38:18,013 | INFO | loss: 0.687969  [38464/60000]
2026-02-22 15:38:18,180 | INFO | loss: 0.883630  [44864/60000]
2026-02-22 15:38:18,353 | INFO | loss: 0.654488  [51264/60000]
2026-02-22 15:38:18,568 | INFO | loss: 0.646082  [57664/60000]
2026-02-22 15:38:18,872 | INFO | Test Error: 
 Accuracy: 75.4%, Avg loss: 0.698472 

2026-02-22 15:38:18,872 | INFO | Epoch 48
-------------------------------
2026-02-22 15:38:18,875 | INFO | loss: 0.576976  [   64/60000]
2026-02-22 15:38:19,043 | INFO | loss: 0.811210  [ 6464/60000]
2026-02-22 15:38:19,210 | INFO | loss: 0.543350  [12864/60000]
2026-02-22 15:38:19,376 | INFO | loss: 0.686184  [19264/60000]
2026-02-22 15:38:19,542 | INFO | loss: 0.734338  [25664/60000]
2026-02-22 15:38:19,711 | INFO | loss: 0.617044  [32064/60000]
2026-02-22 15:38:19,878 | INFO | loss: 0.681646  [38464/60000]
2026-02-22 15:38:20,043 | INFO | loss: 0.878956  [44864/60000]
2026-02-22 15:38:20,225 | INFO | loss: 0.648247  [51264/60000]
2026-02-22 15:38:20,395 | INFO | loss: 0.640994  [57664/60000]
2026-02-22 15:38:20,689 | INFO | Test Error: 
 Accuracy: 75.6%, Avg loss: 0.691903 

2026-02-22 15:38:20,689 | INFO | Epoch 49
-------------------------------
2026-02-22 15:38:20,691 | INFO | loss: 0.566460  [   64/60000]
2026-02-22 15:38:20,857 | INFO | loss: 0.808183  [ 6464/60000]
2026-02-22 15:38:21,023 | INFO | loss: 0.535304  [12864/60000]
2026-02-22 15:38:21,188 | INFO | loss: 0.679240  [19264/60000]
2026-02-22 15:38:21,353 | INFO | loss: 0.726274  [25664/60000]
2026-02-22 15:38:21,518 | INFO | loss: 0.607015  [32064/60000]
2026-02-22 15:38:21,683 | INFO | loss: 0.675344  [38464/60000]
2026-02-22 15:38:21,857 | INFO | loss: 0.873094  [44864/60000]
2026-02-22 15:38:22,024 | INFO | loss: 0.641936  [51264/60000]
2026-02-22 15:38:22,190 | INFO | loss: 0.636178  [57664/60000]
2026-02-22 15:38:22,485 | INFO | Test Error: 
 Accuracy: 75.8%, Avg loss: 0.685349 

2026-02-22 15:38:22,486 | INFO | Epoch 50
-------------------------------
2026-02-22 15:38:22,488 | INFO | loss: 0.556149  [   64/60000]
2026-02-22 15:38:22,654 | INFO | loss: 0.805526  [ 6464/60000]
2026-02-22 15:38:22,824 | INFO | loss: 0.527254  [12864/60000]
2026-02-22 15:38:22,992 | INFO | loss: 0.672966  [19264/60000]
2026-02-22 15:38:23,159 | INFO | loss: 0.718286  [25664/60000]
2026-02-22 15:38:23,325 | INFO | loss: 0.597404  [32064/60000]
2026-02-22 15:38:23,492 | INFO | loss: 0.669324  [38464/60000]
2026-02-22 15:38:23,659 | INFO | loss: 0.866868  [44864/60000]
2026-02-22 15:38:23,831 | INFO | loss: 0.634475  [51264/60000]
2026-02-22 15:38:23,999 | INFO | loss: 0.632036  [57664/60000]
2026-02-22 15:38:24,354 | INFO | Test Error: 
 Accuracy: 76.1%, Avg loss: 0.678959 

2026-02-22 15:38:24,355 | INFO | Epoch 51
-------------------------------
2026-02-22 15:38:24,357 | INFO | loss: 0.546140  [   64/60000]
2026-02-22 15:38:24,524 | INFO | loss: 0.803380  [ 6464/60000]
2026-02-22 15:38:24,690 | INFO | loss: 0.519557  [12864/60000]
2026-02-22 15:38:24,863 | INFO | loss: 0.667217  [19264/60000]
2026-02-22 15:38:25,045 | INFO | loss: 0.707600  [25664/60000]
2026-02-22 15:38:25,211 | INFO | loss: 0.588194  [32064/60000]
2026-02-22 15:38:25,378 | INFO | loss: 0.662946  [38464/60000]
2026-02-22 15:38:25,544 | INFO | loss: 0.860512  [44864/60000]
2026-02-22 15:38:25,732 | INFO | loss: 0.627677  [51264/60000]
2026-02-22 15:38:25,906 | INFO | loss: 0.629045  [57664/60000]
2026-02-22 15:38:26,207 | INFO | Test Error: 
 Accuracy: 76.3%, Avg loss: 0.672659 

2026-02-22 15:38:26,207 | INFO | Epoch 52
-------------------------------
2026-02-22 15:38:26,210 | INFO | loss: 0.536411  [   64/60000]
2026-02-22 15:38:26,382 | INFO | loss: 0.801512  [ 6464/60000]
2026-02-22 15:38:26,549 | INFO | loss: 0.512222  [12864/60000]
2026-02-22 15:38:26,715 | INFO | loss: 0.660405  [19264/60000]
2026-02-22 15:38:26,884 | INFO | loss: 0.697704  [25664/60000]
2026-02-22 15:38:27,049 | INFO | loss: 0.579364  [32064/60000]
2026-02-22 15:38:27,222 | INFO | loss: 0.656308  [38464/60000]
2026-02-22 15:38:27,388 | INFO | loss: 0.854080  [44864/60000]
2026-02-22 15:38:27,553 | INFO | loss: 0.620991  [51264/60000]
2026-02-22 15:38:27,719 | INFO | loss: 0.626627  [57664/60000]
2026-02-22 15:38:28,016 | INFO | Test Error: 
 Accuracy: 76.5%, Avg loss: 0.666715 

2026-02-22 15:38:28,017 | INFO | Epoch 53
-------------------------------
2026-02-22 15:38:28,019 | INFO | loss: 0.527419  [   64/60000]
2026-02-22 15:38:28,187 | INFO | loss: 0.799948  [ 6464/60000]
2026-02-22 15:38:28,354 | INFO | loss: 0.505429  [12864/60000]
2026-02-22 15:38:28,520 | INFO | loss: 0.653640  [19264/60000]
2026-02-22 15:38:28,685 | INFO | loss: 0.689069  [25664/60000]
2026-02-22 15:38:28,857 | INFO | loss: 0.570702  [32064/60000]
2026-02-22 15:38:29,051 | INFO | loss: 0.650742  [38464/60000]
2026-02-22 15:38:29,224 | INFO | loss: 0.847688  [44864/60000]
2026-02-22 15:38:29,422 | INFO | loss: 0.614799  [51264/60000]
2026-02-22 15:38:29,589 | INFO | loss: 0.625108  [57664/60000]
2026-02-22 15:38:29,886 | INFO | Test Error: 
 Accuracy: 76.8%, Avg loss: 0.661026 

2026-02-22 15:38:29,886 | INFO | Epoch 54
-------------------------------
2026-02-22 15:38:29,889 | INFO | loss: 0.518883  [   64/60000]
2026-02-22 15:38:30,055 | INFO | loss: 0.798479  [ 6464/60000]
2026-02-22 15:38:30,220 | INFO | loss: 0.499234  [12864/60000]
2026-02-22 15:38:30,410 | INFO | loss: 0.647182  [19264/60000]
2026-02-22 15:38:30,603 | INFO | loss: 0.680340  [25664/60000]
2026-02-22 15:38:30,802 | INFO | loss: 0.562363  [32064/60000]
2026-02-22 15:38:30,975 | INFO | loss: 0.645807  [38464/60000]
2026-02-22 15:38:31,173 | INFO | loss: 0.841197  [44864/60000]
2026-02-22 15:38:31,368 | INFO | loss: 0.609326  [51264/60000]
2026-02-22 15:38:31,544 | INFO | loss: 0.623532  [57664/60000]
2026-02-22 15:38:31,899 | INFO | Test Error: 
 Accuracy: 77.0%, Avg loss: 0.655634 

2026-02-22 15:38:31,900 | INFO | Epoch 55
-------------------------------
2026-02-22 15:38:31,902 | INFO | loss: 0.511234  [   64/60000]
2026-02-22 15:38:32,080 | INFO | loss: 0.797001  [ 6464/60000]
2026-02-22 15:38:32,300 | INFO | loss: 0.493328  [12864/60000]
2026-02-22 15:38:32,504 | INFO | loss: 0.641052  [19264/60000]
2026-02-22 15:38:32,670 | INFO | loss: 0.672087  [25664/60000]
2026-02-22 15:38:32,841 | INFO | loss: 0.553887  [32064/60000]
2026-02-22 15:38:33,009 | INFO | loss: 0.641148  [38464/60000]
2026-02-22 15:38:33,210 | INFO | loss: 0.835012  [44864/60000]
2026-02-22 15:38:33,384 | INFO | loss: 0.604776  [51264/60000]
2026-02-22 15:38:33,557 | INFO | loss: 0.622215  [57664/60000]
2026-02-22 15:38:33,890 | INFO | Test Error: 
 Accuracy: 77.2%, Avg loss: 0.650531 

2026-02-22 15:38:33,890 | INFO | Epoch 56
-------------------------------
2026-02-22 15:38:33,894 | INFO | loss: 0.504436  [   64/60000]
2026-02-22 15:38:34,072 | INFO | loss: 0.795564  [ 6464/60000]
2026-02-22 15:38:34,246 | INFO | loss: 0.488239  [12864/60000]
2026-02-22 15:38:34,445 | INFO | loss: 0.635262  [19264/60000]
2026-02-22 15:38:34,647 | INFO | loss: 0.664623  [25664/60000]
2026-02-22 15:38:34,824 | INFO | loss: 0.546365  [32064/60000]
2026-02-22 15:38:34,991 | INFO | loss: 0.637174  [38464/60000]
2026-02-22 15:38:35,156 | INFO | loss: 0.830158  [44864/60000]
2026-02-22 15:38:35,346 | INFO | loss: 0.600761  [51264/60000]
2026-02-22 15:38:35,512 | INFO | loss: 0.620992  [57664/60000]
2026-02-22 15:38:35,813 | INFO | Test Error: 
 Accuracy: 77.4%, Avg loss: 0.645726 

2026-02-22 15:38:35,813 | INFO | Epoch 57
-------------------------------
2026-02-22 15:38:35,816 | INFO | loss: 0.498282  [   64/60000]
2026-02-22 15:38:35,993 | INFO | loss: 0.794020  [ 6464/60000]
2026-02-22 15:38:36,168 | INFO | loss: 0.483470  [12864/60000]
2026-02-22 15:38:36,343 | INFO | loss: 0.629181  [19264/60000]
2026-02-22 15:38:36,540 | INFO | loss: 0.657728  [25664/60000]
2026-02-22 15:38:36,711 | INFO | loss: 0.539008  [32064/60000]
2026-02-22 15:38:36,910 | INFO | loss: 0.633818  [38464/60000]
2026-02-22 15:38:37,085 | INFO | loss: 0.824837  [44864/60000]
2026-02-22 15:38:37,251 | INFO | loss: 0.596967  [51264/60000]
2026-02-22 15:38:37,424 | INFO | loss: 0.620069  [57664/60000]
2026-02-22 15:38:37,721 | INFO | Test Error: 
 Accuracy: 77.6%, Avg loss: 0.641274 

2026-02-22 15:38:37,721 | INFO | Epoch 58
-------------------------------
2026-02-22 15:38:37,724 | INFO | loss: 0.492613  [   64/60000]
2026-02-22 15:38:37,891 | INFO | loss: 0.792742  [ 6464/60000]
2026-02-22 15:38:38,092 | INFO | loss: 0.479072  [12864/60000]
2026-02-22 15:38:38,262 | INFO | loss: 0.623527  [19264/60000]
2026-02-22 15:38:38,450 | INFO | loss: 0.651328  [25664/60000]
2026-02-22 15:38:38,616 | INFO | loss: 0.532061  [32064/60000]
2026-02-22 15:38:38,782 | INFO | loss: 0.630900  [38464/60000]
2026-02-22 15:38:38,947 | INFO | loss: 0.820072  [44864/60000]
2026-02-22 15:38:39,140 | INFO | loss: 0.593300  [51264/60000]
2026-02-22 15:38:39,310 | INFO | loss: 0.619016  [57664/60000]
2026-02-22 15:38:39,607 | INFO | Test Error: 
 Accuracy: 77.7%, Avg loss: 0.637031 

2026-02-22 15:38:39,607 | INFO | Epoch 59
-------------------------------
2026-02-22 15:38:39,609 | INFO | loss: 0.487277  [   64/60000]
2026-02-22 15:38:39,804 | INFO | loss: 0.791309  [ 6464/60000]
2026-02-22 15:38:39,974 | INFO | loss: 0.475230  [12864/60000]
2026-02-22 15:38:40,141 | INFO | loss: 0.617962  [19264/60000]
2026-02-22 15:38:40,308 | INFO | loss: 0.645525  [25664/60000]
2026-02-22 15:38:40,505 | INFO | loss: 0.525634  [32064/60000]
2026-02-22 15:38:40,677 | INFO | loss: 0.627919  [38464/60000]
2026-02-22 15:38:40,847 | INFO | loss: 0.815590  [44864/60000]
2026-02-22 15:38:41,013 | INFO | loss: 0.590117  [51264/60000]
2026-02-22 15:38:41,182 | INFO | loss: 0.618042  [57664/60000]
2026-02-22 15:38:41,548 | INFO | Test Error: 
 Accuracy: 77.8%, Avg loss: 0.633144 

2026-02-22 15:38:41,548 | INFO | Epoch 60
-------------------------------
2026-02-22 15:38:41,550 | INFO | loss: 0.482612  [   64/60000]
2026-02-22 15:38:41,720 | INFO | loss: 0.790032  [ 6464/60000]
2026-02-22 15:38:41,892 | INFO | loss: 0.471691  [12864/60000]
2026-02-22 15:38:42,059 | INFO | loss: 0.612917  [19264/60000]
2026-02-22 15:38:42,230 | INFO | loss: 0.639636  [25664/60000]
2026-02-22 15:38:42,403 | INFO | loss: 0.519561  [32064/60000]
2026-02-22 15:38:42,569 | INFO | loss: 0.625654  [38464/60000]
2026-02-22 15:38:42,735 | INFO | loss: 0.811308  [44864/60000]
2026-02-22 15:38:42,901 | INFO | loss: 0.586989  [51264/60000]
2026-02-22 15:38:43,067 | INFO | loss: 0.617016  [57664/60000]
2026-02-22 15:38:43,398 | INFO | Test Error: 
 Accuracy: 77.9%, Avg loss: 0.629535 

2026-02-22 15:38:43,399 | INFO | Epoch 61
-------------------------------
2026-02-22 15:38:43,401 | INFO | loss: 0.478466  [   64/60000]
2026-02-22 15:38:43,575 | INFO | loss: 0.788510  [ 6464/60000]
2026-02-22 15:38:43,770 | INFO | loss: 0.468371  [12864/60000]
2026-02-22 15:38:43,968 | INFO | loss: 0.607381  [19264/60000]
2026-02-22 15:38:44,138 | INFO | loss: 0.633883  [25664/60000]
2026-02-22 15:38:44,331 | INFO | loss: 0.513581  [32064/60000]
2026-02-22 15:38:44,513 | INFO | loss: 0.623672  [38464/60000]
2026-02-22 15:38:44,688 | INFO | loss: 0.806740  [44864/60000]
2026-02-22 15:38:44,860 | INFO | loss: 0.583950  [51264/60000]
2026-02-22 15:38:45,061 | INFO | loss: 0.615791  [57664/60000]
2026-02-22 15:38:45,374 | INFO | Test Error: 
 Accuracy: 78.0%, Avg loss: 0.626080 

2026-02-22 15:38:45,375 | INFO | Epoch 62
-------------------------------
2026-02-22 15:38:45,377 | INFO | loss: 0.474556  [   64/60000]
2026-02-22 15:38:45,544 | INFO | loss: 0.786749  [ 6464/60000]
2026-02-22 15:38:45,710 | INFO | loss: 0.465669  [12864/60000]
2026-02-22 15:38:45,877 | INFO | loss: 0.601891  [19264/60000]
2026-02-22 15:38:46,075 | INFO | loss: 0.628633  [25664/60000]
2026-02-22 15:38:46,254 | INFO | loss: 0.508142  [32064/60000]
2026-02-22 15:38:46,422 | INFO | loss: 0.621947  [38464/60000]
2026-02-22 15:38:46,587 | INFO | loss: 0.802409  [44864/60000]
2026-02-22 15:38:46,753 | INFO | loss: 0.581094  [51264/60000]
2026-02-22 15:38:46,919 | INFO | loss: 0.614532  [57664/60000]
2026-02-22 15:38:47,213 | INFO | Test Error: 
 Accuracy: 78.2%, Avg loss: 0.622916 

2026-02-22 15:38:47,213 | INFO | Epoch 63
-------------------------------
2026-02-22 15:38:47,216 | INFO | loss: 0.470814  [   64/60000]
2026-02-22 15:38:47,384 | INFO | loss: 0.785223  [ 6464/60000]
2026-02-22 15:38:47,549 | INFO | loss: 0.463159  [12864/60000]
2026-02-22 15:38:47,714 | INFO | loss: 0.597095  [19264/60000]
2026-02-22 15:38:47,880 | INFO | loss: 0.623594  [25664/60000]
2026-02-22 15:38:48,045 | INFO | loss: 0.502724  [32064/60000]
2026-02-22 15:38:48,210 | INFO | loss: 0.620238  [38464/60000]
2026-02-22 15:38:48,376 | INFO | loss: 0.798318  [44864/60000]
2026-02-22 15:38:48,540 | INFO | loss: 0.578640  [51264/60000]
2026-02-22 15:38:48,704 | INFO | loss: 0.613610  [57664/60000]
2026-02-22 15:38:48,998 | INFO | Test Error: 
 Accuracy: 78.2%, Avg loss: 0.619834 

2026-02-22 15:38:48,999 | INFO | Epoch 64
-------------------------------
2026-02-22 15:38:49,001 | INFO | loss: 0.467166  [   64/60000]
2026-02-22 15:38:49,166 | INFO | loss: 0.783455  [ 6464/60000]
2026-02-22 15:38:49,331 | INFO | loss: 0.460830  [12864/60000]
2026-02-22 15:38:49,496 | INFO | loss: 0.592193  [19264/60000]
2026-02-22 15:38:49,660 | INFO | loss: 0.618833  [25664/60000]
2026-02-22 15:38:49,825 | INFO | loss: 0.497387  [32064/60000]
2026-02-22 15:38:49,990 | INFO | loss: 0.618818  [38464/60000]
2026-02-22 15:38:50,154 | INFO | loss: 0.794558  [44864/60000]
2026-02-22 15:38:50,320 | INFO | loss: 0.576423  [51264/60000]
2026-02-22 15:38:50,485 | INFO | loss: 0.613103  [57664/60000]
2026-02-22 15:38:50,780 | INFO | Test Error: 
 Accuracy: 78.3%, Avg loss: 0.616915 

2026-02-22 15:38:50,780 | INFO | Epoch 65
-------------------------------
2026-02-22 15:38:50,782 | INFO | loss: 0.462975  [   64/60000]
2026-02-22 15:38:50,947 | INFO | loss: 0.781781  [ 6464/60000]
2026-02-22 15:38:51,112 | INFO | loss: 0.458448  [12864/60000]
2026-02-22 15:38:51,277 | INFO | loss: 0.587357  [19264/60000]
2026-02-22 15:38:51,443 | INFO | loss: 0.614935  [25664/60000]
2026-02-22 15:38:51,607 | INFO | loss: 0.492038  [32064/60000]
2026-02-22 15:38:51,772 | INFO | loss: 0.617319  [38464/60000]
2026-02-22 15:38:51,937 | INFO | loss: 0.791574  [44864/60000]
2026-02-22 15:38:52,102 | INFO | loss: 0.574213  [51264/60000]
2026-02-22 15:38:52,267 | INFO | loss: 0.612506  [57664/60000]
2026-02-22 15:38:52,560 | INFO | Test Error: 
 Accuracy: 78.4%, Avg loss: 0.614187 

2026-02-22 15:38:52,561 | INFO | Epoch 66
-------------------------------
2026-02-22 15:38:52,563 | INFO | loss: 0.458993  [   64/60000]
2026-02-22 15:38:52,727 | INFO | loss: 0.780000  [ 6464/60000]
2026-02-22 15:38:52,892 | INFO | loss: 0.456522  [12864/60000]
2026-02-22 15:38:53,057 | INFO | loss: 0.582831  [19264/60000]
2026-02-22 15:38:53,221 | INFO | loss: 0.610665  [25664/60000]
2026-02-22 15:38:53,387 | INFO | loss: 0.486876  [32064/60000]
2026-02-22 15:38:53,552 | INFO | loss: 0.615864  [38464/60000]
2026-02-22 15:38:53,716 | INFO | loss: 0.788068  [44864/60000]
2026-02-22 15:38:53,882 | INFO | loss: 0.572253  [51264/60000]
2026-02-22 15:38:54,046 | INFO | loss: 0.611826  [57664/60000]
2026-02-22 15:38:54,340 | INFO | Test Error: 
 Accuracy: 78.5%, Avg loss: 0.611464 

2026-02-22 15:38:54,340 | INFO | Epoch 67
-------------------------------
2026-02-22 15:38:54,342 | INFO | loss: 0.455356  [   64/60000]
2026-02-22 15:38:54,507 | INFO | loss: 0.778685  [ 6464/60000]
2026-02-22 15:38:54,672 | INFO | loss: 0.454414  [12864/60000]
2026-02-22 15:38:54,837 | INFO | loss: 0.578488  [19264/60000]
2026-02-22 15:38:55,002 | INFO | loss: 0.605871  [25664/60000]
2026-02-22 15:38:55,166 | INFO | loss: 0.481722  [32064/60000]
2026-02-22 15:38:55,331 | INFO | loss: 0.614319  [38464/60000]
2026-02-22 15:38:55,497 | INFO | loss: 0.785200  [44864/60000]
2026-02-22 15:38:55,661 | INFO | loss: 0.569978  [51264/60000]
2026-02-22 15:38:55,826 | INFO | loss: 0.611362  [57664/60000]
2026-02-22 15:38:56,120 | INFO | Test Error: 
 Accuracy: 78.5%, Avg loss: 0.608928 

2026-02-22 15:38:56,121 | INFO | Epoch 68
-------------------------------
2026-02-22 15:38:56,123 | INFO | loss: 0.451800  [   64/60000]
2026-02-22 15:38:56,288 | INFO | loss: 0.777523  [ 6464/60000]
2026-02-22 15:38:56,453 | INFO | loss: 0.452437  [12864/60000]
2026-02-22 15:38:56,617 | INFO | loss: 0.574166  [19264/60000]
2026-02-22 15:38:56,782 | INFO | loss: 0.601873  [25664/60000]
2026-02-22 15:38:56,947 | INFO | loss: 0.477221  [32064/60000]
2026-02-22 15:38:57,111 | INFO | loss: 0.612428  [38464/60000]
2026-02-22 15:38:57,275 | INFO | loss: 0.782542  [44864/60000]
2026-02-22 15:38:57,439 | INFO | loss: 0.567853  [51264/60000]
2026-02-22 15:38:57,603 | INFO | loss: 0.611239  [57664/60000]
2026-02-22 15:38:57,897 | INFO | Test Error: 
 Accuracy: 78.6%, Avg loss: 0.606553 

2026-02-22 15:38:57,898 | INFO | Epoch 69
-------------------------------
2026-02-22 15:38:57,900 | INFO | loss: 0.448421  [   64/60000]
2026-02-22 15:38:58,065 | INFO | loss: 0.776062  [ 6464/60000]
2026-02-22 15:38:58,230 | INFO | loss: 0.450404  [12864/60000]
2026-02-22 15:38:58,395 | INFO | loss: 0.570095  [19264/60000]
2026-02-22 15:38:58,560 | INFO | loss: 0.597677  [25664/60000]
2026-02-22 15:38:58,724 | INFO | loss: 0.472695  [32064/60000]
2026-02-22 15:38:58,889 | INFO | loss: 0.611540  [38464/60000]
2026-02-22 15:38:59,053 | INFO | loss: 0.780153  [44864/60000]
2026-02-22 15:38:59,218 | INFO | loss: 0.565315  [51264/60000]
2026-02-22 15:38:59,383 | INFO | loss: 0.611481  [57664/60000]
2026-02-22 15:38:59,677 | INFO | Test Error: 
 Accuracy: 78.7%, Avg loss: 0.604261 

2026-02-22 15:38:59,677 | INFO | Epoch 70
-------------------------------
2026-02-22 15:38:59,679 | INFO | loss: 0.444850  [   64/60000]
2026-02-22 15:38:59,844 | INFO | loss: 0.774993  [ 6464/60000]
2026-02-22 15:39:00,008 | INFO | loss: 0.448266  [12864/60000]
2026-02-22 15:39:00,173 | INFO | loss: 0.565877  [19264/60000]
2026-02-22 15:39:00,338 | INFO | loss: 0.593930  [25664/60000]
2026-02-22 15:39:00,503 | INFO | loss: 0.467873  [32064/60000]
2026-02-22 15:39:00,667 | INFO | loss: 0.610345  [38464/60000]
2026-02-22 15:39:00,832 | INFO | loss: 0.777240  [44864/60000]
2026-02-22 15:39:00,996 | INFO | loss: 0.563139  [51264/60000]
2026-02-22 15:39:01,161 | INFO | loss: 0.611171  [57664/60000]
2026-02-22 15:39:01,506 | INFO | Test Error: 
 Accuracy: 78.8%, Avg loss: 0.602081 

2026-02-22 15:39:01,507 | INFO | Epoch 71
-------------------------------
2026-02-22 15:39:01,509 | INFO | loss: 0.441429  [   64/60000]
2026-02-22 15:39:01,687 | INFO | loss: 0.773652  [ 6464/60000]
2026-02-22 15:39:01,887 | INFO | loss: 0.446159  [12864/60000]
2026-02-22 15:39:02,084 | INFO | loss: 0.561763  [19264/60000]
2026-02-22 15:39:02,289 | INFO | loss: 0.591511  [25664/60000]
2026-02-22 15:39:02,486 | INFO | loss: 0.463477  [32064/60000]
2026-02-22 15:39:02,662 | INFO | loss: 0.608843  [38464/60000]
2026-02-22 15:39:02,866 | INFO | loss: 0.774754  [44864/60000]
2026-02-22 15:39:03,065 | INFO | loss: 0.560854  [51264/60000]
2026-02-22 15:39:03,234 | INFO | loss: 0.610937  [57664/60000]
2026-02-22 15:39:03,564 | INFO | Test Error: 
 Accuracy: 78.9%, Avg loss: 0.599781 

2026-02-22 15:39:03,564 | INFO | Epoch 72
-------------------------------
2026-02-22 15:39:03,567 | INFO | loss: 0.438266  [   64/60000]
2026-02-22 15:39:03,762 | INFO | loss: 0.772765  [ 6464/60000]
2026-02-22 15:39:03,931 | INFO | loss: 0.444060  [12864/60000]
2026-02-22 15:39:04,102 | INFO | loss: 0.557792  [19264/60000]
2026-02-22 15:39:04,293 | INFO | loss: 0.587403  [25664/60000]
2026-02-22 15:39:04,464 | INFO | loss: 0.459283  [32064/60000]
2026-02-22 15:39:04,633 | INFO | loss: 0.607752  [38464/60000]
2026-02-22 15:39:04,805 | INFO | loss: 0.771299  [44864/60000]
2026-02-22 15:39:04,975 | INFO | loss: 0.558643  [51264/60000]
2026-02-22 15:39:05,145 | INFO | loss: 0.610624  [57664/60000]
2026-02-22 15:39:05,471 | INFO | Test Error: 
 Accuracy: 79.0%, Avg loss: 0.597733 

2026-02-22 15:39:05,472 | INFO | Epoch 73
-------------------------------
2026-02-22 15:39:05,474 | INFO | loss: 0.434920  [   64/60000]
2026-02-22 15:39:05,640 | INFO | loss: 0.771718  [ 6464/60000]
2026-02-22 15:39:05,814 | INFO | loss: 0.442023  [12864/60000]
2026-02-22 15:39:06,010 | INFO | loss: 0.554041  [19264/60000]
2026-02-22 15:39:06,187 | INFO | loss: 0.584456  [25664/60000]
2026-02-22 15:39:06,363 | INFO | loss: 0.455104  [32064/60000]
2026-02-22 15:39:06,533 | INFO | loss: 0.606516  [38464/60000]
2026-02-22 15:39:06,704 | INFO | loss: 0.768482  [44864/60000]
2026-02-22 15:39:06,877 | INFO | loss: 0.556610  [51264/60000]
2026-02-22 15:39:07,043 | INFO | loss: 0.610479  [57664/60000]
2026-02-22 15:39:07,339 | INFO | Test Error: 
 Accuracy: 79.0%, Avg loss: 0.595753 

2026-02-22 15:39:07,339 | INFO | Epoch 74
-------------------------------
2026-02-22 15:39:07,342 | INFO | loss: 0.431929  [   64/60000]
2026-02-22 15:39:07,508 | INFO | loss: 0.770260  [ 6464/60000]
2026-02-22 15:39:07,676 | INFO | loss: 0.440007  [12864/60000]
2026-02-22 15:39:07,845 | INFO | loss: 0.550200  [19264/60000]
2026-02-22 15:39:08,013 | INFO | loss: 0.580134  [25664/60000]
2026-02-22 15:39:08,180 | INFO | loss: 0.451050  [32064/60000]
2026-02-22 15:39:08,346 | INFO | loss: 0.605508  [38464/60000]
2026-02-22 15:39:08,512 | INFO | loss: 0.765103  [44864/60000]
2026-02-22 15:39:08,676 | INFO | loss: 0.554285  [51264/60000]
2026-02-22 15:39:08,866 | INFO | loss: 0.609935  [57664/60000]
2026-02-22 15:39:09,163 | INFO | Test Error: 
 Accuracy: 79.0%, Avg loss: 0.593790 

2026-02-22 15:39:09,163 | INFO | Epoch 75
-------------------------------
2026-02-22 15:39:09,166 | INFO | loss: 0.428948  [   64/60000]
2026-02-22 15:39:09,332 | INFO | loss: 0.768981  [ 6464/60000]
2026-02-22 15:39:09,497 | INFO | loss: 0.438025  [12864/60000]
2026-02-22 15:39:09,688 | INFO | loss: 0.546466  [19264/60000]
2026-02-22 15:39:09,855 | INFO | loss: 0.576399  [25664/60000]
2026-02-22 15:39:10,022 | INFO | loss: 0.447217  [32064/60000]
2026-02-22 15:39:10,191 | INFO | loss: 0.604209  [38464/60000]
2026-02-22 15:39:10,358 | INFO | loss: 0.762091  [44864/60000]
2026-02-22 15:39:10,525 | INFO | loss: 0.552303  [51264/60000]
2026-02-22 15:39:10,692 | INFO | loss: 0.609510  [57664/60000]
2026-02-22 15:39:10,986 | INFO | Test Error: 
 Accuracy: 79.0%, Avg loss: 0.591938 

2026-02-22 15:39:10,987 | INFO | Epoch 76
-------------------------------
2026-02-22 15:39:10,989 | INFO | loss: 0.426213  [   64/60000]
2026-02-22 15:39:11,180 | INFO | loss: 0.767720  [ 6464/60000]
2026-02-22 15:39:11,350 | INFO | loss: 0.436203  [12864/60000]
2026-02-22 15:39:11,546 | INFO | loss: 0.543229  [19264/60000]
2026-02-22 15:39:11,712 | INFO | loss: 0.572363  [25664/60000]
2026-02-22 15:39:11,878 | INFO | loss: 0.443569  [32064/60000]
2026-02-22 15:39:12,044 | INFO | loss: 0.602417  [38464/60000]
2026-02-22 15:39:12,208 | INFO | loss: 0.759347  [44864/60000]
2026-02-22 15:39:12,378 | INFO | loss: 0.550374  [51264/60000]
2026-02-22 15:39:12,545 | INFO | loss: 0.609428  [57664/60000]
2026-02-22 15:39:12,867 | INFO | Test Error: 
 Accuracy: 79.0%, Avg loss: 0.590096 

2026-02-22 15:39:12,868 | INFO | Epoch 77
-------------------------------
2026-02-22 15:39:12,870 | INFO | loss: 0.423621  [   64/60000]
2026-02-22 15:39:13,036 | INFO | loss: 0.766647  [ 6464/60000]
2026-02-22 15:39:13,203 | INFO | loss: 0.434456  [12864/60000]
2026-02-22 15:39:13,372 | INFO | loss: 0.540008  [19264/60000]
2026-02-22 15:39:13,542 | INFO | loss: 0.568930  [25664/60000]
2026-02-22 15:39:13,711 | INFO | loss: 0.440012  [32064/60000]
2026-02-22 15:39:13,883 | INFO | loss: 0.600688  [38464/60000]
2026-02-22 15:39:14,051 | INFO | loss: 0.756136  [44864/60000]
2026-02-22 15:39:14,217 | INFO | loss: 0.548359  [51264/60000]
2026-02-22 15:39:14,383 | INFO | loss: 0.609624  [57664/60000]
2026-02-22 15:39:14,678 | INFO | Test Error: 
 Accuracy: 79.1%, Avg loss: 0.588323 

2026-02-22 15:39:14,678 | INFO | Epoch 78
-------------------------------
2026-02-22 15:39:14,681 | INFO | loss: 0.421055  [   64/60000]
2026-02-22 15:39:14,846 | INFO | loss: 0.764444  [ 6464/60000]
2026-02-22 15:39:15,011 | INFO | loss: 0.432690  [12864/60000]
2026-02-22 15:39:15,177 | INFO | loss: 0.536757  [19264/60000]
2026-02-22 15:39:15,343 | INFO | loss: 0.564861  [25664/60000]
2026-02-22 15:39:15,510 | INFO | loss: 0.436321  [32064/60000]
2026-02-22 15:39:15,675 | INFO | loss: 0.599576  [38464/60000]
2026-02-22 15:39:15,846 | INFO | loss: 0.753198  [44864/60000]
2026-02-22 15:39:16,013 | INFO | loss: 0.546086  [51264/60000]
2026-02-22 15:39:16,177 | INFO | loss: 0.609790  [57664/60000]
2026-02-22 15:39:16,472 | INFO | Test Error: 
 Accuracy: 79.1%, Avg loss: 0.586527 

2026-02-22 15:39:16,472 | INFO | Epoch 79
-------------------------------
2026-02-22 15:39:16,474 | INFO | loss: 0.418654  [   64/60000]
2026-02-22 15:39:16,645 | INFO | loss: 0.762118  [ 6464/60000]
2026-02-22 15:39:16,817 | INFO | loss: 0.431177  [12864/60000]
2026-02-22 15:39:16,988 | INFO | loss: 0.533752  [19264/60000]
2026-02-22 15:39:17,155 | INFO | loss: 0.561425  [25664/60000]
2026-02-22 15:39:17,351 | INFO | loss: 0.432978  [32064/60000]
2026-02-22 15:39:17,521 | INFO | loss: 0.598386  [38464/60000]
2026-02-22 15:39:17,687 | INFO | loss: 0.750281  [44864/60000]
2026-02-22 15:39:17,853 | INFO | loss: 0.543816  [51264/60000]
2026-02-22 15:39:18,018 | INFO | loss: 0.609652  [57664/60000]
2026-02-22 15:39:18,321 | INFO | Test Error: 
 Accuracy: 79.1%, Avg loss: 0.584775 

2026-02-22 15:39:18,321 | INFO | Epoch 80
-------------------------------
2026-02-22 15:39:18,323 | INFO | loss: 0.415956  [   64/60000]
2026-02-22 15:39:18,492 | INFO | loss: 0.759346  [ 6464/60000]
2026-02-22 15:39:18,658 | INFO | loss: 0.429494  [12864/60000]
2026-02-22 15:39:18,823 | INFO | loss: 0.531471  [19264/60000]
2026-02-22 15:39:18,996 | INFO | loss: 0.557301  [25664/60000]
2026-02-22 15:39:19,163 | INFO | loss: 0.428993  [32064/60000]
2026-02-22 15:39:19,351 | INFO | loss: 0.597335  [38464/60000]
2026-02-22 15:39:19,523 | INFO | loss: 0.747099  [44864/60000]
2026-02-22 15:39:19,688 | INFO | loss: 0.540634  [51264/60000]
2026-02-22 15:39:19,880 | INFO | loss: 0.608761  [57664/60000]
2026-02-22 15:39:20,180 | INFO | Test Error: 
 Accuracy: 79.2%, Avg loss: 0.583046 

2026-02-22 15:39:20,183 | INFO | Done!
