2026-02-22 15:44:19,844 | INFO | Logging initialized. Saving to logs/TRAINING_CODE_20260222_154419.log
2026-02-22 15:44:19,962 | INFO | Epoch 1
-------------------------------
2026-02-22 15:44:20,063 | INFO | loss: 2.291924  [   64/60000]
2026-02-22 15:44:20,226 | INFO | loss: 2.295583  [ 6464/60000]
2026-02-22 15:44:20,386 | INFO | loss: 2.307188  [12864/60000]
2026-02-22 15:44:20,547 | INFO | loss: 2.329844  [19264/60000]
2026-02-22 15:44:20,705 | INFO | loss: 2.288982  [25664/60000]
2026-02-22 15:44:20,868 | INFO | loss: 2.313151  [32064/60000]
2026-02-22 15:44:21,037 | INFO | loss: 2.309759  [38464/60000]
2026-02-22 15:44:21,200 | INFO | loss: 2.311791  [44864/60000]
2026-02-22 15:44:21,361 | INFO | loss: 2.286318  [51264/60000]
2026-02-22 15:44:21,525 | INFO | loss: 2.296952  [57664/60000]
2026-02-22 15:44:21,804 | INFO | Test Error: 
 Accuracy: 10.0%, Avg loss: 2.312412 

2026-02-22 15:44:21,804 | INFO | Epoch 2
-------------------------------
2026-02-22 15:44:21,807 | INFO | loss: 2.283216  [   64/60000]
2026-02-22 15:44:21,967 | INFO | loss: 2.288978  [ 6464/60000]
2026-02-22 15:44:22,125 | INFO | loss: 2.299235  [12864/60000]
2026-02-22 15:44:22,282 | INFO | loss: 2.322249  [19264/60000]
2026-02-22 15:44:22,443 | INFO | loss: 2.280962  [25664/60000]
2026-02-22 15:44:22,604 | INFO | loss: 2.299093  [32064/60000]
2026-02-22 15:44:22,761 | INFO | loss: 2.302761  [38464/60000]
2026-02-22 15:44:22,919 | INFO | loss: 2.298532  [44864/60000]
2026-02-22 15:44:23,076 | INFO | loss: 2.273430  [51264/60000]
2026-02-22 15:44:23,233 | INFO | loss: 2.283870  [57664/60000]
2026-02-22 15:44:23,508 | INFO | Test Error: 
 Accuracy: 12.6%, Avg loss: 2.299404 

2026-02-22 15:44:23,508 | INFO | Epoch 3
-------------------------------
2026-02-22 15:44:23,511 | INFO | loss: 2.272856  [   64/60000]
2026-02-22 15:44:23,674 | INFO | loss: 2.280404  [ 6464/60000]
2026-02-22 15:44:23,833 | INFO | loss: 2.287073  [12864/60000]
2026-02-22 15:44:23,992 | INFO | loss: 2.309813  [19264/60000]
2026-02-22 15:44:24,151 | INFO | loss: 2.264911  [25664/60000]
2026-02-22 15:44:24,308 | INFO | loss: 2.271368  [32064/60000]
2026-02-22 15:44:24,467 | INFO | loss: 2.286994  [38464/60000]
2026-02-22 15:44:24,629 | INFO | loss: 2.273190  [44864/60000]
2026-02-22 15:44:24,789 | INFO | loss: 2.249560  [51264/60000]
2026-02-22 15:44:25,009 | INFO | loss: 2.251091  [57664/60000]
2026-02-22 15:44:25,300 | INFO | Test Error: 
 Accuracy: 18.4%, Avg loss: 2.268679 

2026-02-22 15:44:25,301 | INFO | Epoch 4
-------------------------------
2026-02-22 15:44:25,304 | INFO | loss: 2.250475  [   64/60000]
2026-02-22 15:44:25,466 | INFO | loss: 2.259771  [ 6464/60000]
2026-02-22 15:44:25,628 | INFO | loss: 2.259998  [12864/60000]
2026-02-22 15:44:25,788 | INFO | loss: 2.279474  [19264/60000]
2026-02-22 15:44:25,947 | INFO | loss: 2.229362  [25664/60000]
2026-02-22 15:44:26,112 | INFO | loss: 2.221628  [32064/60000]
2026-02-22 15:44:26,276 | INFO | loss: 2.257454  [38464/60000]
2026-02-22 15:44:26,438 | INFO | loss: 2.229771  [44864/60000]
2026-02-22 15:44:26,598 | INFO | loss: 2.210346  [51264/60000]
2026-02-22 15:44:26,758 | INFO | loss: 2.192735  [57664/60000]
2026-02-22 15:44:27,032 | INFO | Test Error: 
 Accuracy: 23.3%, Avg loss: 2.217362 

2026-02-22 15:44:27,033 | INFO | Epoch 5
-------------------------------
2026-02-22 15:44:27,036 | INFO | loss: 2.214452  [   64/60000]
2026-02-22 15:44:27,196 | INFO | loss: 2.225873  [ 6464/60000]
2026-02-22 15:44:27,353 | INFO | loss: 2.214107  [12864/60000]
2026-02-22 15:44:27,514 | INFO | loss: 2.227421  [19264/60000]
2026-02-22 15:44:27,672 | INFO | loss: 2.184590  [25664/60000]
2026-02-22 15:44:27,833 | INFO | loss: 2.151685  [32064/60000]
2026-02-22 15:44:27,993 | INFO | loss: 2.205269  [38464/60000]
2026-02-22 15:44:28,152 | INFO | loss: 2.164913  [44864/60000]
2026-02-22 15:44:28,365 | INFO | loss: 2.144242  [51264/60000]
2026-02-22 15:44:28,529 | INFO | loss: 2.117678  [57664/60000]
2026-02-22 15:44:28,805 | INFO | Test Error: 
 Accuracy: 21.0%, Avg loss: 2.146224 

2026-02-22 15:44:28,806 | INFO | Epoch 6
-------------------------------
2026-02-22 15:44:28,809 | INFO | loss: 2.154522  [   64/60000]
2026-02-22 15:44:29,007 | INFO | loss: 2.169183  [ 6464/60000]
2026-02-22 15:44:29,172 | INFO | loss: 2.142531  [12864/60000]
2026-02-22 15:44:29,332 | INFO | loss: 2.152969  [19264/60000]
2026-02-22 15:44:29,491 | INFO | loss: 2.124607  [25664/60000]
2026-02-22 15:44:29,649 | INFO | loss: 2.069736  [32064/60000]
2026-02-22 15:44:29,825 | INFO | loss: 2.122619  [38464/60000]
2026-02-22 15:44:30,010 | INFO | loss: 2.073663  [44864/60000]
2026-02-22 15:44:30,200 | INFO | loss: 2.049517  [51264/60000]
2026-02-22 15:44:30,360 | INFO | loss: 2.032316  [57664/60000]
2026-02-22 15:44:30,680 | INFO | Test Error: 
 Accuracy: 21.4%, Avg loss: 2.055438 

2026-02-22 15:44:30,680 | INFO | Epoch 7
-------------------------------
2026-02-22 15:44:30,683 | INFO | loss: 2.068297  [   64/60000]
2026-02-22 15:44:30,844 | INFO | loss: 2.086990  [ 6464/60000]
2026-02-22 15:44:31,003 | INFO | loss: 2.042028  [12864/60000]
2026-02-22 15:44:31,161 | INFO | loss: 2.058824  [19264/60000]
2026-02-22 15:44:31,330 | INFO | loss: 2.043295  [25664/60000]
2026-02-22 15:44:31,521 | INFO | loss: 1.977543  [32064/60000]
2026-02-22 15:44:31,687 | INFO | loss: 2.019363  [38464/60000]
2026-02-22 15:44:31,858 | INFO | loss: 1.959423  [44864/60000]
2026-02-22 15:44:32,048 | INFO | loss: 1.932548  [51264/60000]
2026-02-22 15:44:32,207 | INFO | loss: 1.942186  [57664/60000]
2026-02-22 15:44:32,482 | INFO | Test Error: 
 Accuracy: 33.5%, Avg loss: 1.948245 

2026-02-22 15:44:32,483 | INFO | Epoch 8
-------------------------------
2026-02-22 15:44:32,486 | INFO | loss: 1.959467  [   64/60000]
2026-02-22 15:44:32,647 | INFO | loss: 1.986365  [ 6464/60000]
2026-02-22 15:44:32,806 | INFO | loss: 1.908113  [12864/60000]
2026-02-22 15:44:32,963 | INFO | loss: 1.946083  [19264/60000]
2026-02-22 15:44:33,154 | INFO | loss: 1.954667  [25664/60000]
2026-02-22 15:44:33,315 | INFO | loss: 1.872355  [32064/60000]
2026-02-22 15:44:33,476 | INFO | loss: 1.910878  [38464/60000]
2026-02-22 15:44:33,638 | INFO | loss: 1.831440  [44864/60000]
2026-02-22 15:44:33,797 | INFO | loss: 1.805622  [51264/60000]
2026-02-22 15:44:34,006 | INFO | loss: 1.849027  [57664/60000]
2026-02-22 15:44:34,296 | INFO | Test Error: 
 Accuracy: 36.6%, Avg loss: 1.829636 

2026-02-22 15:44:34,297 | INFO | Epoch 9
-------------------------------
2026-02-22 15:44:34,299 | INFO | loss: 1.839896  [   64/60000]
2026-02-22 15:44:34,462 | INFO | loss: 1.877427  [ 6464/60000]
2026-02-22 15:44:34,622 | INFO | loss: 1.757878  [12864/60000]
2026-02-22 15:44:34,781 | INFO | loss: 1.822831  [19264/60000]
2026-02-22 15:44:34,940 | INFO | loss: 1.859092  [25664/60000]
2026-02-22 15:44:35,098 | INFO | loss: 1.758147  [32064/60000]
2026-02-22 15:44:35,258 | INFO | loss: 1.804299  [38464/60000]
2026-02-22 15:44:35,418 | INFO | loss: 1.706315  [44864/60000]
2026-02-22 15:44:35,580 | INFO | loss: 1.691009  [51264/60000]
2026-02-22 15:44:35,746 | INFO | loss: 1.759264  [57664/60000]
2026-02-22 15:44:36,022 | INFO | Test Error: 
 Accuracy: 38.9%, Avg loss: 1.717425 

2026-02-22 15:44:36,022 | INFO | Epoch 10
-------------------------------
2026-02-22 15:44:36,025 | INFO | loss: 1.736049  [   64/60000]
2026-02-22 15:44:36,186 | INFO | loss: 1.779924  [ 6464/60000]
2026-02-22 15:44:36,343 | INFO | loss: 1.628851  [12864/60000]
2026-02-22 15:44:36,500 | INFO | loss: 1.719360  [19264/60000]
2026-02-22 15:44:36,657 | INFO | loss: 1.771144  [25664/60000]
2026-02-22 15:44:36,814 | INFO | loss: 1.656296  [32064/60000]
2026-02-22 15:44:36,972 | INFO | loss: 1.719317  [38464/60000]
2026-02-22 15:44:37,129 | INFO | loss: 1.611613  [44864/60000]
2026-02-22 15:44:37,287 | INFO | loss: 1.606792  [51264/60000]
2026-02-22 15:44:37,447 | INFO | loss: 1.688394  [57664/60000]
2026-02-22 15:44:37,725 | INFO | Test Error: 
 Accuracy: 43.4%, Avg loss: 1.629945 

2026-02-22 15:44:37,726 | INFO | Epoch 11
-------------------------------
2026-02-22 15:44:37,729 | INFO | loss: 1.660206  [   64/60000]
2026-02-22 15:44:37,890 | INFO | loss: 1.703717  [ 6464/60000]
2026-02-22 15:44:38,048 | INFO | loss: 1.535467  [12864/60000]
2026-02-22 15:44:38,205 | INFO | loss: 1.642366  [19264/60000]
2026-02-22 15:44:38,376 | INFO | loss: 1.698044  [25664/60000]
2026-02-22 15:44:38,536 | INFO | loss: 1.577718  [32064/60000]
2026-02-22 15:44:38,698 | INFO | loss: 1.654831  [38464/60000]
2026-02-22 15:44:38,897 | INFO | loss: 1.544701  [44864/60000]
2026-02-22 15:44:39,057 | INFO | loss: 1.544514  [51264/60000]
2026-02-22 15:44:39,217 | INFO | loss: 1.629412  [57664/60000]
2026-02-22 15:44:39,491 | INFO | Test Error: 
 Accuracy: 46.3%, Avg loss: 1.560170 

2026-02-22 15:44:39,491 | INFO | Epoch 12
-------------------------------
2026-02-22 15:44:39,495 | INFO | loss: 1.602054  [   64/60000]
2026-02-22 15:44:39,655 | INFO | loss: 1.640795  [ 6464/60000]
2026-02-22 15:44:39,813 | INFO | loss: 1.462199  [12864/60000]
2026-02-22 15:44:39,971 | INFO | loss: 1.576485  [19264/60000]
2026-02-22 15:44:40,135 | INFO | loss: 1.635571  [25664/60000]
2026-02-22 15:44:40,293 | INFO | loss: 1.513850  [32064/60000]
2026-02-22 15:44:40,451 | INFO | loss: 1.600313  [38464/60000]
2026-02-22 15:44:40,608 | INFO | loss: 1.492792  [44864/60000]
2026-02-22 15:44:40,795 | INFO | loss: 1.492847  [51264/60000]
2026-02-22 15:44:40,959 | INFO | loss: 1.573289  [57664/60000]
2026-02-22 15:44:41,248 | INFO | Test Error: 
 Accuracy: 46.8%, Avg loss: 1.497873 

2026-02-22 15:44:41,249 | INFO | Epoch 13
-------------------------------
2026-02-22 15:44:41,251 | INFO | loss: 1.552248  [   64/60000]
2026-02-22 15:44:41,412 | INFO | loss: 1.582970  [ 6464/60000]
2026-02-22 15:44:41,572 | INFO | loss: 1.396883  [12864/60000]
2026-02-22 15:44:41,732 | INFO | loss: 1.511610  [19264/60000]
2026-02-22 15:44:41,895 | INFO | loss: 1.579547  [25664/60000]
2026-02-22 15:44:42,055 | INFO | loss: 1.456878  [32064/60000]
2026-02-22 15:44:42,246 | INFO | loss: 1.550561  [38464/60000]
2026-02-22 15:44:42,404 | INFO | loss: 1.449401  [44864/60000]
2026-02-22 15:44:42,562 | INFO | loss: 1.445649  [51264/60000]
2026-02-22 15:44:42,719 | INFO | loss: 1.518847  [57664/60000]
2026-02-22 15:44:42,995 | INFO | Test Error: 
 Accuracy: 47.4%, Avg loss: 1.440515 

2026-02-22 15:44:42,995 | INFO | Epoch 14
-------------------------------
2026-02-22 15:44:42,999 | INFO | loss: 1.506628  [   64/60000]
2026-02-22 15:44:43,167 | INFO | loss: 1.529235  [ 6464/60000]
2026-02-22 15:44:43,329 | INFO | loss: 1.335497  [12864/60000]
2026-02-22 15:44:43,490 | INFO | loss: 1.448604  [19264/60000]
2026-02-22 15:44:43,649 | INFO | loss: 1.526345  [25664/60000]
2026-02-22 15:44:43,808 | INFO | loss: 1.402943  [32064/60000]
2026-02-22 15:44:43,966 | INFO | loss: 1.503637  [38464/60000]
2026-02-22 15:44:44,131 | INFO | loss: 1.411919  [44864/60000]
2026-02-22 15:44:44,298 | INFO | loss: 1.400859  [51264/60000]
2026-02-22 15:44:44,461 | INFO | loss: 1.467415  [57664/60000]
2026-02-22 15:44:44,784 | INFO | Test Error: 
 Accuracy: 48.6%, Avg loss: 1.388058 

2026-02-22 15:44:44,784 | INFO | Epoch 15
-------------------------------
2026-02-22 15:44:44,787 | INFO | loss: 1.462398  [   64/60000]
2026-02-22 15:44:44,949 | INFO | loss: 1.479515  [ 6464/60000]
2026-02-22 15:44:45,106 | INFO | loss: 1.278216  [12864/60000]
2026-02-22 15:44:45,264 | INFO | loss: 1.390300  [19264/60000]
2026-02-22 15:44:45,419 | INFO | loss: 1.476855  [25664/60000]
2026-02-22 15:44:45,575 | INFO | loss: 1.350401  [32064/60000]
2026-02-22 15:44:45,732 | INFO | loss: 1.460064  [38464/60000]
2026-02-22 15:44:45,888 | INFO | loss: 1.378423  [44864/60000]
2026-02-22 15:44:46,043 | INFO | loss: 1.358380  [51264/60000]
2026-02-22 15:44:46,198 | INFO | loss: 1.420067  [57664/60000]
2026-02-22 15:44:46,469 | INFO | Test Error: 
 Accuracy: 50.0%, Avg loss: 1.341263 

2026-02-22 15:44:46,469 | INFO | Epoch 16
-------------------------------
2026-02-22 15:44:46,472 | INFO | loss: 1.419114  [   64/60000]
2026-02-22 15:44:46,627 | INFO | loss: 1.436093  [ 6464/60000]
2026-02-22 15:44:46,784 | INFO | loss: 1.225649  [12864/60000]
2026-02-22 15:44:46,939 | INFO | loss: 1.339684  [19264/60000]
2026-02-22 15:44:47,093 | INFO | loss: 1.432283  [25664/60000]
2026-02-22 15:44:47,249 | INFO | loss: 1.300800  [32064/60000]
2026-02-22 15:44:47,405 | INFO | loss: 1.421508  [38464/60000]
2026-02-22 15:44:47,561 | INFO | loss: 1.347496  [44864/60000]
2026-02-22 15:44:47,718 | INFO | loss: 1.318630  [51264/60000]
2026-02-22 15:44:47,874 | INFO | loss: 1.378307  [57664/60000]
2026-02-22 15:44:48,144 | INFO | Test Error: 
 Accuracy: 51.5%, Avg loss: 1.299992 

2026-02-22 15:44:48,144 | INFO | Epoch 17
-------------------------------
2026-02-22 15:44:48,147 | INFO | loss: 1.376452  [   64/60000]
2026-02-22 15:44:48,303 | INFO | loss: 1.396688  [ 6464/60000]
2026-02-22 15:44:48,458 | INFO | loss: 1.178048  [12864/60000]
2026-02-22 15:44:48,613 | INFO | loss: 1.295713  [19264/60000]
2026-02-22 15:44:48,770 | INFO | loss: 1.393368  [25664/60000]
2026-02-22 15:44:48,925 | INFO | loss: 1.253812  [32064/60000]
2026-02-22 15:44:49,080 | INFO | loss: 1.388035  [38464/60000]
2026-02-22 15:44:49,235 | INFO | loss: 1.317879  [44864/60000]
2026-02-22 15:44:49,390 | INFO | loss: 1.281542  [51264/60000]
2026-02-22 15:44:49,545 | INFO | loss: 1.340826  [57664/60000]
2026-02-22 15:44:49,815 | INFO | Test Error: 
 Accuracy: 53.9%, Avg loss: 1.263162 

2026-02-22 15:44:49,815 | INFO | Epoch 18
-------------------------------
2026-02-22 15:44:49,818 | INFO | loss: 1.334653  [   64/60000]
2026-02-22 15:44:49,973 | INFO | loss: 1.359514  [ 6464/60000]
2026-02-22 15:44:50,128 | INFO | loss: 1.134548  [12864/60000]
2026-02-22 15:44:50,283 | INFO | loss: 1.256945  [19264/60000]
2026-02-22 15:44:50,438 | INFO | loss: 1.360130  [25664/60000]
2026-02-22 15:44:50,593 | INFO | loss: 1.209638  [32064/60000]
2026-02-22 15:44:50,747 | INFO | loss: 1.357926  [38464/60000]
2026-02-22 15:44:50,902 | INFO | loss: 1.290139  [44864/60000]
2026-02-22 15:44:51,057 | INFO | loss: 1.246696  [51264/60000]
2026-02-22 15:44:51,212 | INFO | loss: 1.306913  [57664/60000]
2026-02-22 15:44:51,482 | INFO | Test Error: 
 Accuracy: 56.3%, Avg loss: 1.229748 

2026-02-22 15:44:51,482 | INFO | Epoch 19
-------------------------------
2026-02-22 15:44:51,484 | INFO | loss: 1.294122  [   64/60000]
2026-02-22 15:44:51,640 | INFO | loss: 1.323727  [ 6464/60000]
2026-02-22 15:44:51,795 | INFO | loss: 1.094151  [12864/60000]
2026-02-22 15:44:51,950 | INFO | loss: 1.222577  [19264/60000]
2026-02-22 15:44:52,104 | INFO | loss: 1.331588  [25664/60000]
2026-02-22 15:44:52,260 | INFO | loss: 1.167781  [32064/60000]
2026-02-22 15:44:52,414 | INFO | loss: 1.330213  [38464/60000]
2026-02-22 15:44:52,569 | INFO | loss: 1.263437  [44864/60000]
2026-02-22 15:44:52,724 | INFO | loss: 1.214910  [51264/60000]
2026-02-22 15:44:52,878 | INFO | loss: 1.276383  [57664/60000]
2026-02-22 15:44:53,147 | INFO | Test Error: 
 Accuracy: 58.0%, Avg loss: 1.199303 

2026-02-22 15:44:53,147 | INFO | Epoch 20
-------------------------------
2026-02-22 15:44:53,149 | INFO | loss: 1.255470  [   64/60000]
2026-02-22 15:44:53,305 | INFO | loss: 1.289417  [ 6464/60000]
2026-02-22 15:44:53,459 | INFO | loss: 1.056552  [12864/60000]
2026-02-22 15:44:53,614 | INFO | loss: 1.192051  [19264/60000]
2026-02-22 15:44:53,769 | INFO | loss: 1.306568  [25664/60000]
2026-02-22 15:44:53,923 | INFO | loss: 1.128143  [32064/60000]
2026-02-22 15:44:54,077 | INFO | loss: 1.305165  [38464/60000]
2026-02-22 15:44:54,232 | INFO | loss: 1.238194  [44864/60000]
2026-02-22 15:44:54,387 | INFO | loss: 1.187071  [51264/60000]
2026-02-22 15:44:54,541 | INFO | loss: 1.248942  [57664/60000]
2026-02-22 15:44:54,810 | INFO | Test Error: 
 Accuracy: 59.3%, Avg loss: 1.171684 

2026-02-22 15:44:54,810 | INFO | Epoch 21
-------------------------------
2026-02-22 15:44:54,813 | INFO | loss: 1.219819  [   64/60000]
2026-02-22 15:44:54,967 | INFO | loss: 1.257299  [ 6464/60000]
2026-02-22 15:44:55,122 | INFO | loss: 1.021905  [12864/60000]
2026-02-22 15:44:55,277 | INFO | loss: 1.164983  [19264/60000]
2026-02-22 15:44:55,432 | INFO | loss: 1.283033  [25664/60000]
2026-02-22 15:44:55,586 | INFO | loss: 1.090836  [32064/60000]
2026-02-22 15:44:55,743 | INFO | loss: 1.282424  [38464/60000]
2026-02-22 15:44:55,897 | INFO | loss: 1.214419  [44864/60000]
2026-02-22 15:44:56,052 | INFO | loss: 1.163344  [51264/60000]
2026-02-22 15:44:56,206 | INFO | loss: 1.224075  [57664/60000]
2026-02-22 15:44:56,535 | INFO | Test Error: 
 Accuracy: 60.4%, Avg loss: 1.146760 

2026-02-22 15:44:56,536 | INFO | Epoch 22
-------------------------------
2026-02-22 15:44:56,538 | INFO | loss: 1.186964  [   64/60000]
2026-02-22 15:44:56,699 | INFO | loss: 1.228024  [ 6464/60000]
2026-02-22 15:44:56,863 | INFO | loss: 0.990421  [12864/60000]
2026-02-22 15:44:57,020 | INFO | loss: 1.141036  [19264/60000]
2026-02-22 15:44:57,176 | INFO | loss: 1.259678  [25664/60000]
2026-02-22 15:44:57,332 | INFO | loss: 1.056217  [32064/60000]
2026-02-22 15:44:57,487 | INFO | loss: 1.261819  [38464/60000]
2026-02-22 15:44:57,643 | INFO | loss: 1.192360  [44864/60000]
2026-02-22 15:44:57,823 | INFO | loss: 1.143487  [51264/60000]
2026-02-22 15:44:57,979 | INFO | loss: 1.201709  [57664/60000]
2026-02-22 15:44:58,250 | INFO | Test Error: 
 Accuracy: 61.2%, Avg loss: 1.124346 

2026-02-22 15:44:58,251 | INFO | Epoch 23
-------------------------------
2026-02-22 15:44:58,253 | INFO | loss: 1.156389  [   64/60000]
2026-02-22 15:44:58,412 | INFO | loss: 1.201870  [ 6464/60000]
2026-02-22 15:44:58,589 | INFO | loss: 0.962006  [12864/60000]
2026-02-22 15:44:58,745 | INFO | loss: 1.120013  [19264/60000]
2026-02-22 15:44:58,905 | INFO | loss: 1.236093  [25664/60000]
2026-02-22 15:44:59,060 | INFO | loss: 1.024482  [32064/60000]
2026-02-22 15:44:59,216 | INFO | loss: 1.243058  [38464/60000]
2026-02-22 15:44:59,370 | INFO | loss: 1.171770  [44864/60000]
2026-02-22 15:44:59,525 | INFO | loss: 1.126793  [51264/60000]
2026-02-22 15:44:59,680 | INFO | loss: 1.181154  [57664/60000]
2026-02-22 15:44:59,981 | INFO | Test Error: 
 Accuracy: 61.8%, Avg loss: 1.104027 

2026-02-22 15:44:59,981 | INFO | Epoch 24
-------------------------------
2026-02-22 15:44:59,984 | INFO | loss: 1.128699  [   64/60000]
2026-02-22 15:45:00,167 | INFO | loss: 1.178284  [ 6464/60000]
2026-02-22 15:45:00,355 | INFO | loss: 0.935850  [12864/60000]
2026-02-22 15:45:00,536 | INFO | loss: 1.101041  [19264/60000]
2026-02-22 15:45:00,701 | INFO | loss: 1.212394  [25664/60000]
2026-02-22 15:45:00,860 | INFO | loss: 0.995587  [32064/60000]
2026-02-22 15:45:01,024 | INFO | loss: 1.225727  [38464/60000]
2026-02-22 15:45:01,204 | INFO | loss: 1.151982  [44864/60000]
2026-02-22 15:45:01,407 | INFO | loss: 1.112805  [51264/60000]
2026-02-22 15:45:01,565 | INFO | loss: 1.162289  [57664/60000]
2026-02-22 15:45:01,862 | INFO | Test Error: 
 Accuracy: 62.3%, Avg loss: 1.085450 

2026-02-22 15:45:01,863 | INFO | Epoch 25
-------------------------------
2026-02-22 15:45:01,866 | INFO | loss: 1.103644  [   64/60000]
2026-02-22 15:45:02,053 | INFO | loss: 1.156799  [ 6464/60000]
2026-02-22 15:45:02,242 | INFO | loss: 0.912102  [12864/60000]
2026-02-22 15:45:02,431 | INFO | loss: 1.083759  [19264/60000]
2026-02-22 15:45:02,594 | INFO | loss: 1.188274  [25664/60000]
2026-02-22 15:45:02,777 | INFO | loss: 0.969441  [32064/60000]
2026-02-22 15:45:02,958 | INFO | loss: 1.208877  [38464/60000]
2026-02-22 15:45:03,144 | INFO | loss: 1.133547  [44864/60000]
2026-02-22 15:45:03,302 | INFO | loss: 1.100839  [51264/60000]
2026-02-22 15:45:03,458 | INFO | loss: 1.144909  [57664/60000]
2026-02-22 15:45:03,754 | INFO | Test Error: 
 Accuracy: 62.5%, Avg loss: 1.068267 

2026-02-22 15:45:03,755 | INFO | Epoch 26
-------------------------------
2026-02-22 15:45:03,757 | INFO | loss: 1.080565  [   64/60000]
2026-02-22 15:45:03,913 | INFO | loss: 1.137084  [ 6464/60000]
2026-02-22 15:45:04,068 | INFO | loss: 0.890503  [12864/60000]
2026-02-22 15:45:04,223 | INFO | loss: 1.067765  [19264/60000]
2026-02-22 15:45:04,409 | INFO | loss: 1.164737  [25664/60000]
2026-02-22 15:45:04,565 | INFO | loss: 0.945739  [32064/60000]
2026-02-22 15:45:04,720 | INFO | loss: 1.192726  [38464/60000]
2026-02-22 15:45:04,875 | INFO | loss: 1.116612  [44864/60000]
2026-02-22 15:45:05,054 | INFO | loss: 1.090157  [51264/60000]
2026-02-22 15:45:05,233 | INFO | loss: 1.128325  [57664/60000]
2026-02-22 15:45:05,505 | INFO | Test Error: 
 Accuracy: 62.9%, Avg loss: 1.052188 

2026-02-22 15:45:05,505 | INFO | Epoch 27
-------------------------------
2026-02-22 15:45:05,508 | INFO | loss: 1.059194  [   64/60000]
2026-02-22 15:45:05,664 | INFO | loss: 1.119017  [ 6464/60000]
2026-02-22 15:45:05,818 | INFO | loss: 0.870742  [12864/60000]
2026-02-22 15:45:05,974 | INFO | loss: 1.053104  [19264/60000]
2026-02-22 15:45:06,131 | INFO | loss: 1.140791  [25664/60000]
2026-02-22 15:45:06,285 | INFO | loss: 0.924236  [32064/60000]
2026-02-22 15:45:06,440 | INFO | loss: 1.176630  [38464/60000]
2026-02-22 15:45:06,594 | INFO | loss: 1.098955  [44864/60000]
2026-02-22 15:45:06,748 | INFO | loss: 1.080726  [51264/60000]
2026-02-22 15:45:06,902 | INFO | loss: 1.112185  [57664/60000]
2026-02-22 15:45:07,170 | INFO | Test Error: 
 Accuracy: 63.5%, Avg loss: 1.036962 

2026-02-22 15:45:07,170 | INFO | Epoch 28
-------------------------------
2026-02-22 15:45:07,172 | INFO | loss: 1.038976  [   64/60000]
2026-02-22 15:45:07,328 | INFO | loss: 1.102155  [ 6464/60000]
2026-02-22 15:45:07,482 | INFO | loss: 0.852767  [12864/60000]
2026-02-22 15:45:07,637 | INFO | loss: 1.039198  [19264/60000]
2026-02-22 15:45:07,791 | INFO | loss: 1.117973  [25664/60000]
2026-02-22 15:45:07,945 | INFO | loss: 0.904489  [32064/60000]
2026-02-22 15:45:08,100 | INFO | loss: 1.160701  [38464/60000]
2026-02-22 15:45:08,254 | INFO | loss: 1.082420  [44864/60000]
2026-02-22 15:45:08,408 | INFO | loss: 1.071827  [51264/60000]
2026-02-22 15:45:08,562 | INFO | loss: 1.096930  [57664/60000]
2026-02-22 15:45:08,831 | INFO | Test Error: 
 Accuracy: 63.9%, Avg loss: 1.022502 

2026-02-22 15:45:08,832 | INFO | Epoch 29
-------------------------------
2026-02-22 15:45:08,834 | INFO | loss: 1.019561  [   64/60000]
2026-02-22 15:45:08,988 | INFO | loss: 1.086371  [ 6464/60000]
2026-02-22 15:45:09,142 | INFO | loss: 0.836364  [12864/60000]
2026-02-22 15:45:09,299 | INFO | loss: 1.025907  [19264/60000]
2026-02-22 15:45:09,453 | INFO | loss: 1.095988  [25664/60000]
2026-02-22 15:45:09,615 | INFO | loss: 0.886426  [32064/60000]
2026-02-22 15:45:09,771 | INFO | loss: 1.144970  [38464/60000]
2026-02-22 15:45:09,927 | INFO | loss: 1.066743  [44864/60000]
2026-02-22 15:45:10,084 | INFO | loss: 1.063303  [51264/60000]
2026-02-22 15:45:10,244 | INFO | loss: 1.082268  [57664/60000]
2026-02-22 15:45:10,517 | INFO | Test Error: 
 Accuracy: 64.4%, Avg loss: 1.008723 

2026-02-22 15:45:10,517 | INFO | Epoch 30
-------------------------------
2026-02-22 15:45:10,520 | INFO | loss: 1.000860  [   64/60000]
2026-02-22 15:45:10,677 | INFO | loss: 1.071527  [ 6464/60000]
2026-02-22 15:45:10,836 | INFO | loss: 0.821264  [12864/60000]
2026-02-22 15:45:10,993 | INFO | loss: 1.013427  [19264/60000]
2026-02-22 15:45:11,148 | INFO | loss: 1.075295  [25664/60000]
2026-02-22 15:45:11,306 | INFO | loss: 0.869782  [32064/60000]
2026-02-22 15:45:11,462 | INFO | loss: 1.129507  [38464/60000]
2026-02-22 15:45:11,616 | INFO | loss: 1.051966  [44864/60000]
2026-02-22 15:45:11,771 | INFO | loss: 1.054960  [51264/60000]
2026-02-22 15:45:11,927 | INFO | loss: 1.067839  [57664/60000]
2026-02-22 15:45:12,200 | INFO | Test Error: 
 Accuracy: 64.8%, Avg loss: 0.995525 

2026-02-22 15:45:12,201 | INFO | Epoch 31
-------------------------------
2026-02-22 15:45:12,203 | INFO | loss: 0.982831  [   64/60000]
2026-02-22 15:45:12,359 | INFO | loss: 1.057307  [ 6464/60000]
2026-02-22 15:45:12,513 | INFO | loss: 0.807215  [12864/60000]
2026-02-22 15:45:12,688 | INFO | loss: 1.001275  [19264/60000]
2026-02-22 15:45:12,842 | INFO | loss: 1.055666  [25664/60000]
2026-02-22 15:45:12,998 | INFO | loss: 0.854145  [32064/60000]
2026-02-22 15:45:13,152 | INFO | loss: 1.114558  [38464/60000]
2026-02-22 15:45:13,306 | INFO | loss: 1.038036  [44864/60000]
2026-02-22 15:45:13,462 | INFO | loss: 1.046891  [51264/60000]
2026-02-22 15:45:13,618 | INFO | loss: 1.053873  [57664/60000]
2026-02-22 15:45:13,888 | INFO | Test Error: 
 Accuracy: 65.3%, Avg loss: 0.982790 

2026-02-22 15:45:13,889 | INFO | Epoch 32
-------------------------------
2026-02-22 15:45:13,891 | INFO | loss: 0.965467  [   64/60000]
2026-02-22 15:45:14,049 | INFO | loss: 1.043861  [ 6464/60000]
2026-02-22 15:45:14,251 | INFO | loss: 0.793715  [12864/60000]
2026-02-22 15:45:14,410 | INFO | loss: 0.989696  [19264/60000]
2026-02-22 15:45:14,565 | INFO | loss: 1.037268  [25664/60000]
2026-02-22 15:45:14,722 | INFO | loss: 0.839546  [32064/60000]
2026-02-22 15:45:14,877 | INFO | loss: 1.100177  [38464/60000]
2026-02-22 15:45:15,037 | INFO | loss: 1.024623  [44864/60000]
2026-02-22 15:45:15,195 | INFO | loss: 1.039050  [51264/60000]
2026-02-22 15:45:15,354 | INFO | loss: 1.040180  [57664/60000]
2026-02-22 15:45:15,628 | INFO | Test Error: 
 Accuracy: 65.7%, Avg loss: 0.970490 

2026-02-22 15:45:15,628 | INFO | Epoch 33
-------------------------------
2026-02-22 15:45:15,631 | INFO | loss: 0.948590  [   64/60000]
2026-02-22 15:45:15,793 | INFO | loss: 1.030892  [ 6464/60000]
2026-02-22 15:45:15,952 | INFO | loss: 0.779926  [12864/60000]
2026-02-22 15:45:16,114 | INFO | loss: 0.978304  [19264/60000]
2026-02-22 15:45:16,272 | INFO | loss: 1.020067  [25664/60000]
2026-02-22 15:45:16,431 | INFO | loss: 0.825859  [32064/60000]
2026-02-22 15:45:16,588 | INFO | loss: 1.086048  [38464/60000]
2026-02-22 15:45:16,747 | INFO | loss: 1.011760  [44864/60000]
2026-02-22 15:45:16,936 | INFO | loss: 1.030956  [51264/60000]
2026-02-22 15:45:17,127 | INFO | loss: 1.026806  [57664/60000]
2026-02-22 15:45:17,404 | INFO | Test Error: 
 Accuracy: 66.1%, Avg loss: 0.958532 

2026-02-22 15:45:17,404 | INFO | Epoch 34
-------------------------------
2026-02-22 15:45:17,407 | INFO | loss: 0.932207  [   64/60000]
2026-02-22 15:45:17,572 | INFO | loss: 1.018622  [ 6464/60000]
2026-02-22 15:45:17,733 | INFO | loss: 0.766501  [12864/60000]
2026-02-22 15:45:17,899 | INFO | loss: 0.967823  [19264/60000]
2026-02-22 15:45:18,064 | INFO | loss: 1.003008  [25664/60000]
2026-02-22 15:45:18,249 | INFO | loss: 0.812768  [32064/60000]
2026-02-22 15:45:18,409 | INFO | loss: 1.072230  [38464/60000]
2026-02-22 15:45:18,593 | INFO | loss: 0.999497  [44864/60000]
2026-02-22 15:45:18,806 | INFO | loss: 1.023013  [51264/60000]
2026-02-22 15:45:18,994 | INFO | loss: 1.013795  [57664/60000]
2026-02-22 15:45:19,273 | INFO | Test Error: 
 Accuracy: 66.3%, Avg loss: 0.946828 

2026-02-22 15:45:19,273 | INFO | Epoch 35
-------------------------------
2026-02-22 15:45:19,277 | INFO | loss: 0.916075  [   64/60000]
2026-02-22 15:45:19,437 | INFO | loss: 1.006877  [ 6464/60000]
2026-02-22 15:45:19,597 | INFO | loss: 0.753107  [12864/60000]
2026-02-22 15:45:19,780 | INFO | loss: 0.957642  [19264/60000]
2026-02-22 15:45:19,940 | INFO | loss: 0.986860  [25664/60000]
2026-02-22 15:45:20,126 | INFO | loss: 0.800242  [32064/60000]
2026-02-22 15:45:20,312 | INFO | loss: 1.058988  [38464/60000]
2026-02-22 15:45:20,474 | INFO | loss: 0.987824  [44864/60000]
2026-02-22 15:45:20,639 | INFO | loss: 1.015076  [51264/60000]
2026-02-22 15:45:20,817 | INFO | loss: 1.001056  [57664/60000]
2026-02-22 15:45:21,119 | INFO | Test Error: 
 Accuracy: 66.5%, Avg loss: 0.935328 

2026-02-22 15:45:21,119 | INFO | Epoch 36
-------------------------------
2026-02-22 15:45:21,122 | INFO | loss: 0.900188  [   64/60000]
2026-02-22 15:45:21,280 | INFO | loss: 0.995488  [ 6464/60000]
2026-02-22 15:45:21,443 | INFO | loss: 0.739858  [12864/60000]
2026-02-22 15:45:21,624 | INFO | loss: 0.947593  [19264/60000]
2026-02-22 15:45:21,780 | INFO | loss: 0.971263  [25664/60000]
2026-02-22 15:45:21,969 | INFO | loss: 0.788202  [32064/60000]
2026-02-22 15:45:22,125 | INFO | loss: 1.045546  [38464/60000]
2026-02-22 15:45:22,281 | INFO | loss: 0.976390  [44864/60000]
2026-02-22 15:45:22,462 | INFO | loss: 1.007460  [51264/60000]
2026-02-22 15:45:22,621 | INFO | loss: 0.988471  [57664/60000]
2026-02-22 15:45:22,901 | INFO | Test Error: 
 Accuracy: 66.6%, Avg loss: 0.923954 

2026-02-22 15:45:22,901 | INFO | Epoch 37
-------------------------------
2026-02-22 15:45:22,905 | INFO | loss: 0.884464  [   64/60000]
2026-02-22 15:45:23,089 | INFO | loss: 0.984345  [ 6464/60000]
2026-02-22 15:45:23,247 | INFO | loss: 0.726806  [12864/60000]
2026-02-22 15:45:23,405 | INFO | loss: 0.937754  [19264/60000]
2026-02-22 15:45:23,591 | INFO | loss: 0.955678  [25664/60000]
2026-02-22 15:45:23,747 | INFO | loss: 0.776567  [32064/60000]
2026-02-22 15:45:23,904 | INFO | loss: 1.031944  [38464/60000]
2026-02-22 15:45:24,059 | INFO | loss: 0.965282  [44864/60000]
2026-02-22 15:45:24,214 | INFO | loss: 0.999401  [51264/60000]
2026-02-22 15:45:24,373 | INFO | loss: 0.975805  [57664/60000]
2026-02-22 15:45:24,647 | INFO | Test Error: 
 Accuracy: 66.7%, Avg loss: 0.912698 

2026-02-22 15:45:24,647 | INFO | Epoch 38
-------------------------------
2026-02-22 15:45:24,650 | INFO | loss: 0.868835  [   64/60000]
2026-02-22 15:45:24,824 | INFO | loss: 0.973523  [ 6464/60000]
2026-02-22 15:45:24,996 | INFO | loss: 0.713523  [12864/60000]
2026-02-22 15:45:25,157 | INFO | loss: 0.927687  [19264/60000]
2026-02-22 15:45:25,318 | INFO | loss: 0.940259  [25664/60000]
2026-02-22 15:45:25,474 | INFO | loss: 0.765311  [32064/60000]
2026-02-22 15:45:25,630 | INFO | loss: 1.018520  [38464/60000]
2026-02-22 15:45:25,795 | INFO | loss: 0.954479  [44864/60000]
2026-02-22 15:45:26,068 | INFO | loss: 0.990847  [51264/60000]
2026-02-22 15:45:26,282 | INFO | loss: 0.963074  [57664/60000]
2026-02-22 15:45:26,671 | INFO | Test Error: 
 Accuracy: 67.1%, Avg loss: 0.901500 

2026-02-22 15:45:26,671 | INFO | Epoch 39
-------------------------------
2026-02-22 15:45:26,674 | INFO | loss: 0.853243  [   64/60000]
2026-02-22 15:45:26,865 | INFO | loss: 0.962780  [ 6464/60000]
2026-02-22 15:45:27,145 | INFO | loss: 0.700138  [12864/60000]
2026-02-22 15:45:27,319 | INFO | loss: 0.917757  [19264/60000]
2026-02-22 15:45:27,485 | INFO | loss: 0.924608  [25664/60000]
2026-02-22 15:45:27,642 | INFO | loss: 0.754422  [32064/60000]
2026-02-22 15:45:27,799 | INFO | loss: 1.005001  [38464/60000]
2026-02-22 15:45:27,959 | INFO | loss: 0.943748  [44864/60000]
2026-02-22 15:45:28,118 | INFO | loss: 0.982210  [51264/60000]
2026-02-22 15:45:28,306 | INFO | loss: 0.950597  [57664/60000]
2026-02-22 15:45:28,586 | INFO | Test Error: 
 Accuracy: 67.3%, Avg loss: 0.890452 

2026-02-22 15:45:28,586 | INFO | Epoch 40
-------------------------------
2026-02-22 15:45:28,589 | INFO | loss: 0.837868  [   64/60000]
2026-02-22 15:45:28,745 | INFO | loss: 0.952153  [ 6464/60000]
2026-02-22 15:45:28,900 | INFO | loss: 0.687135  [12864/60000]
2026-02-22 15:45:29,055 | INFO | loss: 0.908212  [19264/60000]
2026-02-22 15:45:29,209 | INFO | loss: 0.909278  [25664/60000]
2026-02-22 15:45:29,365 | INFO | loss: 0.743833  [32064/60000]
2026-02-22 15:45:29,577 | INFO | loss: 0.991837  [38464/60000]
2026-02-22 15:45:29,734 | INFO | loss: 0.933600  [44864/60000]
2026-02-22 15:45:29,891 | INFO | loss: 0.973047  [51264/60000]
2026-02-22 15:45:30,050 | INFO | loss: 0.939133  [57664/60000]
2026-02-22 15:45:30,326 | INFO | Test Error: 
 Accuracy: 67.5%, Avg loss: 0.879599 

2026-02-22 15:45:30,327 | INFO | Epoch 41
-------------------------------
2026-02-22 15:45:30,329 | INFO | loss: 0.822434  [   64/60000]
2026-02-22 15:45:30,488 | INFO | loss: 0.941607  [ 6464/60000]
2026-02-22 15:45:30,660 | INFO | loss: 0.674285  [12864/60000]
2026-02-22 15:45:30,826 | INFO | loss: 0.898973  [19264/60000]
2026-02-22 15:45:31,000 | INFO | loss: 0.894569  [25664/60000]
2026-02-22 15:45:31,230 | INFO | loss: 0.733375  [32064/60000]
2026-02-22 15:45:31,409 | INFO | loss: 0.979268  [38464/60000]
2026-02-22 15:45:31,603 | INFO | loss: 0.924081  [44864/60000]
2026-02-22 15:45:31,770 | INFO | loss: 0.964092  [51264/60000]
2026-02-22 15:45:31,926 | INFO | loss: 0.928001  [57664/60000]
2026-02-22 15:45:32,201 | INFO | Test Error: 
 Accuracy: 67.7%, Avg loss: 0.868970 

2026-02-22 15:45:32,202 | INFO | Epoch 42
-------------------------------
2026-02-22 15:45:32,204 | INFO | loss: 0.807160  [   64/60000]
2026-02-22 15:45:32,402 | INFO | loss: 0.931525  [ 6464/60000]
2026-02-22 15:45:32,573 | INFO | loss: 0.661725  [12864/60000]
2026-02-22 15:45:32,739 | INFO | loss: 0.890023  [19264/60000]
2026-02-22 15:45:32,895 | INFO | loss: 0.880080  [25664/60000]
2026-02-22 15:45:33,050 | INFO | loss: 0.723227  [32064/60000]
2026-02-22 15:45:33,213 | INFO | loss: 0.966777  [38464/60000]
2026-02-22 15:45:33,374 | INFO | loss: 0.915072  [44864/60000]
2026-02-22 15:45:33,530 | INFO | loss: 0.954905  [51264/60000]
2026-02-22 15:45:33,728 | INFO | loss: 0.916133  [57664/60000]
2026-02-22 15:45:34,035 | INFO | Test Error: 
 Accuracy: 68.1%, Avg loss: 0.858528 

2026-02-22 15:45:34,035 | INFO | Epoch 43
-------------------------------
2026-02-22 15:45:34,038 | INFO | loss: 0.791804  [   64/60000]
2026-02-22 15:45:34,213 | INFO | loss: 0.921620  [ 6464/60000]
2026-02-22 15:45:34,374 | INFO | loss: 0.649303  [12864/60000]
2026-02-22 15:45:34,534 | INFO | loss: 0.880983  [19264/60000]
2026-02-22 15:45:34,760 | INFO | loss: 0.866258  [25664/60000]
2026-02-22 15:45:34,936 | INFO | loss: 0.713261  [32064/60000]
2026-02-22 15:45:35,128 | INFO | loss: 0.954786  [38464/60000]
2026-02-22 15:45:35,301 | INFO | loss: 0.906315  [44864/60000]
2026-02-22 15:45:35,470 | INFO | loss: 0.945855  [51264/60000]
2026-02-22 15:45:35,636 | INFO | loss: 0.904360  [57664/60000]
2026-02-22 15:45:35,946 | INFO | Test Error: 
 Accuracy: 68.3%, Avg loss: 0.848326 

2026-02-22 15:45:35,946 | INFO | Epoch 44
-------------------------------
2026-02-22 15:45:35,949 | INFO | loss: 0.776505  [   64/60000]
2026-02-22 15:45:36,115 | INFO | loss: 0.911731  [ 6464/60000]
2026-02-22 15:45:36,274 | INFO | loss: 0.637239  [12864/60000]
2026-02-22 15:45:36,429 | INFO | loss: 0.872617  [19264/60000]
2026-02-22 15:45:36,584 | INFO | loss: 0.853227  [25664/60000]
2026-02-22 15:45:36,739 | INFO | loss: 0.703500  [32064/60000]
2026-02-22 15:45:36,893 | INFO | loss: 0.943051  [38464/60000]
2026-02-22 15:45:37,047 | INFO | loss: 0.898075  [44864/60000]
2026-02-22 15:45:37,201 | INFO | loss: 0.937350  [51264/60000]
2026-02-22 15:45:37,355 | INFO | loss: 0.892709  [57664/60000]
2026-02-22 15:45:37,624 | INFO | Test Error: 
 Accuracy: 68.6%, Avg loss: 0.838383 

2026-02-22 15:45:37,624 | INFO | Epoch 45
-------------------------------
2026-02-22 15:45:37,627 | INFO | loss: 0.761686  [   64/60000]
2026-02-22 15:45:37,782 | INFO | loss: 0.901796  [ 6464/60000]
2026-02-22 15:45:37,936 | INFO | loss: 0.625434  [12864/60000]
2026-02-22 15:45:38,090 | INFO | loss: 0.864234  [19264/60000]
2026-02-22 15:45:38,244 | INFO | loss: 0.840136  [25664/60000]
2026-02-22 15:45:38,399 | INFO | loss: 0.693587  [32064/60000]
2026-02-22 15:45:38,553 | INFO | loss: 0.931559  [38464/60000]
2026-02-22 15:45:38,709 | INFO | loss: 0.889877  [44864/60000]
2026-02-22 15:45:38,865 | INFO | loss: 0.928295  [51264/60000]
2026-02-22 15:45:39,019 | INFO | loss: 0.881147  [57664/60000]
2026-02-22 15:45:39,289 | INFO | Test Error: 
 Accuracy: 68.8%, Avg loss: 0.828694 

2026-02-22 15:45:39,289 | INFO | Epoch 46
-------------------------------
2026-02-22 15:45:39,291 | INFO | loss: 0.747268  [   64/60000]
2026-02-22 15:45:39,446 | INFO | loss: 0.892165  [ 6464/60000]
2026-02-22 15:45:39,600 | INFO | loss: 0.614473  [12864/60000]
2026-02-22 15:45:39,754 | INFO | loss: 0.856301  [19264/60000]
2026-02-22 15:45:39,915 | INFO | loss: 0.825732  [25664/60000]
2026-02-22 15:45:40,077 | INFO | loss: 0.683836  [32064/60000]
2026-02-22 15:45:40,233 | INFO | loss: 0.920221  [38464/60000]
2026-02-22 15:45:40,388 | INFO | loss: 0.881487  [44864/60000]
2026-02-22 15:45:40,542 | INFO | loss: 0.919107  [51264/60000]
2026-02-22 15:45:40,697 | INFO | loss: 0.869288  [57664/60000]
2026-02-22 15:45:41,010 | INFO | Test Error: 
 Accuracy: 69.1%, Avg loss: 0.819131 

2026-02-22 15:45:41,010 | INFO | Epoch 47
-------------------------------
2026-02-22 15:45:41,012 | INFO | loss: 0.733048  [   64/60000]
2026-02-22 15:45:41,168 | INFO | loss: 0.882725  [ 6464/60000]
2026-02-22 15:45:41,323 | INFO | loss: 0.603514  [12864/60000]
2026-02-22 15:45:41,478 | INFO | loss: 0.848516  [19264/60000]
2026-02-22 15:45:41,639 | INFO | loss: 0.809971  [25664/60000]
2026-02-22 15:45:41,848 | INFO | loss: 0.673768  [32064/60000]
2026-02-22 15:45:42,091 | INFO | loss: 0.908616  [38464/60000]
2026-02-22 15:45:42,271 | INFO | loss: 0.870277  [44864/60000]
2026-02-22 15:45:42,444 | INFO | loss: 0.911251  [51264/60000]
2026-02-22 15:45:42,611 | INFO | loss: 0.857353  [57664/60000]
2026-02-22 15:45:42,922 | INFO | Test Error: 
 Accuracy: 69.4%, Avg loss: 0.809021 

2026-02-22 15:45:42,922 | INFO | Epoch 48
-------------------------------
2026-02-22 15:45:42,925 | INFO | loss: 0.718621  [   64/60000]
2026-02-22 15:45:43,128 | INFO | loss: 0.873150  [ 6464/60000]
2026-02-22 15:45:43,287 | INFO | loss: 0.591339  [12864/60000]
2026-02-22 15:45:43,449 | INFO | loss: 0.841469  [19264/60000]
2026-02-22 15:45:43,612 | INFO | loss: 0.794880  [25664/60000]
2026-02-22 15:45:43,770 | INFO | loss: 0.662296  [32064/60000]
2026-02-22 15:45:43,956 | INFO | loss: 0.898751  [38464/60000]
2026-02-22 15:45:44,145 | INFO | loss: 0.862184  [44864/60000]
2026-02-22 15:45:44,329 | INFO | loss: 0.903544  [51264/60000]
2026-02-22 15:45:44,488 | INFO | loss: 0.842616  [57664/60000]
2026-02-22 15:45:44,791 | INFO | Test Error: 
 Accuracy: 69.8%, Avg loss: 0.799586 

2026-02-22 15:45:44,791 | INFO | Epoch 49
-------------------------------
2026-02-22 15:45:44,809 | INFO | loss: 0.703462  [   64/60000]
2026-02-22 15:45:44,980 | INFO | loss: 0.863787  [ 6464/60000]
2026-02-22 15:45:45,139 | INFO | loss: 0.580622  [12864/60000]
2026-02-22 15:45:45,327 | INFO | loss: 0.834836  [19264/60000]
2026-02-22 15:45:45,483 | INFO | loss: 0.782791  [25664/60000]
2026-02-22 15:45:45,643 | INFO | loss: 0.653206  [32064/60000]
2026-02-22 15:45:45,800 | INFO | loss: 0.887967  [38464/60000]
2026-02-22 15:45:45,956 | INFO | loss: 0.855877  [44864/60000]
2026-02-22 15:45:46,137 | INFO | loss: 0.894139  [51264/60000]
2026-02-22 15:45:46,300 | INFO | loss: 0.830062  [57664/60000]
2026-02-22 15:45:46,585 | INFO | Test Error: 
 Accuracy: 69.9%, Avg loss: 0.791265 

2026-02-22 15:45:46,585 | INFO | Epoch 50
-------------------------------
2026-02-22 15:45:46,588 | INFO | loss: 0.690791  [   64/60000]
2026-02-22 15:45:46,771 | INFO | loss: 0.855431  [ 6464/60000]
2026-02-22 15:45:46,931 | INFO | loss: 0.572047  [12864/60000]
2026-02-22 15:45:47,092 | INFO | loss: 0.827228  [19264/60000]
2026-02-22 15:45:47,273 | INFO | loss: 0.772981  [25664/60000]
2026-02-22 15:45:47,429 | INFO | loss: 0.644959  [32064/60000]
2026-02-22 15:45:47,615 | INFO | loss: 0.877727  [38464/60000]
2026-02-22 15:45:47,779 | INFO | loss: 0.850859  [44864/60000]
2026-02-22 15:45:47,959 | INFO | loss: 0.884839  [51264/60000]
2026-02-22 15:45:48,115 | INFO | loss: 0.817982  [57664/60000]
2026-02-22 15:45:48,416 | INFO | Test Error: 
 Accuracy: 70.0%, Avg loss: 0.783364 

2026-02-22 15:45:48,416 | INFO | Epoch 51
-------------------------------
2026-02-22 15:45:48,419 | INFO | loss: 0.679567  [   64/60000]
2026-02-22 15:45:48,575 | INFO | loss: 0.847892  [ 6464/60000]
2026-02-22 15:45:48,730 | INFO | loss: 0.564020  [12864/60000]
2026-02-22 15:45:48,889 | INFO | loss: 0.819382  [19264/60000]
2026-02-22 15:45:49,068 | INFO | loss: 0.764155  [25664/60000]
2026-02-22 15:45:49,224 | INFO | loss: 0.637288  [32064/60000]
2026-02-22 15:45:49,384 | INFO | loss: 0.867986  [38464/60000]
2026-02-22 15:45:49,545 | INFO | loss: 0.846635  [44864/60000]
2026-02-22 15:45:49,710 | INFO | loss: 0.875447  [51264/60000]
2026-02-22 15:45:49,894 | INFO | loss: 0.805197  [57664/60000]
2026-02-22 15:45:50,169 | INFO | Test Error: 
 Accuracy: 70.3%, Avg loss: 0.775707 

2026-02-22 15:45:50,169 | INFO | Epoch 52
-------------------------------
2026-02-22 15:45:50,172 | INFO | loss: 0.669437  [   64/60000]
2026-02-22 15:45:50,353 | INFO | loss: 0.840849  [ 6464/60000]
2026-02-22 15:45:50,515 | INFO | loss: 0.556476  [12864/60000]
2026-02-22 15:45:50,677 | INFO | loss: 0.811643  [19264/60000]
2026-02-22 15:45:50,855 | INFO | loss: 0.755291  [25664/60000]
2026-02-22 15:45:51,013 | INFO | loss: 0.630007  [32064/60000]
2026-02-22 15:45:51,169 | INFO | loss: 0.858786  [38464/60000]
2026-02-22 15:45:51,324 | INFO | loss: 0.842850  [44864/60000]
2026-02-22 15:45:51,480 | INFO | loss: 0.866683  [51264/60000]
2026-02-22 15:45:51,634 | INFO | loss: 0.792658  [57664/60000]
2026-02-22 15:45:51,911 | INFO | Test Error: 
 Accuracy: 70.5%, Avg loss: 0.768348 

2026-02-22 15:45:51,911 | INFO | Epoch 53
-------------------------------
2026-02-22 15:45:51,914 | INFO | loss: 0.659783  [   64/60000]
2026-02-22 15:45:52,068 | INFO | loss: 0.834375  [ 6464/60000]
2026-02-22 15:45:52,222 | INFO | loss: 0.549360  [12864/60000]
2026-02-22 15:45:52,377 | INFO | loss: 0.804030  [19264/60000]
2026-02-22 15:45:52,536 | INFO | loss: 0.746791  [25664/60000]
2026-02-22 15:45:52,717 | INFO | loss: 0.623501  [32064/60000]
2026-02-22 15:45:52,876 | INFO | loss: 0.849721  [38464/60000]
2026-02-22 15:45:53,059 | INFO | loss: 0.839236  [44864/60000]
2026-02-22 15:45:53,217 | INFO | loss: 0.858717  [51264/60000]
2026-02-22 15:45:53,404 | INFO | loss: 0.781000  [57664/60000]
2026-02-22 15:45:53,712 | INFO | Test Error: 
 Accuracy: 70.6%, Avg loss: 0.761253 

2026-02-22 15:45:53,712 | INFO | Epoch 54
-------------------------------
2026-02-22 15:45:53,715 | INFO | loss: 0.650603  [   64/60000]
2026-02-22 15:45:53,903 | INFO | loss: 0.828606  [ 6464/60000]
2026-02-22 15:45:54,060 | INFO | loss: 0.542586  [12864/60000]
2026-02-22 15:45:54,215 | INFO | loss: 0.796386  [19264/60000]
2026-02-22 15:45:54,370 | INFO | loss: 0.738627  [25664/60000]
2026-02-22 15:45:54,528 | INFO | loss: 0.617434  [32064/60000]
2026-02-22 15:45:54,685 | INFO | loss: 0.841334  [38464/60000]
2026-02-22 15:45:54,841 | INFO | loss: 0.836256  [44864/60000]
2026-02-22 15:45:54,996 | INFO | loss: 0.851207  [51264/60000]
2026-02-22 15:45:55,151 | INFO | loss: 0.769521  [57664/60000]
2026-02-22 15:45:55,420 | INFO | Test Error: 
 Accuracy: 70.8%, Avg loss: 0.754398 

2026-02-22 15:45:55,420 | INFO | Epoch 55
-------------------------------
2026-02-22 15:45:55,423 | INFO | loss: 0.641894  [   64/60000]
2026-02-22 15:45:55,578 | INFO | loss: 0.822861  [ 6464/60000]
2026-02-22 15:45:55,733 | INFO | loss: 0.536675  [12864/60000]
2026-02-22 15:45:55,887 | INFO | loss: 0.789026  [19264/60000]
2026-02-22 15:45:56,042 | INFO | loss: 0.730689  [25664/60000]
2026-02-22 15:45:56,196 | INFO | loss: 0.611561  [32064/60000]
2026-02-22 15:45:56,350 | INFO | loss: 0.833278  [38464/60000]
2026-02-22 15:45:56,510 | INFO | loss: 0.833496  [44864/60000]
2026-02-22 15:45:56,671 | INFO | loss: 0.844451  [51264/60000]
2026-02-22 15:45:56,829 | INFO | loss: 0.758410  [57664/60000]
2026-02-22 15:45:57,155 | INFO | Test Error: 
 Accuracy: 70.9%, Avg loss: 0.747795 

2026-02-22 15:45:57,155 | INFO | Epoch 56
-------------------------------
2026-02-22 15:45:57,158 | INFO | loss: 0.633742  [   64/60000]
2026-02-22 15:45:57,317 | INFO | loss: 0.816817  [ 6464/60000]
2026-02-22 15:45:57,475 | INFO | loss: 0.531117  [12864/60000]
2026-02-22 15:45:57,635 | INFO | loss: 0.781539  [19264/60000]
2026-02-22 15:45:57,793 | INFO | loss: 0.723032  [25664/60000]
2026-02-22 15:45:57,976 | INFO | loss: 0.606330  [32064/60000]
2026-02-22 15:45:58,162 | INFO | loss: 0.825366  [38464/60000]
2026-02-22 15:45:58,342 | INFO | loss: 0.831238  [44864/60000]
2026-02-22 15:45:58,525 | INFO | loss: 0.837715  [51264/60000]
2026-02-22 15:45:58,712 | INFO | loss: 0.747958  [57664/60000]
2026-02-22 15:45:58,986 | INFO | Test Error: 
 Accuracy: 71.2%, Avg loss: 0.741397 

2026-02-22 15:45:58,986 | INFO | Epoch 57
-------------------------------
2026-02-22 15:45:58,989 | INFO | loss: 0.625924  [   64/60000]
2026-02-22 15:45:59,176 | INFO | loss: 0.810661  [ 6464/60000]
2026-02-22 15:45:59,332 | INFO | loss: 0.525955  [12864/60000]
2026-02-22 15:45:59,489 | INFO | loss: 0.774287  [19264/60000]
2026-02-22 15:45:59,647 | INFO | loss: 0.716382  [25664/60000]
2026-02-22 15:45:59,803 | INFO | loss: 0.600995  [32064/60000]
2026-02-22 15:45:59,958 | INFO | loss: 0.818164  [38464/60000]
2026-02-22 15:46:00,116 | INFO | loss: 0.828969  [44864/60000]
2026-02-22 15:46:00,272 | INFO | loss: 0.831125  [51264/60000]
2026-02-22 15:46:00,429 | INFO | loss: 0.737281  [57664/60000]
2026-02-22 15:46:00,702 | INFO | Test Error: 
 Accuracy: 71.4%, Avg loss: 0.735231 

2026-02-22 15:46:00,702 | INFO | Epoch 58
-------------------------------
2026-02-22 15:46:00,705 | INFO | loss: 0.618327  [   64/60000]
2026-02-22 15:46:00,863 | INFO | loss: 0.804239  [ 6464/60000]
2026-02-22 15:46:01,048 | INFO | loss: 0.521126  [12864/60000]
2026-02-22 15:46:01,232 | INFO | loss: 0.767297  [19264/60000]
2026-02-22 15:46:01,419 | INFO | loss: 0.709947  [25664/60000]
2026-02-22 15:46:01,582 | INFO | loss: 0.595782  [32064/60000]
2026-02-22 15:46:01,767 | INFO | loss: 0.811002  [38464/60000]
2026-02-22 15:46:01,929 | INFO | loss: 0.827711  [44864/60000]
2026-02-22 15:46:02,085 | INFO | loss: 0.824686  [51264/60000]
2026-02-22 15:46:02,243 | INFO | loss: 0.727173  [57664/60000]
2026-02-22 15:46:02,514 | INFO | Test Error: 
 Accuracy: 71.5%, Avg loss: 0.729091 

2026-02-22 15:46:02,514 | INFO | Epoch 59
-------------------------------
2026-02-22 15:46:02,516 | INFO | loss: 0.610896  [   64/60000]
2026-02-22 15:46:02,672 | INFO | loss: 0.798476  [ 6464/60000]
2026-02-22 15:46:02,830 | INFO | loss: 0.516642  [12864/60000]
2026-02-22 15:46:02,989 | INFO | loss: 0.760878  [19264/60000]
2026-02-22 15:46:03,146 | INFO | loss: 0.703406  [25664/60000]
2026-02-22 15:46:03,302 | INFO | loss: 0.590717  [32064/60000]
2026-02-22 15:46:03,459 | INFO | loss: 0.803726  [38464/60000]
2026-02-22 15:46:03,615 | INFO | loss: 0.826621  [44864/60000]
2026-02-22 15:46:03,797 | INFO | loss: 0.818755  [51264/60000]
2026-02-22 15:46:03,954 | INFO | loss: 0.716451  [57664/60000]
2026-02-22 15:46:04,253 | INFO | Test Error: 
 Accuracy: 71.8%, Avg loss: 0.722873 

2026-02-22 15:46:04,254 | INFO | Epoch 60
-------------------------------
2026-02-22 15:46:04,256 | INFO | loss: 0.603318  [   64/60000]
2026-02-22 15:46:04,416 | INFO | loss: 0.792112  [ 6464/60000]
2026-02-22 15:46:04,580 | INFO | loss: 0.512122  [12864/60000]
2026-02-22 15:46:04,740 | INFO | loss: 0.753885  [19264/60000]
2026-02-22 15:46:04,920 | INFO | loss: 0.696481  [25664/60000]
2026-02-22 15:46:05,103 | INFO | loss: 0.585639  [32064/60000]
2026-02-22 15:46:05,260 | INFO | loss: 0.795302  [38464/60000]
2026-02-22 15:46:05,418 | INFO | loss: 0.824198  [44864/60000]
2026-02-22 15:46:05,575 | INFO | loss: 0.813098  [51264/60000]
2026-02-22 15:46:05,731 | INFO | loss: 0.705798  [57664/60000]
2026-02-22 15:46:06,001 | INFO | Test Error: 
 Accuracy: 72.0%, Avg loss: 0.716670 

2026-02-22 15:46:06,001 | INFO | Epoch 61
-------------------------------
2026-02-22 15:46:06,003 | INFO | loss: 0.595521  [   64/60000]
2026-02-22 15:46:06,161 | INFO | loss: 0.785810  [ 6464/60000]
2026-02-22 15:46:06,316 | INFO | loss: 0.507476  [12864/60000]
2026-02-22 15:46:06,470 | INFO | loss: 0.746606  [19264/60000]
2026-02-22 15:46:06,625 | INFO | loss: 0.690054  [25664/60000]
2026-02-22 15:46:06,779 | INFO | loss: 0.580851  [32064/60000]
2026-02-22 15:46:06,932 | INFO | loss: 0.787582  [38464/60000]
2026-02-22 15:46:07,087 | INFO | loss: 0.821271  [44864/60000]
2026-02-22 15:46:07,241 | INFO | loss: 0.807110  [51264/60000]
2026-02-22 15:46:07,395 | INFO | loss: 0.695306  [57664/60000]
2026-02-22 15:46:07,664 | INFO | Test Error: 
 Accuracy: 72.4%, Avg loss: 0.710520 

2026-02-22 15:46:07,665 | INFO | Epoch 62
-------------------------------
2026-02-22 15:46:07,667 | INFO | loss: 0.587627  [   64/60000]
2026-02-22 15:46:07,822 | INFO | loss: 0.778749  [ 6464/60000]
2026-02-22 15:46:07,976 | INFO | loss: 0.502887  [12864/60000]
2026-02-22 15:46:08,131 | INFO | loss: 0.739075  [19264/60000]
2026-02-22 15:46:08,285 | INFO | loss: 0.683526  [25664/60000]
2026-02-22 15:46:08,439 | INFO | loss: 0.576130  [32064/60000]
2026-02-22 15:46:08,594 | INFO | loss: 0.780036  [38464/60000]
2026-02-22 15:46:08,748 | INFO | loss: 0.818668  [44864/60000]
2026-02-22 15:46:08,901 | INFO | loss: 0.801640  [51264/60000]
2026-02-22 15:46:09,056 | INFO | loss: 0.684570  [57664/60000]
2026-02-22 15:46:09,325 | INFO | Test Error: 
 Accuracy: 72.6%, Avg loss: 0.704462 

2026-02-22 15:46:09,326 | INFO | Epoch 63
-------------------------------
2026-02-22 15:46:09,328 | INFO | loss: 0.580097  [   64/60000]
2026-02-22 15:46:09,485 | INFO | loss: 0.771618  [ 6464/60000]
2026-02-22 15:46:09,642 | INFO | loss: 0.498097  [12864/60000]
2026-02-22 15:46:09,796 | INFO | loss: 0.731629  [19264/60000]
2026-02-22 15:46:09,976 | INFO | loss: 0.677057  [25664/60000]
2026-02-22 15:46:10,155 | INFO | loss: 0.571408  [32064/60000]
2026-02-22 15:46:10,311 | INFO | loss: 0.772699  [38464/60000]
2026-02-22 15:46:10,467 | INFO | loss: 0.815401  [44864/60000]
2026-02-22 15:46:10,623 | INFO | loss: 0.796042  [51264/60000]
2026-02-22 15:46:10,779 | INFO | loss: 0.674837  [57664/60000]
2026-02-22 15:46:11,051 | INFO | Test Error: 
 Accuracy: 73.0%, Avg loss: 0.698621 

2026-02-22 15:46:11,051 | INFO | Epoch 64
-------------------------------
2026-02-22 15:46:11,053 | INFO | loss: 0.572707  [   64/60000]
2026-02-22 15:46:11,209 | INFO | loss: 0.764592  [ 6464/60000]
2026-02-22 15:46:11,364 | INFO | loss: 0.493468  [12864/60000]
2026-02-22 15:46:11,519 | INFO | loss: 0.724853  [19264/60000]
2026-02-22 15:46:11,673 | INFO | loss: 0.671197  [25664/60000]
2026-02-22 15:46:11,827 | INFO | loss: 0.566787  [32064/60000]
2026-02-22 15:46:11,981 | INFO | loss: 0.765641  [38464/60000]
2026-02-22 15:46:12,135 | INFO | loss: 0.810063  [44864/60000]
2026-02-22 15:46:12,290 | INFO | loss: 0.790439  [51264/60000]
2026-02-22 15:46:12,444 | INFO | loss: 0.665658  [57664/60000]
2026-02-22 15:46:12,712 | INFO | Test Error: 
 Accuracy: 73.3%, Avg loss: 0.692912 

2026-02-22 15:46:12,712 | INFO | Epoch 65
-------------------------------
2026-02-22 15:46:12,715 | INFO | loss: 0.565781  [   64/60000]
2026-02-22 15:46:12,871 | INFO | loss: 0.757459  [ 6464/60000]
2026-02-22 15:46:13,026 | INFO | loss: 0.489101  [12864/60000]
2026-02-22 15:46:13,205 | INFO | loss: 0.718966  [19264/60000]
2026-02-22 15:46:13,364 | INFO | loss: 0.665795  [25664/60000]
2026-02-22 15:46:13,519 | INFO | loss: 0.562162  [32064/60000]
2026-02-22 15:46:13,675 | INFO | loss: 0.758834  [38464/60000]
2026-02-22 15:46:13,830 | INFO | loss: 0.805056  [44864/60000]
2026-02-22 15:46:13,985 | INFO | loss: 0.785516  [51264/60000]
2026-02-22 15:46:14,139 | INFO | loss: 0.657516  [57664/60000]
2026-02-22 15:46:14,409 | INFO | Test Error: 
 Accuracy: 73.6%, Avg loss: 0.687431 

2026-02-22 15:46:14,409 | INFO | Epoch 66
-------------------------------
2026-02-22 15:46:14,412 | INFO | loss: 0.558635  [   64/60000]
2026-02-22 15:46:14,567 | INFO | loss: 0.750670  [ 6464/60000]
2026-02-22 15:46:14,722 | INFO | loss: 0.484671  [12864/60000]
2026-02-22 15:46:14,877 | INFO | loss: 0.713270  [19264/60000]
2026-02-22 15:46:15,032 | INFO | loss: 0.660143  [25664/60000]
2026-02-22 15:46:15,187 | INFO | loss: 0.557440  [32064/60000]
2026-02-22 15:46:15,342 | INFO | loss: 0.751685  [38464/60000]
2026-02-22 15:46:15,496 | INFO | loss: 0.800610  [44864/60000]
2026-02-22 15:46:15,651 | INFO | loss: 0.780205  [51264/60000]
2026-02-22 15:46:15,805 | INFO | loss: 0.649907  [57664/60000]
2026-02-22 15:46:16,098 | INFO | Test Error: 
 Accuracy: 74.0%, Avg loss: 0.681997 

2026-02-22 15:46:16,098 | INFO | Epoch 67
-------------------------------
2026-02-22 15:46:16,101 | INFO | loss: 0.551617  [   64/60000]
2026-02-22 15:46:16,256 | INFO | loss: 0.742876  [ 6464/60000]
2026-02-22 15:46:16,410 | INFO | loss: 0.480704  [12864/60000]
2026-02-22 15:46:16,564 | INFO | loss: 0.707716  [19264/60000]
2026-02-22 15:46:16,719 | INFO | loss: 0.654606  [25664/60000]
2026-02-22 15:46:16,874 | INFO | loss: 0.552988  [32064/60000]
2026-02-22 15:46:17,029 | INFO | loss: 0.744757  [38464/60000]
2026-02-22 15:46:17,184 | INFO | loss: 0.795473  [44864/60000]
2026-02-22 15:46:17,338 | INFO | loss: 0.774274  [51264/60000]
2026-02-22 15:46:17,493 | INFO | loss: 0.642395  [57664/60000]
2026-02-22 15:46:17,762 | INFO | Test Error: 
 Accuracy: 74.4%, Avg loss: 0.676646 

2026-02-22 15:46:17,763 | INFO | Epoch 68
-------------------------------
2026-02-22 15:46:17,765 | INFO | loss: 0.544526  [   64/60000]
2026-02-22 15:46:17,920 | INFO | loss: 0.735211  [ 6464/60000]
2026-02-22 15:46:18,076 | INFO | loss: 0.476649  [12864/60000]
2026-02-22 15:46:18,231 | INFO | loss: 0.702451  [19264/60000]
2026-02-22 15:46:18,385 | INFO | loss: 0.649311  [25664/60000]
2026-02-22 15:46:18,540 | INFO | loss: 0.548382  [32064/60000]
2026-02-22 15:46:18,694 | INFO | loss: 0.737646  [38464/60000]
2026-02-22 15:46:18,848 | INFO | loss: 0.789472  [44864/60000]
2026-02-22 15:46:19,003 | INFO | loss: 0.768103  [51264/60000]
2026-02-22 15:46:19,158 | INFO | loss: 0.635267  [57664/60000]
2026-02-22 15:46:19,428 | INFO | Test Error: 
 Accuracy: 74.8%, Avg loss: 0.671261 

2026-02-22 15:46:19,428 | INFO | Epoch 69
-------------------------------
2026-02-22 15:46:19,430 | INFO | loss: 0.537449  [   64/60000]
2026-02-22 15:46:19,587 | INFO | loss: 0.727449  [ 6464/60000]
2026-02-22 15:46:19,746 | INFO | loss: 0.472756  [12864/60000]
2026-02-22 15:46:19,926 | INFO | loss: 0.697101  [19264/60000]
2026-02-22 15:46:20,086 | INFO | loss: 0.643864  [25664/60000]
2026-02-22 15:46:20,266 | INFO | loss: 0.543399  [32064/60000]
2026-02-22 15:46:20,453 | INFO | loss: 0.730085  [38464/60000]
2026-02-22 15:46:20,609 | INFO | loss: 0.783665  [44864/60000]
2026-02-22 15:46:20,764 | INFO | loss: 0.762291  [51264/60000]
2026-02-22 15:46:20,919 | INFO | loss: 0.628488  [57664/60000]
2026-02-22 15:46:21,190 | INFO | Test Error: 
 Accuracy: 75.1%, Avg loss: 0.665870 

2026-02-22 15:46:21,190 | INFO | Epoch 70
-------------------------------
2026-02-22 15:46:21,193 | INFO | loss: 0.530097  [   64/60000]
2026-02-22 15:46:21,349 | INFO | loss: 0.719712  [ 6464/60000]
2026-02-22 15:46:21,510 | INFO | loss: 0.469180  [12864/60000]
2026-02-22 15:46:21,666 | INFO | loss: 0.691767  [19264/60000]
2026-02-22 15:46:21,822 | INFO | loss: 0.639243  [25664/60000]
2026-02-22 15:46:21,978 | INFO | loss: 0.538316  [32064/60000]
2026-02-22 15:46:22,133 | INFO | loss: 0.722513  [38464/60000]
2026-02-22 15:46:22,287 | INFO | loss: 0.777376  [44864/60000]
2026-02-22 15:46:22,442 | INFO | loss: 0.756696  [51264/60000]
2026-02-22 15:46:22,596 | INFO | loss: 0.622239  [57664/60000]
2026-02-22 15:46:22,866 | INFO | Test Error: 
 Accuracy: 75.6%, Avg loss: 0.660537 

2026-02-22 15:46:22,866 | INFO | Epoch 71
-------------------------------
2026-02-22 15:46:22,868 | INFO | loss: 0.522540  [   64/60000]
2026-02-22 15:46:23,024 | INFO | loss: 0.711978  [ 6464/60000]
2026-02-22 15:46:23,179 | INFO | loss: 0.465080  [12864/60000]
2026-02-22 15:46:23,332 | INFO | loss: 0.686227  [19264/60000]
2026-02-22 15:46:23,486 | INFO | loss: 0.634131  [25664/60000]
2026-02-22 15:46:23,641 | INFO | loss: 0.533381  [32064/60000]
2026-02-22 15:46:23,795 | INFO | loss: 0.714638  [38464/60000]
2026-02-22 15:46:23,950 | INFO | loss: 0.771695  [44864/60000]
2026-02-22 15:46:24,106 | INFO | loss: 0.750626  [51264/60000]
2026-02-22 15:46:24,261 | INFO | loss: 0.616003  [57664/60000]
2026-02-22 15:46:24,589 | INFO | Test Error: 
 Accuracy: 75.9%, Avg loss: 0.655147 

2026-02-22 15:46:24,590 | INFO | Epoch 72
-------------------------------
2026-02-22 15:46:24,592 | INFO | loss: 0.514837  [   64/60000]
2026-02-22 15:46:24,750 | INFO | loss: 0.704369  [ 6464/60000]
2026-02-22 15:46:24,995 | INFO | loss: 0.461122  [12864/60000]
2026-02-22 15:46:25,181 | INFO | loss: 0.680508  [19264/60000]
2026-02-22 15:46:25,400 | INFO | loss: 0.629252  [25664/60000]
2026-02-22 15:46:25,597 | INFO | loss: 0.528356  [32064/60000]
2026-02-22 15:46:25,791 | INFO | loss: 0.706698  [38464/60000]
2026-02-22 15:46:26,035 | INFO | loss: 0.765712  [44864/60000]
2026-02-22 15:46:26,220 | INFO | loss: 0.744775  [51264/60000]
2026-02-22 15:46:26,381 | INFO | loss: 0.609472  [57664/60000]
2026-02-22 15:46:26,658 | INFO | Test Error: 
 Accuracy: 76.2%, Avg loss: 0.649719 

2026-02-22 15:46:26,659 | INFO | Epoch 73
-------------------------------
2026-02-22 15:46:26,661 | INFO | loss: 0.506727  [   64/60000]
2026-02-22 15:46:26,820 | INFO | loss: 0.696797  [ 6464/60000]
2026-02-22 15:46:26,978 | INFO | loss: 0.457135  [12864/60000]
2026-02-22 15:46:27,136 | INFO | loss: 0.674789  [19264/60000]
2026-02-22 15:46:27,293 | INFO | loss: 0.624553  [25664/60000]
2026-02-22 15:46:27,463 | INFO | loss: 0.523353  [32064/60000]
2026-02-22 15:46:27,621 | INFO | loss: 0.698694  [38464/60000]
2026-02-22 15:46:27,833 | INFO | loss: 0.759614  [44864/60000]
2026-02-22 15:46:28,027 | INFO | loss: 0.739194  [51264/60000]
2026-02-22 15:46:28,183 | INFO | loss: 0.603390  [57664/60000]
2026-02-22 15:46:28,454 | INFO | Test Error: 
 Accuracy: 76.6%, Avg loss: 0.644305 

2026-02-22 15:46:28,454 | INFO | Epoch 74
-------------------------------
2026-02-22 15:46:28,457 | INFO | loss: 0.497890  [   64/60000]
2026-02-22 15:46:28,617 | INFO | loss: 0.688583  [ 6464/60000]
2026-02-22 15:46:28,777 | INFO | loss: 0.453252  [12864/60000]
2026-02-22 15:46:28,939 | INFO | loss: 0.669191  [19264/60000]
2026-02-22 15:46:29,199 | INFO | loss: 0.619935  [25664/60000]
2026-02-22 15:46:29,375 | INFO | loss: 0.518268  [32064/60000]
2026-02-22 15:46:29,540 | INFO | loss: 0.690719  [38464/60000]
2026-02-22 15:46:29,729 | INFO | loss: 0.753883  [44864/60000]
2026-02-22 15:46:29,898 | INFO | loss: 0.733649  [51264/60000]
2026-02-22 15:46:30,057 | INFO | loss: 0.597493  [57664/60000]
2026-02-22 15:46:30,379 | INFO | Test Error: 
 Accuracy: 76.9%, Avg loss: 0.638876 

2026-02-22 15:46:30,379 | INFO | Epoch 75
-------------------------------
2026-02-22 15:46:30,382 | INFO | loss: 0.489209  [   64/60000]
2026-02-22 15:46:30,573 | INFO | loss: 0.680477  [ 6464/60000]
2026-02-22 15:46:30,766 | INFO | loss: 0.449785  [12864/60000]
2026-02-22 15:46:30,923 | INFO | loss: 0.663545  [19264/60000]
2026-02-22 15:46:31,082 | INFO | loss: 0.615242  [25664/60000]
2026-02-22 15:46:31,255 | INFO | loss: 0.513226  [32064/60000]
2026-02-22 15:46:31,417 | INFO | loss: 0.682489  [38464/60000]
2026-02-22 15:46:31,608 | INFO | loss: 0.748943  [44864/60000]
2026-02-22 15:46:31,766 | INFO | loss: 0.728420  [51264/60000]
2026-02-22 15:46:31,955 | INFO | loss: 0.591440  [57664/60000]
2026-02-22 15:46:32,235 | INFO | Test Error: 
 Accuracy: 77.5%, Avg loss: 0.633472 

2026-02-22 15:46:32,235 | INFO | Epoch 76
-------------------------------
2026-02-22 15:46:32,239 | INFO | loss: 0.480404  [   64/60000]
2026-02-22 15:46:32,431 | INFO | loss: 0.672786  [ 6464/60000]
2026-02-22 15:46:32,589 | INFO | loss: 0.446127  [12864/60000]
2026-02-22 15:46:32,744 | INFO | loss: 0.658106  [19264/60000]
2026-02-22 15:46:32,900 | INFO | loss: 0.611615  [25664/60000]
2026-02-22 15:46:33,055 | INFO | loss: 0.507459  [32064/60000]
2026-02-22 15:46:33,228 | INFO | loss: 0.674077  [38464/60000]
2026-02-22 15:46:33,385 | INFO | loss: 0.744161  [44864/60000]
2026-02-22 15:46:33,540 | INFO | loss: 0.722812  [51264/60000]
2026-02-22 15:46:33,694 | INFO | loss: 0.585666  [57664/60000]
2026-02-22 15:46:33,963 | INFO | Test Error: 
 Accuracy: 78.0%, Avg loss: 0.628086 

2026-02-22 15:46:33,964 | INFO | Epoch 77
-------------------------------
2026-02-22 15:46:33,966 | INFO | loss: 0.471963  [   64/60000]
2026-02-22 15:46:34,123 | INFO | loss: 0.664871  [ 6464/60000]
2026-02-22 15:46:34,277 | INFO | loss: 0.442999  [12864/60000]
2026-02-22 15:46:34,433 | INFO | loss: 0.652806  [19264/60000]
2026-02-22 15:46:34,587 | INFO | loss: 0.607459  [25664/60000]
2026-02-22 15:46:34,741 | INFO | loss: 0.501956  [32064/60000]
2026-02-22 15:46:34,896 | INFO | loss: 0.665995  [38464/60000]
2026-02-22 15:46:35,054 | INFO | loss: 0.739338  [44864/60000]
2026-02-22 15:46:35,218 | INFO | loss: 0.717371  [51264/60000]
2026-02-22 15:46:35,377 | INFO | loss: 0.580445  [57664/60000]
2026-02-22 15:46:35,647 | INFO | Test Error: 
 Accuracy: 78.3%, Avg loss: 0.622747 

2026-02-22 15:46:35,648 | INFO | Epoch 78
-------------------------------
2026-02-22 15:46:35,650 | INFO | loss: 0.463424  [   64/60000]
2026-02-22 15:46:35,805 | INFO | loss: 0.656783  [ 6464/60000]
2026-02-22 15:46:35,960 | INFO | loss: 0.439089  [12864/60000]
2026-02-22 15:46:36,115 | INFO | loss: 0.647022  [19264/60000]
2026-02-22 15:46:36,270 | INFO | loss: 0.602711  [25664/60000]
2026-02-22 15:46:36,425 | INFO | loss: 0.496429  [32064/60000]
2026-02-22 15:46:36,580 | INFO | loss: 0.657671  [38464/60000]
2026-02-22 15:46:36,734 | INFO | loss: 0.733808  [44864/60000]
2026-02-22 15:46:36,889 | INFO | loss: 0.711915  [51264/60000]
2026-02-22 15:46:37,043 | INFO | loss: 0.575426  [57664/60000]
2026-02-22 15:46:37,314 | INFO | Test Error: 
 Accuracy: 78.7%, Avg loss: 0.617377 

2026-02-22 15:46:37,314 | INFO | Epoch 79
-------------------------------
2026-02-22 15:46:37,316 | INFO | loss: 0.455158  [   64/60000]
2026-02-22 15:46:37,501 | INFO | loss: 0.649204  [ 6464/60000]
2026-02-22 15:46:37,683 | INFO | loss: 0.435587  [12864/60000]
2026-02-22 15:46:37,840 | INFO | loss: 0.641315  [19264/60000]
2026-02-22 15:46:37,996 | INFO | loss: 0.598676  [25664/60000]
2026-02-22 15:46:38,174 | INFO | loss: 0.491275  [32064/60000]
2026-02-22 15:46:38,333 | INFO | loss: 0.649222  [38464/60000]
2026-02-22 15:46:38,535 | INFO | loss: 0.728077  [44864/60000]
2026-02-22 15:46:38,716 | INFO | loss: 0.707346  [51264/60000]
2026-02-22 15:46:38,871 | INFO | loss: 0.570842  [57664/60000]
2026-02-22 15:46:39,166 | INFO | Test Error: 
 Accuracy: 79.0%, Avg loss: 0.612016 

2026-02-22 15:46:39,166 | INFO | Epoch 80
-------------------------------
2026-02-22 15:46:39,169 | INFO | loss: 0.447140  [   64/60000]
2026-02-22 15:46:39,349 | INFO | loss: 0.641765  [ 6464/60000]
2026-02-22 15:46:39,505 | INFO | loss: 0.431844  [12864/60000]
2026-02-22 15:46:39,683 | INFO | loss: 0.635954  [19264/60000]
2026-02-22 15:46:39,844 | INFO | loss: 0.594645  [25664/60000]
2026-02-22 15:46:40,034 | INFO | loss: 0.486342  [32064/60000]
2026-02-22 15:46:40,193 | INFO | loss: 0.641362  [38464/60000]
2026-02-22 15:46:40,373 | INFO | loss: 0.722286  [44864/60000]
2026-02-22 15:46:40,539 | INFO | loss: 0.702850  [51264/60000]
2026-02-22 15:46:40,700 | INFO | loss: 0.566238  [57664/60000]
2026-02-22 15:46:41,053 | INFO | Test Error: 
 Accuracy: 79.2%, Avg loss: 0.606547 

2026-02-22 15:46:41,055 | INFO | Done!
