2026-02-25 18:48:48,008 | INFO | Logging initialized. Saving to logs/TRAINING_CODE_20260225_184848.log
2026-02-25 18:48:48,522 | INFO | MODEL ARCHITECTURE
2026-02-25 18:48:48,522 | INFO | StockCNN(
  (layer1): Sequential(
    (0): Conv1d(5, 16, kernel_size=(5,), stride=(1,), padding=(1,))
    (1): BatchNorm1d(16, eps=1e-05, momentum=0.1, affine=True, track_running_stats=True)
    (2): SiLU()
    (3): MaxPool1d(kernel_size=2, stride=2, padding=0, dilation=1, ceil_mode=False)
  )
  (layer2): Sequential(
    (0): Conv1d(16, 8, kernel_size=(5,), stride=(1,), padding=(1,))
    (1): BatchNorm1d(8, eps=1e-05, momentum=0.1, affine=True, track_running_stats=True)
    (2): SiLU()
    (3): MaxPool1d(kernel_size=2, stride=2, padding=0, dilation=1, ceil_mode=False)
  )
  (flatten): Flatten(start_dim=1, end_dim=-1)
  (fc): Sequential(
    (0): Linear(in_features=104, out_features=20, bias=True)
    (1): SiLU()
    (2): Dropout(p=0.5, inplace=False)
    (3): Linear(in_features=20, out_features=1, bias=True)
    (4): Sigmoid()
  )
)
2026-02-25 18:48:48,523 | INFO | 
-------------------

2026-02-25 18:48:48,523 | INFO | INITIAL MODEL WEIGHTS
2026-02-25 18:48:48,527 | INFO | First Conv1D Weights: torch.Size([16, 5, 5]):
 Parameter containing:
tensor([[[ 0.1529,  0.1660, -0.0469,  0.1837, -0.0438],
         [ 0.0404, -0.0974,  0.1175,  0.1763, -0.1467],
         [ 0.1738,  0.0374,  0.1478,  0.0271,  0.0964],
         [-0.0282,  0.1542,  0.0296, -0.0934,  0.0510],
         [-0.0921, -0.0235, -0.0812,  0.1327, -0.1579]],

        [[-0.0922, -0.0565, -0.1203,  0.0189, -0.1975],
         [ 0.1806, -0.1699,  0.1544,  0.0333, -0.0649],
         [ 0.1236,  0.0312,  0.1616,  0.0219, -0.0631],
         [ 0.0537, -0.0542,  0.0842,  0.1786,  0.1156],
         [-0.0874,  0.1155,  0.0358,  0.1016, -0.1219]],

        [[-0.1980, -0.0773, -0.1534,  0.1641,  0.0576],
         [ 0.0828,  0.0633, -0.0035,  0.1565, -0.1421],
         [ 0.0126, -0.1365,  0.0617, -0.0689,  0.0613],
         [-0.0417,  0.1659, -0.1185, -0.1193, -0.1193],
         [ 0.1799,  0.0667,  0.1925, -0.1651, -0.1984]],

        [[-0.1565, -0.1345,  0.0810,  0.0716,  0.1662],
         [-0.1033, -0.1363,  0.1061, -0.0808,  0.1214],
         [-0.0475,  0.1144, -0.1554, -0.1009,  0.0610],
         [ 0.0423, -0.0510,  0.1192,  0.1360, -0.1450],
         [-0.1068,  0.1831, -0.0675, -0.0709, -0.1935]],

        [[-0.1145,  0.0500, -0.0264, -0.1452,  0.0047],
         [-0.1366, -0.1697, -0.1101, -0.1750, -0.1273],
         [ 0.1999,  0.0378,  0.0616, -0.1865, -0.1314],
         [-0.0666,  0.0313, -0.1760, -0.0862, -0.1197],
         [ 0.0006, -0.0744, -0.0139, -0.1355, -0.1373]],

        [[-0.1167, -0.0685, -0.1579,  0.1677, -0.0397],
         [ 0.1721,  0.0623, -0.1694,  0.1384, -0.0550],
         [-0.0767, -0.1660, -0.1988,  0.0572, -0.0437],
         [ 0.0779, -0.1641,  0.1485, -0.1468, -0.0345],
         [ 0.0418,  0.1033,  0.1615,  0.1822, -0.1586]],

        [[ 0.0503, -0.0860, -0.0219, -0.1497,  0.1822],
         [-0.1468,  0.1069,  0.0703,  0.0650, -0.1081],
         [ 0.1818,  0.0440,  0.0257, -0.1763,  0.0840],
         [-0.0300, -0.0916,  0.1718,  0.0446, -0.1107],
         [-0.1012, -0.0096,  0.1117, -0.0511, -0.1141]],

        [[-0.0685, -0.1494,  0.0713,  0.1548, -0.1883],
         [ 0.0465,  0.1033,  0.0363, -0.0712,  0.1044],
         [ 0.1051,  0.0748, -0.0351, -0.0530,  0.0214],
         [-0.0353, -0.0596,  0.1278,  0.1719, -0.0198],
         [-0.0448,  0.0029, -0.0119,  0.0481,  0.0560]],

        [[-0.1817, -0.0738,  0.1684,  0.0779, -0.0099],
         [-0.1206, -0.1224, -0.1792, -0.0652,  0.0675],
         [ 0.1275,  0.0923, -0.1768, -0.1203, -0.0316],
         [ 0.1935,  0.0289, -0.0518,  0.0827, -0.0762],
         [-0.1295,  0.1460, -0.0909, -0.0401, -0.1990]],

        [[ 0.1339,  0.1515,  0.0729, -0.1395, -0.1974],
         [-0.1624,  0.1491,  0.0960,  0.1683,  0.1048],
         [ 0.0506, -0.0020, -0.1521, -0.1714, -0.1871],
         [ 0.0819, -0.0982, -0.0403, -0.1151, -0.0364],
         [-0.1408, -0.1307,  0.0663, -0.0594,  0.1235]],

        [[-0.0642, -0.1467, -0.0353, -0.0969, -0.0612],
         [-0.1904,  0.1119, -0.1392,  0.1005,  0.0908],
         [ 0.1429, -0.1534,  0.1438, -0.0946,  0.0742],
         [ 0.1878, -0.0282, -0.0015, -0.0460, -0.1670],
         [ 0.0960, -0.1985,  0.1242,  0.1496,  0.1891]],

        [[-0.0472, -0.1643,  0.0450,  0.1105, -0.1991],
         [-0.0454, -0.1199, -0.0175, -0.0984, -0.0818],
         [-0.0635, -0.1901,  0.1641,  0.1677, -0.0314],
         [-0.0228, -0.0816, -0.1806, -0.1946,  0.0743],
         [-0.1098, -0.1286, -0.0156, -0.0666, -0.0647]],

        [[ 0.0064, -0.0424, -0.0689, -0.0958, -0.1628],
         [ 0.1677, -0.0800,  0.0530, -0.0694,  0.0163],
         [ 0.1865,  0.0921, -0.1733,  0.0794,  0.1898],
         [ 0.0526,  0.1341,  0.1972, -0.0306,  0.0415],
         [-0.1390, -0.0412,  0.1481,  0.1025, -0.1266]],

        [[-0.1604, -0.1367, -0.1974, -0.1543, -0.0495],
         [ 0.1350,  0.0335, -0.1521, -0.1604,  0.0995],
         [-0.1488, -0.0246,  0.0959, -0.0926, -0.0218],
         [-0.0174, -0.0473, -0.1014, -0.1783, -0.1617],
         [-0.1071,  0.1932, -0.0966, -0.1343,  0.0485]],

        [[ 0.0551,  0.1096,  0.1520,  0.1114, -0.1983],
         [ 0.0177,  0.1212, -0.0185, -0.1179,  0.1907],
         [-0.0748, -0.1139, -0.1803,  0.0089,  0.0886],
         [ 0.0443,  0.0395, -0.1517, -0.1868,  0.0035],
         [ 0.1824,  0.1154, -0.1164, -0.0260, -0.1474]],

        [[-0.0965,  0.0362,  0.1089,  0.1657, -0.1836],
         [ 0.1337, -0.1411,  0.0749,  0.1692,  0.0028],
         [ 0.1820, -0.1704, -0.0764,  0.1167, -0.0436],
         [-0.0409, -0.0834,  0.1379,  0.0981,  0.0641],
         [-0.1124, -0.1623,  0.0216,  0.0593, -0.0923]]], requires_grad=True)
2026-02-25 18:48:48,527 | INFO | 
-------------------

2026-02-25 18:48:48,530 | INFO | Second Conv1D Weights: torch.Size([8, 16, 5]):
 Parameter containing:
tensor([[[-4.5668e-02,  4.1092e-02, -7.4492e-02, -7.3086e-02, -5.4001e-03],
         [-4.0893e-02, -8.3814e-02,  6.6317e-02,  8.9908e-02,  1.8137e-02],
         [-1.9466e-02, -1.0356e-01, -4.0723e-02,  2.8464e-02,  5.2719e-02],
         [-1.4134e-02, -4.4202e-02,  6.2300e-02, -8.9040e-02,  7.0662e-02],
         [-4.3375e-02,  1.7112e-03, -2.2094e-02,  1.3555e-02, -3.3787e-02],
         [ 8.1295e-02, -2.9066e-03,  8.7274e-02,  1.0750e-01, -5.4470e-02],
         [-8.1562e-02,  8.9700e-02,  8.7611e-02, -8.5367e-02, -8.6428e-03],
         [-1.1025e-01, -9.1522e-02,  2.1594e-02,  2.9744e-02,  2.3700e-02],
         [-3.0429e-02,  1.0315e-01,  1.5985e-02, -6.5973e-02, -6.3296e-03],
         [ 2.6849e-02,  3.9153e-02, -7.9054e-02,  4.1903e-02, -5.7118e-02],
         [-9.2902e-02, -6.1068e-02,  1.0782e-01,  9.5576e-02,  1.0012e-01],
         [ 6.5630e-02,  8.4462e-02, -1.4965e-02, -6.1517e-02,  5.5863e-02],
         [-5.7935e-02, -7.5452e-02, -3.5703e-02,  2.3463e-02,  5.7556e-02],
         [-4.3425e-02, -6.5804e-02,  1.5082e-02, -6.5901e-02, -7.2791e-02],
         [ 5.8278e-02, -1.8781e-02,  1.0216e-01,  1.0876e-01,  3.3441e-02],
         [ 3.8478e-02,  2.5747e-02,  1.7509e-03, -8.1317e-03,  1.5366e-03]],

        [[ 4.1750e-02,  1.0395e-01, -2.8975e-02, -4.7261e-02, -2.7075e-02],
         [-5.4015e-02,  1.9011e-02,  8.3455e-02,  8.7428e-02,  5.1332e-02],
         [-8.2280e-02, -6.0005e-02, -2.4564e-02, -2.0608e-02,  9.1956e-03],
         [-1.0263e-01,  3.4798e-02, -8.5292e-02, -7.0743e-02, -9.2951e-02],
         [ 9.7416e-02, -1.0587e-01,  8.4341e-02, -3.7585e-03, -1.3003e-02],
         [ 6.9931e-02, -1.0334e-02,  7.0118e-02,  8.0836e-02, -9.7069e-02],
         [ 4.3020e-02,  2.1106e-02,  2.4039e-02,  1.6322e-02,  3.0582e-02],
         [-5.3785e-02, -1.4304e-02,  1.0623e-01,  7.5115e-02, -4.2003e-03],
         [-1.0515e-01,  4.9001e-03, -7.6135e-02,  9.0918e-02, -6.7874e-02],
         [-8.0724e-03, -2.4814e-02,  1.9896e-02,  1.0521e-01,  1.0623e-02],
         [ 6.4753e-02,  8.6784e-02,  9.0260e-02, -3.8611e-02, -2.5006e-02],
         [ 5.3882e-02, -3.0508e-02,  5.2354e-02, -2.4425e-02, -7.5831e-02],
         [ 4.5509e-02,  1.7141e-02,  4.9847e-02,  1.1108e-01,  7.6332e-02],
         [ 1.0599e-01,  5.9840e-03, -9.6175e-02, -7.8433e-02, -6.9449e-02],
         [-9.8527e-02, -5.6041e-02, -1.0292e-01, -1.0315e-01, -6.6809e-02],
         [-1.1022e-01, -6.8626e-02,  4.2632e-02,  9.3250e-02, -3.3257e-02]],

        [[-3.2521e-02,  5.9698e-02, -5.5161e-02, -5.2864e-02,  6.8885e-02],
         [-9.7414e-02,  1.3671e-02,  9.8765e-02,  1.9173e-02,  3.0404e-02],
         [-6.5113e-02, -1.5425e-03,  6.1474e-03,  2.7440e-02,  4.3441e-02],
         [ 9.7149e-02, -8.5339e-02,  3.3513e-03, -5.5861e-02, -8.8444e-02],
         [-8.9530e-03, -9.8413e-02,  7.8028e-02,  1.2948e-02, -6.0257e-02],
         [ 5.8426e-02, -1.0581e-01, -4.3245e-02, -2.1781e-02, -9.5005e-02],
         [-7.1094e-02, -1.8248e-02,  8.4832e-02,  1.0796e-01,  7.1136e-02],
         [-6.6760e-02, -7.3144e-02,  9.7570e-02,  3.9547e-02,  2.9704e-03],
         [ 1.5131e-02, -8.9856e-02, -3.7330e-02,  1.0762e-01, -2.7574e-02],
         [-5.6085e-03, -9.2834e-02, -6.2544e-02, -2.2830e-03, -6.9448e-02],
         [-1.3865e-02,  4.5499e-02, -1.0936e-01,  3.3207e-02, -7.3925e-02],
         [-5.4566e-02,  4.2922e-02,  8.8897e-02, -3.0557e-02, -4.5903e-02],
         [-1.0110e-01, -5.7652e-02, -9.7899e-02, -2.5589e-02,  2.2814e-02],
         [-1.0475e-01,  9.7617e-02,  7.0144e-02, -1.0945e-01, -5.3401e-02],
         [ 3.6465e-02, -2.2971e-02, -1.2184e-02, -5.0481e-02,  8.9803e-02],
         [-6.2498e-02,  9.2716e-02,  7.2138e-03,  2.2475e-02,  8.7221e-02]],

        [[-1.8421e-02, -6.3655e-02, -1.8082e-02,  9.0679e-02, -8.2957e-02],
         [ 2.5377e-02, -1.0988e-01,  5.8619e-02,  4.1308e-02,  4.7396e-03],
         [ 4.7985e-02,  1.2575e-04,  6.1867e-02, -8.8506e-02, -1.6419e-02],
         [ 4.9598e-02,  1.1134e-01,  5.6952e-02, -8.1301e-02,  8.5988e-02],
         [-2.4932e-02, -2.3872e-02, -1.0162e-01, -1.7599e-02,  7.9082e-02],
         [ 1.5590e-02, -6.5120e-02,  3.4414e-02, -3.5849e-02,  1.0208e-01],
         [-9.7040e-02, -3.5316e-02, -1.0795e-01, -4.4032e-02,  3.5246e-02],
         [ 1.0762e-01,  1.8777e-02,  1.0961e-01,  2.1875e-02,  6.4570e-02],
         [ 8.9629e-02,  9.3459e-02, -6.2579e-02,  1.0279e-01,  6.7727e-02],
         [-5.2277e-02, -5.3353e-02, -9.3775e-02,  2.8078e-02, -9.0622e-02],
         [ 4.7229e-02,  3.5307e-02, -9.7135e-02,  3.0467e-02, -9.0930e-03],
         [ 5.1074e-02,  6.4152e-02, -1.1115e-01,  1.0253e-01,  9.3763e-02],
         [ 4.4485e-02, -1.0218e-01, -3.9938e-02, -3.2402e-02, -2.8733e-02],
         [ 6.3049e-02,  4.0648e-02,  8.8568e-02, -4.1873e-02,  3.7626e-02],
         [ 3.9779e-02, -9.3086e-02, -1.0845e-01, -5.8014e-02,  7.6535e-02],
         [-1.0526e-01, -9.7317e-02,  6.2632e-02,  6.0321e-02,  9.1946e-02]],

        [[-8.4405e-02, -8.1829e-02,  5.7354e-02,  9.7228e-02,  6.6896e-02],
         [ 1.7514e-02,  3.6848e-02,  1.0612e-01, -7.2136e-02, -5.0760e-02],
         [ 7.8203e-02, -7.6500e-02, -6.1650e-02,  8.1615e-02,  3.5276e-02],
         [ 3.6120e-02, -4.7387e-02, -1.5429e-03,  1.0233e-01, -6.7107e-02],
         [ 8.7902e-04,  5.3174e-02, -7.7184e-02,  1.0858e-01, -5.5858e-02],
         [-2.6848e-02, -3.0251e-02, -7.2858e-02, -1.0971e-01,  6.3041e-02],
         [ 2.9703e-02, -1.0472e-01, -7.1960e-02,  1.1050e-01,  4.2735e-02],
         [ 4.4861e-02, -6.6892e-02, -4.9014e-02, -1.6877e-02, -2.0447e-02],
         [-7.6613e-02,  9.2109e-03,  1.1112e-02, -1.4157e-02,  1.5500e-02],
         [-4.4313e-02,  2.9097e-02,  4.2166e-02, -5.8891e-02, -1.1086e-01],
         [ 5.8522e-02,  2.6669e-02, -5.6862e-02,  1.0775e-01, -5.0563e-02],
         [ 7.5551e-02,  5.6721e-02, -9.3737e-02,  7.2107e-02, -1.0280e-01],
         [-6.1941e-02, -1.8639e-02, -7.5361e-02,  1.0922e-01, -2.2425e-02],
         [ 4.4407e-02, -9.9831e-02,  6.4361e-02, -3.4747e-02, -8.5046e-02],
         [ 1.6348e-02,  5.4164e-02,  9.6754e-02, -6.8289e-02, -5.5019e-02],
         [ 2.1496e-02,  3.0328e-02,  4.2985e-02,  6.1366e-02, -2.5352e-02]],

        [[ 6.2115e-02,  8.2432e-02, -2.9205e-02,  7.9543e-02,  5.4625e-02],
         [ 9.8616e-02, -6.3535e-02, -5.5210e-02, -3.2327e-02,  5.6714e-03],
         [ 6.7104e-02, -6.3824e-02,  5.5975e-02, -4.0068e-02,  6.7541e-02],
         [-5.3081e-03, -9.7949e-02, -6.1519e-02, -8.0918e-02,  5.5450e-02],
         [-7.4970e-02, -9.3153e-03,  2.4122e-02, -6.1312e-02,  3.2252e-02],
         [-1.0917e-01, -7.9996e-02, -1.0131e-01, -3.3818e-02, -4.0730e-02],
         [ 1.6010e-02, -2.0674e-02,  5.2557e-02,  1.0250e-01,  4.0114e-02],
         [-4.4047e-02, -1.0469e-01,  4.0495e-02, -5.5394e-02,  5.6894e-02],
         [ 7.4739e-02,  4.3125e-02,  1.0491e-01,  1.0619e-01,  2.3673e-02],
         [-8.1464e-02,  9.9890e-02, -5.3050e-02, -5.2811e-02,  9.3555e-02],
         [ 8.6626e-02,  3.3782e-02,  7.0083e-03, -9.4045e-02, -1.1606e-02],
         [ 1.0723e-01,  2.8472e-02,  9.5724e-03, -2.3216e-02, -3.8995e-02],
         [ 6.6637e-02,  6.8947e-03,  7.2736e-02, -1.9789e-02,  4.8848e-02],
         [ 4.6149e-02,  1.7829e-02,  7.0254e-02,  7.0061e-02,  1.0363e-01],
         [ 8.5952e-02, -2.8588e-02, -9.4655e-02,  2.0440e-02, -9.7585e-04],
         [-2.9161e-02, -1.8722e-02,  5.2584e-03,  8.1575e-02,  3.4854e-02]],

        [[-3.9701e-02, -4.5976e-02, -2.7686e-02, -4.3212e-02,  1.0054e-01],
         [ 5.9216e-02,  1.0096e-01,  3.5706e-04,  2.2547e-02,  3.8769e-02],
         [-1.0583e-01,  9.9837e-03, -7.4785e-03, -6.2683e-02, -8.6754e-02],
         [ 9.8977e-02,  9.0904e-02,  5.1817e-02,  1.0669e-01, -4.5371e-02],
         [-1.9311e-02,  4.2331e-02, -1.8473e-02, -2.1940e-02, -9.2412e-02],
         [ 3.0037e-02, -6.7566e-02,  4.0659e-03,  1.0901e-01, -3.4415e-02],
         [-3.5240e-02,  6.7452e-02, -4.1105e-02, -9.6014e-03,  1.0440e-01],
         [-4.5836e-02, -7.9985e-02, -6.2570e-02, -3.0997e-02, -5.3051e-02],
         [-5.8018e-02,  4.5162e-02,  1.9000e-02, -3.5784e-02, -8.6861e-02],
         [-3.5202e-02, -4.7185e-02, -3.6383e-02, -1.0086e-01,  2.4086e-02],
         [-8.2145e-02, -8.7072e-02, -9.1347e-02,  4.6665e-02, -6.7309e-02],
         [-4.6147e-02,  8.7636e-02,  5.9364e-02,  6.4107e-02, -1.0616e-01],
         [-8.0174e-02, -4.2207e-02,  9.2361e-02,  1.1438e-02, -8.3617e-02],
         [ 7.0009e-04, -8.6834e-02, -2.4496e-02, -3.0743e-02,  9.6784e-02],
         [ 3.4630e-02, -1.9495e-02,  1.8887e-02, -3.2274e-02,  4.3928e-02],
         [ 4.4225e-02,  3.0024e-02, -4.3578e-02,  9.5385e-02, -1.6141e-02]],

        [[-4.3527e-02,  7.0024e-02,  9.1126e-02,  1.1126e-01,  3.3123e-02],
         [-3.8113e-02,  5.6784e-02,  9.5922e-02, -1.0966e-01, -1.3851e-02],
         [-7.6246e-02,  2.0836e-02,  4.6240e-02, -2.3097e-02, -9.3532e-03],
         [ 5.0324e-02, -1.8791e-02, -9.3890e-02,  8.9458e-02, -5.6272e-02],
         [-1.2283e-02,  1.0546e-02, -6.7190e-03, -1.0517e-01,  5.1295e-02],
         [-5.0785e-02, -5.7988e-02,  2.6712e-02, -5.8346e-02, -5.1671e-02],
         [-3.7672e-02, -4.2002e-02, -4.6693e-02, -3.0152e-02,  2.9055e-02],
         [-9.0473e-02, -6.7672e-02,  1.6314e-03,  1.5548e-02,  6.1748e-02],
         [-7.8536e-02,  3.5687e-02,  6.3548e-02,  6.2080e-02, -1.0414e-01],
         [-4.2665e-02, -9.6102e-02, -7.0750e-02,  6.2273e-02, -1.6694e-02],
         [ 4.7484e-02, -6.5629e-02,  1.6990e-02, -6.7625e-02,  5.5890e-02],
         [-4.8900e-02, -2.8036e-02, -9.7004e-02,  3.6935e-04,  1.0616e-01],
         [ 5.4267e-02, -5.9652e-02,  1.5036e-03, -1.2259e-02, -9.0010e-02],
         [ 8.7664e-02,  1.8023e-03,  2.3545e-02, -4.5149e-02, -5.2315e-02],
         [ 1.8435e-02,  4.1335e-02,  2.5077e-02, -5.3883e-02,  1.0855e-01],
         [-1.6458e-02, -6.8470e-02, -5.2292e-02,  1.1006e-01,  5.3845e-06]]],
       requires_grad=True)
2026-02-25 18:48:48,530 | INFO | 
-------------------

2026-02-25 18:48:48,531 | INFO | Hidden Layer 3 (Linear) Weights: torch.Size([20, 104]):
 Parameter containing:
tensor([[-0.0708,  0.0530, -0.0607,  ...,  0.0859, -0.0666,  0.0074],
        [-0.0685, -0.0215, -0.0045,  ..., -0.0967,  0.0074,  0.0317],
        [-0.0294,  0.0341, -0.0838,  ..., -0.0952,  0.0343,  0.0347],
        ...,
        [-0.0839,  0.0668, -0.0470,  ...,  0.0605, -0.0650, -0.0403],
        [ 0.0810,  0.0238, -0.0411,  ...,  0.0199, -0.0351, -0.0394],
        [-0.0140, -0.0056, -0.0558,  ..., -0.0659, -0.0958, -0.0549]],
       requires_grad=True)
2026-02-25 18:48:48,532 | INFO | 
-------------------

2026-02-25 18:48:48,532 | INFO | Output layer Weights: torch.Size([1, 20]):
 Parameter containing:
tensor([[-0.1405,  0.2077, -0.1465, -0.0920,  0.1669, -0.0974,  0.1917,  0.1538,
          0.2044, -0.2167,  0.0025, -0.0735,  0.0533, -0.1688,  0.0917, -0.0106,
         -0.1057, -0.2012,  0.1170, -0.0809]], requires_grad=True)
2026-02-25 18:48:48,532 | INFO | 
-------------------

2026-02-25 18:49:07,190 | INFO | FINAL MODEL WEIGHTS
2026-02-25 18:49:07,193 | INFO | First Conv1D Weights: torch.Size([16, 5, 5]):
 Parameter containing:
tensor([[[ 1.3761e-01,  2.0839e-01, -1.2030e-01,  1.6882e-01, -2.8584e-02],
         [ 3.8234e-02, -1.2970e-01,  7.4390e-02,  2.1843e-01, -6.6450e-02],
         [ 1.7363e-01,  5.8286e-02,  1.1511e-01,  7.7303e-02,  1.1577e-01],
         [-3.4842e-02,  1.0498e-01,  1.8510e-02,  1.2992e-02,  2.2946e-01],
         [-6.2090e-02, -9.0825e-02, -9.0772e-02,  9.4477e-02, -1.8809e-01]],

        [[-1.4464e-01, -7.8032e-02, -7.1532e-02, -5.8980e-02, -2.7565e-01],
         [ 1.2260e-01, -1.4094e-01,  1.4414e-01,  5.1814e-02, -1.2466e-01],
         [ 9.3846e-02,  6.8816e-02,  1.0042e-01, -1.0292e-02, -9.2085e-02],
         [ 2.9132e-02, -2.5207e-03,  2.0058e-02,  2.6984e-01,  1.9195e-01],
         [-7.3341e-03,  1.0234e-01,  3.2528e-02,  9.8956e-02, -1.2769e-01]],

        [[-1.6162e-01, -1.4273e-02, -1.2140e-01,  2.0029e-01,  1.1639e-01],
         [ 1.1733e-01,  8.6393e-02, -8.0888e-03,  1.9150e-01, -1.7093e-01],
         [ 1.9920e-02, -1.3668e-01,  5.6931e-02, -4.7609e-02,  9.1223e-02],
         [-2.9427e-02,  1.2580e-01, -6.4887e-02, -1.8322e-01, -2.8371e-01],
         [ 1.8019e-01, -2.4258e-02,  9.0142e-02, -8.3472e-03, -2.8895e-01]],

        [[-1.1375e-01, -1.0399e-01,  1.0864e-01,  8.3048e-02,  2.6106e-01],
         [-1.1402e-01, -4.3460e-02,  1.1776e-01, -1.2216e-01,  1.3696e-01],
         [-1.8740e-02,  1.6019e-01, -8.6561e-02, -1.3963e-01,  9.5700e-02],
         [ 1.5264e-02,  2.5556e-02,  1.7801e-01, -5.9739e-02, -2.1922e-01],
         [-1.0104e-01,  1.8761e-01, -1.5961e-02, -9.6699e-02, -1.8685e-01]],

        [[-5.3722e-02,  4.0299e-02,  3.1408e-02,  5.0910e-03,  3.7533e-02],
         [-1.0097e-01, -9.2388e-02, -8.3287e-02, -5.9020e-02, -2.8082e-01],
         [ 1.8735e-01,  9.7227e-02,  5.9799e-02, -4.9229e-02, -1.9294e-01],
         [-3.6277e-02,  6.2437e-02, -7.8833e-02, -1.0274e-01, -4.4806e-01],
         [-1.8319e-02, -5.9817e-02, -2.5656e-02, -9.1088e-02, -8.2475e-02]],

        [[-1.6641e-01, -5.8306e-02, -9.4166e-02,  1.7432e-01, -3.8612e-02],
         [ 1.5370e-01,  9.5374e-02, -1.3964e-01,  1.5006e-01, -7.4207e-02],
         [-8.7330e-02, -1.2677e-01, -2.3005e-01,  9.9895e-02, -5.4343e-02],
         [ 8.0363e-02, -9.1636e-02,  1.1191e-01, -1.4304e-01, -7.4790e-02],
         [-5.1093e-02,  7.5122e-02,  1.7696e-01,  2.4914e-01, -2.3800e-01]],

        [[ 1.8496e-02, -5.3710e-02, -5.7029e-02, -8.2973e-02,  3.0028e-01],
         [-1.2506e-01,  5.9757e-02,  5.7806e-02,  1.3429e-01, -2.8524e-02],
         [ 1.7744e-01, -2.5953e-02,  1.0259e-01, -1.4543e-01,  1.6923e-01],
         [ 1.8999e-02, -1.5383e-01,  2.2285e-01,  5.1300e-02, -9.2778e-02],
         [-8.1025e-02,  1.7198e-02, -2.1141e-02,  1.0085e-02, -1.3282e-01]],

        [[-3.2668e-02, -1.8527e-01,  6.4491e-02,  1.2192e-01, -1.0342e-01],
         [ 8.1025e-02,  8.0486e-02,  4.2481e-02, -1.6020e-01,  1.4664e-01],
         [ 9.3924e-02,  2.7506e-02,  4.2483e-02, -1.1823e-01,  2.2643e-02],
         [-7.6970e-02, -7.3140e-02,  1.8867e-01,  6.5205e-02, -2.2119e-02],
         [-6.3915e-02,  1.1116e-02, -7.1271e-02,  5.1481e-02,  1.6149e-01]],

        [[-1.9948e-01, -7.7976e-02,  1.8896e-01, -3.3921e-02, -2.4078e-02],
         [-9.0931e-02, -1.8876e-01, -1.6570e-01, -1.4506e-01,  1.6209e-01],
         [ 1.4709e-01,  6.6333e-02, -1.9342e-01, -1.3047e-01, -3.0605e-02],
         [ 1.7110e-01,  5.8121e-03, -4.1689e-02,  3.4225e-02,  1.4771e-02],
         [-1.1971e-01,  1.0952e-01, -1.1958e-01,  4.6475e-03, -2.3100e-01]],

        [[ 1.3646e-01,  1.5761e-01,  1.1075e-01, -2.5329e-02, -5.5885e-03],
         [-1.0265e-01,  1.2418e-01,  1.6179e-01,  6.9729e-02,  2.1566e-01],
         [ 1.0367e-02,  3.6657e-02, -1.4519e-01, -2.2140e-01, -5.3061e-02],
         [ 2.5574e-02, -2.5119e-02,  2.0864e-02, -3.6204e-01, -1.9374e-01],
         [-6.1597e-02, -1.4812e-01,  5.0085e-02, -2.2589e-02,  1.0139e-01]],

        [[-1.5869e-02, -8.6538e-02,  2.3735e-03, -6.9777e-02,  1.0381e-01],
         [-7.0825e-02,  7.4942e-02, -2.1978e-02,  1.4448e-02,  9.9885e-02],
         [ 1.3132e-01, -1.3476e-01,  1.9323e-01, -8.1881e-02,  1.3503e-01],
         [ 1.1658e-01,  2.7407e-02,  8.2788e-02, -1.6942e-01, -4.6706e-01],
         [ 6.3965e-02, -9.3000e-02,  5.8763e-02,  1.2747e-01,  2.2300e-01]],

        [[-1.0856e-01, -8.5270e-02,  1.2907e-02,  1.4928e-01, -1.7548e-01],
         [-5.5824e-02, -1.3169e-01, -3.1377e-02, -1.2570e-01,  7.9740e-02],
         [-4.0673e-02, -1.5955e-01,  1.3559e-01,  1.6773e-01,  8.5473e-02],
         [-4.0154e-02, -5.3041e-02, -1.8970e-01, -2.3952e-01,  1.7750e-01],
         [-1.5235e-01, -1.4154e-01, -1.1887e-02, -6.8952e-02, -5.9703e-02]],

        [[-1.5876e-03, -1.1037e-01, -4.6350e-02, -8.1832e-02, -1.3416e-01],
         [ 1.6424e-01, -1.4898e-01,  1.2015e-01, -1.0253e-01, -3.7818e-02],
         [ 1.7858e-01,  5.5834e-02, -1.8156e-01,  2.1940e-02,  1.9501e-01],
         [ 1.5643e-02,  1.1965e-01,  2.3430e-01, -1.5585e-01, -1.2365e-02],
         [-9.1604e-02, -3.9942e-02,  1.8313e-01,  1.1114e-01,  1.2718e-02]],

        [[-1.1250e-01, -6.4243e-02, -1.8845e-01, -4.0755e-02,  8.9694e-02],
         [ 1.3305e-01,  1.0414e-01, -6.7331e-02, -1.5929e-01,  1.3181e-01],
         [-1.2854e-01,  6.7036e-02,  1.6408e-01, -8.1588e-02,  3.0945e-03],
         [-2.0179e-02, -7.6694e-03,  6.6986e-02, -3.6588e-01, -2.8095e-01],
         [ 5.3986e-02,  1.7105e-01, -8.7078e-02, -5.6388e-02, -1.5876e-02]],

        [[ 8.9809e-02,  1.2310e-01,  2.1356e-01,  1.0720e-01, -1.0815e-01],
         [ 1.1222e-02,  1.2865e-01,  9.3413e-02, -2.0201e-01,  2.1184e-01],
         [-3.4887e-02, -3.5350e-02, -1.1639e-01, -1.1704e-01,  1.1640e-01],
         [ 1.2000e-01,  6.3794e-02, -9.7897e-02, -3.3023e-01,  7.6353e-02],
         [ 1.3911e-01,  9.5801e-03, -8.0017e-02,  1.6293e-02, -9.0964e-02]],

        [[-6.1533e-02,  5.0288e-02,  3.6424e-02,  3.4385e-02, -2.9093e-01],
         [ 1.1060e-01,  6.8695e-03, -7.0599e-02,  1.7543e-01, -3.0214e-02],
         [ 1.3197e-01,  1.1230e-02, -2.2383e-01,  3.1613e-02, -9.3975e-02],
         [-1.1579e-01,  1.2804e-01, -5.6538e-02,  2.4031e-01,  3.0659e-01],
         [ 2.1582e-02, -1.3516e-01,  4.1387e-02, -3.6362e-05,  3.9192e-03]]],
       requires_grad=True)
2026-02-25 18:49:07,193 | INFO | 
-------------------

2026-02-25 18:49:07,195 | INFO | Second Conv1D Weights: torch.Size([8, 16, 5]):
 Parameter containing:
tensor([[[-8.7010e-02,  8.2170e-02, -1.1767e-01, -7.7447e-02, -4.9681e-02],
         [-4.8263e-02, -4.1605e-02,  6.9974e-02,  1.0811e-01, -1.7871e-02],
         [-7.4481e-03, -1.8938e-01, -1.9233e-02,  2.7309e-03,  3.1940e-02],
         [-1.6557e-02, -6.5986e-02,  8.7968e-02, -7.0071e-02,  4.7692e-02],
         [-1.0541e-01,  3.7178e-02, -4.7997e-02,  1.9501e-02, -5.5716e-02],
         [ 8.7859e-02, -5.3092e-02,  1.0641e-01,  1.0196e-01, -9.1095e-03],
         [-6.0220e-03,  1.3752e-01,  7.0501e-02, -8.9011e-03, -1.3279e-01],
         [-8.6512e-02, -1.2623e-01,  1.6903e-02, -5.5042e-02,  1.9032e-02],
         [-5.3411e-02,  9.8573e-02,  4.8664e-02, -1.0125e-01, -1.0870e-01],
         [-2.7404e-02,  5.0872e-02, -5.6033e-02,  2.0171e-02, -8.6697e-02],
         [-1.2247e-01,  2.8441e-02,  1.5494e-02,  1.0002e-01,  4.0680e-02],
         [ 1.0121e-01,  3.4488e-02,  1.3874e-02, -9.1905e-02,  9.6924e-02],
         [ 3.4175e-02, -2.1321e-02, -7.9750e-02, -1.2739e-02, -1.7794e-02],
         [-4.7091e-04, -8.7867e-02, -1.2369e-02, -9.8263e-02, -1.3288e-02],
         [ 1.0361e-01, -1.1781e-01,  1.4155e-01,  5.5152e-02,  6.8551e-02],
         [ 7.6847e-02, -1.4963e-02, -6.4369e-02, -5.3947e-02,  4.9709e-02]],

        [[ 5.1124e-02,  6.8411e-02, -1.2999e-02, -8.6804e-02, -1.5981e-03],
         [-5.2999e-02,  2.5397e-02,  7.4596e-03, -1.9856e-02,  8.3777e-02],
         [-6.3302e-02, -5.2073e-02,  2.7935e-02, -4.1971e-02,  1.8561e-02],
         [-1.1459e-01,  4.3317e-02, -1.9128e-01,  4.6550e-03, -1.7689e-01],
         [ 9.2291e-02, -7.4168e-02,  5.5586e-02,  3.3581e-02, -1.0011e-01],
         [ 3.9196e-02, -7.9647e-03,  1.1696e-01,  5.1935e-02, -1.5224e-01],
         [ 7.9160e-02,  5.7743e-02,  7.9717e-03, -1.8688e-02, -5.7066e-02],
         [ 4.9067e-02, -6.4207e-02,  6.7137e-02,  1.1041e-01, -7.6614e-02],
         [-1.6712e-01, -2.4130e-02, -5.7907e-02,  1.5821e-02,  5.6893e-03],
         [-2.2060e-02,  3.8868e-03,  2.0751e-02,  1.3943e-01, -1.1610e-01],
         [ 6.2995e-02,  5.3250e-02,  6.8563e-02, -4.4628e-03, -1.8920e-01],
         [ 2.8816e-02, -5.8032e-02,  9.0051e-02, -1.5471e-02, -3.0647e-02],
         [ 6.6630e-02,  4.2961e-03,  1.3153e-02,  1.2693e-01,  4.7347e-02],
         [ 5.3662e-02, -1.7159e-02, -1.0851e-01, -2.7521e-02, -2.1300e-01],
         [-9.6097e-02, -6.0128e-02, -5.5287e-02, -1.0618e-01, -9.1346e-02],
         [-1.4449e-01, -7.1217e-02,  9.5552e-02,  1.8482e-02,  1.2826e-01]],

        [[-5.3746e-04,  1.6460e-02, -1.3935e-02, -1.0115e-01,  1.6544e-02],
         [-4.0749e-02, -1.8311e-02,  4.9108e-02, -4.0184e-02,  7.1290e-02],
         [-6.4740e-03,  2.5952e-02, -8.1978e-03,  1.2314e-01, -9.0413e-02],
         [ 4.5934e-02, -2.6615e-02, -6.5231e-02, -9.8698e-02, -2.0231e-01],
         [ 1.4299e-02, -7.7629e-02,  9.3512e-02,  1.0271e-01, -2.4408e-01],
         [ 1.5291e-02, -7.6648e-02,  6.3279e-02, -4.0436e-02, -7.9205e-02],
         [-3.8010e-02, -2.3667e-02,  1.0449e-01,  3.0443e-02, -1.9188e-01],
         [ 1.4150e-02, -5.6156e-02, -1.7194e-03,  1.9671e-02, -5.6402e-02],
         [ 5.4319e-02, -1.1014e-01, -8.8251e-03,  1.3204e-01,  1.9050e-02],
         [ 4.9990e-02, -8.3144e-02, -2.0067e-02,  1.6603e-02, -1.0878e-01],
         [ 6.1991e-03,  6.4124e-02, -5.0654e-02,  1.0991e-02, -2.1538e-01],
         [ 5.1598e-04,  2.0096e-02,  1.1186e-01, -1.1060e-02, -3.1511e-02],
         [-2.4167e-02, -6.1541e-02, -4.6031e-02, -6.7504e-02,  1.0482e-01],
         [-1.1267e-01,  1.0795e-01,  5.4515e-02, -2.5805e-02, -1.1144e-01],
         [ 2.8596e-03,  3.4401e-02,  6.3783e-02, -1.1030e-01,  1.5136e-01],
         [ 6.6812e-03,  3.2022e-02,  2.8772e-02, -2.4297e-02,  2.4968e-01]],

        [[ 5.0351e-02, -1.2500e-01,  4.7473e-02,  8.3611e-02, -1.7381e-01],
         [ 6.9516e-02, -2.2774e-01,  1.0996e-01,  7.0519e-02,  4.8092e-02],
         [ 1.4683e-02,  5.6296e-02,  4.4932e-02, -2.8431e-02, -7.5202e-02],
         [ 6.7602e-02,  5.1565e-02, -2.8706e-03, -9.7798e-02,  1.4019e-01],
         [-4.6468e-02, -4.4359e-02, -6.5510e-02, -7.2545e-02, -1.0386e-01],
         [-3.9001e-03, -8.6279e-02,  2.5222e-02,  6.4946e-03, -2.8594e-02],
         [-6.1752e-02, -9.6881e-02, -7.2401e-02,  4.0230e-02, -2.0818e-02],
         [ 1.3822e-01, -3.5644e-02,  4.2685e-02, -2.0317e-02,  2.7571e-02],
         [ 8.2474e-02,  2.2320e-02, -5.0870e-02,  2.2797e-02,  1.5053e-01],
         [-1.0426e-01, -7.5243e-02, -4.7898e-02, -1.9284e-02, -2.3444e-01],
         [ 3.9034e-02,  3.6645e-02, -6.7893e-02, -4.2289e-03, -1.4904e-01],
         [ 5.6150e-02,  4.3943e-02, -1.0941e-01,  5.2678e-02,  8.2387e-02],
         [-1.6513e-02, -6.7764e-02,  3.4340e-02, -6.2794e-02, -4.0897e-02],
         [ 7.0921e-05,  2.2419e-02,  5.0715e-02, -3.4683e-02, -8.5576e-02],
         [ 1.0501e-02, -5.5161e-02, -1.3779e-01, -1.3036e-01,  3.1818e-02],
         [-1.1908e-01, -7.1393e-02,  6.2190e-02,  8.2715e-02,  1.8524e-01]],

        [[-8.3792e-02, -9.7578e-02,  4.0155e-02,  1.0219e-01,  4.6153e-02],
         [-3.8587e-02,  9.5593e-03,  1.2608e-01, -5.9099e-02,  2.3584e-02],
         [ 1.5215e-01, -8.0452e-02, -2.5381e-02,  4.7984e-02, -5.9757e-02],
         [-6.5293e-02,  6.7132e-02, -8.7910e-02,  6.8654e-02, -1.0560e-01],
         [-1.0710e-02,  5.6861e-02, -7.9051e-02,  1.1269e-01, -1.8606e-01],
         [-6.7023e-02,  5.0669e-03, -8.9333e-02, -4.0258e-02,  8.2447e-02],
         [-8.9779e-02,  5.7947e-02, -8.0492e-02,  1.1040e-01, -3.1187e-03],
         [ 7.8820e-02, -1.0610e-02, -3.9950e-02, -4.3240e-02, -7.9127e-02],
         [-5.9546e-02, -4.3527e-02,  5.5940e-02, -4.3878e-02, -4.7979e-03],
         [-3.7682e-02,  4.1824e-02,  1.3951e-02, -6.0240e-02, -1.5273e-01],
         [ 1.9533e-02,  8.6043e-02, -6.7682e-02,  1.1420e-01, -1.1984e-01],
         [ 1.1534e-01,  4.6904e-02, -1.0221e-01,  1.5732e-02, -9.8394e-02],
         [-1.2561e-01,  2.9900e-02, -1.2309e-01,  1.3536e-01, -8.5405e-03],
         [ 6.4992e-02, -7.7886e-02, -1.0418e-02,  8.3088e-03, -1.4453e-01],
         [ 7.7068e-02,  2.1988e-02,  9.2358e-02, -8.4146e-02, -1.0820e-01],
         [ 6.0067e-02,  3.3093e-02,  1.6444e-02, -3.7174e-02,  9.1365e-02]],

        [[ 3.1673e-02,  1.9494e-02, -5.5493e-02,  7.1446e-02, -7.7425e-02],
         [ 6.7865e-02, -5.0805e-02, -8.8161e-02, -3.3470e-02, -1.5820e-01],
         [ 5.1820e-02, -3.0090e-03,  7.0788e-02, -1.1958e-01,  4.3916e-02],
         [ 1.5574e-02, -5.0474e-02,  1.2641e-02, -1.0658e-01,  9.1373e-02],
         [-5.6538e-02, -4.2336e-02,  2.7214e-02, -1.1624e-01, -3.3742e-02],
         [-1.2546e-01, -5.4724e-02, -8.0763e-02, -1.0646e-01, -1.0852e-02],
         [-1.7238e-02, -2.3193e-02,  9.2654e-02,  4.2162e-02,  3.4989e-02],
         [-6.1553e-02, -6.5921e-02,  8.4918e-02, -8.9490e-02,  1.6994e-02],
         [ 1.6662e-02,  3.7299e-02,  6.4507e-02,  9.1984e-02, -4.5295e-02],
         [-2.8367e-04,  4.1454e-02, -4.5144e-02, -9.8211e-02,  1.8813e-01],
         [ 7.2456e-02, -9.0888e-03,  3.6820e-02, -1.2835e-01,  8.4326e-02],
         [ 1.0209e-01, -5.1066e-03,  3.6533e-02, -2.0374e-02, -1.1433e-01],
         [ 2.0982e-02, -6.7835e-03,  5.3874e-02,  2.4176e-02,  5.0941e-02],
         [ 3.7205e-02, -2.0374e-02,  1.1254e-01,  3.8801e-02,  1.9202e-01],
         [ 3.3144e-02, -2.7398e-02,  8.5029e-03,  6.8815e-02,  1.5895e-01],
         [-1.7923e-02, -3.6338e-02, -1.6659e-02,  4.3092e-02, -3.0595e-01]],

        [[ 3.4495e-02, -6.3434e-02,  8.6032e-03, -1.0588e-01,  7.1134e-02],
         [ 9.9739e-02,  6.8877e-02, -2.6208e-02,  5.8182e-02,  1.3759e-01],
         [-1.3080e-01,  5.9418e-02, -1.7453e-02,  5.5602e-02, -1.3640e-01],
         [ 6.4153e-02,  4.2739e-02, -4.2152e-03,  7.2379e-02, -1.3986e-01],
         [-1.2801e-02,  3.5726e-02, -4.6124e-02,  1.2435e-01, -2.9908e-01],
         [-4.2781e-02, -4.2673e-02,  1.6551e-02,  1.4752e-01, -6.6575e-03],
         [-4.0799e-02,  8.3775e-02, -4.1556e-02, -9.8461e-02, -8.0353e-02],
         [ 3.3264e-02, -5.4882e-02, -1.2417e-01,  9.3052e-03, -4.6321e-02],
         [ 2.3108e-03,  5.8796e-02, -3.9422e-02, -4.4444e-02, -2.6294e-02],
         [ 4.1869e-02,  2.6936e-02, -4.0427e-02, -7.5560e-03, -6.1527e-02],
         [-4.3205e-03, -5.2841e-03, -1.3004e-01,  4.1321e-02, -2.2250e-01],
         [ 5.9152e-02,  3.7576e-02,  4.1567e-03,  1.0437e-01, -1.1521e-01],
         [-7.9916e-02,  3.5946e-02,  8.2513e-02,  4.6066e-02, -6.1351e-02],
         [ 4.9263e-03, -9.9811e-02, -6.5296e-02,  3.8019e-02,  4.7810e-03],
         [ 2.7072e-03, -4.0951e-02, -3.2145e-02,  3.6655e-02, -3.3883e-03],
         [ 2.8345e-02, -1.8663e-02,  2.9879e-02, -2.3179e-03,  1.7103e-01]],

        [[ 5.6633e-02,  8.2044e-02,  2.8965e-02,  1.3404e-01,  6.3169e-02],
         [-3.2026e-02,  3.7054e-03, -4.4080e-03, -1.2938e-01,  7.2225e-02],
         [ 2.5823e-02, -3.0674e-02,  1.1526e-01, -5.5562e-02, -4.6325e-03],
         [ 9.7230e-02, -1.1759e-01, -8.1178e-02,  8.5935e-02,  6.1966e-03],
         [ 2.1586e-02, -4.5960e-02, -2.8795e-02, -1.1600e-01,  7.8612e-02],
         [-6.8210e-02, -1.6443e-01,  4.5445e-02, -1.0090e-01, -6.9004e-02],
         [-1.2907e-02, -2.0659e-03,  2.0405e-02, -4.5630e-02,  1.3438e-01],
         [-8.0062e-02, -8.5879e-02, -2.5229e-02, -1.9326e-03,  1.5483e-01],
         [-4.8349e-02,  7.9900e-02,  6.3318e-02,  8.5176e-03, -2.8145e-02],
         [-4.6631e-03, -7.6239e-02, -9.9413e-02,  1.5687e-02,  3.9633e-02],
         [ 4.6917e-02, -1.1822e-01, -4.9324e-02, -1.6733e-01, -4.9259e-03],
         [-3.4455e-02, -8.0924e-02, -9.5241e-02,  1.3596e-02,  1.2754e-01],
         [ 5.8527e-02, -5.4747e-02, -3.3541e-02,  3.5704e-02, -8.9661e-02],
         [ 1.0099e-01, -8.4242e-02, -2.8485e-03, -2.9227e-02, -8.8382e-02],
         [ 1.1232e-02,  5.8107e-02,  8.2521e-03, -1.2068e-01,  1.2052e-01],
         [ 2.3211e-02, -3.1156e-02, -1.0076e-02,  3.8933e-02,  3.7397e-02]]],
       requires_grad=True)
2026-02-25 18:49:07,196 | INFO | 
-------------------

2026-02-25 18:49:07,197 | INFO | Hidden Layer 3 (Linear) Weights: torch.Size([20, 104]):
 Parameter containing:
tensor([[-0.0902,  0.1000,  0.0023,  ...,  0.0853, -0.0483,  0.0287],
        [-0.0385, -0.0401,  0.0031,  ..., -0.0926,  0.0045,  0.0286],
        [-0.0253,  0.0570, -0.0219,  ..., -0.0690,  0.0444,  0.0147],
        ...,
        [-0.0940,  0.1292, -0.0492,  ...,  0.0745, -0.0533, -0.0103],
        [ 0.1166, -0.0255, -0.0716,  ...,  0.0228, -0.0155, -0.0706],
        [ 0.0261,  0.0732, -0.0023,  ..., -0.0389, -0.0408, -0.0385]],
       requires_grad=True)
2026-02-25 18:49:07,197 | INFO | 
-------------------

2026-02-25 18:49:07,197 | INFO | Output layer Weights: torch.Size([1, 20]):
 Parameter containing:
tensor([[-0.3718,  0.3294, -0.4387, -0.3497,  0.3218, -0.2860,  0.3442,  0.2248,
          0.3944, -0.3685,  0.2601, -0.3768,  0.2388, -0.4212,  0.1779, -0.2564,
         -0.2926, -0.4327,  0.2347, -0.3298]], requires_grad=True)
2026-02-25 18:49:07,197 | INFO | 
-------------------

