2026-02-22 12:50:28,434 | INFO | Logging initialized. Saving to logs/TRAINING_CODE_20260222_125028.log
2026-02-22 12:50:28,556 | INFO | Epoch 1
-------------------------------
2026-02-22 12:50:28,639 | INFO | loss: 2.314578  [   64/60000]
2026-02-22 12:50:28,801 | INFO | loss: 2.285123  [ 6464/60000]
2026-02-22 12:50:28,961 | INFO | loss: 2.276412  [12864/60000]
2026-02-22 12:50:29,124 | INFO | loss: 2.259852  [19264/60000]
2026-02-22 12:50:29,285 | INFO | loss: 2.270684  [25664/60000]
2026-02-22 12:50:29,443 | INFO | loss: 2.231368  [32064/60000]
2026-02-22 12:50:29,608 | INFO | loss: 2.195362  [38464/60000]
2026-02-22 12:50:29,767 | INFO | loss: 2.194003  [44864/60000]
2026-02-22 12:50:29,926 | INFO | loss: 2.163436  [51264/60000]
2026-02-22 12:50:30,086 | INFO | loss: 2.124995  [57664/60000]
2026-02-22 12:50:30,365 | INFO | Test Error: 
 Accuracy: 26.4%, Avg loss: 2.108198 

2026-02-22 12:50:30,365 | INFO | Epoch 2
-------------------------------
2026-02-22 12:50:30,368 | INFO | loss: 2.106468  [   64/60000]
2026-02-22 12:50:30,531 | INFO | loss: 2.086832  [ 6464/60000]
2026-02-22 12:50:30,694 | INFO | loss: 2.040694  [12864/60000]
2026-02-22 12:50:30,848 | INFO | loss: 2.044616  [19264/60000]
2026-02-22 12:50:31,030 | INFO | loss: 1.995827  [25664/60000]
2026-02-22 12:50:31,183 | INFO | loss: 1.932312  [32064/60000]
2026-02-22 12:50:31,345 | INFO | loss: 1.933531  [38464/60000]
2026-02-22 12:50:31,503 | INFO | loss: 1.858161  [44864/60000]
2026-02-22 12:50:31,658 | INFO | loss: 1.834725  [51264/60000]
2026-02-22 12:50:31,813 | INFO | loss: 1.752109  [57664/60000]
2026-02-22 12:50:32,084 | INFO | Test Error: 
 Accuracy: 53.3%, Avg loss: 1.752765 

2026-02-22 12:50:32,084 | INFO | Epoch 3
-------------------------------
2026-02-22 12:50:32,087 | INFO | loss: 1.796843  [   64/60000]
2026-02-22 12:50:32,242 | INFO | loss: 1.771396  [ 6464/60000]
2026-02-22 12:50:32,396 | INFO | loss: 1.639164  [12864/60000]
2026-02-22 12:50:32,550 | INFO | loss: 1.680604  [19264/60000]
2026-02-22 12:50:32,706 | INFO | loss: 1.588338  [25664/60000]
2026-02-22 12:50:32,865 | INFO | loss: 1.502238  [32064/60000]
2026-02-22 12:50:33,019 | INFO | loss: 1.538879  [38464/60000]
2026-02-22 12:50:33,174 | INFO | loss: 1.432643  [44864/60000]
2026-02-22 12:50:33,330 | INFO | loss: 1.490167  [51264/60000]
2026-02-22 12:50:33,483 | INFO | loss: 1.378866  [57664/60000]
2026-02-22 12:50:33,754 | INFO | Test Error: 
 Accuracy: 61.1%, Avg loss: 1.400362 

2026-02-22 12:50:33,755 | INFO | Epoch 4
-------------------------------
2026-02-22 12:50:33,758 | INFO | loss: 1.472306  [   64/60000]
2026-02-22 12:50:33,914 | INFO | loss: 1.450049  [ 6464/60000]
2026-02-22 12:50:34,068 | INFO | loss: 1.287207  [12864/60000]
2026-02-22 12:50:34,221 | INFO | loss: 1.383025  [19264/60000]
2026-02-22 12:50:34,374 | INFO | loss: 1.273251  [25664/60000]
2026-02-22 12:50:34,576 | INFO | loss: 1.224239  [32064/60000]
2026-02-22 12:50:34,729 | INFO | loss: 1.269387  [38464/60000]
2026-02-22 12:50:34,882 | INFO | loss: 1.179571  [44864/60000]
2026-02-22 12:50:35,038 | INFO | loss: 1.253470  [51264/60000]
2026-02-22 12:50:35,193 | INFO | loss: 1.166697  [57664/60000]
2026-02-22 12:50:35,462 | INFO | Test Error: 
 Accuracy: 63.7%, Avg loss: 1.182963 

2026-02-22 12:50:35,462 | INFO | Epoch 5
-------------------------------
2026-02-22 12:50:35,465 | INFO | loss: 1.257213  [   64/60000]
2026-02-22 12:50:35,619 | INFO | loss: 1.252052  [ 6464/60000]
2026-02-22 12:50:35,771 | INFO | loss: 1.076897  [12864/60000]
2026-02-22 12:50:35,924 | INFO | loss: 1.202347  [19264/60000]
2026-02-22 12:50:36,079 | INFO | loss: 1.080428  [25664/60000]
2026-02-22 12:50:36,232 | INFO | loss: 1.068661  [32064/60000]
2026-02-22 12:50:36,385 | INFO | loss: 1.119987  [38464/60000]
2026-02-22 12:50:36,540 | INFO | loss: 1.043103  [44864/60000]
2026-02-22 12:50:36,694 | INFO | loss: 1.109405  [51264/60000]
2026-02-22 12:50:36,846 | INFO | loss: 1.053293  [57664/60000]
2026-02-22 12:50:37,116 | INFO | Test Error: 
 Accuracy: 64.8%, Avg loss: 1.055495 

2026-02-22 12:50:37,116 | INFO | Epoch 6
-------------------------------
2026-02-22 12:50:37,118 | INFO | loss: 1.122140  [   64/60000]
2026-02-22 12:50:37,273 | INFO | loss: 1.135219  [ 6464/60000]
2026-02-22 12:50:37,428 | INFO | loss: 0.948537  [12864/60000]
2026-02-22 12:50:37,586 | INFO | loss: 1.094706  [19264/60000]
2026-02-22 12:50:37,739 | INFO | loss: 0.969034  [25664/60000]
2026-02-22 12:50:37,892 | INFO | loss: 0.972423  [32064/60000]
2026-02-22 12:50:38,045 | INFO | loss: 1.031566  [38464/60000]
2026-02-22 12:50:38,198 | INFO | loss: 0.960851  [44864/60000]
2026-02-22 12:50:38,351 | INFO | loss: 1.021999  [51264/60000]
2026-02-22 12:50:38,504 | INFO | loss: 0.982353  [57664/60000]
2026-02-22 12:50:38,782 | INFO | Test Error: 
 Accuracy: 65.7%, Avg loss: 0.975706 

2026-02-22 12:50:38,782 | INFO | Epoch 7
-------------------------------
2026-02-22 12:50:38,785 | INFO | loss: 1.033745  [   64/60000]
2026-02-22 12:50:38,941 | INFO | loss: 1.060625  [ 6464/60000]
2026-02-22 12:50:39,096 | INFO | loss: 0.863164  [12864/60000]
2026-02-22 12:50:39,251 | INFO | loss: 1.024450  [19264/60000]
2026-02-22 12:50:39,405 | INFO | loss: 0.902606  [25664/60000]
2026-02-22 12:50:39,559 | INFO | loss: 0.907305  [32064/60000]
2026-02-22 12:50:39,714 | INFO | loss: 0.972451  [38464/60000]
2026-02-22 12:50:39,869 | INFO | loss: 0.905280  [44864/60000]
2026-02-22 12:50:40,024 | INFO | loss: 0.963373  [51264/60000]
2026-02-22 12:50:40,179 | INFO | loss: 0.932738  [57664/60000]
2026-02-22 12:50:40,456 | INFO | Test Error: 
 Accuracy: 66.5%, Avg loss: 0.920539 

2026-02-22 12:50:40,457 | INFO | Epoch 8
-------------------------------
2026-02-22 12:50:40,459 | INFO | loss: 0.969776  [   64/60000]
2026-02-22 12:50:40,615 | INFO | loss: 1.006990  [ 6464/60000]
2026-02-22 12:50:40,770 | INFO | loss: 0.800835  [12864/60000]
2026-02-22 12:50:40,925 | INFO | loss: 0.974597  [19264/60000]
2026-02-22 12:50:41,080 | INFO | loss: 0.857736  [25664/60000]
2026-02-22 12:50:41,234 | INFO | loss: 0.859561  [32064/60000]
2026-02-22 12:50:41,389 | INFO | loss: 0.928815  [38464/60000]
2026-02-22 12:50:41,543 | INFO | loss: 0.864799  [44864/60000]
2026-02-22 12:50:41,698 | INFO | loss: 0.920380  [51264/60000]
2026-02-22 12:50:41,853 | INFO | loss: 0.895122  [57664/60000]
2026-02-22 12:50:42,125 | INFO | Test Error: 
 Accuracy: 67.6%, Avg loss: 0.879271 

2026-02-22 12:50:42,126 | INFO | Epoch 9
-------------------------------
2026-02-22 12:50:42,129 | INFO | loss: 0.919815  [   64/60000]
2026-02-22 12:50:42,285 | INFO | loss: 0.964637  [ 6464/60000]
2026-02-22 12:50:42,445 | INFO | loss: 0.752142  [12864/60000]
2026-02-22 12:50:42,606 | INFO | loss: 0.937028  [19264/60000]
2026-02-22 12:50:42,801 | INFO | loss: 0.824326  [25664/60000]
2026-02-22 12:50:42,958 | INFO | loss: 0.822842  [32064/60000]
2026-02-22 12:50:43,113 | INFO | loss: 0.894138  [38464/60000]
2026-02-22 12:50:43,268 | INFO | loss: 0.833717  [44864/60000]
2026-02-22 12:50:43,423 | INFO | loss: 0.886781  [51264/60000]
2026-02-22 12:50:43,579 | INFO | loss: 0.864969  [57664/60000]
2026-02-22 12:50:43,856 | INFO | Test Error: 
 Accuracy: 68.6%, Avg loss: 0.846543 

2026-02-22 12:50:43,856 | INFO | Epoch 10
-------------------------------
2026-02-22 12:50:43,858 | INFO | loss: 0.878580  [   64/60000]
2026-02-22 12:50:44,016 | INFO | loss: 0.929226  [ 6464/60000]
2026-02-22 12:50:44,172 | INFO | loss: 0.712229  [12864/60000]
2026-02-22 12:50:44,327 | INFO | loss: 0.907126  [19264/60000]
2026-02-22 12:50:44,482 | INFO | loss: 0.797690  [25664/60000]
2026-02-22 12:50:44,636 | INFO | loss: 0.793486  [32064/60000]
2026-02-22 12:50:44,791 | INFO | loss: 0.864869  [38464/60000]
2026-02-22 12:50:44,946 | INFO | loss: 0.808608  [44864/60000]
2026-02-22 12:50:45,104 | INFO | loss: 0.859154  [51264/60000]
2026-02-22 12:50:45,264 | INFO | loss: 0.839514  [57664/60000]
2026-02-22 12:50:45,540 | INFO | Test Error: 
 Accuracy: 69.8%, Avg loss: 0.819368 

2026-02-22 12:50:45,541 | INFO | Epoch 11
-------------------------------
2026-02-22 12:50:45,543 | INFO | loss: 0.843810  [   64/60000]
2026-02-22 12:50:45,705 | INFO | loss: 0.898325  [ 6464/60000]
2026-02-22 12:50:45,861 | INFO | loss: 0.678352  [12864/60000]
2026-02-22 12:50:46,031 | INFO | loss: 0.882231  [19264/60000]
2026-02-22 12:50:46,242 | INFO | loss: 0.776048  [25664/60000]
2026-02-22 12:50:46,401 | INFO | loss: 0.769588  [32064/60000]
2026-02-22 12:50:46,559 | INFO | loss: 0.839160  [38464/60000]
2026-02-22 12:50:46,719 | INFO | loss: 0.787508  [44864/60000]
2026-02-22 12:50:46,876 | INFO | loss: 0.835641  [51264/60000]
2026-02-22 12:50:47,031 | INFO | loss: 0.817252  [57664/60000]
2026-02-22 12:50:47,309 | INFO | Test Error: 
 Accuracy: 70.8%, Avg loss: 0.796038 

2026-02-22 12:50:47,310 | INFO | Epoch 12
-------------------------------
2026-02-22 12:50:47,313 | INFO | loss: 0.813295  [   64/60000]
2026-02-22 12:50:47,469 | INFO | loss: 0.870759  [ 6464/60000]
2026-02-22 12:50:47,626 | INFO | loss: 0.649065  [12864/60000]
2026-02-22 12:50:47,782 | INFO | loss: 0.860896  [19264/60000]
2026-02-22 12:50:47,938 | INFO | loss: 0.757429  [25664/60000]
2026-02-22 12:50:48,097 | INFO | loss: 0.749259  [32064/60000]
2026-02-22 12:50:48,253 | INFO | loss: 0.816048  [38464/60000]
2026-02-22 12:50:48,409 | INFO | loss: 0.769351  [44864/60000]
2026-02-22 12:50:48,565 | INFO | loss: 0.815073  [51264/60000]
2026-02-22 12:50:48,721 | INFO | loss: 0.797253  [57664/60000]
2026-02-22 12:50:48,999 | INFO | Test Error: 
 Accuracy: 72.0%, Avg loss: 0.775504 

2026-02-22 12:50:48,999 | INFO | Epoch 13
-------------------------------
2026-02-22 12:50:49,002 | INFO | loss: 0.785747  [   64/60000]
2026-02-22 12:50:49,159 | INFO | loss: 0.845721  [ 6464/60000]
2026-02-22 12:50:49,315 | INFO | loss: 0.623189  [12864/60000]
2026-02-22 12:50:49,469 | INFO | loss: 0.842390  [19264/60000]
2026-02-22 12:50:49,624 | INFO | loss: 0.741124  [25664/60000]
2026-02-22 12:50:49,778 | INFO | loss: 0.731803  [32064/60000]
2026-02-22 12:50:49,932 | INFO | loss: 0.795307  [38464/60000]
2026-02-22 12:50:50,087 | INFO | loss: 0.753445  [44864/60000]
2026-02-22 12:50:50,246 | INFO | loss: 0.796984  [51264/60000]
2026-02-22 12:50:50,400 | INFO | loss: 0.779150  [57664/60000]
2026-02-22 12:50:50,688 | INFO | Test Error: 
 Accuracy: 72.5%, Avg loss: 0.757158 

2026-02-22 12:50:50,689 | INFO | Epoch 14
-------------------------------
2026-02-22 12:50:50,692 | INFO | loss: 0.760364  [   64/60000]
2026-02-22 12:50:50,848 | INFO | loss: 0.822704  [ 6464/60000]
2026-02-22 12:50:51,004 | INFO | loss: 0.600298  [12864/60000]
2026-02-22 12:50:51,163 | INFO | loss: 0.826007  [19264/60000]
2026-02-22 12:50:51,321 | INFO | loss: 0.726841  [25664/60000]
2026-02-22 12:50:51,477 | INFO | loss: 0.716615  [32064/60000]
2026-02-22 12:50:51,632 | INFO | loss: 0.776466  [38464/60000]
2026-02-22 12:50:51,787 | INFO | loss: 0.739477  [44864/60000]
2026-02-22 12:50:51,942 | INFO | loss: 0.780627  [51264/60000]
2026-02-22 12:50:52,098 | INFO | loss: 0.762463  [57664/60000]
2026-02-22 12:50:52,372 | INFO | Test Error: 
 Accuracy: 73.5%, Avg loss: 0.740547 

2026-02-22 12:50:52,372 | INFO | Epoch 15
-------------------------------
2026-02-22 12:50:52,375 | INFO | loss: 0.737211  [   64/60000]
2026-02-22 12:50:52,532 | INFO | loss: 0.801359  [ 6464/60000]
2026-02-22 12:50:52,686 | INFO | loss: 0.579931  [12864/60000]
2026-02-22 12:50:52,841 | INFO | loss: 0.811199  [19264/60000]
2026-02-22 12:50:52,995 | INFO | loss: 0.714054  [25664/60000]
2026-02-22 12:50:53,151 | INFO | loss: 0.703263  [32064/60000]
2026-02-22 12:50:53,305 | INFO | loss: 0.759258  [38464/60000]
2026-02-22 12:50:53,459 | INFO | loss: 0.727468  [44864/60000]
2026-02-22 12:50:53,613 | INFO | loss: 0.766072  [51264/60000]
2026-02-22 12:50:53,768 | INFO | loss: 0.746955  [57664/60000]
2026-02-22 12:50:54,039 | INFO | Test Error: 
 Accuracy: 74.3%, Avg loss: 0.725376 

2026-02-22 12:50:54,040 | INFO | Epoch 16
-------------------------------
2026-02-22 12:50:54,043 | INFO | loss: 0.715851  [   64/60000]
2026-02-22 12:50:54,199 | INFO | loss: 0.781538  [ 6464/60000]
2026-02-22 12:50:54,353 | INFO | loss: 0.561777  [12864/60000]
2026-02-22 12:50:54,508 | INFO | loss: 0.797777  [19264/60000]
2026-02-22 12:50:54,662 | INFO | loss: 0.702511  [25664/60000]
2026-02-22 12:50:54,817 | INFO | loss: 0.691401  [32064/60000]
2026-02-22 12:50:54,971 | INFO | loss: 0.743373  [38464/60000]
2026-02-22 12:50:55,126 | INFO | loss: 0.716832  [44864/60000]
2026-02-22 12:50:55,281 | INFO | loss: 0.753018  [51264/60000]
2026-02-22 12:50:55,435 | INFO | loss: 0.732560  [57664/60000]
2026-02-22 12:50:55,708 | INFO | Test Error: 
 Accuracy: 75.1%, Avg loss: 0.711454 

2026-02-22 12:50:55,708 | INFO | Epoch 17
-------------------------------
2026-02-22 12:50:55,712 | INFO | loss: 0.696210  [   64/60000]
2026-02-22 12:50:55,903 | INFO | loss: 0.763322  [ 6464/60000]
2026-02-22 12:50:56,058 | INFO | loss: 0.545436  [12864/60000]
2026-02-22 12:50:56,213 | INFO | loss: 0.785399  [19264/60000]
2026-02-22 12:50:56,367 | INFO | loss: 0.692307  [25664/60000]
2026-02-22 12:50:56,522 | INFO | loss: 0.680782  [32064/60000]
2026-02-22 12:50:56,677 | INFO | loss: 0.728694  [38464/60000]
2026-02-22 12:50:56,832 | INFO | loss: 0.707285  [44864/60000]
2026-02-22 12:50:56,987 | INFO | loss: 0.741346  [51264/60000]
2026-02-22 12:50:57,142 | INFO | loss: 0.719119  [57664/60000]
2026-02-22 12:50:57,416 | INFO | Test Error: 
 Accuracy: 75.6%, Avg loss: 0.698622 

2026-02-22 12:50:57,417 | INFO | Epoch 18
-------------------------------
2026-02-22 12:50:57,419 | INFO | loss: 0.678176  [   64/60000]
2026-02-22 12:50:57,575 | INFO | loss: 0.746437  [ 6464/60000]
2026-02-22 12:50:57,730 | INFO | loss: 0.530685  [12864/60000]
2026-02-22 12:50:57,885 | INFO | loss: 0.773927  [19264/60000]
2026-02-22 12:50:58,039 | INFO | loss: 0.683304  [25664/60000]
2026-02-22 12:50:58,194 | INFO | loss: 0.671224  [32064/60000]
2026-02-22 12:50:58,349 | INFO | loss: 0.715177  [38464/60000]
2026-02-22 12:50:58,504 | INFO | loss: 0.699014  [44864/60000]
2026-02-22 12:50:58,658 | INFO | loss: 0.730802  [51264/60000]
2026-02-22 12:50:58,813 | INFO | loss: 0.706351  [57664/60000]
2026-02-22 12:50:59,084 | INFO | Test Error: 
 Accuracy: 76.1%, Avg loss: 0.686743 

2026-02-22 12:50:59,085 | INFO | Epoch 19
-------------------------------
2026-02-22 12:50:59,088 | INFO | loss: 0.661590  [   64/60000]
2026-02-22 12:50:59,244 | INFO | loss: 0.730814  [ 6464/60000]
2026-02-22 12:50:59,399 | INFO | loss: 0.517290  [12864/60000]
2026-02-22 12:50:59,554 | INFO | loss: 0.763150  [19264/60000]
2026-02-22 12:50:59,709 | INFO | loss: 0.675289  [25664/60000]
2026-02-22 12:50:59,863 | INFO | loss: 0.662467  [32064/60000]
2026-02-22 12:51:00,018 | INFO | loss: 0.702726  [38464/60000]
2026-02-22 12:51:00,173 | INFO | loss: 0.691861  [44864/60000]
2026-02-22 12:51:00,327 | INFO | loss: 0.721450  [51264/60000]
2026-02-22 12:51:00,482 | INFO | loss: 0.694286  [57664/60000]
2026-02-22 12:51:00,754 | INFO | Test Error: 
 Accuracy: 76.5%, Avg loss: 0.675750 

2026-02-22 12:51:00,755 | INFO | Epoch 20
-------------------------------
2026-02-22 12:51:00,758 | INFO | loss: 0.646534  [   64/60000]
2026-02-22 12:51:00,918 | INFO | loss: 0.716416  [ 6464/60000]
2026-02-22 12:51:01,074 | INFO | loss: 0.504920  [12864/60000]
2026-02-22 12:51:01,229 | INFO | loss: 0.753206  [19264/60000]
2026-02-22 12:51:01,384 | INFO | loss: 0.667942  [25664/60000]
2026-02-22 12:51:01,538 | INFO | loss: 0.654595  [32064/60000]
2026-02-22 12:51:01,693 | INFO | loss: 0.691206  [38464/60000]
2026-02-22 12:51:01,847 | INFO | loss: 0.685751  [44864/60000]
2026-02-22 12:51:02,002 | INFO | loss: 0.713203  [51264/60000]
2026-02-22 12:51:02,157 | INFO | loss: 0.682902  [57664/60000]
2026-02-22 12:51:02,430 | INFO | Test Error: 
 Accuracy: 76.9%, Avg loss: 0.665560 

2026-02-22 12:51:02,431 | INFO | Done!
2026-02-22 12:53:25,858 | INFO | Epoch 1
-------------------------------
2026-02-22 12:53:25,874 | INFO | loss: 0.632766  [   64/60000]
2026-02-22 12:53:26,045 | INFO | loss: 0.703169  [ 6464/60000]
2026-02-22 12:53:26,199 | INFO | loss: 0.493535  [12864/60000]
2026-02-22 12:53:26,351 | INFO | loss: 0.743906  [19264/60000]
2026-02-22 12:53:26,505 | INFO | loss: 0.660986  [25664/60000]
2026-02-22 12:53:26,657 | INFO | loss: 0.647345  [32064/60000]
2026-02-22 12:53:26,810 | INFO | loss: 0.680528  [38464/60000]
2026-02-22 12:53:26,963 | INFO | loss: 0.680520  [44864/60000]
2026-02-22 12:53:27,115 | INFO | loss: 0.705957  [51264/60000]
2026-02-22 12:53:27,268 | INFO | loss: 0.672148  [57664/60000]
2026-02-22 12:53:27,567 | INFO | Test Error: 
 Accuracy: 77.4%, Avg loss: 0.656118 

2026-02-22 12:53:27,567 | INFO | Epoch 2
-------------------------------
2026-02-22 12:53:27,571 | INFO | loss: 0.620071  [   64/60000]
2026-02-22 12:53:27,730 | INFO | loss: 0.691047  [ 6464/60000]
2026-02-22 12:53:27,883 | INFO | loss: 0.483238  [12864/60000]
2026-02-22 12:53:28,036 | INFO | loss: 0.735141  [19264/60000]
2026-02-22 12:53:28,187 | INFO | loss: 0.654464  [25664/60000]
2026-02-22 12:53:28,339 | INFO | loss: 0.640690  [32064/60000]
2026-02-22 12:53:28,492 | INFO | loss: 0.670633  [38464/60000]
2026-02-22 12:53:28,644 | INFO | loss: 0.676145  [44864/60000]
2026-02-22 12:53:28,797 | INFO | loss: 0.699618  [51264/60000]
2026-02-22 12:53:28,950 | INFO | loss: 0.661955  [57664/60000]
2026-02-22 12:53:29,216 | INFO | Test Error: 
 Accuracy: 77.8%, Avg loss: 0.647347 

2026-02-22 12:53:29,216 | INFO | Epoch 3
-------------------------------
2026-02-22 12:53:29,218 | INFO | loss: 0.608404  [   64/60000]
2026-02-22 12:53:29,371 | INFO | loss: 0.679881  [ 6464/60000]
2026-02-22 12:53:29,523 | INFO | loss: 0.473786  [12864/60000]
2026-02-22 12:53:29,677 | INFO | loss: 0.726855  [19264/60000]
2026-02-22 12:53:29,830 | INFO | loss: 0.648427  [25664/60000]
2026-02-22 12:53:29,983 | INFO | loss: 0.634643  [32064/60000]
2026-02-22 12:53:30,136 | INFO | loss: 0.661488  [38464/60000]
2026-02-22 12:53:30,289 | INFO | loss: 0.672532  [44864/60000]
2026-02-22 12:53:30,442 | INFO | loss: 0.694143  [51264/60000]
2026-02-22 12:53:30,601 | INFO | loss: 0.652242  [57664/60000]
2026-02-22 12:53:30,880 | INFO | Test Error: 
 Accuracy: 78.2%, Avg loss: 0.639185 

2026-02-22 12:53:30,881 | INFO | Epoch 4
-------------------------------
2026-02-22 12:53:30,884 | INFO | loss: 0.597650  [   64/60000]
2026-02-22 12:53:31,051 | INFO | loss: 0.669668  [ 6464/60000]
2026-02-22 12:53:31,205 | INFO | loss: 0.465038  [12864/60000]
2026-02-22 12:53:31,360 | INFO | loss: 0.719056  [19264/60000]
2026-02-22 12:53:31,514 | INFO | loss: 0.642861  [25664/60000]
2026-02-22 12:53:31,667 | INFO | loss: 0.629119  [32064/60000]
2026-02-22 12:53:31,821 | INFO | loss: 0.652919  [38464/60000]
2026-02-22 12:53:31,975 | INFO | loss: 0.669522  [44864/60000]
2026-02-22 12:53:32,131 | INFO | loss: 0.689530  [51264/60000]
2026-02-22 12:53:32,285 | INFO | loss: 0.643059  [57664/60000]
2026-02-22 12:53:32,554 | INFO | Test Error: 
 Accuracy: 78.4%, Avg loss: 0.631585 

2026-02-22 12:53:32,554 | INFO | Epoch 5
-------------------------------
2026-02-22 12:53:32,557 | INFO | loss: 0.587699  [   64/60000]
2026-02-22 12:53:32,715 | INFO | loss: 0.660259  [ 6464/60000]
2026-02-22 12:53:32,869 | INFO | loss: 0.456931  [12864/60000]
2026-02-22 12:53:33,024 | INFO | loss: 0.711648  [19264/60000]
2026-02-22 12:53:33,179 | INFO | loss: 0.637692  [25664/60000]
2026-02-22 12:53:33,334 | INFO | loss: 0.624068  [32064/60000]
2026-02-22 12:53:33,488 | INFO | loss: 0.644824  [38464/60000]
2026-02-22 12:53:33,644 | INFO | loss: 0.667153  [44864/60000]
2026-02-22 12:53:33,799 | INFO | loss: 0.685581  [51264/60000]
2026-02-22 12:53:33,954 | INFO | loss: 0.634288  [57664/60000]
2026-02-22 12:53:34,227 | INFO | Test Error: 
 Accuracy: 78.7%, Avg loss: 0.624492 

2026-02-22 12:53:34,227 | INFO | Epoch 6
-------------------------------
2026-02-22 12:53:34,230 | INFO | loss: 0.578470  [   64/60000]
2026-02-22 12:53:34,385 | INFO | loss: 0.651535  [ 6464/60000]
2026-02-22 12:53:34,539 | INFO | loss: 0.449361  [12864/60000]
2026-02-22 12:53:34,693 | INFO | loss: 0.704593  [19264/60000]
2026-02-22 12:53:34,848 | INFO | loss: 0.632687  [25664/60000]
2026-02-22 12:53:35,004 | INFO | loss: 0.619407  [32064/60000]
2026-02-22 12:53:35,158 | INFO | loss: 0.637302  [38464/60000]
2026-02-22 12:53:35,318 | INFO | loss: 0.665178  [44864/60000]
2026-02-22 12:53:35,472 | INFO | loss: 0.682169  [51264/60000]
2026-02-22 12:53:35,626 | INFO | loss: 0.625930  [57664/60000]
2026-02-22 12:53:35,897 | INFO | Test Error: 
 Accuracy: 78.9%, Avg loss: 0.617863 

2026-02-22 12:53:35,897 | INFO | Epoch 7
-------------------------------
2026-02-22 12:53:35,901 | INFO | loss: 0.569920  [   64/60000]
2026-02-22 12:53:36,057 | INFO | loss: 0.643492  [ 6464/60000]
2026-02-22 12:53:36,211 | INFO | loss: 0.442310  [12864/60000]
2026-02-22 12:53:36,365 | INFO | loss: 0.697878  [19264/60000]
2026-02-22 12:53:36,519 | INFO | loss: 0.627874  [25664/60000]
2026-02-22 12:53:36,672 | INFO | loss: 0.615081  [32064/60000]
2026-02-22 12:53:36,826 | INFO | loss: 0.630343  [38464/60000]
2026-02-22 12:53:36,980 | INFO | loss: 0.663610  [44864/60000]
2026-02-22 12:53:37,136 | INFO | loss: 0.679240  [51264/60000]
2026-02-22 12:53:37,290 | INFO | loss: 0.617912  [57664/60000]
2026-02-22 12:53:37,561 | INFO | Test Error: 
 Accuracy: 79.2%, Avg loss: 0.611649 

2026-02-22 12:53:37,562 | INFO | Epoch 8
-------------------------------
2026-02-22 12:53:37,565 | INFO | loss: 0.561947  [   64/60000]
2026-02-22 12:53:37,722 | INFO | loss: 0.636026  [ 6464/60000]
2026-02-22 12:53:37,875 | INFO | loss: 0.435721  [12864/60000]
2026-02-22 12:53:38,029 | INFO | loss: 0.691442  [19264/60000]
2026-02-22 12:53:38,183 | INFO | loss: 0.623274  [25664/60000]
2026-02-22 12:53:38,337 | INFO | loss: 0.611179  [32064/60000]
2026-02-22 12:53:38,492 | INFO | loss: 0.623811  [38464/60000]
2026-02-22 12:53:38,645 | INFO | loss: 0.662462  [44864/60000]
2026-02-22 12:53:38,799 | INFO | loss: 0.676696  [51264/60000]
2026-02-22 12:53:38,954 | INFO | loss: 0.610256  [57664/60000]
2026-02-22 12:53:39,225 | INFO | Test Error: 
 Accuracy: 79.3%, Avg loss: 0.605816 

2026-02-22 12:53:39,225 | INFO | Epoch 9
-------------------------------
2026-02-22 12:53:39,229 | INFO | loss: 0.554468  [   64/60000]
2026-02-22 12:53:39,384 | INFO | loss: 0.629043  [ 6464/60000]
2026-02-22 12:53:39,538 | INFO | loss: 0.429497  [12864/60000]
2026-02-22 12:53:39,692 | INFO | loss: 0.685297  [19264/60000]
2026-02-22 12:53:39,846 | INFO | loss: 0.618853  [25664/60000]
2026-02-22 12:53:40,000 | INFO | loss: 0.607469  [32064/60000]
2026-02-22 12:53:40,154 | INFO | loss: 0.617725  [38464/60000]
2026-02-22 12:53:40,308 | INFO | loss: 0.661639  [44864/60000]
2026-02-22 12:53:40,463 | INFO | loss: 0.674528  [51264/60000]
2026-02-22 12:53:40,616 | INFO | loss: 0.602962  [57664/60000]
2026-02-22 12:53:40,889 | INFO | Test Error: 
 Accuracy: 79.5%, Avg loss: 0.600336 

2026-02-22 12:53:40,889 | INFO | Epoch 10
-------------------------------
2026-02-22 12:53:40,892 | INFO | loss: 0.547430  [   64/60000]
2026-02-22 12:53:41,048 | INFO | loss: 0.622550  [ 6464/60000]
2026-02-22 12:53:41,208 | INFO | loss: 0.423648  [12864/60000]
2026-02-22 12:53:41,398 | INFO | loss: 0.679412  [19264/60000]
2026-02-22 12:53:41,553 | INFO | loss: 0.614598  [25664/60000]
2026-02-22 12:53:41,707 | INFO | loss: 0.604028  [32064/60000]
2026-02-22 12:53:41,861 | INFO | loss: 0.612056  [38464/60000]
2026-02-22 12:53:42,016 | INFO | loss: 0.661147  [44864/60000]
2026-02-22 12:53:42,170 | INFO | loss: 0.672697  [51264/60000]
2026-02-22 12:53:42,325 | INFO | loss: 0.595950  [57664/60000]
2026-02-22 12:53:42,597 | INFO | Test Error: 
 Accuracy: 79.7%, Avg loss: 0.595185 

2026-02-22 12:53:42,597 | INFO | Epoch 11
-------------------------------
2026-02-22 12:53:42,601 | INFO | loss: 0.540755  [   64/60000]
2026-02-22 12:53:42,756 | INFO | loss: 0.616512  [ 6464/60000]
2026-02-22 12:53:42,910 | INFO | loss: 0.418112  [12864/60000]
2026-02-22 12:53:43,063 | INFO | loss: 0.673772  [19264/60000]
2026-02-22 12:53:43,217 | INFO | loss: 0.610422  [25664/60000]
2026-02-22 12:53:43,371 | INFO | loss: 0.600861  [32064/60000]
2026-02-22 12:53:43,525 | INFO | loss: 0.606761  [38464/60000]
2026-02-22 12:53:43,678 | INFO | loss: 0.660874  [44864/60000]
2026-02-22 12:53:43,832 | INFO | loss: 0.671158  [51264/60000]
2026-02-22 12:53:43,988 | INFO | loss: 0.589196  [57664/60000]
2026-02-22 12:53:44,263 | INFO | Test Error: 
 Accuracy: 79.8%, Avg loss: 0.590333 

2026-02-22 12:53:44,264 | INFO | Epoch 12
-------------------------------
2026-02-22 12:53:44,267 | INFO | loss: 0.534450  [   64/60000]
2026-02-22 12:53:44,423 | INFO | loss: 0.610838  [ 6464/60000]
2026-02-22 12:53:44,577 | INFO | loss: 0.412866  [12864/60000]
2026-02-22 12:53:44,732 | INFO | loss: 0.668395  [19264/60000]
2026-02-22 12:53:44,885 | INFO | loss: 0.606434  [25664/60000]
2026-02-22 12:53:45,039 | INFO | loss: 0.597908  [32064/60000]
2026-02-22 12:53:45,193 | INFO | loss: 0.601759  [38464/60000]
2026-02-22 12:53:45,347 | INFO | loss: 0.660814  [44864/60000]
2026-02-22 12:53:45,501 | INFO | loss: 0.669827  [51264/60000]
2026-02-22 12:53:45,654 | INFO | loss: 0.582652  [57664/60000]
2026-02-22 12:53:45,926 | INFO | Test Error: 
 Accuracy: 80.0%, Avg loss: 0.585754 

2026-02-22 12:53:45,926 | INFO | Epoch 13
-------------------------------
2026-02-22 12:53:45,929 | INFO | loss: 0.528432  [   64/60000]
2026-02-22 12:53:46,086 | INFO | loss: 0.605532  [ 6464/60000]
2026-02-22 12:53:46,239 | INFO | loss: 0.407887  [12864/60000]
2026-02-22 12:53:46,392 | INFO | loss: 0.663243  [19264/60000]
2026-02-22 12:53:46,546 | INFO | loss: 0.602501  [25664/60000]
2026-02-22 12:53:46,700 | INFO | loss: 0.595121  [32064/60000]
2026-02-22 12:53:46,853 | INFO | loss: 0.597115  [38464/60000]
2026-02-22 12:53:47,007 | INFO | loss: 0.660918  [44864/60000]
2026-02-22 12:53:47,161 | INFO | loss: 0.668637  [51264/60000]
2026-02-22 12:53:47,314 | INFO | loss: 0.576385  [57664/60000]
2026-02-22 12:53:47,586 | INFO | Test Error: 
 Accuracy: 80.1%, Avg loss: 0.581426 

2026-02-22 12:53:47,586 | INFO | Epoch 14
-------------------------------
2026-02-22 12:53:47,589 | INFO | loss: 0.522705  [   64/60000]
2026-02-22 12:53:47,749 | INFO | loss: 0.600571  [ 6464/60000]
2026-02-22 12:53:47,902 | INFO | loss: 0.403154  [12864/60000]
2026-02-22 12:53:48,056 | INFO | loss: 0.658291  [19264/60000]
2026-02-22 12:53:48,210 | INFO | loss: 0.598728  [25664/60000]
2026-02-22 12:53:48,363 | INFO | loss: 0.592498  [32064/60000]
2026-02-22 12:53:48,517 | INFO | loss: 0.592713  [38464/60000]
2026-02-22 12:53:48,669 | INFO | loss: 0.661208  [44864/60000]
2026-02-22 12:53:48,822 | INFO | loss: 0.667581  [51264/60000]
2026-02-22 12:53:48,978 | INFO | loss: 0.570294  [57664/60000]
2026-02-22 12:53:49,250 | INFO | Test Error: 
 Accuracy: 80.2%, Avg loss: 0.577330 

2026-02-22 12:53:49,250 | INFO | Epoch 15
-------------------------------
2026-02-22 12:53:49,253 | INFO | loss: 0.517237  [   64/60000]
2026-02-22 12:53:49,409 | INFO | loss: 0.595860  [ 6464/60000]
2026-02-22 12:53:49,563 | INFO | loss: 0.398628  [12864/60000]
2026-02-22 12:53:49,717 | INFO | loss: 0.653548  [19264/60000]
2026-02-22 12:53:49,871 | INFO | loss: 0.594975  [25664/60000]
2026-02-22 12:53:50,025 | INFO | loss: 0.590061  [32064/60000]
2026-02-22 12:53:50,179 | INFO | loss: 0.588595  [38464/60000]
2026-02-22 12:53:50,333 | INFO | loss: 0.661588  [44864/60000]
2026-02-22 12:53:50,487 | INFO | loss: 0.666600  [51264/60000]
2026-02-22 12:53:50,641 | INFO | loss: 0.564379  [57664/60000]
2026-02-22 12:53:50,913 | INFO | Test Error: 
 Accuracy: 80.2%, Avg loss: 0.573447 

2026-02-22 12:53:50,913 | INFO | Epoch 16
-------------------------------
2026-02-22 12:53:50,917 | INFO | loss: 0.512003  [   64/60000]
2026-02-22 12:53:51,073 | INFO | loss: 0.591384  [ 6464/60000]
2026-02-22 12:53:51,228 | INFO | loss: 0.394341  [12864/60000]
2026-02-22 12:53:51,382 | INFO | loss: 0.648983  [19264/60000]
2026-02-22 12:53:51,537 | INFO | loss: 0.591294  [25664/60000]
2026-02-22 12:53:51,690 | INFO | loss: 0.587701  [32064/60000]
2026-02-22 12:53:51,844 | INFO | loss: 0.584684  [38464/60000]
2026-02-22 12:53:51,999 | INFO | loss: 0.662067  [44864/60000]
2026-02-22 12:53:52,154 | INFO | loss: 0.665549  [51264/60000]
2026-02-22 12:53:52,309 | INFO | loss: 0.558690  [57664/60000]
2026-02-22 12:53:52,614 | INFO | Test Error: 
 Accuracy: 80.3%, Avg loss: 0.569766 

2026-02-22 12:53:52,614 | INFO | Epoch 17
-------------------------------
2026-02-22 12:53:52,618 | INFO | loss: 0.506949  [   64/60000]
2026-02-22 12:53:52,773 | INFO | loss: 0.587150  [ 6464/60000]
2026-02-22 12:53:52,927 | INFO | loss: 0.390211  [12864/60000]
2026-02-22 12:53:53,081 | INFO | loss: 0.644575  [19264/60000]
2026-02-22 12:53:53,234 | INFO | loss: 0.587654  [25664/60000]
2026-02-22 12:53:53,388 | INFO | loss: 0.585402  [32064/60000]
2026-02-22 12:53:53,542 | INFO | loss: 0.580984  [38464/60000]
2026-02-22 12:53:53,696 | INFO | loss: 0.662640  [44864/60000]
2026-02-22 12:53:53,850 | INFO | loss: 0.664587  [51264/60000]
2026-02-22 12:53:54,004 | INFO | loss: 0.553194  [57664/60000]
2026-02-22 12:53:54,275 | INFO | Test Error: 
 Accuracy: 80.5%, Avg loss: 0.566267 

2026-02-22 12:53:54,275 | INFO | Epoch 18
-------------------------------
2026-02-22 12:53:54,279 | INFO | loss: 0.502077  [   64/60000]
2026-02-22 12:53:54,434 | INFO | loss: 0.583165  [ 6464/60000]
2026-02-22 12:53:54,589 | INFO | loss: 0.386275  [12864/60000]
2026-02-22 12:53:54,743 | INFO | loss: 0.640315  [19264/60000]
2026-02-22 12:53:54,896 | INFO | loss: 0.584121  [25664/60000]
2026-02-22 12:53:55,051 | INFO | loss: 0.583214  [32064/60000]
2026-02-22 12:53:55,205 | INFO | loss: 0.577518  [38464/60000]
2026-02-22 12:53:55,358 | INFO | loss: 0.663223  [44864/60000]
2026-02-22 12:53:55,512 | INFO | loss: 0.663733  [51264/60000]
2026-02-22 12:53:55,666 | INFO | loss: 0.547844  [57664/60000]
2026-02-22 12:53:55,939 | INFO | Test Error: 
 Accuracy: 80.6%, Avg loss: 0.562936 

2026-02-22 12:53:55,939 | INFO | Epoch 19
-------------------------------
2026-02-22 12:53:55,942 | INFO | loss: 0.497371  [   64/60000]
2026-02-22 12:53:56,097 | INFO | loss: 0.579394  [ 6464/60000]
2026-02-22 12:53:56,251 | INFO | loss: 0.382458  [12864/60000]
2026-02-22 12:53:56,405 | INFO | loss: 0.636192  [19264/60000]
2026-02-22 12:53:56,559 | INFO | loss: 0.580637  [25664/60000]
2026-02-22 12:53:56,713 | INFO | loss: 0.581159  [32064/60000]
2026-02-22 12:53:56,867 | INFO | loss: 0.574217  [38464/60000]
2026-02-22 12:53:57,021 | INFO | loss: 0.663881  [44864/60000]
2026-02-22 12:53:57,174 | INFO | loss: 0.662928  [51264/60000]
2026-02-22 12:53:57,328 | INFO | loss: 0.542685  [57664/60000]
2026-02-22 12:53:57,607 | INFO | Test Error: 
 Accuracy: 80.7%, Avg loss: 0.559764 

2026-02-22 12:53:57,607 | INFO | Epoch 20
-------------------------------
2026-02-22 12:53:57,609 | INFO | loss: 0.492832  [   64/60000]
2026-02-22 12:53:57,767 | INFO | loss: 0.575843  [ 6464/60000]
2026-02-22 12:53:57,927 | INFO | loss: 0.378805  [12864/60000]
2026-02-22 12:53:58,083 | INFO | loss: 0.632226  [19264/60000]
2026-02-22 12:53:58,238 | INFO | loss: 0.577192  [25664/60000]
2026-02-22 12:53:58,397 | INFO | loss: 0.579150  [32064/60000]
2026-02-22 12:53:58,555 | INFO | loss: 0.571107  [38464/60000]
2026-02-22 12:53:58,710 | INFO | loss: 0.664571  [44864/60000]
2026-02-22 12:53:58,864 | INFO | loss: 0.662138  [51264/60000]
2026-02-22 12:53:59,018 | INFO | loss: 0.537659  [57664/60000]
2026-02-22 12:53:59,320 | INFO | Test Error: 
 Accuracy: 80.7%, Avg loss: 0.556737 

2026-02-22 12:53:59,321 | INFO | Done!
