2026-02-22 12:33:33,472 | INFO | Logging initialized. Saving to logs/TRAINING_CODE_20260222_123333.log
2026-02-22 12:33:39,192 | INFO | Epoch 1
-------------------------------
2026-02-22 12:33:39,312 | INFO | loss: 2.293229  [   64/60000]
2026-02-22 12:33:39,470 | INFO | loss: 2.245093  [ 6464/60000]
2026-02-22 12:33:39,622 | INFO | loss: 2.192129  [12864/60000]
2026-02-22 12:33:39,777 | INFO | loss: 2.189325  [19264/60000]
2026-02-22 12:33:39,930 | INFO | loss: 2.156494  [25664/60000]
2026-02-22 12:33:40,081 | INFO | loss: 2.046275  [32064/60000]
2026-02-22 12:33:40,231 | INFO | loss: 2.046237  [38464/60000]
2026-02-22 12:33:40,381 | INFO | loss: 1.985285  [44864/60000]
2026-02-22 12:33:40,531 | INFO | loss: 1.986053  [51264/60000]
2026-02-22 12:33:40,682 | INFO | loss: 1.865198  [57664/60000]
2026-02-22 12:33:40,957 | INFO | Test Error: 
 Accuracy: 35.9%, Avg loss: 1.902561 

2026-02-22 12:33:40,957 | INFO | Epoch 2
-------------------------------
2026-02-22 12:33:40,961 | INFO | loss: 1.890468  [   64/60000]
2026-02-22 12:33:41,113 | INFO | loss: 1.886092  [ 6464/60000]
2026-02-22 12:33:41,263 | INFO | loss: 1.735885  [12864/60000]
2026-02-22 12:33:41,413 | INFO | loss: 1.811076  [19264/60000]
2026-02-22 12:33:41,565 | INFO | loss: 1.746941  [25664/60000]
2026-02-22 12:33:41,717 | INFO | loss: 1.617092  [32064/60000]
2026-02-22 12:33:41,866 | INFO | loss: 1.668753  [38464/60000]
2026-02-22 12:33:42,016 | INFO | loss: 1.577920  [44864/60000]
2026-02-22 12:33:42,165 | INFO | loss: 1.631540  [51264/60000]
2026-02-22 12:33:42,314 | INFO | loss: 1.483555  [57664/60000]
2026-02-22 12:33:42,577 | INFO | Test Error: 
 Accuracy: 56.7%, Avg loss: 1.533637 

2026-02-22 12:33:42,577 | INFO | Epoch 3
-------------------------------
2026-02-22 12:33:42,579 | INFO | loss: 1.558797  [   64/60000]
2026-02-22 12:33:42,732 | INFO | loss: 1.553436  [ 6464/60000]
2026-02-22 12:33:42,884 | INFO | loss: 1.378388  [12864/60000]
2026-02-22 12:33:43,044 | INFO | loss: 1.499921  [19264/60000]
2026-02-22 12:33:43,193 | INFO | loss: 1.384274  [25664/60000]
2026-02-22 12:33:43,342 | INFO | loss: 1.320723  [32064/60000]
2026-02-22 12:33:43,491 | INFO | loss: 1.390385  [38464/60000]
2026-02-22 12:33:43,643 | INFO | loss: 1.301835  [44864/60000]
2026-02-22 12:33:43,794 | INFO | loss: 1.358893  [51264/60000]
2026-02-22 12:33:43,954 | INFO | loss: 1.236751  [57664/60000]
2026-02-22 12:33:44,222 | INFO | Test Error: 
 Accuracy: 64.3%, Avg loss: 1.280270 

2026-02-22 12:33:44,222 | INFO | Epoch 4
-------------------------------
2026-02-22 12:33:44,225 | INFO | loss: 1.324041  [   64/60000]
2026-02-22 12:33:44,390 | INFO | loss: 1.326868  [ 6464/60000]
2026-02-22 12:33:44,542 | INFO | loss: 1.140757  [12864/60000]
2026-02-22 12:33:44,693 | INFO | loss: 1.291369  [19264/60000]
2026-02-22 12:33:44,842 | INFO | loss: 1.140610  [25664/60000]
2026-02-22 12:33:44,993 | INFO | loss: 1.137228  [32064/60000]
2026-02-22 12:33:45,141 | INFO | loss: 1.212894  [38464/60000]
2026-02-22 12:33:45,290 | INFO | loss: 1.130953  [44864/60000]
2026-02-22 12:33:45,439 | INFO | loss: 1.180686  [51264/60000]
2026-02-22 12:33:45,592 | INFO | loss: 1.089265  [57664/60000]
2026-02-22 12:33:45,858 | INFO | Test Error: 
 Accuracy: 65.4%, Avg loss: 1.118878 

2026-02-22 12:33:45,858 | INFO | Epoch 5
-------------------------------
2026-02-22 12:33:45,861 | INFO | loss: 1.160750  [   64/60000]
2026-02-22 12:33:46,012 | INFO | loss: 1.181160  [ 6464/60000]
2026-02-22 12:33:46,161 | INFO | loss: 0.983054  [12864/60000]
2026-02-22 12:33:46,317 | INFO | loss: 1.158049  [19264/60000]
2026-02-22 12:33:46,468 | INFO | loss: 0.990362  [25664/60000]
2026-02-22 12:33:46,621 | INFO | loss: 1.013743  [32064/60000]
2026-02-22 12:33:46,772 | INFO | loss: 1.098989  [38464/60000]
2026-02-22 12:33:46,925 | INFO | loss: 1.019453  [44864/60000]
2026-02-22 12:33:47,094 | INFO | loss: 1.063622  [51264/60000]
2026-02-22 12:33:47,249 | INFO | loss: 0.993761  [57664/60000]
2026-02-22 12:33:47,523 | INFO | Test Error: 
 Accuracy: 66.6%, Avg loss: 1.011065 

2026-02-22 12:33:47,524 | INFO | Epoch 6
-------------------------------
2026-02-22 12:33:47,526 | INFO | loss: 1.043703  [   64/60000]
2026-02-22 12:33:47,685 | INFO | loss: 1.082020  [ 6464/60000]
2026-02-22 12:33:47,838 | INFO | loss: 0.871308  [12864/60000]
2026-02-22 12:33:47,991 | INFO | loss: 1.065468  [19264/60000]
2026-02-22 12:33:48,143 | INFO | loss: 0.893459  [25664/60000]
2026-02-22 12:33:48,295 | INFO | loss: 0.926318  [32064/60000]
2026-02-22 12:33:48,445 | INFO | loss: 1.018747  [38464/60000]
2026-02-22 12:33:48,595 | INFO | loss: 0.942454  [44864/60000]
2026-02-22 12:33:48,745 | INFO | loss: 0.984267  [51264/60000]
2026-02-22 12:33:48,895 | INFO | loss: 0.926726  [57664/60000]
2026-02-22 12:33:49,157 | INFO | Test Error: 
 Accuracy: 67.8%, Avg loss: 0.936413 

2026-02-22 12:33:49,158 | INFO | Epoch 7
-------------------------------
2026-02-22 12:33:49,160 | INFO | loss: 0.958722  [   64/60000]
2026-02-22 12:33:49,311 | INFO | loss: 1.012551  [ 6464/60000]
2026-02-22 12:33:49,462 | INFO | loss: 0.791885  [12864/60000]
2026-02-22 12:33:49,611 | INFO | loss: 0.998981  [19264/60000]
2026-02-22 12:33:49,762 | INFO | loss: 0.829452  [25664/60000]
2026-02-22 12:33:49,913 | INFO | loss: 0.864211  [32064/60000]
2026-02-22 12:33:50,062 | INFO | loss: 0.960825  [38464/60000]
2026-02-22 12:33:50,212 | INFO | loss: 0.888697  [44864/60000]
2026-02-22 12:33:50,385 | INFO | loss: 0.927312  [51264/60000]
2026-02-22 12:33:50,537 | INFO | loss: 0.877399  [57664/60000]
2026-02-22 12:33:50,801 | INFO | Test Error: 
 Accuracy: 69.1%, Avg loss: 0.882021 

2026-02-22 12:33:50,801 | INFO | Epoch 8
-------------------------------
2026-02-22 12:33:50,804 | INFO | loss: 0.893965  [   64/60000]
2026-02-22 12:33:50,955 | INFO | loss: 0.960822  [ 6464/60000]
2026-02-22 12:33:51,126 | INFO | loss: 0.732198  [12864/60000]
2026-02-22 12:33:51,331 | INFO | loss: 0.948861  [19264/60000]
2026-02-22 12:33:51,489 | INFO | loss: 0.784518  [25664/60000]
2026-02-22 12:33:51,642 | INFO | loss: 0.817746  [32064/60000]
2026-02-22 12:33:51,797 | INFO | loss: 0.916480  [38464/60000]
2026-02-22 12:33:51,950 | INFO | loss: 0.849805  [44864/60000]
2026-02-22 12:33:52,101 | INFO | loss: 0.884688  [51264/60000]
2026-02-22 12:33:52,250 | INFO | loss: 0.839236  [57664/60000]
2026-02-22 12:33:52,514 | INFO | Test Error: 
 Accuracy: 70.6%, Avg loss: 0.840413 

2026-02-22 12:33:52,515 | INFO | Epoch 9
-------------------------------
2026-02-22 12:33:52,517 | INFO | loss: 0.842896  [   64/60000]
2026-02-22 12:33:52,669 | INFO | loss: 0.919776  [ 6464/60000]
2026-02-22 12:33:52,820 | INFO | loss: 0.685528  [12864/60000]
2026-02-22 12:33:52,975 | INFO | loss: 0.909870  [19264/60000]
2026-02-22 12:33:53,135 | INFO | loss: 0.751580  [25664/60000]
2026-02-22 12:33:53,285 | INFO | loss: 0.781686  [32064/60000]
2026-02-22 12:33:53,434 | INFO | loss: 0.880577  [38464/60000]
2026-02-22 12:33:53,585 | INFO | loss: 0.820452  [44864/60000]
2026-02-22 12:33:53,738 | INFO | loss: 0.851131  [51264/60000]
2026-02-22 12:33:53,890 | INFO | loss: 0.808429  [57664/60000]
2026-02-22 12:33:54,158 | INFO | Test Error: 
 Accuracy: 71.6%, Avg loss: 0.807242 

2026-02-22 12:33:54,158 | INFO | Epoch 10
-------------------------------
2026-02-22 12:33:54,161 | INFO | loss: 0.801087  [   64/60000]
2026-02-22 12:33:54,317 | INFO | loss: 0.885620  [ 6464/60000]
2026-02-22 12:33:54,467 | INFO | loss: 0.647878  [12864/60000]
2026-02-22 12:33:54,619 | INFO | loss: 0.878591  [19264/60000]
2026-02-22 12:33:54,767 | INFO | loss: 0.726270  [25664/60000]
2026-02-22 12:33:54,915 | INFO | loss: 0.752641  [32064/60000]
2026-02-22 12:33:55,065 | INFO | loss: 0.850389  [38464/60000]
2026-02-22 12:33:55,219 | INFO | loss: 0.797727  [44864/60000]
2026-02-22 12:33:55,369 | INFO | loss: 0.823811  [51264/60000]
2026-02-22 12:33:55,517 | INFO | loss: 0.782621  [57664/60000]
2026-02-22 12:33:55,778 | INFO | Test Error: 
 Accuracy: 72.5%, Avg loss: 0.779864 

2026-02-22 12:33:55,778 | INFO | Epoch 11
-------------------------------
2026-02-22 12:33:55,780 | INFO | loss: 0.766132  [   64/60000]
2026-02-22 12:33:55,931 | INFO | loss: 0.856058  [ 6464/60000]
2026-02-22 12:33:56,080 | INFO | loss: 0.616640  [12864/60000]
2026-02-22 12:33:56,234 | INFO | loss: 0.852772  [19264/60000]
2026-02-22 12:33:56,383 | INFO | loss: 0.706089  [25664/60000]
2026-02-22 12:33:56,535 | INFO | loss: 0.728780  [32064/60000]
2026-02-22 12:33:56,687 | INFO | loss: 0.823938  [38464/60000]
2026-02-22 12:33:56,836 | INFO | loss: 0.779443  [44864/60000]
2026-02-22 12:33:56,985 | INFO | loss: 0.801071  [51264/60000]
2026-02-22 12:33:57,133 | INFO | loss: 0.760388  [57664/60000]
2026-02-22 12:33:57,395 | INFO | Test Error: 
 Accuracy: 73.4%, Avg loss: 0.756622 

2026-02-22 12:33:57,395 | INFO | Epoch 12
-------------------------------
2026-02-22 12:33:57,398 | INFO | loss: 0.736287  [   64/60000]
2026-02-22 12:33:57,553 | INFO | loss: 0.829878  [ 6464/60000]
2026-02-22 12:33:57,708 | INFO | loss: 0.590175  [12864/60000]
2026-02-22 12:33:57,857 | INFO | loss: 0.831024  [19264/60000]
2026-02-22 12:33:58,005 | INFO | loss: 0.689580  [25664/60000]
2026-02-22 12:33:58,154 | INFO | loss: 0.708745  [32064/60000]
2026-02-22 12:33:58,303 | INFO | loss: 0.800246  [38464/60000]
2026-02-22 12:33:58,451 | INFO | loss: 0.764467  [44864/60000]
2026-02-22 12:33:58,600 | INFO | loss: 0.781693  [51264/60000]
2026-02-22 12:33:58,749 | INFO | loss: 0.740680  [57664/60000]
2026-02-22 12:33:59,011 | INFO | Test Error: 
 Accuracy: 74.2%, Avg loss: 0.736457 

2026-02-22 12:33:59,011 | INFO | Epoch 13
-------------------------------
2026-02-22 12:33:59,013 | INFO | loss: 0.710457  [   64/60000]
2026-02-22 12:33:59,168 | INFO | loss: 0.806244  [ 6464/60000]
2026-02-22 12:33:59,317 | INFO | loss: 0.567379  [12864/60000]
2026-02-22 12:33:59,465 | INFO | loss: 0.812230  [19264/60000]
2026-02-22 12:33:59,613 | INFO | loss: 0.675551  [25664/60000]
2026-02-22 12:33:59,761 | INFO | loss: 0.691723  [32064/60000]
2026-02-22 12:33:59,910 | INFO | loss: 0.778948  [38464/60000]
2026-02-22 12:34:00,063 | INFO | loss: 0.751904  [44864/60000]
2026-02-22 12:34:00,212 | INFO | loss: 0.764937  [51264/60000]
2026-02-22 12:34:00,360 | INFO | loss: 0.722920  [57664/60000]
2026-02-22 12:34:00,644 | INFO | Test Error: 
 Accuracy: 74.9%, Avg loss: 0.718685 

2026-02-22 12:34:00,645 | INFO | Epoch 14
-------------------------------
2026-02-22 12:34:00,647 | INFO | loss: 0.687776  [   64/60000]
2026-02-22 12:34:00,806 | INFO | loss: 0.784642  [ 6464/60000]
2026-02-22 12:34:00,955 | INFO | loss: 0.547440  [12864/60000]
2026-02-22 12:34:01,104 | INFO | loss: 0.795693  [19264/60000]
2026-02-22 12:34:01,252 | INFO | loss: 0.663451  [25664/60000]
2026-02-22 12:34:01,400 | INFO | loss: 0.676986  [32064/60000]
2026-02-22 12:34:01,548 | INFO | loss: 0.759560  [38464/60000]
2026-02-22 12:34:01,696 | INFO | loss: 0.741423  [44864/60000]
2026-02-22 12:34:01,844 | INFO | loss: 0.750241  [51264/60000]
2026-02-22 12:34:01,994 | INFO | loss: 0.706804  [57664/60000]
2026-02-22 12:34:02,255 | INFO | Test Error: 
 Accuracy: 75.4%, Avg loss: 0.702831 

2026-02-22 12:34:02,255 | INFO | Epoch 15
-------------------------------
2026-02-22 12:34:02,258 | INFO | loss: 0.667699  [   64/60000]
2026-02-22 12:34:02,409 | INFO | loss: 0.764752  [ 6464/60000]
2026-02-22 12:34:02,558 | INFO | loss: 0.529832  [12864/60000]
2026-02-22 12:34:02,707 | INFO | loss: 0.781144  [19264/60000]
2026-02-22 12:34:02,856 | INFO | loss: 0.652828  [25664/60000]
2026-02-22 12:34:03,005 | INFO | loss: 0.664077  [32064/60000]
2026-02-22 12:34:03,192 | INFO | loss: 0.741803  [38464/60000]
2026-02-22 12:34:03,344 | INFO | loss: 0.732459  [44864/60000]
2026-02-22 12:34:03,496 | INFO | loss: 0.737398  [51264/60000]
2026-02-22 12:34:03,646 | INFO | loss: 0.692037  [57664/60000]
2026-02-22 12:34:03,912 | INFO | Test Error: 
 Accuracy: 75.9%, Avg loss: 0.688573 

2026-02-22 12:34:03,912 | INFO | Epoch 16
-------------------------------
2026-02-22 12:34:03,915 | INFO | loss: 0.649644  [   64/60000]
2026-02-22 12:34:04,066 | INFO | loss: 0.746276  [ 6464/60000]
2026-02-22 12:34:04,215 | INFO | loss: 0.514102  [12864/60000]
2026-02-22 12:34:04,363 | INFO | loss: 0.768068  [19264/60000]
2026-02-22 12:34:04,512 | INFO | loss: 0.643329  [25664/60000]
2026-02-22 12:34:04,660 | INFO | loss: 0.652496  [32064/60000]
2026-02-22 12:34:04,809 | INFO | loss: 0.725363  [38464/60000]
2026-02-22 12:34:04,957 | INFO | loss: 0.724786  [44864/60000]
2026-02-22 12:34:05,106 | INFO | loss: 0.726154  [51264/60000]
2026-02-22 12:34:05,254 | INFO | loss: 0.678464  [57664/60000]
2026-02-22 12:34:05,519 | INFO | Test Error: 
 Accuracy: 76.4%, Avg loss: 0.675683 

2026-02-22 12:34:05,520 | INFO | Epoch 17
-------------------------------
2026-02-22 12:34:05,522 | INFO | loss: 0.633331  [   64/60000]
2026-02-22 12:34:05,673 | INFO | loss: 0.729157  [ 6464/60000]
2026-02-22 12:34:05,822 | INFO | loss: 0.500013  [12864/60000]
2026-02-22 12:34:05,971 | INFO | loss: 0.756255  [19264/60000]
2026-02-22 12:34:06,120 | INFO | loss: 0.634721  [25664/60000]
2026-02-22 12:34:06,269 | INFO | loss: 0.642146  [32064/60000]
2026-02-22 12:34:06,417 | INFO | loss: 0.710142  [38464/60000]
2026-02-22 12:34:06,566 | INFO | loss: 0.718283  [44864/60000]
2026-02-22 12:34:06,714 | INFO | loss: 0.716331  [51264/60000]
2026-02-22 12:34:06,865 | INFO | loss: 0.665846  [57664/60000]
2026-02-22 12:34:07,127 | INFO | Test Error: 
 Accuracy: 76.8%, Avg loss: 0.663970 

2026-02-22 12:34:07,127 | INFO | Epoch 18
-------------------------------
2026-02-22 12:34:07,129 | INFO | loss: 0.618660  [   64/60000]
2026-02-22 12:34:07,280 | INFO | loss: 0.713251  [ 6464/60000]
2026-02-22 12:34:07,429 | INFO | loss: 0.487518  [12864/60000]
2026-02-22 12:34:07,581 | INFO | loss: 0.745471  [19264/60000]
2026-02-22 12:34:07,730 | INFO | loss: 0.626916  [25664/60000]
2026-02-22 12:34:07,879 | INFO | loss: 0.632888  [32064/60000]
2026-02-22 12:34:08,028 | INFO | loss: 0.696062  [38464/60000]
2026-02-22 12:34:08,179 | INFO | loss: 0.712743  [44864/60000]
2026-02-22 12:34:08,329 | INFO | loss: 0.707643  [51264/60000]
2026-02-22 12:34:08,481 | INFO | loss: 0.654204  [57664/60000]
2026-02-22 12:34:08,743 | INFO | Test Error: 
 Accuracy: 77.2%, Avg loss: 0.653281 

2026-02-22 12:34:08,743 | INFO | Epoch 19
-------------------------------
2026-02-22 12:34:08,745 | INFO | loss: 0.605349  [   64/60000]
2026-02-22 12:34:08,898 | INFO | loss: 0.698469  [ 6464/60000]
2026-02-22 12:34:09,049 | INFO | loss: 0.476204  [12864/60000]
2026-02-22 12:34:09,198 | INFO | loss: 0.735608  [19264/60000]
2026-02-22 12:34:09,346 | INFO | loss: 0.619708  [25664/60000]
2026-02-22 12:34:09,496 | INFO | loss: 0.624545  [32064/60000]
2026-02-22 12:34:09,646 | INFO | loss: 0.682974  [38464/60000]
2026-02-22 12:34:09,795 | INFO | loss: 0.708006  [44864/60000]
2026-02-22 12:34:09,944 | INFO | loss: 0.699832  [51264/60000]
2026-02-22 12:34:10,093 | INFO | loss: 0.643383  [57664/60000]
2026-02-22 12:34:10,357 | INFO | Test Error: 
 Accuracy: 77.5%, Avg loss: 0.643497 

2026-02-22 12:34:10,358 | INFO | Epoch 20
-------------------------------
2026-02-22 12:34:10,360 | INFO | loss: 0.593208  [   64/60000]
2026-02-22 12:34:10,511 | INFO | loss: 0.684641  [ 6464/60000]
2026-02-22 12:34:10,662 | INFO | loss: 0.465961  [12864/60000]
2026-02-22 12:34:10,813 | INFO | loss: 0.726532  [19264/60000]
2026-02-22 12:34:10,961 | INFO | loss: 0.613006  [25664/60000]
2026-02-22 12:34:11,110 | INFO | loss: 0.616994  [32064/60000]
2026-02-22 12:34:11,261 | INFO | loss: 0.670923  [38464/60000]
2026-02-22 12:34:11,409 | INFO | loss: 0.703905  [44864/60000]
2026-02-22 12:34:11,559 | INFO | loss: 0.692919  [51264/60000]
2026-02-22 12:34:11,710 | INFO | loss: 0.633213  [57664/60000]
2026-02-22 12:34:11,975 | INFO | Test Error: 
 Accuracy: 78.0%, Avg loss: 0.634520 

2026-02-22 12:34:11,975 | INFO | Done!
