2026-02-22 12:08:52,416 | INFO | Logging initialized. Saving to logs/TRAINING_CODE_20260222_120852.log
2026-02-22 12:12:26,808 | INFO | Epoch 1
-------------------------------
2026-02-22 12:12:41,508 | INFO | Epoch 1
-------------------------------
2026-02-22 12:12:41,707 | INFO | loss: 2.315701  [   64/60000]
2026-02-22 12:12:41,867 | INFO | loss: 2.288220  [ 6464/60000]
2026-02-22 12:12:42,036 | INFO | loss: 2.207815  [12864/60000]
2026-02-22 12:12:42,196 | INFO | loss: 2.170129  [19264/60000]
2026-02-22 12:12:42,373 | INFO | loss: 2.131875  [25664/60000]
2026-02-22 12:12:42,556 | INFO | loss: 2.046440  [32064/60000]
2026-02-22 12:12:42,751 | INFO | loss: 2.076914  [38464/60000]
2026-02-22 12:12:42,953 | INFO | loss: 1.985276  [44864/60000]
2026-02-22 12:12:43,131 | INFO | loss: 1.972331  [51264/60000]
2026-02-22 12:12:43,352 | INFO | loss: 1.960403  [57664/60000]
2026-02-22 12:12:43,655 | INFO | Test Error: 
 Accuracy: 49.0%, Avg loss: 1.894525 

2026-02-22 12:12:54,403 | INFO | Epoch 1
-------------------------------
2026-02-22 12:12:54,497 | INFO | loss: 1.908965  [   64/60000]
2026-02-22 12:12:54,652 | INFO | loss: 1.917701  [ 6464/60000]
2026-02-22 12:12:54,805 | INFO | loss: 1.748598  [12864/60000]
2026-02-22 12:12:54,957 | INFO | loss: 1.828496  [19264/60000]
2026-02-22 12:12:55,106 | INFO | loss: 1.689487  [25664/60000]
2026-02-22 12:12:55,255 | INFO | loss: 1.626596  [32064/60000]
2026-02-22 12:12:55,405 | INFO | loss: 1.706985  [38464/60000]
2026-02-22 12:12:55,553 | INFO | loss: 1.574033  [44864/60000]
2026-02-22 12:12:55,701 | INFO | loss: 1.606885  [51264/60000]
2026-02-22 12:12:55,852 | INFO | loss: 1.580682  [57664/60000]
2026-02-22 12:12:56,116 | INFO | Test Error: 
 Accuracy: 60.9%, Avg loss: 1.517774 

2026-02-22 12:12:56,117 | INFO | Epoch 2
-------------------------------
2026-02-22 12:12:56,119 | INFO | loss: 1.543944  [   64/60000]
2026-02-22 12:12:56,269 | INFO | loss: 1.568453  [ 6464/60000]
2026-02-22 12:12:56,417 | INFO | loss: 1.359959  [12864/60000]
2026-02-22 12:12:56,563 | INFO | loss: 1.505419  [19264/60000]
2026-02-22 12:12:56,710 | INFO | loss: 1.328847  [25664/60000]
2026-02-22 12:12:56,855 | INFO | loss: 1.323671  [32064/60000]
2026-02-22 12:12:57,003 | INFO | loss: 1.394268  [38464/60000]
2026-02-22 12:12:57,149 | INFO | loss: 1.282376  [44864/60000]
2026-02-22 12:12:57,297 | INFO | loss: 1.338628  [51264/60000]
2026-02-22 12:12:57,445 | INFO | loss: 1.282912  [57664/60000]
2026-02-22 12:12:57,704 | INFO | Test Error: 
 Accuracy: 64.6%, Avg loss: 1.258473 

2026-02-22 12:12:57,705 | INFO | Epoch 3
-------------------------------
2026-02-22 12:12:57,707 | INFO | loss: 1.297731  [   64/60000]
2026-02-22 12:12:57,857 | INFO | loss: 1.340558  [ 6464/60000]
2026-02-22 12:12:58,006 | INFO | loss: 1.121881  [12864/60000]
2026-02-22 12:12:58,154 | INFO | loss: 1.281187  [19264/60000]
2026-02-22 12:12:58,301 | INFO | loss: 1.121780  [25664/60000]
2026-02-22 12:12:58,447 | INFO | loss: 1.136346  [32064/60000]
2026-02-22 12:12:58,594 | INFO | loss: 1.188710  [38464/60000]
2026-02-22 12:12:58,741 | INFO | loss: 1.105266  [44864/60000]
2026-02-22 12:12:58,891 | INFO | loss: 1.167024  [51264/60000]
2026-02-22 12:12:59,042 | INFO | loss: 1.097321  [57664/60000]
2026-02-22 12:12:59,303 | INFO | Test Error: 
 Accuracy: 65.8%, Avg loss: 1.097130 

2026-02-22 12:12:59,303 | INFO | Epoch 4
-------------------------------
2026-02-22 12:12:59,305 | INFO | loss: 1.131935  [   64/60000]
2026-02-22 12:12:59,452 | INFO | loss: 1.194746  [ 6464/60000]
2026-02-22 12:12:59,599 | INFO | loss: 0.969690  [12864/60000]
2026-02-22 12:12:59,746 | INFO | loss: 1.140749  [19264/60000]
2026-02-22 12:12:59,894 | INFO | loss: 0.993828  [25664/60000]
2026-02-22 12:13:00,048 | INFO | loss: 1.014390  [32064/60000]
2026-02-22 12:13:00,198 | INFO | loss: 1.061619  [38464/60000]
2026-02-22 12:13:00,353 | INFO | loss: 0.994618  [44864/60000]
2026-02-22 12:13:00,502 | INFO | loss: 1.060099  [51264/60000]
2026-02-22 12:13:00,650 | INFO | loss: 0.987658  [57664/60000]
2026-02-22 12:13:00,910 | INFO | Test Error: 
 Accuracy: 67.1%, Avg loss: 0.994160 

2026-02-22 12:13:00,910 | INFO | Epoch 5
-------------------------------
2026-02-22 12:13:00,912 | INFO | loss: 1.018094  [   64/60000]
2026-02-22 12:13:01,061 | INFO | loss: 1.096739  [ 6464/60000]
2026-02-22 12:13:01,260 | INFO | loss: 0.866082  [12864/60000]
2026-02-22 12:13:01,408 | INFO | loss: 1.050141  [19264/60000]
2026-02-22 12:13:01,556 | INFO | loss: 0.909991  [25664/60000]
2026-02-22 12:13:01,706 | INFO | loss: 0.931435  [32064/60000]
2026-02-22 12:13:01,852 | INFO | loss: 0.979007  [38464/60000]
2026-02-22 12:13:01,999 | INFO | loss: 0.922254  [44864/60000]
2026-02-22 12:13:02,146 | INFO | loss: 0.989209  [51264/60000]
2026-02-22 12:13:02,292 | INFO | loss: 0.917290  [57664/60000]
2026-02-22 12:13:02,589 | INFO | Test Error: 
 Accuracy: 68.4%, Avg loss: 0.924626 

2026-02-22 12:13:02,589 | INFO | Epoch 6
-------------------------------
2026-02-22 12:13:02,592 | INFO | loss: 0.937107  [   64/60000]
2026-02-22 12:13:02,744 | INFO | loss: 1.027640  [ 6464/60000]
2026-02-22 12:13:02,892 | INFO | loss: 0.792501  [12864/60000]
2026-02-22 12:13:03,038 | INFO | loss: 0.987747  [19264/60000]
2026-02-22 12:13:03,220 | INFO | loss: 0.852323  [25664/60000]
2026-02-22 12:13:03,371 | INFO | loss: 0.872449  [32064/60000]
2026-02-22 12:13:03,518 | INFO | loss: 0.921253  [38464/60000]
2026-02-22 12:13:03,665 | INFO | loss: 0.872691  [44864/60000]
2026-02-22 12:13:03,811 | INFO | loss: 0.939220  [51264/60000]
2026-02-22 12:13:03,958 | INFO | loss: 0.868387  [57664/60000]
2026-02-22 12:13:04,220 | INFO | Test Error: 
 Accuracy: 69.3%, Avg loss: 0.874736 

2026-02-22 12:13:04,221 | INFO | Epoch 7
-------------------------------
2026-02-22 12:13:04,223 | INFO | loss: 0.876791  [   64/60000]
2026-02-22 12:13:04,375 | INFO | loss: 0.976063  [ 6464/60000]
2026-02-22 12:13:04,524 | INFO | loss: 0.737894  [12864/60000]
2026-02-22 12:13:04,670 | INFO | loss: 0.942024  [19264/60000]
2026-02-22 12:13:04,818 | INFO | loss: 0.810100  [25664/60000]
2026-02-22 12:13:04,964 | INFO | loss: 0.828531  [32064/60000]
2026-02-22 12:13:05,111 | INFO | loss: 0.878009  [38464/60000]
2026-02-22 12:13:05,258 | INFO | loss: 0.837090  [44864/60000]
2026-02-22 12:13:05,406 | INFO | loss: 0.901753  [51264/60000]
2026-02-22 12:13:05,551 | INFO | loss: 0.831856  [57664/60000]
2026-02-22 12:13:05,808 | INFO | Test Error: 
 Accuracy: 70.4%, Avg loss: 0.836833 

2026-02-22 12:13:05,809 | INFO | Epoch 8
-------------------------------
2026-02-22 12:13:05,811 | INFO | loss: 0.829723  [   64/60000]
2026-02-22 12:13:05,957 | INFO | loss: 0.935209  [ 6464/60000]
2026-02-22 12:13:06,102 | INFO | loss: 0.695724  [12864/60000]
2026-02-22 12:13:06,250 | INFO | loss: 0.906854  [19264/60000]
2026-02-22 12:13:06,398 | INFO | loss: 0.777683  [25664/60000]
2026-02-22 12:13:06,544 | INFO | loss: 0.794396  [32064/60000]
2026-02-22 12:13:06,691 | INFO | loss: 0.843699  [38464/60000]
2026-02-22 12:13:06,875 | INFO | loss: 0.810271  [44864/60000]
2026-02-22 12:13:07,022 | INFO | loss: 0.872215  [51264/60000]
2026-02-22 12:13:07,169 | INFO | loss: 0.802956  [57664/60000]
2026-02-22 12:13:07,428 | INFO | Test Error: 
 Accuracy: 71.2%, Avg loss: 0.806593 

2026-02-22 12:13:07,429 | INFO | Epoch 9
-------------------------------
2026-02-22 12:13:07,431 | INFO | loss: 0.791569  [   64/60000]
2026-02-22 12:13:07,577 | INFO | loss: 0.901188  [ 6464/60000]
2026-02-22 12:13:07,721 | INFO | loss: 0.661963  [12864/60000]
2026-02-22 12:13:07,867 | INFO | loss: 0.878507  [19264/60000]
2026-02-22 12:13:08,011 | INFO | loss: 0.751850  [25664/60000]
2026-02-22 12:13:08,156 | INFO | loss: 0.766954  [32064/60000]
2026-02-22 12:13:08,301 | INFO | loss: 0.815193  [38464/60000]
2026-02-22 12:13:08,446 | INFO | loss: 0.789177  [44864/60000]
2026-02-22 12:13:08,592 | INFO | loss: 0.847914  [51264/60000]
2026-02-22 12:13:08,737 | INFO | loss: 0.779048  [57664/60000]
2026-02-22 12:13:08,994 | INFO | Test Error: 
 Accuracy: 72.3%, Avg loss: 0.781484 

2026-02-22 12:13:08,994 | INFO | Epoch 10
-------------------------------
2026-02-22 12:13:08,996 | INFO | loss: 0.759663  [   64/60000]
2026-02-22 12:13:09,141 | INFO | loss: 0.871750  [ 6464/60000]
2026-02-22 12:13:09,286 | INFO | loss: 0.634109  [12864/60000]
2026-02-22 12:13:09,431 | INFO | loss: 0.854879  [19264/60000]
2026-02-22 12:13:09,576 | INFO | loss: 0.730596  [25664/60000]
2026-02-22 12:13:09,721 | INFO | loss: 0.744162  [32064/60000]
2026-02-22 12:13:09,867 | INFO | loss: 0.790616  [38464/60000]
2026-02-22 12:13:10,015 | INFO | loss: 0.772022  [44864/60000]
2026-02-22 12:13:10,162 | INFO | loss: 0.827226  [51264/60000]
2026-02-22 12:13:10,308 | INFO | loss: 0.758550  [57664/60000]
2026-02-22 12:13:10,567 | INFO | Test Error: 
 Accuracy: 73.2%, Avg loss: 0.759985 

2026-02-22 12:13:10,567 | INFO | Epoch 11
-------------------------------
2026-02-22 12:13:10,570 | INFO | loss: 0.732329  [   64/60000]
2026-02-22 12:13:10,716 | INFO | loss: 0.845648  [ 6464/60000]
2026-02-22 12:13:10,861 | INFO | loss: 0.610528  [12864/60000]
2026-02-22 12:13:11,007 | INFO | loss: 0.834638  [19264/60000]
2026-02-22 12:13:11,156 | INFO | loss: 0.712574  [25664/60000]
2026-02-22 12:13:11,301 | INFO | loss: 0.724836  [32064/60000]
2026-02-22 12:13:11,447 | INFO | loss: 0.768949  [38464/60000]
2026-02-22 12:13:11,597 | INFO | loss: 0.757606  [44864/60000]
2026-02-22 12:13:11,743 | INFO | loss: 0.809288  [51264/60000]
2026-02-22 12:13:11,889 | INFO | loss: 0.740489  [57664/60000]
2026-02-22 12:13:12,148 | INFO | Test Error: 
 Accuracy: 74.0%, Avg loss: 0.741159 

2026-02-22 12:13:12,148 | INFO | Epoch 12
-------------------------------
2026-02-22 12:13:12,151 | INFO | loss: 0.708503  [   64/60000]
2026-02-22 12:13:12,297 | INFO | loss: 0.822072  [ 6464/60000]
2026-02-22 12:13:12,443 | INFO | loss: 0.590202  [12864/60000]
2026-02-22 12:13:12,590 | INFO | loss: 0.816939  [19264/60000]
2026-02-22 12:13:12,736 | INFO | loss: 0.697064  [25664/60000]
2026-02-22 12:13:12,884 | INFO | loss: 0.708095  [32064/60000]
2026-02-22 12:13:13,035 | INFO | loss: 0.749462  [38464/60000]
2026-02-22 12:13:13,183 | INFO | loss: 0.745364  [44864/60000]
2026-02-22 12:13:13,333 | INFO | loss: 0.793436  [51264/60000]
2026-02-22 12:13:13,479 | INFO | loss: 0.724250  [57664/60000]
2026-02-22 12:13:13,739 | INFO | Test Error: 
 Accuracy: 74.6%, Avg loss: 0.724400 

2026-02-22 12:13:13,740 | INFO | Epoch 13
-------------------------------
2026-02-22 12:13:13,742 | INFO | loss: 0.687468  [   64/60000]
2026-02-22 12:13:13,978 | INFO | loss: 0.800589  [ 6464/60000]
2026-02-22 12:13:14,135 | INFO | loss: 0.572399  [12864/60000]
2026-02-22 12:13:14,286 | INFO | loss: 0.801207  [19264/60000]
2026-02-22 12:13:14,437 | INFO | loss: 0.683521  [25664/60000]
2026-02-22 12:13:14,589 | INFO | loss: 0.693455  [32064/60000]
2026-02-22 12:13:14,778 | INFO | loss: 0.731737  [38464/60000]
2026-02-22 12:13:14,927 | INFO | loss: 0.734860  [44864/60000]
2026-02-22 12:13:15,074 | INFO | loss: 0.779467  [51264/60000]
2026-02-22 12:13:15,221 | INFO | loss: 0.709430  [57664/60000]
2026-02-22 12:13:15,483 | INFO | Test Error: 
 Accuracy: 75.0%, Avg loss: 0.709317 

2026-02-22 12:13:15,483 | INFO | Epoch 14
-------------------------------
2026-02-22 12:13:15,485 | INFO | loss: 0.668677  [   64/60000]
2026-02-22 12:13:15,635 | INFO | loss: 0.780783  [ 6464/60000]
2026-02-22 12:13:15,785 | INFO | loss: 0.556619  [12864/60000]
2026-02-22 12:13:15,932 | INFO | loss: 0.787067  [19264/60000]
2026-02-22 12:13:16,078 | INFO | loss: 0.671606  [25664/60000]
2026-02-22 12:13:16,225 | INFO | loss: 0.680520  [32064/60000]
2026-02-22 12:13:16,372 | INFO | loss: 0.715469  [38464/60000]
2026-02-22 12:13:16,521 | INFO | loss: 0.725792  [44864/60000]
2026-02-22 12:13:16,671 | INFO | loss: 0.767131  [51264/60000]
2026-02-22 12:13:16,819 | INFO | loss: 0.695762  [57664/60000]
2026-02-22 12:13:17,079 | INFO | Test Error: 
 Accuracy: 75.5%, Avg loss: 0.695627 

2026-02-22 12:13:17,079 | INFO | Epoch 15
-------------------------------
2026-02-22 12:13:17,082 | INFO | loss: 0.651777  [   64/60000]
2026-02-22 12:13:17,228 | INFO | loss: 0.762393  [ 6464/60000]
2026-02-22 12:13:17,375 | INFO | loss: 0.542517  [12864/60000]
2026-02-22 12:13:17,522 | INFO | loss: 0.774151  [19264/60000]
2026-02-22 12:13:17,667 | INFO | loss: 0.661053  [25664/60000]
2026-02-22 12:13:17,813 | INFO | loss: 0.669016  [32064/60000]
2026-02-22 12:13:17,958 | INFO | loss: 0.700406  [38464/60000]
2026-02-22 12:13:18,104 | INFO | loss: 0.717982  [44864/60000]
2026-02-22 12:13:18,249 | INFO | loss: 0.756081  [51264/60000]
2026-02-22 12:13:18,394 | INFO | loss: 0.683033  [57664/60000]
2026-02-22 12:13:18,652 | INFO | Test Error: 
 Accuracy: 76.0%, Avg loss: 0.683132 

2026-02-22 12:13:18,655 | INFO | Epoch 16
-------------------------------
2026-02-22 12:13:18,658 | INFO | loss: 0.636469  [   64/60000]
2026-02-22 12:13:18,804 | INFO | loss: 0.745281  [ 6464/60000]
2026-02-22 12:13:18,949 | INFO | loss: 0.529753  [12864/60000]
2026-02-22 12:13:19,094 | INFO | loss: 0.762343  [19264/60000]
2026-02-22 12:13:19,239 | INFO | loss: 0.651591  [25664/60000]
2026-02-22 12:13:19,383 | INFO | loss: 0.658737  [32064/60000]
2026-02-22 12:13:19,529 | INFO | loss: 0.686466  [38464/60000]
2026-02-22 12:13:19,673 | INFO | loss: 0.711240  [44864/60000]
2026-02-22 12:13:19,818 | INFO | loss: 0.746149  [51264/60000]
2026-02-22 12:13:19,967 | INFO | loss: 0.671139  [57664/60000]
2026-02-22 12:13:20,226 | INFO | Test Error: 
 Accuracy: 76.5%, Avg loss: 0.671673 

2026-02-22 12:13:20,226 | INFO | Epoch 17
-------------------------------
2026-02-22 12:13:20,228 | INFO | loss: 0.622513  [   64/60000]
2026-02-22 12:13:20,375 | INFO | loss: 0.729391  [ 6464/60000]
2026-02-22 12:13:20,597 | INFO | loss: 0.518145  [12864/60000]
2026-02-22 12:13:20,743 | INFO | loss: 0.751512  [19264/60000]
2026-02-22 12:13:20,889 | INFO | loss: 0.642988  [25664/60000]
2026-02-22 12:13:21,037 | INFO | loss: 0.649491  [32064/60000]
2026-02-22 12:13:21,183 | INFO | loss: 0.673444  [38464/60000]
2026-02-22 12:13:21,328 | INFO | loss: 0.705450  [44864/60000]
2026-02-22 12:13:21,474 | INFO | loss: 0.737254  [51264/60000]
2026-02-22 12:13:21,619 | INFO | loss: 0.660029  [57664/60000]
2026-02-22 12:13:21,876 | INFO | Test Error: 
 Accuracy: 76.9%, Avg loss: 0.661130 

2026-02-22 12:13:21,877 | INFO | Epoch 18
-------------------------------
2026-02-22 12:13:21,879 | INFO | loss: 0.609712  [   64/60000]
2026-02-22 12:13:22,025 | INFO | loss: 0.714555  [ 6464/60000]
2026-02-22 12:13:22,170 | INFO | loss: 0.507514  [12864/60000]
2026-02-22 12:13:22,315 | INFO | loss: 0.741503  [19264/60000]
2026-02-22 12:13:22,460 | INFO | loss: 0.635187  [25664/60000]
2026-02-22 12:13:22,606 | INFO | loss: 0.641113  [32064/60000]
2026-02-22 12:13:22,751 | INFO | loss: 0.661360  [38464/60000]
2026-02-22 12:13:22,896 | INFO | loss: 0.700447  [44864/60000]
2026-02-22 12:13:23,042 | INFO | loss: 0.729314  [51264/60000]
2026-02-22 12:13:23,188 | INFO | loss: 0.649507  [57664/60000]
2026-02-22 12:13:23,445 | INFO | Test Error: 
 Accuracy: 77.3%, Avg loss: 0.651400 

2026-02-22 12:13:23,445 | INFO | Epoch 19
-------------------------------
2026-02-22 12:13:23,448 | INFO | loss: 0.597933  [   64/60000]
2026-02-22 12:13:23,593 | INFO | loss: 0.700725  [ 6464/60000]
2026-02-22 12:13:23,739 | INFO | loss: 0.497724  [12864/60000]
2026-02-22 12:13:23,883 | INFO | loss: 0.732217  [19264/60000]
2026-02-22 12:13:24,028 | INFO | loss: 0.628078  [25664/60000]
2026-02-22 12:13:24,173 | INFO | loss: 0.633511  [32064/60000]
2026-02-22 12:13:24,318 | INFO | loss: 0.650089  [38464/60000]
2026-02-22 12:13:24,463 | INFO | loss: 0.696160  [44864/60000]
2026-02-22 12:13:24,608 | INFO | loss: 0.722206  [51264/60000]
2026-02-22 12:13:24,753 | INFO | loss: 0.639610  [57664/60000]
2026-02-22 12:13:25,012 | INFO | Test Error: 
 Accuracy: 77.9%, Avg loss: 0.642394 

2026-02-22 12:13:25,012 | INFO | Epoch 20
-------------------------------
2026-02-22 12:13:25,014 | INFO | loss: 0.587027  [   64/60000]
2026-02-22 12:13:25,160 | INFO | loss: 0.687829  [ 6464/60000]
2026-02-22 12:13:25,310 | INFO | loss: 0.488680  [12864/60000]
2026-02-22 12:13:25,458 | INFO | loss: 0.723537  [19264/60000]
2026-02-22 12:13:25,606 | INFO | loss: 0.621528  [25664/60000]
2026-02-22 12:13:25,755 | INFO | loss: 0.626554  [32064/60000]
2026-02-22 12:13:25,902 | INFO | loss: 0.639602  [38464/60000]
2026-02-22 12:13:26,047 | INFO | loss: 0.692496  [44864/60000]
2026-02-22 12:13:26,197 | INFO | loss: 0.715819  [51264/60000]
2026-02-22 12:13:26,405 | INFO | loss: 0.630235  [57664/60000]
2026-02-22 12:13:26,681 | INFO | Test Error: 
 Accuracy: 78.2%, Avg loss: 0.634029 

2026-02-22 12:13:26,682 | INFO | Done!
