2026-02-22 15:21:59,508 | INFO | Logging initialized. Saving to logs/TRAINING_CODE_20260222_152159.log
2026-02-22 15:21:59,660 | INFO | Epoch 1
-------------------------------
2026-02-22 15:21:59,784 | INFO | loss: 2.273751  [   64/60000]
2026-02-22 15:21:59,948 | INFO | loss: 2.265117  [ 6464/60000]
2026-02-22 15:22:00,105 | INFO | loss: 2.231487  [12864/60000]
2026-02-22 15:22:00,290 | INFO | loss: 2.253900  [19264/60000]
2026-02-22 15:22:00,454 | INFO | loss: 2.205131  [25664/60000]
2026-02-22 15:22:00,614 | INFO | loss: 2.159672  [32064/60000]
2026-02-22 15:22:00,775 | INFO | loss: 2.164785  [38464/60000]
2026-02-22 15:22:00,984 | INFO | loss: 2.087475  [44864/60000]
2026-02-22 15:22:01,146 | INFO | loss: 2.072206  [51264/60000]
2026-02-22 15:22:01,301 | INFO | loss: 2.139856  [57664/60000]
2026-02-22 15:22:01,577 | INFO | Test Error: 
 Accuracy: 35.9%, Avg loss: 2.082432 

2026-02-22 15:22:01,578 | INFO | Epoch 2
-------------------------------
2026-02-22 15:22:01,580 | INFO | loss: 2.029410  [   64/60000]
2026-02-22 15:22:01,741 | INFO | loss: 2.040218  [ 6464/60000]
2026-02-22 15:22:01,892 | INFO | loss: 1.971850  [12864/60000]
2026-02-22 15:22:02,043 | INFO | loss: 2.079770  [19264/60000]
2026-02-22 15:22:02,202 | INFO | loss: 1.906177  [25664/60000]
2026-02-22 15:22:02,358 | INFO | loss: 1.862726  [32064/60000]
2026-02-22 15:22:02,509 | INFO | loss: 1.892847  [38464/60000]
2026-02-22 15:22:02,661 | INFO | loss: 1.766646  [44864/60000]
2026-02-22 15:22:02,817 | INFO | loss: 1.771181  [51264/60000]
2026-02-22 15:22:02,973 | INFO | loss: 1.789073  [57664/60000]
2026-02-22 15:22:03,240 | INFO | Test Error: 
 Accuracy: 44.3%, Avg loss: 1.755245 

2026-02-22 15:22:03,241 | INFO | Epoch 3
-------------------------------
2026-02-22 15:22:03,243 | INFO | loss: 1.712523  [   64/60000]
2026-02-22 15:22:03,401 | INFO | loss: 1.728432  [ 6464/60000]
2026-02-22 15:22:03,557 | INFO | loss: 1.596448  [12864/60000]
2026-02-22 15:22:03,708 | INFO | loss: 1.748843  [19264/60000]
2026-02-22 15:22:03,865 | INFO | loss: 1.520639  [25664/60000]
2026-02-22 15:22:04,022 | INFO | loss: 1.493341  [32064/60000]
2026-02-22 15:22:04,176 | INFO | loss: 1.548286  [38464/60000]
2026-02-22 15:22:04,326 | INFO | loss: 1.434761  [44864/60000]
2026-02-22 15:22:04,480 | INFO | loss: 1.458814  [51264/60000]
2026-02-22 15:22:04,641 | INFO | loss: 1.407236  [57664/60000]
2026-02-22 15:22:04,912 | INFO | Test Error: 
 Accuracy: 59.7%, Avg loss: 1.418220 

2026-02-22 15:22:04,912 | INFO | Epoch 4
-------------------------------
2026-02-22 15:22:04,916 | INFO | loss: 1.439066  [   64/60000]
2026-02-22 15:22:05,070 | INFO | loss: 1.439647  [ 6464/60000]
2026-02-22 15:22:05,227 | INFO | loss: 1.273626  [12864/60000]
2026-02-22 15:22:05,446 | INFO | loss: 1.430108  [19264/60000]
2026-02-22 15:22:05,603 | INFO | loss: 1.256740  [25664/60000]
2026-02-22 15:22:05,761 | INFO | loss: 1.260087  [32064/60000]
2026-02-22 15:22:05,923 | INFO | loss: 1.297547  [38464/60000]
2026-02-22 15:22:06,075 | INFO | loss: 1.219409  [44864/60000]
2026-02-22 15:22:06,226 | INFO | loss: 1.260188  [51264/60000]
2026-02-22 15:22:06,384 | INFO | loss: 1.185788  [57664/60000]
2026-02-22 15:22:06,656 | INFO | Test Error: 
 Accuracy: 63.1%, Avg loss: 1.209853 

2026-02-22 15:22:06,656 | INFO | Epoch 5
-------------------------------
2026-02-22 15:22:06,659 | INFO | loss: 1.259418  [   64/60000]
2026-02-22 15:22:06,815 | INFO | loss: 1.258312  [ 6464/60000]
2026-02-22 15:22:06,973 | INFO | loss: 1.077420  [12864/60000]
2026-02-22 15:22:07,131 | INFO | loss: 1.244908  [19264/60000]
2026-02-22 15:22:07,284 | INFO | loss: 1.105509  [25664/60000]
2026-02-22 15:22:07,435 | INFO | loss: 1.114887  [32064/60000]
2026-02-22 15:22:07,635 | INFO | loss: 1.148066  [38464/60000]
2026-02-22 15:22:07,792 | INFO | loss: 1.082815  [44864/60000]
2026-02-22 15:22:07,944 | INFO | loss: 1.132087  [51264/60000]
2026-02-22 15:22:08,099 | INFO | loss: 1.060012  [57664/60000]
2026-02-22 15:22:08,376 | INFO | Test Error: 
 Accuracy: 64.2%, Avg loss: 1.082391 

2026-02-22 15:22:08,377 | INFO | Epoch 6
-------------------------------
2026-02-22 15:22:08,379 | INFO | loss: 1.133228  [   64/60000]
2026-02-22 15:22:08,531 | INFO | loss: 1.141475  [ 6464/60000]
2026-02-22 15:22:08,685 | INFO | loss: 0.948503  [12864/60000]
2026-02-22 15:22:08,847 | INFO | loss: 1.130209  [19264/60000]
2026-02-22 15:22:09,002 | INFO | loss: 1.008545  [25664/60000]
2026-02-22 15:22:09,154 | INFO | loss: 1.017065  [32064/60000]
2026-02-22 15:22:09,309 | INFO | loss: 1.052625  [38464/60000]
2026-02-22 15:22:09,473 | INFO | loss: 0.993011  [44864/60000]
2026-02-22 15:22:09,625 | INFO | loss: 1.044819  [51264/60000]
2026-02-22 15:22:09,776 | INFO | loss: 0.979857  [57664/60000]
2026-02-22 15:22:10,051 | INFO | Test Error: 
 Accuracy: 65.6%, Avg loss: 0.997168 

2026-02-22 15:22:10,052 | INFO | Epoch 7
-------------------------------
2026-02-22 15:22:10,055 | INFO | loss: 1.042733  [   64/60000]
2026-02-22 15:22:10,212 | INFO | loss: 1.061444  [ 6464/60000]
2026-02-22 15:22:10,364 | INFO | loss: 0.857569  [12864/60000]
2026-02-22 15:22:10,521 | INFO | loss: 1.051811  [19264/60000]
2026-02-22 15:22:10,678 | INFO | loss: 0.942814  [25664/60000]
2026-02-22 15:22:10,829 | INFO | loss: 0.946223  [32064/60000]
2026-02-22 15:22:10,979 | INFO | loss: 0.986749  [38464/60000]
2026-02-22 15:22:11,142 | INFO | loss: 0.930792  [44864/60000]
2026-02-22 15:22:11,299 | INFO | loss: 0.982861  [51264/60000]
2026-02-22 15:22:11,450 | INFO | loss: 0.924322  [57664/60000]
2026-02-22 15:22:11,721 | INFO | Test Error: 
 Accuracy: 66.7%, Avg loss: 0.936533 

2026-02-22 15:22:11,721 | INFO | Epoch 8
-------------------------------
2026-02-22 15:22:11,724 | INFO | loss: 0.974730  [   64/60000]
2026-02-22 15:22:11,885 | INFO | loss: 1.004004  [ 6464/60000]
2026-02-22 15:22:12,038 | INFO | loss: 0.790581  [12864/60000]
2026-02-22 15:22:12,191 | INFO | loss: 0.995007  [19264/60000]
2026-02-22 15:22:12,349 | INFO | loss: 0.894697  [25664/60000]
2026-02-22 15:22:12,505 | INFO | loss: 0.892125  [32064/60000]
2026-02-22 15:22:12,657 | INFO | loss: 0.937893  [38464/60000]
2026-02-22 15:22:12,810 | INFO | loss: 0.886509  [44864/60000]
2026-02-22 15:22:12,969 | INFO | loss: 0.936836  [51264/60000]
2026-02-22 15:22:13,126 | INFO | loss: 0.883297  [57664/60000]
2026-02-22 15:22:13,395 | INFO | Test Error: 
 Accuracy: 67.8%, Avg loss: 0.891057 

2026-02-22 15:22:13,395 | INFO | Epoch 9
-------------------------------
2026-02-22 15:22:13,399 | INFO | loss: 0.920945  [   64/60000]
2026-02-22 15:22:13,559 | INFO | loss: 0.960924  [ 6464/60000]
2026-02-22 15:22:13,715 | INFO | loss: 0.739327  [12864/60000]
2026-02-22 15:22:13,867 | INFO | loss: 0.951752  [19264/60000]
2026-02-22 15:22:14,019 | INFO | loss: 0.857592  [25664/60000]
2026-02-22 15:22:14,180 | INFO | loss: 0.849205  [32064/60000]
2026-02-22 15:22:14,334 | INFO | loss: 0.899422  [38464/60000]
2026-02-22 15:22:14,489 | INFO | loss: 0.854269  [44864/60000]
2026-02-22 15:22:14,643 | INFO | loss: 0.900084  [51264/60000]
2026-02-22 15:22:14,800 | INFO | loss: 0.851522  [57664/60000]
2026-02-22 15:22:15,074 | INFO | Test Error: 
 Accuracy: 68.9%, Avg loss: 0.854966 

2026-02-22 15:22:15,075 | INFO | Epoch 10
-------------------------------
2026-02-22 15:22:15,077 | INFO | loss: 0.876143  [   64/60000]
2026-02-22 15:22:15,286 | INFO | loss: 0.926421  [ 6464/60000]
2026-02-22 15:22:15,485 | INFO | loss: 0.697991  [12864/60000]
2026-02-22 15:22:15,638 | INFO | loss: 0.917683  [19264/60000]
2026-02-22 15:22:15,789 | INFO | loss: 0.827434  [25664/60000]
2026-02-22 15:22:15,948 | INFO | loss: 0.814649  [32064/60000]
2026-02-22 15:22:16,106 | INFO | loss: 0.866541  [38464/60000]
2026-02-22 15:22:16,309 | INFO | loss: 0.828478  [44864/60000]
2026-02-22 15:22:16,464 | INFO | loss: 0.870329  [51264/60000]
2026-02-22 15:22:16,646 | INFO | loss: 0.824888  [57664/60000]
2026-02-22 15:22:16,998 | INFO | Test Error: 
 Accuracy: 69.9%, Avg loss: 0.825417 

2026-02-22 15:22:17,001 | INFO | Epoch 11
-------------------------------
2026-02-22 15:22:17,004 | INFO | loss: 0.837781  [   64/60000]
2026-02-22 15:22:17,209 | INFO | loss: 0.898114  [ 6464/60000]
2026-02-22 15:22:17,424 | INFO | loss: 0.664311  [12864/60000]
2026-02-22 15:22:17,668 | INFO | loss: 0.890425  [19264/60000]
2026-02-22 15:22:17,894 | INFO | loss: 0.801399  [25664/60000]
2026-02-22 15:22:18,113 | INFO | loss: 0.785035  [32064/60000]
2026-02-22 15:22:18,356 | INFO | loss: 0.837655  [38464/60000]
2026-02-22 15:22:18,549 | INFO | loss: 0.807610  [44864/60000]
2026-02-22 15:22:18,725 | INFO | loss: 0.845179  [51264/60000]
2026-02-22 15:22:18,884 | INFO | loss: 0.802125  [57664/60000]
2026-02-22 15:22:19,159 | INFO | Test Error: 
 Accuracy: 70.9%, Avg loss: 0.800506 

2026-02-22 15:22:19,161 | INFO | Epoch 12
-------------------------------
2026-02-22 15:22:19,167 | INFO | loss: 0.804493  [   64/60000]
2026-02-22 15:22:19,323 | INFO | loss: 0.874410  [ 6464/60000]
2026-02-22 15:22:19,473 | INFO | loss: 0.636057  [12864/60000]
2026-02-22 15:22:19,638 | INFO | loss: 0.867829  [19264/60000]
2026-02-22 15:22:19,796 | INFO | loss: 0.778427  [25664/60000]
2026-02-22 15:22:19,980 | INFO | loss: 0.759907  [32064/60000]
2026-02-22 15:22:20,335 | INFO | loss: 0.812068  [38464/60000]
2026-02-22 15:22:20,520 | INFO | loss: 0.789929  [44864/60000]
2026-02-22 15:22:20,684 | INFO | loss: 0.823591  [51264/60000]
2026-02-22 15:22:20,859 | INFO | loss: 0.782245  [57664/60000]
2026-02-22 15:22:21,178 | INFO | Test Error: 
 Accuracy: 71.7%, Avg loss: 0.778860 

2026-02-22 15:22:21,178 | INFO | Epoch 13
-------------------------------
2026-02-22 15:22:21,182 | INFO | loss: 0.775211  [   64/60000]
2026-02-22 15:22:21,387 | INFO | loss: 0.853493  [ 6464/60000]
2026-02-22 15:22:21,748 | INFO | loss: 0.611701  [12864/60000]
2026-02-22 15:22:22,034 | INFO | loss: 0.848501  [19264/60000]
2026-02-22 15:22:22,227 | INFO | loss: 0.757942  [25664/60000]
2026-02-22 15:22:22,393 | INFO | loss: 0.738271  [32064/60000]
2026-02-22 15:22:22,556 | INFO | loss: 0.789028  [38464/60000]
2026-02-22 15:22:22,722 | INFO | loss: 0.775140  [44864/60000]
2026-02-22 15:22:22,897 | INFO | loss: 0.804707  [51264/60000]
2026-02-22 15:22:23,093 | INFO | loss: 0.764426  [57664/60000]
2026-02-22 15:22:23,417 | INFO | Test Error: 
 Accuracy: 72.4%, Avg loss: 0.759706 

2026-02-22 15:22:23,418 | INFO | Epoch 14
-------------------------------
2026-02-22 15:22:23,420 | INFO | loss: 0.749100  [   64/60000]
2026-02-22 15:22:23,591 | INFO | loss: 0.834276  [ 6464/60000]
2026-02-22 15:22:23,751 | INFO | loss: 0.590307  [12864/60000]
2026-02-22 15:22:23,910 | INFO | loss: 0.831413  [19264/60000]
2026-02-22 15:22:24,059 | INFO | loss: 0.739576  [25664/60000]
2026-02-22 15:22:24,210 | INFO | loss: 0.719090  [32064/60000]
2026-02-22 15:22:24,370 | INFO | loss: 0.768114  [38464/60000]
2026-02-22 15:22:24,527 | INFO | loss: 0.762598  [44864/60000]
2026-02-22 15:22:24,679 | INFO | loss: 0.787898  [51264/60000]
2026-02-22 15:22:24,832 | INFO | loss: 0.748357  [57664/60000]
2026-02-22 15:22:25,108 | INFO | Test Error: 
 Accuracy: 73.2%, Avg loss: 0.742556 

2026-02-22 15:22:25,109 | INFO | Epoch 15
-------------------------------
2026-02-22 15:22:25,111 | INFO | loss: 0.725671  [   64/60000]
2026-02-22 15:22:25,272 | INFO | loss: 0.816695  [ 6464/60000]
2026-02-22 15:22:25,437 | INFO | loss: 0.571267  [12864/60000]
2026-02-22 15:22:25,637 | INFO | loss: 0.816040  [19264/60000]
2026-02-22 15:22:25,801 | INFO | loss: 0.723246  [25664/60000]
2026-02-22 15:22:25,970 | INFO | loss: 0.702283  [32064/60000]
2026-02-22 15:22:26,128 | INFO | loss: 0.748904  [38464/60000]
2026-02-22 15:22:26,290 | INFO | loss: 0.751675  [44864/60000]
2026-02-22 15:22:26,445 | INFO | loss: 0.772897  [51264/60000]
2026-02-22 15:22:26,595 | INFO | loss: 0.733671  [57664/60000]
2026-02-22 15:22:26,868 | INFO | Test Error: 
 Accuracy: 73.9%, Avg loss: 0.727045 

2026-02-22 15:22:26,868 | INFO | Epoch 16
-------------------------------
2026-02-22 15:22:26,872 | INFO | loss: 0.704548  [   64/60000]
2026-02-22 15:22:27,030 | INFO | loss: 0.800646  [ 6464/60000]
2026-02-22 15:22:27,179 | INFO | loss: 0.554052  [12864/60000]
2026-02-22 15:22:27,334 | INFO | loss: 0.802193  [19264/60000]
2026-02-22 15:22:27,498 | INFO | loss: 0.708587  [25664/60000]
2026-02-22 15:22:27,655 | INFO | loss: 0.687639  [32064/60000]
2026-02-22 15:22:27,816 | INFO | loss: 0.731367  [38464/60000]
2026-02-22 15:22:27,979 | INFO | loss: 0.741973  [44864/60000]
2026-02-22 15:22:28,142 | INFO | loss: 0.759430  [51264/60000]
2026-02-22 15:22:28,307 | INFO | loss: 0.719992  [57664/60000]
2026-02-22 15:22:28,575 | INFO | Test Error: 
 Accuracy: 74.5%, Avg loss: 0.712894 

2026-02-22 15:22:28,576 | INFO | Epoch 17
-------------------------------
2026-02-22 15:22:28,583 | INFO | loss: 0.685109  [   64/60000]
2026-02-22 15:22:28,751 | INFO | loss: 0.785600  [ 6464/60000]
2026-02-22 15:22:28,911 | INFO | loss: 0.538576  [12864/60000]
2026-02-22 15:22:29,123 | INFO | loss: 0.789441  [19264/60000]
2026-02-22 15:22:29,279 | INFO | loss: 0.695356  [25664/60000]
2026-02-22 15:22:29,437 | INFO | loss: 0.674854  [32064/60000]
2026-02-22 15:22:29,587 | INFO | loss: 0.715415  [38464/60000]
2026-02-22 15:22:29,741 | INFO | loss: 0.733366  [44864/60000]
2026-02-22 15:22:29,908 | INFO | loss: 0.747316  [51264/60000]
2026-02-22 15:22:30,079 | INFO | loss: 0.707259  [57664/60000]
2026-02-22 15:22:30,358 | INFO | Test Error: 
 Accuracy: 75.1%, Avg loss: 0.699891 

2026-02-22 15:22:30,358 | INFO | Epoch 18
-------------------------------
2026-02-22 15:22:30,361 | INFO | loss: 0.667465  [   64/60000]
2026-02-22 15:22:30,523 | INFO | loss: 0.771410  [ 6464/60000]
2026-02-22 15:22:30,683 | INFO | loss: 0.524663  [12864/60000]
2026-02-22 15:22:30,836 | INFO | loss: 0.777571  [19264/60000]
2026-02-22 15:22:30,986 | INFO | loss: 0.683311  [25664/60000]
2026-02-22 15:22:31,143 | INFO | loss: 0.663523  [32064/60000]
2026-02-22 15:22:31,301 | INFO | loss: 0.700840  [38464/60000]
2026-02-22 15:22:31,459 | INFO | loss: 0.725834  [44864/60000]
2026-02-22 15:22:31,612 | INFO | loss: 0.736344  [51264/60000]
2026-02-22 15:22:31,774 | INFO | loss: 0.695393  [57664/60000]
2026-02-22 15:22:32,050 | INFO | Test Error: 
 Accuracy: 75.7%, Avg loss: 0.687892 

2026-02-22 15:22:32,050 | INFO | Epoch 19
-------------------------------
2026-02-22 15:22:32,053 | INFO | loss: 0.651239  [   64/60000]
2026-02-22 15:22:32,206 | INFO | loss: 0.757929  [ 6464/60000]
2026-02-22 15:22:32,364 | INFO | loss: 0.512106  [12864/60000]
2026-02-22 15:22:32,522 | INFO | loss: 0.766590  [19264/60000]
2026-02-22 15:22:32,673 | INFO | loss: 0.672674  [25664/60000]
2026-02-22 15:22:32,823 | INFO | loss: 0.653389  [32064/60000]
2026-02-22 15:22:32,987 | INFO | loss: 0.687514  [38464/60000]
2026-02-22 15:22:33,157 | INFO | loss: 0.719264  [44864/60000]
2026-02-22 15:22:33,316 | INFO | loss: 0.726465  [51264/60000]
2026-02-22 15:22:33,474 | INFO | loss: 0.684260  [57664/60000]
2026-02-22 15:22:33,761 | INFO | Test Error: 
 Accuracy: 76.2%, Avg loss: 0.676791 

2026-02-22 15:22:33,761 | INFO | Epoch 20
-------------------------------
2026-02-22 15:22:33,764 | INFO | loss: 0.636458  [   64/60000]
2026-02-22 15:22:33,921 | INFO | loss: 0.745173  [ 6464/60000]
2026-02-22 15:22:34,072 | INFO | loss: 0.500372  [12864/60000]
2026-02-22 15:22:34,245 | INFO | loss: 0.756193  [19264/60000]
2026-02-22 15:22:34,411 | INFO | loss: 0.663016  [25664/60000]
2026-02-22 15:22:34,571 | INFO | loss: 0.644170  [32064/60000]
2026-02-22 15:22:34,730 | INFO | loss: 0.675240  [38464/60000]
2026-02-22 15:22:34,983 | INFO | loss: 0.713496  [44864/60000]
2026-02-22 15:22:35,188 | INFO | loss: 0.717500  [51264/60000]
2026-02-22 15:22:35,382 | INFO | loss: 0.673724  [57664/60000]
2026-02-22 15:22:35,760 | INFO | Test Error: 
 Accuracy: 76.6%, Avg loss: 0.666478 

2026-02-22 15:22:35,764 | INFO | Done!
