2026-02-22 00:29:46,424 | INFO | Logging initialized. Saving to logs/TRAINING_CODE_20260222_002946.log
2026-02-22 00:29:46,529 | INFO | Epoch 1
-------------------------------
2026-02-22 00:29:46,660 | INFO | loss: 2.338068  [   64/60000]
2026-02-22 00:29:46,818 | INFO | loss: 2.283266  [ 6464/60000]
2026-02-22 00:29:46,969 | INFO | loss: 2.222465  [12864/60000]
2026-02-22 00:29:47,119 | INFO | loss: 2.157432  [19264/60000]
2026-02-22 00:29:47,268 | INFO | loss: 2.106606  [25664/60000]
2026-02-22 00:29:47,415 | INFO | loss: 2.128603  [32064/60000]
2026-02-22 00:29:47,565 | INFO | loss: 2.003328  [38464/60000]
2026-02-22 00:29:47,713 | INFO | loss: 2.020082  [44864/60000]
2026-02-22 00:29:47,865 | INFO | loss: 1.992579  [51264/60000]
2026-02-22 00:29:48,021 | INFO | loss: 1.869442  [57664/60000]
2026-02-22 00:29:48,290 | INFO | Test Error: 
 Accuracy: 33.7%, Avg loss: 1.895133 

2026-02-22 00:29:48,291 | INFO | Epoch 2
-------------------------------
2026-02-22 00:29:48,293 | INFO | loss: 1.970335  [   64/60000]
2026-02-22 00:29:48,444 | INFO | loss: 1.924922  [ 6464/60000]
2026-02-22 00:29:48,592 | INFO | loss: 1.800187  [12864/60000]
2026-02-22 00:29:48,745 | INFO | loss: 1.772580  [19264/60000]
2026-02-22 00:29:48,902 | INFO | loss: 1.691398  [25664/60000]
2026-02-22 00:29:49,055 | INFO | loss: 1.677017  [32064/60000]
2026-02-22 00:29:49,209 | INFO | loss: 1.622907  [38464/60000]
2026-02-22 00:29:49,364 | INFO | loss: 1.596252  [44864/60000]
2026-02-22 00:29:49,519 | INFO | loss: 1.599384  [51264/60000]
2026-02-22 00:29:49,669 | INFO | loss: 1.455358  [57664/60000]
2026-02-22 00:29:49,932 | INFO | Test Error: 
 Accuracy: 59.6%, Avg loss: 1.499818 

2026-02-22 00:29:49,932 | INFO | Epoch 3
-------------------------------
2026-02-22 00:29:49,935 | INFO | loss: 1.594945  [   64/60000]
2026-02-22 00:29:50,084 | INFO | loss: 1.562456  [ 6464/60000]
2026-02-22 00:29:50,235 | INFO | loss: 1.394250  [12864/60000]
2026-02-22 00:29:50,385 | INFO | loss: 1.451640  [19264/60000]
2026-02-22 00:29:50,534 | INFO | loss: 1.317994  [25664/60000]
2026-02-22 00:29:50,682 | INFO | loss: 1.350282  [32064/60000]
2026-02-22 00:29:50,830 | INFO | loss: 1.341612  [38464/60000]
2026-02-22 00:29:50,977 | INFO | loss: 1.313431  [44864/60000]
2026-02-22 00:29:51,124 | INFO | loss: 1.337587  [51264/60000]
2026-02-22 00:29:51,272 | INFO | loss: 1.206056  [57664/60000]
2026-02-22 00:29:51,532 | INFO | Test Error: 
 Accuracy: 64.3%, Avg loss: 1.254081 

2026-02-22 00:29:51,532 | INFO | Epoch 4
-------------------------------
2026-02-22 00:29:51,534 | INFO | loss: 1.348913  [   64/60000]
2026-02-22 00:29:51,682 | INFO | loss: 1.338136  [ 6464/60000]
2026-02-22 00:29:51,828 | INFO | loss: 1.157001  [12864/60000]
2026-02-22 00:29:51,975 | INFO | loss: 1.258862  [19264/60000]
2026-02-22 00:29:52,122 | INFO | loss: 1.104879  [25664/60000]
2026-02-22 00:29:52,268 | INFO | loss: 1.168890  [32064/60000]
2026-02-22 00:29:52,415 | INFO | loss: 1.171615  [38464/60000]
2026-02-22 00:29:52,561 | INFO | loss: 1.147809  [44864/60000]
2026-02-22 00:29:52,708 | INFO | loss: 1.179873  [51264/60000]
2026-02-22 00:29:52,855 | INFO | loss: 1.058261  [57664/60000]
2026-02-22 00:29:53,115 | INFO | Test Error: 
 Accuracy: 65.9%, Avg loss: 1.106890 

2026-02-22 00:29:53,115 | INFO | Epoch 5
-------------------------------
2026-02-22 00:29:53,118 | INFO | loss: 1.191422  [   64/60000]
2026-02-22 00:29:53,265 | INFO | loss: 1.201779  [ 6464/60000]
2026-02-22 00:29:53,412 | INFO | loss: 1.006445  [12864/60000]
2026-02-22 00:29:53,558 | INFO | loss: 1.140640  [19264/60000]
2026-02-22 00:29:53,705 | INFO | loss: 0.982206  [25664/60000]
2026-02-22 00:29:53,852 | INFO | loss: 1.049653  [32064/60000]
2026-02-22 00:29:53,999 | INFO | loss: 1.064416  [38464/60000]
2026-02-22 00:29:54,146 | INFO | loss: 1.039325  [44864/60000]
2026-02-22 00:29:54,293 | INFO | loss: 1.072537  [51264/60000]
2026-02-22 00:29:54,439 | INFO | loss: 0.963494  [57664/60000]
2026-02-22 00:29:54,700 | INFO | Test Error: 
 Accuracy: 67.0%, Avg loss: 1.009347 

2026-02-22 00:29:54,700 | INFO | Epoch 6
-------------------------------
2026-02-22 00:29:54,703 | INFO | loss: 1.078478  [   64/60000]
2026-02-22 00:29:54,852 | INFO | loss: 1.109356  [ 6464/60000]
2026-02-22 00:29:55,001 | INFO | loss: 0.899254  [12864/60000]
2026-02-22 00:29:55,149 | INFO | loss: 1.060851  [19264/60000]
2026-02-22 00:29:55,303 | INFO | loss: 0.904156  [25664/60000]
2026-02-22 00:29:55,453 | INFO | loss: 0.963386  [32064/60000]
